0 verbose cli C:\Program Files\nodejs\node.exe C:\Program Files\nodejs\node_modules\npm\bin\npm-cli.js
1 info using npm@10.9.2
2 info using node@v22.15.1
3 silly config load:file:C:\Program Files\nodejs\node_modules\npm\npmrc
4 silly config load:file:C:\project\SHOTDECK\frontend\shotdeck\.npmrc
5 silly config load:file:C:\Users\rakib\.npmrc
6 silly config load:file:C:\Program Files\nodejs\npm-global\etc\npmrc
7 verbose title npm uninstall docker
8 verbose argv "uninstall" "docker"
9 verbose logfile logs-max:10 dir:C:\project\SHOTDECK\frontend\shotdeck\UsersmynameAppDataRoamingnpm-cache\_logs\2025-06-10T09_18_18_915Z-
10 verbose logfile C:\project\SHOTDECK\frontend\shotdeck\UsersmynameAppDataRoamingnpm-cache\_logs\2025-06-10T09_18_18_915Z-debug-0.log
11 silly logfile start cleaning logs, removing 1 files
12 silly packumentCache heap:4345298944 maxSize:1086324736 maxEntrySize:543162368
13 silly logfile done cleaning log files
14 silly idealTree buildDeps
15 silly reify mark retired [ 'C:\\project\\SHOTDECK\\frontend\\shotdeck\\node_modules\\ambi' ]
16 silly reify mark retired [ 'C:\\project\\SHOTDECK\\frontend\\shotdeck\\node_modules\\asap' ]
17 silly reify mark retired [ 'C:\\project\\SHOTDECK\\frontend\\shotdeck\\node_modules\\asn1' ]
18 silly reify mark retired [
18 silly reify   'C:\\project\\SHOTDECK\\frontend\\shotdeck\\node_modules\\assert-plus'
18 silly reify ]
19 silly reify mark retired [
19 silly reify   'C:\\project\\SHOTDECK\\frontend\\shotdeck\\node_modules\\atob',
19 silly reify   'C:\\project\\SHOTDECK\\frontend\\shotdeck\\node_modules\\.bin\\atob',
19 silly reify   'C:\\project\\SHOTDECK\\frontend\\shotdeck\\node_modules\\.bin\\atob.cmd',
19 silly reify   'C:\\project\\SHOTDECK\\frontend\\shotdeck\\node_modules\\.bin\\atob.ps1'
19 silly reify ]
20 silly reify mark retired [
20 silly reify   'C:\\project\\SHOTDECK\\frontend\\shotdeck\\node_modules\\aws-sign2'
20 silly reify ]
21 silly reify mark retired [ 'C:\\project\\SHOTDECK\\frontend\\shotdeck\\node_modules\\aws4' ]
22 silly reify mark retired [
22 silly reify   'C:\\project\\SHOTDECK\\frontend\\shotdeck\\node_modules\\bcrypt-pbkdf'
22 silly reify ]
23 silly reify mark retired [ 'C:\\project\\SHOTDECK\\frontend\\shotdeck\\node_modules\\boom' ]
24 silly reify mark retired [ 'C:\\project\\SHOTDECK\\frontend\\shotdeck\\node_modules\\co' ]
25 silly reify mark retired [
25 silly reify   'C:\\project\\SHOTDECK\\frontend\\shotdeck\\node_modules\\commander'
25 silly reify ]
26 silly reify mark retired [
26 silly reify   'C:\\project\\SHOTDECK\\frontend\\shotdeck\\node_modules\\core-util-is'
26 silly reify ]
27 silly reify mark retired [
27 silly reify   'C:\\project\\SHOTDECK\\frontend\\shotdeck\\node_modules\\cryptiles'
27 silly reify ]
28 silly reify mark retired [
28 silly reify   'C:\\project\\SHOTDECK\\frontend\\shotdeck\\node_modules\\csextends'
28 silly reify ]
29 silly reify mark retired [ 'C:\\project\\SHOTDECK\\frontend\\shotdeck\\node_modules\\css' ]
30 silly reify mark retired [ 'C:\\project\\SHOTDECK\\frontend\\shotdeck\\node_modules\\dashdash' ]
31 silly reify mark retired [
31 silly reify   'C:\\project\\SHOTDECK\\frontend\\shotdeck\\node_modules\\decode-uri-component'
31 silly reify ]
32 silly reify mark retired [
32 silly reify   'C:\\project\\SHOTDECK\\frontend\\shotdeck\\node_modules\\docker',
32 silly reify   'C:\\project\\SHOTDECK\\frontend\\shotdeck\\node_modules\\.bin\\docker',
32 silly reify   'C:\\project\\SHOTDECK\\frontend\\shotdeck\\node_modules\\.bin\\docker.cmd',
32 silly reify   'C:\\project\\SHOTDECK\\frontend\\shotdeck\\node_modules\\.bin\\docker.ps1',
32 silly reify   'C:\\project\\SHOTDECK\\frontend\\shotdeck\\node_modules\\.bin\\docker.js',
32 silly reify   'C:\\project\\SHOTDECK\\frontend\\shotdeck\\node_modules\\.bin\\docker.js.cmd',
32 silly reify   'C:\\project\\SHOTDECK\\frontend\\shotdeck\\node_modules\\.bin\\docker.js.ps1'
32 silly reify ]
33 silly reify mark retired [
33 silly reify   'C:\\project\\SHOTDECK\\frontend\\shotdeck\\node_modules\\dox',
33 silly reify   'C:\\project\\SHOTDECK\\frontend\\shotdeck\\node_modules\\.bin\\dox',
33 silly reify   'C:\\project\\SHOTDECK\\frontend\\shotdeck\\node_modules\\.bin\\dox.cmd',
33 silly reify   'C:\\project\\SHOTDECK\\frontend\\shotdeck\\node_modules\\.bin\\dox.ps1'
33 silly reify ]
34 silly reify mark retired [ 'C:\\project\\SHOTDECK\\frontend\\shotdeck\\node_modules\\eachr' ]
35 silly reify mark retired [ 'C:\\project\\SHOTDECK\\frontend\\shotdeck\\node_modules\\ecc-jsbn' ]
36 silly reify mark retired [ 'C:\\project\\SHOTDECK\\frontend\\shotdeck\\node_modules\\editions' ]
37 silly reify mark retired [ 'C:\\project\\SHOTDECK\\frontend\\shotdeck\\node_modules\\ejs' ]
38 silly reify mark retired [ 'C:\\project\\SHOTDECK\\frontend\\shotdeck\\node_modules\\entities' ]
39 silly reify mark retired [ 'C:\\project\\SHOTDECK\\frontend\\shotdeck\\node_modules\\errlop' ]
40 silly reify mark retired [
40 silly reify   'C:\\project\\SHOTDECK\\frontend\\shotdeck\\node_modules\\errno',
40 silly reify   'C:\\project\\SHOTDECK\\frontend\\shotdeck\\node_modules\\.bin\\errno',
40 silly reify   'C:\\project\\SHOTDECK\\frontend\\shotdeck\\node_modules\\.bin\\errno.cmd',
40 silly reify   'C:\\project\\SHOTDECK\\frontend\\shotdeck\\node_modules\\.bin\\errno.ps1'
40 silly reify ]
41 silly reify mark retired [ 'C:\\project\\SHOTDECK\\frontend\\shotdeck\\node_modules\\extend' ]
42 silly reify mark retired [ 'C:\\project\\SHOTDECK\\frontend\\shotdeck\\node_modules\\extendr' ]
43 silly reify mark retired [
43 silly reify   'C:\\project\\SHOTDECK\\frontend\\shotdeck\\node_modules\\extract-opts'
43 silly reify ]
44 silly reify mark retired [
44 silly reify   'C:\\project\\SHOTDECK\\frontend\\shotdeck\\node_modules\\extsprintf'
44 silly reify ]
45 silly reify mark retired [
45 silly reify   'C:\\project\\SHOTDECK\\frontend\\shotdeck\\node_modules\\forever-agent'
45 silly reify ]
46 silly reify mark retired [ 'C:\\project\\SHOTDECK\\frontend\\shotdeck\\node_modules\\getpass' ]
47 silly reify mark retired [
47 silly reify   'C:\\project\\SHOTDECK\\frontend\\shotdeck\\node_modules\\graceful-readlink'
47 silly reify ]
48 silly reify mark retired [
48 silly reify   'C:\\project\\SHOTDECK\\frontend\\shotdeck\\node_modules\\har-schema'
48 silly reify ]
49 silly reify mark retired [
49 silly reify   'C:\\project\\SHOTDECK\\frontend\\shotdeck\\node_modules\\har-validator'
49 silly reify ]
50 silly reify mark retired [ 'C:\\project\\SHOTDECK\\frontend\\shotdeck\\node_modules\\hawk' ]
51 silly reify mark retired [
51 silly reify   'C:\\project\\SHOTDECK\\frontend\\shotdeck\\node_modules\\highlight.js'
51 silly reify ]
52 silly reify mark retired [ 'C:\\project\\SHOTDECK\\frontend\\shotdeck\\node_modules\\hoek' ]
53 silly reify mark retired [
53 silly reify   'C:\\project\\SHOTDECK\\frontend\\shotdeck\\node_modules\\http-signature'
53 silly reify ]
54 silly reify mark retired [ 'C:\\project\\SHOTDECK\\frontend\\shotdeck\\node_modules\\ignorefs' ]
55 silly reify mark retired [
55 silly reify   'C:\\project\\SHOTDECK\\frontend\\shotdeck\\node_modules\\ignorepatterns'
55 silly reify ]
56 silly reify mark retired [
56 silly reify   'C:\\project\\SHOTDECK\\frontend\\shotdeck\\node_modules\\image-size',
56 silly reify   'C:\\project\\SHOTDECK\\frontend\\shotdeck\\node_modules\\.bin\\image-size',
56 silly reify   'C:\\project\\SHOTDECK\\frontend\\shotdeck\\node_modules\\.bin\\image-size.cmd',
56 silly reify   'C:\\project\\SHOTDECK\\frontend\\shotdeck\\node_modules\\.bin\\image-size.ps1'
56 silly reify ]
57 silly reify mark retired [
57 silly reify   'C:\\project\\SHOTDECK\\frontend\\shotdeck\\node_modules\\is-finite'
57 silly reify ]
58 silly reify mark retired [
58 silly reify   'C:\\project\\SHOTDECK\\frontend\\shotdeck\\node_modules\\is-typedarray'
58 silly reify ]
59 silly reify mark retired [ 'C:\\project\\SHOTDECK\\frontend\\shotdeck\\node_modules\\isstream' ]
60 silly reify mark retired [ 'C:\\project\\SHOTDECK\\frontend\\shotdeck\\node_modules\\jsbn' ]
61 silly reify mark retired [
61 silly reify   'C:\\project\\SHOTDECK\\frontend\\shotdeck\\node_modules\\jsdoctypeparser'
61 silly reify ]
62 silly reify mark retired [
62 silly reify   'C:\\project\\SHOTDECK\\frontend\\shotdeck\\node_modules\\json-schema'
62 silly reify ]
63 silly reify mark retired [
63 silly reify   'C:\\project\\SHOTDECK\\frontend\\shotdeck\\node_modules\\json-stable-stringify'
63 silly reify ]
64 silly reify mark retired [
64 silly reify   'C:\\project\\SHOTDECK\\frontend\\shotdeck\\node_modules\\json-stringify-safe'
64 silly reify ]
65 silly reify mark retired [ 'C:\\project\\SHOTDECK\\frontend\\shotdeck\\node_modules\\jsonify' ]
66 silly reify mark retired [ 'C:\\project\\SHOTDECK\\frontend\\shotdeck\\node_modules\\jsprim' ]
67 silly reify mark retired [
67 silly reify   'C:\\project\\SHOTDECK\\frontend\\shotdeck\\node_modules\\less',
67 silly reify   'C:\\project\\SHOTDECK\\frontend\\shotdeck\\node_modules\\.bin\\lessc',
67 silly reify   'C:\\project\\SHOTDECK\\frontend\\shotdeck\\node_modules\\.bin\\lessc.cmd',
67 silly reify   'C:\\project\\SHOTDECK\\frontend\\shotdeck\\node_modules\\.bin\\lessc.ps1'
67 silly reify ]
68 silly reify mark retired [
68 silly reify   'C:\\project\\SHOTDECK\\frontend\\shotdeck\\node_modules\\linkify-it'
68 silly reify ]
69 silly reify mark retired [ 'C:\\project\\SHOTDECK\\frontend\\shotdeck\\node_modules\\lodash' ]
70 silly reify mark retired [
70 silly reify   'C:\\project\\SHOTDECK\\frontend\\shotdeck\\node_modules\\markdown-it',
70 silly reify   'C:\\project\\SHOTDECK\\frontend\\shotdeck\\node_modules\\.bin\\markdown-it',
70 silly reify   'C:\\project\\SHOTDECK\\frontend\\shotdeck\\node_modules\\.bin\\markdown-it.cmd',
70 silly reify   'C:\\project\\SHOTDECK\\frontend\\shotdeck\\node_modules\\.bin\\markdown-it.ps1'
70 silly reify ]
71 silly reify mark retired [
71 silly reify   'C:\\project\\SHOTDECK\\frontend\\shotdeck\\node_modules\\marked',
71 silly reify   'C:\\project\\SHOTDECK\\frontend\\shotdeck\\node_modules\\.bin\\marked',
71 silly reify   'C:\\project\\SHOTDECK\\frontend\\shotdeck\\node_modules\\.bin\\marked.cmd',
71 silly reify   'C:\\project\\SHOTDECK\\frontend\\shotdeck\\node_modules\\.bin\\marked.ps1'
71 silly reify ]
72 silly reify mark retired [ 'C:\\project\\SHOTDECK\\frontend\\shotdeck\\node_modules\\mdurl' ]
73 silly reify mark retired [
73 silly reify   'C:\\project\\SHOTDECK\\frontend\\shotdeck\\node_modules\\mime',
73 silly reify   'C:\\project\\SHOTDECK\\frontend\\shotdeck\\node_modules\\.bin\\mime',
73 silly reify   'C:\\project\\SHOTDECK\\frontend\\shotdeck\\node_modules\\.bin\\mime.cmd',
73 silly reify   'C:\\project\\SHOTDECK\\frontend\\shotdeck\\node_modules\\.bin\\mime.ps1'
73 silly reify ]
74 silly reify mark retired [
74 silly reify   'C:\\project\\SHOTDECK\\frontend\\shotdeck\\node_modules\\oauth-sign'
74 silly reify ]
75 silly reify mark retired [
75 silly reify   'C:\\project\\SHOTDECK\\frontend\\shotdeck\\node_modules\\performance-now'
75 silly reify ]
76 silly reify mark retired [ 'C:\\project\\SHOTDECK\\frontend\\shotdeck\\node_modules\\promise' ]
77 silly reify mark retired [ 'C:\\project\\SHOTDECK\\frontend\\shotdeck\\node_modules\\prr' ]
78 silly reify mark retired [
78 silly reify   'C:\\project\\SHOTDECK\\frontend\\shotdeck\\node_modules\\repeating'
78 silly reify ]
79 silly reify mark retired [ 'C:\\project\\SHOTDECK\\frontend\\shotdeck\\node_modules\\request' ]
80 silly reify mark retired [
80 silly reify   'C:\\project\\SHOTDECK\\frontend\\shotdeck\\node_modules\\resolve-url'
80 silly reify ]
81 silly reify mark retired [ 'C:\\project\\SHOTDECK\\frontend\\shotdeck\\node_modules\\safefs' ]
82 silly reify mark retired [ 'C:\\project\\SHOTDECK\\frontend\\shotdeck\\node_modules\\safeps' ]
83 silly reify mark retired [
83 silly reify   'C:\\project\\SHOTDECK\\frontend\\shotdeck\\node_modules\\safer-buffer'
83 silly reify ]
84 silly reify mark retired [
84 silly reify   'C:\\project\\SHOTDECK\\frontend\\shotdeck\\node_modules\\scandirectory'
84 silly reify ]
85 silly reify mark retired [ 'C:\\project\\SHOTDECK\\frontend\\shotdeck\\node_modules\\slug' ]
86 silly reify mark retired [ 'C:\\project\\SHOTDECK\\frontend\\shotdeck\\node_modules\\sntp' ]
87 silly reify mark retired [
87 silly reify   'C:\\project\\SHOTDECK\\frontend\\shotdeck\\node_modules\\source-map-resolve'
87 silly reify ]
88 silly reify mark retired [
88 silly reify   'C:\\project\\SHOTDECK\\frontend\\shotdeck\\node_modules\\source-map-url'
88 silly reify ]
89 silly reify mark retired [
89 silly reify   'C:\\project\\SHOTDECK\\frontend\\shotdeck\\node_modules\\sprintf-js'
89 silly reify ]
90 silly reify mark retired [
90 silly reify   'C:\\project\\SHOTDECK\\frontend\\shotdeck\\node_modules\\sshpk',
90 silly reify   'C:\\project\\SHOTDECK\\frontend\\shotdeck\\node_modules\\.bin\\sshpk-conv',
90 silly reify   'C:\\project\\SHOTDECK\\frontend\\shotdeck\\node_modules\\.bin\\sshpk-conv.cmd',
90 silly reify   'C:\\project\\SHOTDECK\\frontend\\shotdeck\\node_modules\\.bin\\sshpk-conv.ps1',
90 silly reify   'C:\\project\\SHOTDECK\\frontend\\shotdeck\\node_modules\\.bin\\sshpk-sign',
90 silly reify   'C:\\project\\SHOTDECK\\frontend\\shotdeck\\node_modules\\.bin\\sshpk-sign.cmd',
90 silly reify   'C:\\project\\SHOTDECK\\frontend\\shotdeck\\node_modules\\.bin\\sshpk-sign.ps1',
90 silly reify   'C:\\project\\SHOTDECK\\frontend\\shotdeck\\node_modules\\.bin\\sshpk-verify',
90 silly reify   'C:\\project\\SHOTDECK\\frontend\\shotdeck\\node_modules\\.bin\\sshpk-verify.cmd',
90 silly reify   'C:\\project\\SHOTDECK\\frontend\\shotdeck\\node_modules\\.bin\\sshpk-verify.ps1'
90 silly reify ]
91 silly reify mark retired [
91 silly reify   'C:\\project\\SHOTDECK\\frontend\\shotdeck\\node_modules\\stringstream'
91 silly reify ]
92 silly reify mark retired [
92 silly reify   'C:\\project\\SHOTDECK\\frontend\\shotdeck\\node_modules\\strip-indent'
92 silly reify ]
93 silly reify mark retired [
93 silly reify   'C:\\project\\SHOTDECK\\frontend\\shotdeck\\node_modules\\taskgroup'
93 silly reify ]
94 silly reify mark retired [ 'C:\\project\\SHOTDECK\\frontend\\shotdeck\\node_modules\\toc' ]
95 silly reify mark retired [
95 silly reify   'C:\\project\\SHOTDECK\\frontend\\shotdeck\\node_modules\\tough-cookie'
95 silly reify ]
96 silly reify mark retired [
96 silly reify   'C:\\project\\SHOTDECK\\frontend\\shotdeck\\node_modules\\tunnel-agent'
96 silly reify ]
97 silly reify mark retired [
97 silly reify   'C:\\project\\SHOTDECK\\frontend\\shotdeck\\node_modules\\tweetnacl'
97 silly reify ]
98 silly reify mark retired [
98 silly reify   'C:\\project\\SHOTDECK\\frontend\\shotdeck\\node_modules\\typechecker'
98 silly reify ]
99 silly reify mark retired [ 'C:\\project\\SHOTDECK\\frontend\\shotdeck\\node_modules\\uc.micro' ]
100 silly reify mark retired [
100 silly reify   'C:\\project\\SHOTDECK\\frontend\\shotdeck\\node_modules\\unbounded'
100 silly reify ]
101 silly reify mark retired [ 'C:\\project\\SHOTDECK\\frontend\\shotdeck\\node_modules\\unicode' ]
102 silly reify mark retired [ 'C:\\project\\SHOTDECK\\frontend\\shotdeck\\node_modules\\urix' ]
103 silly reify mark retired [ 'C:\\project\\SHOTDECK\\frontend\\shotdeck\\node_modules\\verror' ]
104 silly reify mark retired [
104 silly reify   'C:\\project\\SHOTDECK\\frontend\\shotdeck\\node_modules\\watchr',
104 silly reify   'C:\\project\\SHOTDECK\\frontend\\shotdeck\\node_modules\\.bin\\watchr',
104 silly reify   'C:\\project\\SHOTDECK\\frontend\\shotdeck\\node_modules\\.bin\\watchr.cmd',
104 silly reify   'C:\\project\\SHOTDECK\\frontend\\shotdeck\\node_modules\\.bin\\watchr.ps1'
104 silly reify ]
105 silly reify moves {
105 silly reify   'C:\\project\\SHOTDECK\\frontend\\shotdeck\\node_modules\\ambi': 'C:\\project\\SHOTDECK\\frontend\\shotdeck\\node_modules\\.ambi-cY8pmFqf',
105 silly reify   'C:\\project\\SHOTDECK\\frontend\\shotdeck\\node_modules\\asap': 'C:\\project\\SHOTDECK\\frontend\\shotdeck\\node_modules\\.asap-FCDqQqUs',
105 silly reify   'C:\\project\\SHOTDECK\\frontend\\shotdeck\\node_modules\\asn1': 'C:\\project\\SHOTDECK\\frontend\\shotdeck\\node_modules\\.asn1-1Zfe2HsC',
105 silly reify   'C:\\project\\SHOTDECK\\frontend\\shotdeck\\node_modules\\assert-plus': 'C:\\project\\SHOTDECK\\frontend\\shotdeck\\node_modules\\.assert-plus-PXVAcieb',
105 silly reify   'C:\\project\\SHOTDECK\\frontend\\shotdeck\\node_modules\\atob': 'C:\\project\\SHOTDECK\\frontend\\shotdeck\\node_modules\\.atob-M7TA2qfs',
105 silly reify   'C:\\project\\SHOTDECK\\frontend\\shotdeck\\node_modules\\.bin\\atob': 'C:\\project\\SHOTDECK\\frontend\\shotdeck\\node_modules\\.bin\\.atob-9iz6FyV9',
105 silly reify   'C:\\project\\SHOTDECK\\frontend\\shotdeck\\node_modules\\.bin\\atob.cmd': 'C:\\project\\SHOTDECK\\frontend\\shotdeck\\node_modules\\.bin\\.atob.cmd-Hndud9W7',
105 silly reify   'C:\\project\\SHOTDECK\\frontend\\shotdeck\\node_modules\\.bin\\atob.ps1': 'C:\\project\\SHOTDECK\\frontend\\shotdeck\\node_modules\\.bin\\.atob.ps1-5sBzRsAM',
105 silly reify   'C:\\project\\SHOTDECK\\frontend\\shotdeck\\node_modules\\aws-sign2': 'C:\\project\\SHOTDECK\\frontend\\shotdeck\\node_modules\\.aws-sign2-I3irAoe7',
105 silly reify   'C:\\project\\SHOTDECK\\frontend\\shotdeck\\node_modules\\aws4': 'C:\\project\\SHOTDECK\\frontend\\shotdeck\\node_modules\\.aws4-qTloQIuJ',
105 silly reify   'C:\\project\\SHOTDECK\\frontend\\shotdeck\\node_modules\\bcrypt-pbkdf': 'C:\\project\\SHOTDECK\\frontend\\shotdeck\\node_modules\\.bcrypt-pbkdf-xnEjSEoY',
105 silly reify   'C:\\project\\SHOTDECK\\frontend\\shotdeck\\node_modules\\boom': 'C:\\project\\SHOTDECK\\frontend\\shotdeck\\node_modules\\.boom-xjBRB7z5',
105 silly reify   'C:\\project\\SHOTDECK\\frontend\\shotdeck\\node_modules\\co': 'C:\\project\\SHOTDECK\\frontend\\shotdeck\\node_modules\\.co-OfICo8Jj',
105 silly reify   'C:\\project\\SHOTDECK\\frontend\\shotdeck\\node_modules\\commander': 'C:\\project\\SHOTDECK\\frontend\\shotdeck\\node_modules\\.commander-o4A0UFsj',
105 silly reify   'C:\\project\\SHOTDECK\\frontend\\shotdeck\\node_modules\\core-util-is': 'C:\\project\\SHOTDECK\\frontend\\shotdeck\\node_modules\\.core-util-is-7kP6hyYM',
105 silly reify   'C:\\project\\SHOTDECK\\frontend\\shotdeck\\node_modules\\cryptiles': 'C:\\project\\SHOTDECK\\frontend\\shotdeck\\node_modules\\.cryptiles-d4svl1Cg',
105 silly reify   'C:\\project\\SHOTDECK\\frontend\\shotdeck\\node_modules\\csextends': 'C:\\project\\SHOTDECK\\frontend\\shotdeck\\node_modules\\.csextends-BPZ0Nxvb',
105 silly reify   'C:\\project\\SHOTDECK\\frontend\\shotdeck\\node_modules\\css': 'C:\\project\\SHOTDECK\\frontend\\shotdeck\\node_modules\\.css-DihiIA2H',
105 silly reify   'C:\\project\\SHOTDECK\\frontend\\shotdeck\\node_modules\\dashdash': 'C:\\project\\SHOTDECK\\frontend\\shotdeck\\node_modules\\.dashdash-Ew89Er1e',
105 silly reify   'C:\\project\\SHOTDECK\\frontend\\shotdeck\\node_modules\\decode-uri-component': 'C:\\project\\SHOTDECK\\frontend\\shotdeck\\node_modules\\.decode-uri-component-0OGbrUA8',
105 silly reify   'C:\\project\\SHOTDECK\\frontend\\shotdeck\\node_modules\\docker': 'C:\\project\\SHOTDECK\\frontend\\shotdeck\\node_modules\\.docker-xoKxro4B',
105 silly reify   'C:\\project\\SHOTDECK\\frontend\\shotdeck\\node_modules\\.bin\\docker': 'C:\\project\\SHOTDECK\\frontend\\shotdeck\\node_modules\\.bin\\.docker-v2AzfYfY',
105 silly reify   'C:\\project\\SHOTDECK\\frontend\\shotdeck\\node_modules\\.bin\\docker.cmd': 'C:\\project\\SHOTDECK\\frontend\\shotdeck\\node_modules\\.bin\\.docker.cmd-XcpzdmAU',
105 silly reify   'C:\\project\\SHOTDECK\\frontend\\shotdeck\\node_modules\\.bin\\docker.ps1': 'C:\\project\\SHOTDECK\\frontend\\shotdeck\\node_modules\\.bin\\.docker.ps1-DYASLo6w',
105 silly reify   'C:\\project\\SHOTDECK\\frontend\\shotdeck\\node_modules\\.bin\\docker.js': 'C:\\project\\SHOTDECK\\frontend\\shotdeck\\node_modules\\.bin\\.docker.js-zhopdsXF',
105 silly reify   'C:\\project\\SHOTDECK\\frontend\\shotdeck\\node_modules\\.bin\\docker.js.cmd': 'C:\\project\\SHOTDECK\\frontend\\shotdeck\\node_modules\\.bin\\.docker.js.cmd-6PLT4TCa',
105 silly reify   'C:\\project\\SHOTDECK\\frontend\\shotdeck\\node_modules\\.bin\\docker.js.ps1': 'C:\\project\\SHOTDECK\\frontend\\shotdeck\\node_modules\\.bin\\.docker.js.ps1-PvghR2sK',
105 silly reify   'C:\\project\\SHOTDECK\\frontend\\shotdeck\\node_modules\\dox': 'C:\\project\\SHOTDECK\\frontend\\shotdeck\\node_modules\\.dox-5JNfGY9d',
105 silly reify   'C:\\project\\SHOTDECK\\frontend\\shotdeck\\node_modules\\.bin\\dox': 'C:\\project\\SHOTDECK\\frontend\\shotdeck\\node_modules\\.bin\\.dox-JhjzpjFy',
105 silly reify   'C:\\project\\SHOTDECK\\frontend\\shotdeck\\node_modules\\.bin\\dox.cmd': 'C:\\project\\SHOTDECK\\frontend\\shotdeck\\node_modules\\.bin\\.dox.cmd-D7HbZeqa',
105 silly reify   'C:\\project\\SHOTDECK\\frontend\\shotdeck\\node_modules\\.bin\\dox.ps1': 'C:\\project\\SHOTDECK\\frontend\\shotdeck\\node_modules\\.bin\\.dox.ps1-sgVKjiYp',
105 silly reify   'C:\\project\\SHOTDECK\\frontend\\shotdeck\\node_modules\\eachr': 'C:\\project\\SHOTDECK\\frontend\\shotdeck\\node_modules\\.eachr-7DWLTey9',
105 silly reify   'C:\\project\\SHOTDECK\\frontend\\shotdeck\\node_modules\\ecc-jsbn': 'C:\\project\\SHOTDECK\\frontend\\shotdeck\\node_modules\\.ecc-jsbn-v195UiME',
105 silly reify   'C:\\project\\SHOTDECK\\frontend\\shotdeck\\node_modules\\editions': 'C:\\project\\SHOTDECK\\frontend\\shotdeck\\node_modules\\.editions-qQAWuacx',
105 silly reify   'C:\\project\\SHOTDECK\\frontend\\shotdeck\\node_modules\\ejs': 'C:\\project\\SHOTDECK\\frontend\\shotdeck\\node_modules\\.ejs-up7CwTbH',
105 silly reify   'C:\\project\\SHOTDECK\\frontend\\shotdeck\\node_modules\\entities': 'C:\\project\\SHOTDECK\\frontend\\shotdeck\\node_modules\\.entities-Wo6oAIHE',
105 silly reify   'C:\\project\\SHOTDECK\\frontend\\shotdeck\\node_modules\\errlop': 'C:\\project\\SHOTDECK\\frontend\\shotdeck\\node_modules\\.errlop-UpkynBU2',
105 silly reify   'C:\\project\\SHOTDECK\\frontend\\shotdeck\\node_modules\\errno': 'C:\\project\\SHOTDECK\\frontend\\shotdeck\\node_modules\\.errno-1Kgfz8bn',
105 silly reify   'C:\\project\\SHOTDECK\\frontend\\shotdeck\\node_modules\\.bin\\errno': 'C:\\project\\SHOTDECK\\frontend\\shotdeck\\node_modules\\.bin\\.errno-9oThHOXJ',
105 silly reify   'C:\\project\\SHOTDECK\\frontend\\shotdeck\\node_modules\\.bin\\errno.cmd': 'C:\\project\\SHOTDECK\\frontend\\shotdeck\\node_modules\\.bin\\.errno.cmd-bwf1CFuH',
105 silly reify   'C:\\project\\SHOTDECK\\frontend\\shotdeck\\node_modules\\.bin\\errno.ps1': 'C:\\project\\SHOTDECK\\frontend\\shotdeck\\node_modules\\.bin\\.errno.ps1-WDAGQmEG',
105 silly reify   'C:\\project\\SHOTDECK\\frontend\\shotdeck\\node_modules\\extend': 'C:\\project\\SHOTDECK\\frontend\\shotdeck\\node_modules\\.extend-3oIN8aZd',
105 silly reify   'C:\\project\\SHOTDECK\\frontend\\shotdeck\\node_modules\\extendr': 'C:\\project\\SHOTDECK\\frontend\\shotdeck\\node_modules\\.extendr-tiJRVwY6',
105 silly reify   'C:\\project\\SHOTDECK\\frontend\\shotdeck\\node_modules\\extract-opts': 'C:\\project\\SHOTDECK\\frontend\\shotdeck\\node_modules\\.extract-opts-5qp1IRH1',
105 silly reify   'C:\\project\\SHOTDECK\\frontend\\shotdeck\\node_modules\\extsprintf': 'C:\\project\\SHOTDECK\\frontend\\shotdeck\\node_modules\\.extsprintf-EhMEJDC4',
105 silly reify   'C:\\project\\SHOTDECK\\frontend\\shotdeck\\node_modules\\forever-agent': 'C:\\project\\SHOTDECK\\frontend\\shotdeck\\node_modules\\.forever-agent-3C4P6zS2',
105 silly reify   'C:\\project\\SHOTDECK\\frontend\\shotdeck\\node_modules\\getpass': 'C:\\project\\SHOTDECK\\frontend\\shotdeck\\node_modules\\.getpass-rLd6truY',
105 silly reify   'C:\\project\\SHOTDECK\\frontend\\shotdeck\\node_modules\\graceful-readlink': 'C:\\project\\SHOTDECK\\frontend\\shotdeck\\node_modules\\.graceful-readlink-Yp4XVWT1',
105 silly reify   'C:\\project\\SHOTDECK\\frontend\\shotdeck\\node_modules\\har-schema': 'C:\\project\\SHOTDECK\\frontend\\shotdeck\\node_modules\\.har-schema-BePoopsZ',
105 silly reify   'C:\\project\\SHOTDECK\\frontend\\shotdeck\\node_modules\\har-validator': 'C:\\project\\SHOTDECK\\frontend\\shotdeck\\node_modules\\.har-validator-33gQLovv',
105 silly reify   'C:\\project\\SHOTDECK\\frontend\\shotdeck\\node_modules\\hawk': 'C:\\project\\SHOTDECK\\frontend\\shotdeck\\node_modules\\.hawk-Tj42cIIY',
105 silly reify   'C:\\project\\SHOTDECK\\frontend\\shotdeck\\node_modules\\highlight.js': 'C:\\project\\SHOTDECK\\frontend\\shotdeck\\node_modules\\.highlight.js-tgDr6TsY',
105 silly reify   'C:\\project\\SHOTDECK\\frontend\\shotdeck\\node_modules\\hoek': 'C:\\project\\SHOTDECK\\frontend\\shotdeck\\node_modules\\.hoek-JzsmQhOU',
105 silly reify   'C:\\project\\SHOTDECK\\frontend\\shotdeck\\node_modules\\http-signature': 'C:\\project\\SHOTDECK\\frontend\\shotdeck\\node_modules\\.http-signature-yzacrA4l',
105 silly reify   'C:\\project\\SHOTDECK\\frontend\\shotdeck\\node_modules\\ignorefs': 'C:\\project\\SHOTDECK\\frontend\\shotdeck\\node_modules\\.ignorefs-SkxIdAXZ',
105 silly reify   'C:\\project\\SHOTDECK\\frontend\\shotdeck\\node_modules\\ignorepatterns': 'C:\\project\\SHOTDECK\\frontend\\shotdeck\\node_modules\\.ignorepatterns-j5Hyewx2',
105 silly reify   'C:\\project\\SHOTDECK\\frontend\\shotdeck\\node_modules\\image-size': 'C:\\project\\SHOTDECK\\frontend\\shotdeck\\node_modules\\.image-size-UsmzCyuF',
105 silly reify   'C:\\project\\SHOTDECK\\frontend\\shotdeck\\node_modules\\.bin\\image-size': 'C:\\project\\SHOTDECK\\frontend\\shotdeck\\node_modules\\.bin\\.image-size-JA3ObffL',
105 silly reify   'C:\\project\\SHOTDECK\\frontend\\shotdeck\\node_modules\\.bin\\image-size.cmd': 'C:\\project\\SHOTDECK\\frontend\\shotdeck\\node_modules\\.bin\\.image-size.cmd-0V2dK1Ls',
105 silly reify   'C:\\project\\SHOTDECK\\frontend\\shotdeck\\node_modules\\.bin\\image-size.ps1': 'C:\\project\\SHOTDECK\\frontend\\shotdeck\\node_modules\\.bin\\.image-size.ps1-80GAjHRq',
105 silly reify   'C:\\project\\SHOTDECK\\frontend\\shotdeck\\node_modules\\is-finite': 'C:\\project\\SHOTDECK\\frontend\\shotdeck\\node_modules\\.is-finite-ydTl2PmP',
105 silly reify   'C:\\project\\SHOTDECK\\frontend\\shotdeck\\node_modules\\is-typedarray': 'C:\\project\\SHOTDECK\\frontend\\shotdeck\\node_modules\\.is-typedarray-Hfcvgd4I',
105 silly reify   'C:\\project\\SHOTDECK\\frontend\\shotdeck\\node_modules\\isstream': 'C:\\project\\SHOTDECK\\frontend\\shotdeck\\node_modules\\.isstream-ZhBTG6Ik',
105 silly reify   'C:\\project\\SHOTDECK\\frontend\\shotdeck\\node_modules\\jsbn': 'C:\\project\\SHOTDECK\\frontend\\shotdeck\\node_modules\\.jsbn-yzLa5Ggh',
105 silly reify   'C:\\project\\SHOTDECK\\frontend\\shotdeck\\node_modules\\jsdoctypeparser': 'C:\\project\\SHOTDECK\\frontend\\shotdeck\\node_modules\\.jsdoctypeparser-gkO2Nlr9',
105 silly reify   'C:\\project\\SHOTDECK\\frontend\\shotdeck\\node_modules\\json-schema': 'C:\\project\\SHOTDECK\\frontend\\shotdeck\\node_modules\\.json-schema-UacPTKgx',
105 silly reify   'C:\\project\\SHOTDECK\\frontend\\shotdeck\\node_modules\\json-stable-stringify': 'C:\\project\\SHOTDECK\\frontend\\shotdeck\\node_modules\\.json-stable-stringify-arcrLTxN',
105 silly reify   'C:\\project\\SHOTDECK\\frontend\\shotdeck\\node_modules\\json-stringify-safe': 'C:\\project\\SHOTDECK\\frontend\\shotdeck\\node_modules\\.json-stringify-safe-vuRIl8UQ',
105 silly reify   'C:\\project\\SHOTDECK\\frontend\\shotdeck\\node_modules\\jsonify': 'C:\\project\\SHOTDECK\\frontend\\shotdeck\\node_modules\\.jsonify-rg0ud7rx',
105 silly reify   'C:\\project\\SHOTDECK\\frontend\\shotdeck\\node_modules\\jsprim': 'C:\\project\\SHOTDECK\\frontend\\shotdeck\\node_modules\\.jsprim-tilWKM24',
105 silly reify   'C:\\project\\SHOTDECK\\frontend\\shotdeck\\node_modules\\less': 'C:\\project\\SHOTDECK\\frontend\\shotdeck\\node_modules\\.less-uVGpiPwJ',
105 silly reify   'C:\\project\\SHOTDECK\\frontend\\shotdeck\\node_modules\\.bin\\lessc': 'C:\\project\\SHOTDECK\\frontend\\shotdeck\\node_modules\\.bin\\.lessc-UpEYn0Nf',
105 silly reify   'C:\\project\\SHOTDECK\\frontend\\shotdeck\\node_modules\\.bin\\lessc.cmd': 'C:\\project\\SHOTDECK\\frontend\\shotdeck\\node_modules\\.bin\\.lessc.cmd-ynPWx11Z',
105 silly reify   'C:\\project\\SHOTDECK\\frontend\\shotdeck\\node_modules\\.bin\\lessc.ps1': 'C:\\project\\SHOTDECK\\frontend\\shotdeck\\node_modules\\.bin\\.lessc.ps1-3s89INsd',
105 silly reify   'C:\\project\\SHOTDECK\\frontend\\shotdeck\\node_modules\\linkify-it': 'C:\\project\\SHOTDECK\\frontend\\shotdeck\\node_modules\\.linkify-it-E35olAAq',
105 silly reify   'C:\\project\\SHOTDECK\\frontend\\shotdeck\\node_modules\\lodash': 'C:\\project\\SHOTDECK\\frontend\\shotdeck\\node_modules\\.lodash-WzeD9YQJ',
105 silly reify   'C:\\project\\SHOTDECK\\frontend\\shotdeck\\node_modules\\markdown-it': 'C:\\project\\SHOTDECK\\frontend\\shotdeck\\node_modules\\.markdown-it-vcoPVuJ2',
105 silly reify   'C:\\project\\SHOTDECK\\frontend\\shotdeck\\node_modules\\.bin\\markdown-it': 'C:\\project\\SHOTDECK\\frontend\\shotdeck\\node_modules\\.bin\\.markdown-it-AuRNG3BP',
105 silly reify   'C:\\project\\SHOTDECK\\frontend\\shotdeck\\node_modules\\.bin\\markdown-it.cmd': 'C:\\project\\SHOTDECK\\frontend\\shotdeck\\node_modules\\.bin\\.markdown-it.cmd-i7yDDNPB',
105 silly reify   'C:\\project\\SHOTDECK\\frontend\\shotdeck\\node_modules\\.bin\\markdown-it.ps1': 'C:\\project\\SHOTDECK\\frontend\\shotdeck\\node_modules\\.bin\\.markdown-it.ps1-RjhbHmZp',
105 silly reify   'C:\\project\\SHOTDECK\\frontend\\shotdeck\\node_modules\\marked': 'C:\\project\\SHOTDECK\\frontend\\shotdeck\\node_modules\\.marked-GvCe9RZO',
105 silly reify   'C:\\project\\SHOTDECK\\frontend\\shotdeck\\node_modules\\.bin\\marked': 'C:\\project\\SHOTDECK\\frontend\\shotdeck\\node_modules\\.bin\\.marked-YXAAQukL',
105 silly reify   'C:\\project\\SHOTDECK\\frontend\\shotdeck\\node_modules\\.bin\\marked.cmd': 'C:\\project\\SHOTDECK\\frontend\\shotdeck\\node_modules\\.bin\\.marked.cmd-s5UGa696',
105 silly reify   'C:\\project\\SHOTDECK\\frontend\\shotdeck\\node_modules\\.bin\\marked.ps1': 'C:\\project\\SHOTDECK\\frontend\\shotdeck\\node_modules\\.bin\\.marked.ps1-gCMp0d7O',
105 silly reify   'C:\\project\\SHOTDECK\\frontend\\shotdeck\\node_modules\\mdurl': 'C:\\project\\SHOTDECK\\frontend\\shotdeck\\node_modules\\.mdurl-f4zGADqQ',
105 silly reify   'C:\\project\\SHOTDECK\\frontend\\shotdeck\\node_modules\\mime': 'C:\\project\\SHOTDECK\\frontend\\shotdeck\\node_modules\\.mime-exuWoDqW',
105 silly reify   'C:\\project\\SHOTDECK\\frontend\\shotdeck\\node_modules\\.bin\\mime': 'C:\\project\\SHOTDECK\\frontend\\shotdeck\\node_modules\\.bin\\.mime-uR7jxvke',
105 silly reify   'C:\\project\\SHOTDECK\\frontend\\shotdeck\\node_modules\\.bin\\mime.cmd': 'C:\\project\\SHOTDECK\\frontend\\shotdeck\\node_modules\\.bin\\.mime.cmd-Jv8NydtL',
105 silly reify   'C:\\project\\SHOTDECK\\frontend\\shotdeck\\node_modules\\.bin\\mime.ps1': 'C:\\project\\SHOTDECK\\frontend\\shotdeck\\node_modules\\.bin\\.mime.ps1-PncqpJOU',
105 silly reify   'C:\\project\\SHOTDECK\\frontend\\shotdeck\\node_modules\\oauth-sign': 'C:\\project\\SHOTDECK\\frontend\\shotdeck\\node_modules\\.oauth-sign-Sxw2zpHd',
105 silly reify   'C:\\project\\SHOTDECK\\frontend\\shotdeck\\node_modules\\performance-now': 'C:\\project\\SHOTDECK\\frontend\\shotdeck\\node_modules\\.performance-now-CsDwkPdj',
105 silly reify   'C:\\project\\SHOTDECK\\frontend\\shotdeck\\node_modules\\promise': 'C:\\project\\SHOTDECK\\frontend\\shotdeck\\node_modules\\.promise-sOdoT6tq',
105 silly reify   'C:\\project\\SHOTDECK\\frontend\\shotdeck\\node_modules\\prr': 'C:\\project\\SHOTDECK\\frontend\\shotdeck\\node_modules\\.prr-ErkJCYEf',
105 silly reify   'C:\\project\\SHOTDECK\\frontend\\shotdeck\\node_modules\\repeating': 'C:\\project\\SHOTDECK\\frontend\\shotdeck\\node_modules\\.repeating-uXXGYEFm',
105 silly reify   'C:\\project\\SHOTDECK\\frontend\\shotdeck\\node_modules\\request': 'C:\\project\\SHOTDECK\\frontend\\shotdeck\\node_modules\\.request-CcvGdzAW',
105 silly reify   'C:\\project\\SHOTDECK\\frontend\\shotdeck\\node_modules\\resolve-url': 'C:\\project\\SHOTDECK\\frontend\\shotdeck\\node_modules\\.resolve-url-179yxdKH',
105 silly reify   'C:\\project\\SHOTDECK\\frontend\\shotdeck\\node_modules\\safefs': 'C:\\project\\SHOTDECK\\frontend\\shotdeck\\node_modules\\.safefs-yxFvMwW0',
105 silly reify   'C:\\project\\SHOTDECK\\frontend\\shotdeck\\node_modules\\safeps': 'C:\\project\\SHOTDECK\\frontend\\shotdeck\\node_modules\\.safeps-W6xHSM97',
105 silly reify   'C:\\project\\SHOTDECK\\frontend\\shotdeck\\node_modules\\safer-buffer': 'C:\\project\\SHOTDECK\\frontend\\shotdeck\\node_modules\\.safer-buffer-krBpYN9K',
105 silly reify   'C:\\project\\SHOTDECK\\frontend\\shotdeck\\node_modules\\scandirectory': 'C:\\project\\SHOTDECK\\frontend\\shotdeck\\node_modules\\.scandirectory-DK0O9YTk',
105 silly reify   'C:\\project\\SHOTDECK\\frontend\\shotdeck\\node_modules\\slug': 'C:\\project\\SHOTDECK\\frontend\\shotdeck\\node_modules\\.slug-qo1PEF9V',
105 silly reify   'C:\\project\\SHOTDECK\\frontend\\shotdeck\\node_modules\\sntp': 'C:\\project\\SHOTDECK\\frontend\\shotdeck\\node_modules\\.sntp-5KqxlWzz',
105 silly reify   'C:\\project\\SHOTDECK\\frontend\\shotdeck\\node_modules\\source-map-resolve': 'C:\\project\\SHOTDECK\\frontend\\shotdeck\\node_modules\\.source-map-resolve-0mpBbxqc',
105 silly reify   'C:\\project\\SHOTDECK\\frontend\\shotdeck\\node_modules\\source-map-url': 'C:\\project\\SHOTDECK\\frontend\\shotdeck\\node_modules\\.source-map-url-goR2WgDz',
105 silly reify   'C:\\project\\SHOTDECK\\frontend\\shotdeck\\node_modules\\sprintf-js': 'C:\\project\\SHOTDECK\\frontend\\shotdeck\\node_modules\\.sprintf-js-wNzq8bJr',
105 silly reify   'C:\\project\\SHOTDECK\\frontend\\shotdeck\\node_modules\\sshpk': 'C:\\project\\SHOTDECK\\frontend\\shotdeck\\node_modules\\.sshpk-u8iHaIXY',
105 silly reify   'C:\\project\\SHOTDECK\\frontend\\shotdeck\\node_modules\\.bin\\sshpk-conv': 'C:\\project\\SHOTDECK\\frontend\\shotdeck\\node_modules\\.bin\\.sshpk-conv-FYBWT09Q',
105 silly reify   'C:\\project\\SHOTDECK\\frontend\\shotdeck\\node_modules\\.bin\\sshpk-conv.cmd': 'C:\\project\\SHOTDECK\\frontend\\shotdeck\\node_modules\\.bin\\.sshpk-conv.cmd-OYUJ6xxS',
105 silly reify   'C:\\project\\SHOTDECK\\frontend\\shotdeck\\node_modules\\.bin\\sshpk-conv.ps1': 'C:\\project\\SHOTDECK\\frontend\\shotdeck\\node_modules\\.bin\\.sshpk-conv.ps1-MmBneisf',
105 silly reify   'C:\\project\\SHOTDECK\\frontend\\shotdeck\\node_modules\\.bin\\sshpk-sign': 'C:\\project\\SHOTDECK\\frontend\\shotdeck\\node_modules\\.bin\\.sshpk-sign-dKFbPfXC',
105 silly reify   'C:\\project\\SHOTDECK\\frontend\\shotdeck\\node_modules\\.bin\\sshpk-sign.cmd': 'C:\\project\\SHOTDECK\\frontend\\shotdeck\\node_modules\\.bin\\.sshpk-sign.cmd-YbJKH7DY',
105 silly reify   'C:\\project\\SHOTDECK\\frontend\\shotdeck\\node_modules\\.bin\\sshpk-sign.ps1': 'C:\\project\\SHOTDECK\\frontend\\shotdeck\\node_modules\\.bin\\.sshpk-sign.ps1-UWm7dBp3',
105 silly reify   'C:\\project\\SHOTDECK\\frontend\\shotdeck\\node_modules\\.bin\\sshpk-verify': 'C:\\project\\SHOTDECK\\frontend\\shotdeck\\node_modules\\.bin\\.sshpk-verify-mM7RLXbG',
105 silly reify   'C:\\project\\SHOTDECK\\frontend\\shotdeck\\node_modules\\.bin\\sshpk-verify.cmd': 'C:\\project\\SHOTDECK\\frontend\\shotdeck\\node_modules\\.bin\\.sshpk-verify.cmd-KIKHOspC',
105 silly reify   'C:\\project\\SHOTDECK\\frontend\\shotdeck\\node_modules\\.bin\\sshpk-verify.ps1': 'C:\\project\\SHOTDECK\\frontend\\shotdeck\\node_modules\\.bin\\.sshpk-verify.ps1-nnUmwQMC',
105 silly reify   'C:\\project\\SHOTDECK\\frontend\\shotdeck\\node_modules\\stringstream': 'C:\\project\\SHOTDECK\\frontend\\shotdeck\\node_modules\\.stringstream-FX5WGwHm',
105 silly reify   'C:\\project\\SHOTDECK\\frontend\\shotdeck\\node_modules\\strip-indent': 'C:\\project\\SHOTDECK\\frontend\\shotdeck\\node_modules\\.strip-indent-lYAjN6yA',
105 silly reify   'C:\\project\\SHOTDECK\\frontend\\shotdeck\\node_modules\\taskgroup': 'C:\\project\\SHOTDECK\\frontend\\shotdeck\\node_modules\\.taskgroup-kdPmyvZx',
105 silly reify   'C:\\project\\SHOTDECK\\frontend\\shotdeck\\node_modules\\toc': 'C:\\project\\SHOTDECK\\frontend\\shotdeck\\node_modules\\.toc-jdAY4ZQm',
105 silly reify   'C:\\project\\SHOTDECK\\frontend\\shotdeck\\node_modules\\tough-cookie': 'C:\\project\\SHOTDECK\\frontend\\shotdeck\\node_modules\\.tough-cookie-DKYTc4RY',
105 silly reify   'C:\\project\\SHOTDECK\\frontend\\shotdeck\\node_modules\\tunnel-agent': 'C:\\project\\SHOTDECK\\frontend\\shotdeck\\node_modules\\.tunnel-agent-WVpvHIEa',
105 silly reify   'C:\\project\\SHOTDECK\\frontend\\shotdeck\\node_modules\\tweetnacl': 'C:\\project\\SHOTDECK\\frontend\\shotdeck\\node_modules\\.tweetnacl-w8HPjCFE',
105 silly reify   'C:\\project\\SHOTDECK\\frontend\\shotdeck\\node_modules\\typechecker': 'C:\\project\\SHOTDECK\\frontend\\shotdeck\\node_modules\\.typechecker-Q72WpR3J',
105 silly reify   'C:\\project\\SHOTDECK\\frontend\\shotdeck\\node_modules\\uc.micro': 'C:\\project\\SHOTDECK\\frontend\\shotdeck\\node_modules\\.uc.micro-kLddmx6P',
105 silly reify   'C:\\project\\SHOTDECK\\frontend\\shotdeck\\node_modules\\unbounded': 'C:\\project\\SHOTDECK\\frontend\\shotdeck\\node_modules\\.unbounded-kpIzgAeW',
105 silly reify   'C:\\project\\SHOTDECK\\frontend\\shotdeck\\node_modules\\unicode': 'C:\\project\\SHOTDECK\\frontend\\shotdeck\\node_modules\\.unicode-gd7QGtzX',
105 silly reify   'C:\\project\\SHOTDECK\\frontend\\shotdeck\\node_modules\\urix': 'C:\\project\\SHOTDECK\\frontend\\shotdeck\\node_modules\\.urix-6mboG6ao',
105 silly reify   'C:\\project\\SHOTDECK\\frontend\\shotdeck\\node_modules\\verror': 'C:\\project\\SHOTDECK\\frontend\\shotdeck\\node_modules\\.verror-0Aw6TxKa',
105 silly reify   'C:\\project\\SHOTDECK\\frontend\\shotdeck\\node_modules\\watchr': 'C:\\project\\SHOTDECK\\frontend\\shotdeck\\node_modules\\.watchr-1XH6u9sh',
105 silly reify   'C:\\project\\SHOTDECK\\frontend\\shotdeck\\node_modules\\.bin\\watchr': 'C:\\project\\SHOTDECK\\frontend\\shotdeck\\node_modules\\.bin\\.watchr-W4JgiIdl',
105 silly reify   'C:\\project\\SHOTDECK\\frontend\\shotdeck\\node_modules\\.bin\\watchr.cmd': 'C:\\project\\SHOTDECK\\frontend\\shotdeck\\node_modules\\.bin\\.watchr.cmd-Jxe2clEf',
105 silly reify   'C:\\project\\SHOTDECK\\frontend\\shotdeck\\node_modules\\.bin\\watchr.ps1': 'C:\\project\\SHOTDECK\\frontend\\shotdeck\\node_modules\\.bin\\.watchr.ps1-KUrtsPTE'
105 silly reify }
106 verbose reify failed optional dependency C:\project\SHOTDECK\frontend\shotdeck\node_modules\@tailwindcss\oxide-wasm32-wasi
107 silly reify mark deleted [
107 silly reify   'C:\\project\\SHOTDECK\\frontend\\shotdeck\\node_modules\\@tailwindcss\\oxide-wasm32-wasi'
107 silly reify ]
108 silly audit bulk request {
108 silly audit   '@alloc/quick-lru': [ '5.2.0' ],
108 silly audit   '@ampproject/remapping': [ '2.3.0' ],
108 silly audit   '@babel/code-frame': [ '7.27.1' ],
108 silly audit   '@babel/generator': [ '7.27.1' ],
108 silly audit   '@babel/helper-module-imports': [ '7.27.1' ],
108 silly audit   '@babel/helper-string-parser': [ '7.27.1' ],
108 silly audit   '@babel/helper-validator-identifier': [ '7.27.1' ],
108 silly audit   '@babel/parser': [ '7.27.2' ],
108 silly audit   '@babel/runtime': [ '7.27.1' ],
108 silly audit   '@babel/template': [ '7.27.2' ],
108 silly audit   '@babel/traverse': [ '7.27.1' ],
108 silly audit   globals: [ '11.12.0', '14.0.0' ],
108 silly audit   '@babel/types': [ '7.27.1' ],
108 silly audit   '@derhuerst/http-basic': [ '8.2.4' ],
108 silly audit   '@emnapi/core': [ '1.4.3' ],
108 silly audit   '@emnapi/runtime': [ '1.4.3' ],
108 silly audit   '@emnapi/wasi-threads': [ '1.0.2' ],
108 silly audit   '@emotion/babel-plugin': [ '11.13.5' ],
108 silly audit   '@emotion/cache': [ '11.14.0' ],
108 silly audit   '@emotion/hash': [ '0.9.2' ],
108 silly audit   '@emotion/is-prop-valid': [ '1.3.1', '1.2.2' ],
108 silly audit   '@emotion/memoize': [ '0.9.0', '0.8.1' ],
108 silly audit   '@emotion/react': [ '11.14.0' ],
108 silly audit   '@emotion/serialize': [ '1.3.3' ],
108 silly audit   '@emotion/sheet': [ '1.4.0' ],
108 silly audit   '@emotion/styled': [ '11.14.0' ],
108 silly audit   '@emotion/unitless': [ '0.10.0', '0.8.1' ],
108 silly audit   '@emotion/use-insertion-effect-with-fallbacks': [ '1.2.0' ],
108 silly audit   '@emotion/utils': [ '1.4.2' ],
108 silly audit   '@emotion/weak-memoize': [ '0.4.0' ],
108 silly audit   '@eslint-community/eslint-utils': [ '4.7.0' ],
108 silly audit   'eslint-visitor-keys': [ '3.4.3', '4.2.0' ],
108 silly audit   '@eslint-community/regexpp': [ '4.12.1' ],
108 silly audit   '@eslint/config-array': [ '0.20.0' ],
108 silly audit   '@eslint/config-helpers': [ '0.2.2' ],
108 silly audit   '@eslint/core': [ '0.14.0' ],
108 silly audit   '@eslint/eslintrc': [ '3.3.1' ],
108 silly audit   '@eslint/js': [ '9.27.0' ],
108 silly audit   '@eslint/object-schema': [ '2.1.6' ],
108 silly audit   '@eslint/plugin-kit': [ '0.3.1' ],
108 silly audit   '@ffmpeg-installer/darwin-arm64': [ '4.1.5' ],
108 silly audit   '@ffmpeg-installer/darwin-x64': [ '4.1.0' ],
108 silly audit   '@ffmpeg-installer/ffmpeg': [ '1.1.0' ],
108 silly audit   '@ffmpeg-installer/linux-arm': [ '4.1.3' ],
108 silly audit   '@ffmpeg-installer/linux-arm64': [ '4.1.4' ],
108 silly audit   '@ffmpeg-installer/linux-ia32': [ '4.1.0' ],
108 silly audit   '@ffmpeg-installer/linux-x64': [ '4.1.0' ],
108 silly audit   '@ffmpeg-installer/win32-ia32': [ '4.1.0' ],
108 silly audit   '@ffmpeg-installer/win32-x64': [ '4.1.0' ],
108 silly audit   '@ffprobe-installer/darwin-arm64': [ '5.0.1' ],
108 silly audit   '@ffprobe-installer/darwin-x64': [ '5.1.0' ],
108 silly audit   '@ffprobe-installer/ffprobe': [ '2.1.2' ],
108 silly audit   '@ffprobe-installer/linux-arm': [ '5.2.0' ],
108 silly audit   '@ffprobe-installer/linux-arm64': [ '5.2.0' ],
108 silly audit   '@ffprobe-installer/linux-ia32': [ '5.2.0' ],
108 silly audit   '@ffprobe-installer/linux-x64': [ '5.2.0' ],
108 silly audit   '@ffprobe-installer/win32-ia32': [ '5.1.0' ],
108 silly audit   '@ffprobe-installer/win32-x64': [ '5.1.0' ],
108 silly audit   '@humanfs/core': [ '0.19.1' ],
108 silly audit   '@humanfs/node': [ '0.16.6' ],
108 silly audit   '@humanwhocodes/retry': [ '0.3.1', '0.4.3' ],
108 silly audit   '@humanwhocodes/module-importer': [ '1.0.1' ],
108 silly audit   '@img/sharp-darwin-arm64': [ '0.34.1' ],
108 silly audit   '@img/sharp-darwin-x64': [ '0.34.1' ],
108 silly audit   '@img/sharp-libvips-darwin-arm64': [ '1.1.0' ],
108 silly audit   '@img/sharp-libvips-darwin-x64': [ '1.1.0' ],
108 silly audit   '@img/sharp-libvips-linux-arm': [ '1.1.0' ],
108 silly audit   '@img/sharp-libvips-linux-arm64': [ '1.1.0' ],
108 silly audit   '@img/sharp-libvips-linux-ppc64': [ '1.1.0' ],
108 silly audit   '@img/sharp-libvips-linux-s390x': [ '1.1.0' ],
108 silly audit   '@img/sharp-libvips-linux-x64': [ '1.1.0' ],
108 silly audit   '@img/sharp-libvips-linuxmusl-arm64': [ '1.1.0' ],
108 silly audit   '@img/sharp-libvips-linuxmusl-x64': [ '1.1.0' ],
108 silly audit   '@img/sharp-linux-arm': [ '0.34.1' ],
108 silly audit   '@img/sharp-linux-arm64': [ '0.34.1' ],
108 silly audit   '@img/sharp-linux-s390x': [ '0.34.1' ],
108 silly audit   '@img/sharp-linux-x64': [ '0.34.1' ],
108 silly audit   '@img/sharp-linuxmusl-arm64': [ '0.34.1' ],
108 silly audit   '@img/sharp-linuxmusl-x64': [ '0.34.1' ],
108 silly audit   '@img/sharp-wasm32': [ '0.34.1' ],
108 silly audit   '@img/sharp-win32-ia32': [ '0.34.1' ],
108 silly audit   '@img/sharp-win32-x64': [ '0.34.1' ],
108 silly audit   '@isaacs/fs-minipass': [ '4.0.1' ],
108 silly audit   '@jridgewell/gen-mapping': [ '0.3.8' ],
108 silly audit   '@jridgewell/resolve-uri': [ '3.1.2' ],
108 silly audit   '@jridgewell/set-array': [ '1.2.1' ],
108 silly audit   '@jridgewell/sourcemap-codec': [ '1.5.0' ],
108 silly audit   '@jridgewell/trace-mapping': [ '0.3.25' ],
108 silly audit   '@mui/core-downloads-tracker': [ '7.1.0' ],
108 silly audit   '@mui/icons-material': [ '7.1.0' ],
108 silly audit   '@mui/material': [ '7.1.0' ],
108 silly audit   'react-is': [ '19.1.0', '16.13.1' ],
108 silly audit   '@mui/private-theming': [ '7.1.0' ],
108 silly audit   '@mui/styled-engine': [ '7.1.0' ],
108 silly audit   '@mui/styled-engine-sc': [ '7.1.0' ],
108 silly audit   '@mui/system': [ '7.1.0' ],
108 silly audit   '@mui/types': [ '7.4.2' ],
108 silly audit   '@mui/utils': [ '7.1.0' ],
108 silly audit   '@napi-rs/wasm-runtime': [ '0.2.10' ],
108 silly audit   '@next/env': [ '15.3.2' ],
108 silly audit   '@next/eslint-plugin-next': [ '15.3.2' ],
108 silly audit   '@next/swc-darwin-arm64': [ '15.3.2' ],
108 silly audit   '@next/swc-darwin-x64': [ '15.3.2' ],
108 silly audit   '@next/swc-linux-arm64-gnu': [ '15.3.2' ],
108 silly audit   '@next/swc-linux-arm64-musl': [ '15.3.2' ],
108 silly audit   '@next/swc-linux-x64-gnu': [ '15.3.2' ],
108 silly audit   '@next/swc-linux-x64-musl': [ '15.3.2' ],
108 silly audit   '@next/swc-win32-arm64-msvc': [ '15.3.2' ],
108 silly audit   '@next/swc-win32-x64-msvc': [ '15.3.2' ],
108 silly audit   '@nodelib/fs.scandir': [ '2.1.5' ],
108 silly audit   '@nodelib/fs.stat': [ '2.0.5' ],
108 silly audit   '@nodelib/fs.walk': [ '1.2.8' ],
108 silly audit   '@nolyfill/is-core-module': [ '1.0.39' ],
108 silly audit   '@panva/hkdf': [ '1.2.1' ],
108 silly audit   '@popperjs/core': [ '2.11.8' ],
108 silly audit   '@reduxjs/toolkit': [ '2.8.2' ],
108 silly audit   '@rtsao/scc': [ '1.1.0' ],
108 silly audit   '@rushstack/eslint-patch': [ '1.11.0' ],
108 silly audit   '@standard-schema/spec': [ '1.0.0' ],
108 silly audit   '@standard-schema/utils': [ '0.3.0' ],
108 silly audit   '@stripe/stripe-js': [ '7.3.1' ],
108 silly audit   '@studio-freight/lenis': [ '1.0.42' ],
108 silly audit   '@swc/counter': [ '0.1.3' ],
108 silly audit   '@swc/helpers': [ '0.5.15' ],
108 silly audit   '@tailwindcss/node': [ '4.1.7' ],
108 silly audit   '@tailwindcss/oxide': [ '4.1.7' ],
108 silly audit   '@tailwindcss/oxide-android-arm64': [ '4.1.7' ],
108 silly audit   '@tailwindcss/oxide-darwin-arm64': [ '4.1.7' ],
108 silly audit   '@tailwindcss/oxide-darwin-x64': [ '4.1.7' ],
108 silly audit   '@tailwindcss/oxide-freebsd-x64': [ '4.1.7' ],
108 silly audit   '@tailwindcss/oxide-linux-arm-gnueabihf': [ '4.1.7' ],
108 silly audit   '@tailwindcss/oxide-linux-arm64-gnu': [ '4.1.7' ],
108 silly audit   '@tailwindcss/oxide-linux-arm64-musl': [ '4.1.7' ],
108 silly audit   '@tailwindcss/oxide-linux-x64-gnu': [ '4.1.7' ],
108 silly audit   '@tailwindcss/oxide-linux-x64-musl': [ '4.1.7' ],
108 silly audit   '@tailwindcss/oxide-win32-arm64-msvc': [ '4.1.7' ],
108 silly audit   '@tailwindcss/oxide-win32-x64-msvc': [ '4.1.7' ],
108 silly audit   '@tailwindcss/postcss': [ '4.1.7' ],
108 silly audit   '@tybys/wasm-util': [ '0.9.0' ],
108 silly audit   '@types/estree': [ '1.0.7' ],
108 silly audit   '@types/hoist-non-react-statics': [ '3.3.6' ],
108 silly audit   '@types/json-schema': [ '7.0.15' ],
108 silly audit   '@types/json5': [ '0.0.29' ],
108 silly audit   '@types/node': [ '24.0.0', '10.17.60' ],
108 silly audit   '@types/parse-json': [ '4.0.2' ],
108 silly audit   '@types/prop-types': [ '15.7.14' ],
108 silly audit   '@types/react': [ '18.3.21' ],
108 silly audit   '@types/react-transition-group': [ '4.4.12' ],
108 silly audit   '@types/stylis': [ '4.2.5' ],
108 silly audit   '@types/use-sync-external-store': [ '0.0.6' ],
108 silly audit   '@typescript-eslint/eslint-plugin': [ '8.32.1' ],
108 silly audit   ignore: [ '7.0.4', '5.3.2' ],
108 silly audit   '@typescript-eslint/parser': [ '8.32.1' ],
108 silly audit   '@typescript-eslint/scope-manager': [ '8.32.1' ],
108 silly audit   '@typescript-eslint/type-utils': [ '8.32.1' ],
108 silly audit   '@typescript-eslint/types': [ '8.32.1' ],
108 silly audit   '@typescript-eslint/typescript-estree': [ '8.32.1' ],
108 silly audit   'brace-expansion': [ '2.0.1', '1.1.11' ],
108 silly audit   'fast-glob': [ '3.3.3', '3.3.1' ],
108 silly audit   'glob-parent': [ '5.1.2', '6.0.2' ],
108 silly audit   minimatch: [ '9.0.5', '3.1.2' ],
108 silly audit   '@typescript-eslint/utils': [ '8.32.1' ],
108 silly audit   '@typescript-eslint/visitor-keys': [ '8.32.1' ],
108 silly audit   '@unrs/resolver-binding-darwin-arm64': [ '1.7.2' ],
108 silly audit   '@unrs/resolver-binding-darwin-x64': [ '1.7.2' ],
108 silly audit   '@unrs/resolver-binding-freebsd-x64': [ '1.7.2' ],
108 silly audit   '@unrs/resolver-binding-linux-arm-gnueabihf': [ '1.7.2' ],
108 silly audit   '@unrs/resolver-binding-linux-arm-musleabihf': [ '1.7.2' ],
108 silly audit   '@unrs/resolver-binding-linux-arm64-gnu': [ '1.7.2' ],
108 silly audit   '@unrs/resolver-binding-linux-arm64-musl': [ '1.7.2' ],
108 silly audit   '@unrs/resolver-binding-linux-ppc64-gnu': [ '1.7.2' ],
108 silly audit   '@unrs/resolver-binding-linux-riscv64-gnu': [ '1.7.2' ],
108 silly audit   '@unrs/resolver-binding-linux-riscv64-musl': [ '1.7.2' ],
108 silly audit   '@unrs/resolver-binding-linux-s390x-gnu': [ '1.7.2' ],
108 silly audit   '@unrs/resolver-binding-linux-x64-gnu': [ '1.7.2' ],
108 silly audit   '@unrs/resolver-binding-linux-x64-musl': [ '1.7.2' ],
108 silly audit   '@unrs/resolver-binding-wasm32-wasi': [ '1.7.2' ],
108 silly audit   '@unrs/resolver-binding-win32-arm64-msvc': [ '1.7.2' ],
108 silly audit   '@unrs/resolver-binding-win32-ia32-msvc': [ '1.7.2' ],
108 silly audit   '@unrs/resolver-binding-win32-x64-msvc': [ '1.7.2' ],
108 silly audit   acorn: [ '8.14.1' ],
108 silly audit   'acorn-jsx': [ '5.3.2' ],
108 silly audit   'agent-base': [ '6.0.2' ],
108 silly audit   ajv: [ '6.12.6' ],
108 silly audit   'ansi-styles': [ '4.3.0' ],
108 silly audit   aos: [ '2.3.4' ],
108 silly audit   argparse: [ '2.0.1' ],
108 silly audit   'aria-query': [ '5.3.2' ],
108 silly audit   'array-buffer-byte-length': [ '1.0.2' ],
108 silly audit   'array-includes': [ '3.1.8' ],
108 silly audit   'array.prototype.findlast': [ '1.2.5' ],
108 silly audit   'array.prototype.findlastindex': [ '1.2.6' ],
108 silly audit   'array.prototype.flat': [ '1.3.3' ],
108 silly audit   'array.prototype.flatmap': [ '1.3.3' ],
108 silly audit   'array.prototype.tosorted': [ '1.1.4' ],
108 silly audit   'arraybuffer.prototype.slice': [ '1.0.4' ],
108 silly audit   'ast-types-flow': [ '0.0.8' ],
108 silly audit   async: [ '0.2.10' ],
108 silly audit   'async-function': [ '1.0.0' ],
108 silly audit   asynckit: [ '0.4.0' ],
108 silly audit   'available-typed-arrays': [ '1.0.7' ],
108 silly audit   'axe-core': [ '4.10.3' ],
108 silly audit   axios: [ '1.9.0' ],
108 silly audit   'axobject-query': [ '4.1.0' ],
108 silly audit   'babel-plugin-macros': [ '3.1.0' ],
108 silly audit   'balanced-match': [ '1.0.2' ],
108 silly audit   braces: [ '3.0.3' ],
108 silly audit   'buffer-from': [ '1.1.2' ],
108 silly audit   busboy: [ '1.6.0' ],
108 silly audit   'call-bind': [ '1.0.8' ],
108 silly audit   'call-bind-apply-helpers': [ '1.0.2' ],
108 silly audit   'call-bound': [ '1.0.4' ],
108 silly audit   callsites: [ '3.1.0' ],
108 silly audit   camelize: [ '1.0.1' ],
108 silly audit   'caniuse-lite': [ '1.0.30001718' ],
108 silly audit   caseless: [ '0.12.0' ],
108 silly audit   chalk: [ '4.1.2' ],
108 silly audit   chownr: [ '3.0.0' ],
108 silly audit   'classlist-polyfill': [ '1.2.0' ],
108 silly audit   'client-only': [ '0.0.1' ],
108 silly audit   clsx: [ '2.1.1' ],
108 silly audit   color: [ '4.2.3' ],
108 silly audit   'color-convert': [ '2.0.1' ],
108 silly audit   'color-name': [ '1.1.4' ],
108 silly audit   'color-string': [ '1.9.1' ],
108 silly audit   'combined-stream': [ '1.0.8' ],
108 silly audit   'concat-map': [ '0.0.1' ],
108 silly audit   'concat-stream': [ '2.0.0' ],
108 silly audit   'convert-source-map': [ '1.9.0' ],
108 silly audit   cookie: [ '0.7.2' ],
108 silly audit   cosmiconfig: [ '7.1.0' ],
108 silly audit   'cross-spawn': [ '7.0.6' ],
108 silly audit   'css-color-keywords': [ '1.0.0' ],
108 silly audit   'css-to-react-native': [ '3.2.0' ],
108 silly audit   'source-map': [ '0.5.7' ],
108 silly audit   csstype: [ '3.1.3' ],
108 silly audit   'damerau-levenshtein': [ '1.0.8' ],
108 silly audit   dargs: [ '7.0.0' ],
108 silly audit   'data-view-buffer': [ '1.0.2' ],
108 silly audit   'data-view-byte-length': [ '1.0.2' ],
108 silly audit   'data-view-byte-offset': [ '1.0.1' ],
108 silly audit   'date-fns': [ '4.1.0' ],
108 silly audit   debug: [ '4.4.1', '3.2.7' ],
108 silly audit   'deep-is': [ '0.1.4' ],
108 silly audit   'define-data-property': [ '1.1.4' ],
108 silly audit   'define-properties': [ '1.2.1' ],
108 silly audit   'delayed-stream': [ '1.0.0' ],
108 silly audit   'detect-libc': [ '2.0.4' ],
108 silly audit   mkdirp: [ '3.0.1', '1.0.4' ],
108 silly audit   doctrine: [ '2.1.0' ],
108 silly audit   'dom-helpers': [ '5.2.1' ],
108 silly audit   'dunder-proto': [ '1.0.1' ],
108 silly audit   semver: [ '6.3.1', '7.7.2' ],
108 silly audit   'emoji-regex': [ '9.2.2' ],
108 silly audit   'enhanced-resolve': [ '5.18.1' ],
108 silly audit   'env-paths': [ '2.2.1' ],
108 silly audit   'error-ex': [ '1.3.2' ],
108 silly audit   'is-arrayish': [ '0.2.1', '0.3.2' ],
108 silly audit   'es-abstract': [ '1.23.9' ],
108 silly audit   'es-define-property': [ '1.0.1' ],
108 silly audit   'es-errors': [ '1.3.0' ],
108 silly audit   'es-iterator-helpers': [ '1.2.1' ],
108 silly audit   'es-object-atoms': [ '1.1.1' ],
108 silly audit   'es-set-tostringtag': [ '2.1.0' ],
108 silly audit   'es-shim-unscopables': [ '1.1.0' ],
108 silly audit   'es-to-primitive': [ '1.3.0' ],
108 silly audit   'escape-string-regexp': [ '4.0.0' ],
108 silly audit   eslint: [ '9.27.0' ],
108 silly audit   'eslint-config-next': [ '15.3.2' ],
108 silly audit   'eslint-import-resolver-node': [ '0.3.9' ],
108 silly audit   'eslint-import-resolver-typescript': [ '3.10.1' ],
108 silly audit   'eslint-module-utils': [ '2.12.0' ],
108 silly audit   'eslint-plugin-import': [ '2.31.0' ],
108 silly audit   'eslint-plugin-jsx-a11y': [ '6.10.2' ],
108 silly audit   'eslint-plugin-react': [ '7.37.5' ],
108 silly audit   'eslint-plugin-react-hooks': [ '5.2.0' ],
108 silly audit   resolve: [ '2.0.0-next.5', '1.22.10' ],
108 silly audit   'eslint-scope': [ '8.3.0' ],
108 silly audit   espree: [ '10.3.0' ],
108 silly audit   esquery: [ '1.6.0' ],
108 silly audit   esrecurse: [ '4.3.0' ],
108 silly audit   estraverse: [ '5.3.0' ],
108 silly audit   esutils: [ '2.0.3' ],
108 silly audit   execa: [ '5.1.1' ],
108 silly audit   'fast-deep-equal': [ '3.1.3' ],
108 silly audit   'fast-json-stable-stringify': [ '2.1.0' ],
108 silly audit   'fast-levenshtein': [ '2.0.6' ],
108 silly audit   fastq: [ '1.19.1' ],
108 silly audit   'ffmpeg-static': [ '5.2.0' ],
108 silly audit   'file-entry-cache': [ '8.0.0' ],
108 silly audit   'fill-range': [ '7.1.1' ],
108 silly audit   'find-root': [ '1.1.0' ],
108 silly audit   'find-up': [ '5.0.0' ],
108 silly audit   'flat-cache': [ '4.0.1' ],
108 silly audit   flatted: [ '3.3.3' ],
108 silly audit   'fluent-ffmpeg': [ '2.1.3' ],
108 silly audit   which: [ '1.3.1', '2.0.2' ],
108 silly audit   'follow-redirects': [ '1.15.9' ],
108 silly audit   'for-each': [ '0.3.5' ],
108 silly audit   'form-data': [ '4.0.2' ],
108 silly audit   'framer-motion': [ '12.12.1' ],
108 silly audit   'function-bind': [ '1.1.2' ],
108 silly audit   'function.prototype.name': [ '1.1.8' ],
108 silly audit   'functions-have-names': [ '1.2.3' ],
108 silly audit   'get-intrinsic': [ '1.3.0' ],
108 silly audit   'get-proto': [ '1.0.1' ],
108 silly audit   'get-stream': [ '6.0.1' ],
108 silly audit   'get-symbol-description': [ '1.1.0' ],
108 silly audit   'get-tsconfig': [ '4.10.0' ],
108 silly audit   globalthis: [ '1.0.4' ],
108 silly audit   gopd: [ '1.2.0' ],
108 silly audit   'graceful-fs': [ '4.2.11' ],
108 silly audit   graphemer: [ '1.4.0' ],
108 silly audit   gsap: [ '3.13.0' ],
108 silly audit   'has-bigints': [ '1.1.0' ],
108 silly audit   'has-flag': [ '4.0.0' ],
108 silly audit   'has-property-descriptors': [ '1.0.2' ],
108 silly audit   'has-proto': [ '1.2.0' ],
108 silly audit   'has-symbols': [ '1.1.0' ],
108 silly audit   'has-tostringtag': [ '1.0.2' ],
108 silly audit   hasown: [ '2.0.2' ],
108 silly audit   'hoist-non-react-statics': [ '3.3.2' ],
108 silly audit   'http-response-object': [ '3.0.2' ],
108 silly audit   'https-proxy-agent': [ '5.0.1' ],
108 silly audit   'human-signals': [ '2.1.0' ],
108 silly audit   immer: [ '10.1.1' ],
108 silly audit   'import-fresh': [ '3.3.1' ],
108 silly audit   imurmurhash: [ '0.1.4' ],
108 silly audit   inherits: [ '2.0.4' ],
108 silly audit   'internal-slot': [ '1.1.0' ],
108 silly audit   'is-array-buffer': [ '3.0.5' ],
108 silly audit   'is-async-function': [ '2.1.1' ],
108 silly audit   'is-bigint': [ '1.1.0' ],
108 silly audit   'is-boolean-object': [ '1.2.2' ],
108 silly audit   'is-bun-module': [ '2.0.0' ],
108 silly audit   'is-callable': [ '1.2.7' ],
108 silly audit   'is-core-module': [ '2.16.1' ],
108 silly audit   'is-data-view': [ '1.0.2' ],
108 silly audit   'is-date-object': [ '1.1.0' ],
108 silly audit   'is-extglob': [ '2.1.1' ],
108 silly audit   'is-finalizationregistry': [ '1.1.1' ],
108 silly audit   'is-generator-function': [ '1.1.0' ],
108 silly audit   'is-glob': [ '4.0.3' ],
108 silly audit   'is-map': [ '2.0.3' ],
108 silly audit   'is-number': [ '7.0.0' ],
108 silly audit   'is-number-object': [ '1.1.1' ],
108 silly audit   'is-regex': [ '1.2.1' ],
108 silly audit   'is-set': [ '2.0.3' ],
108 silly audit   'is-shared-array-buffer': [ '1.0.4' ],
108 silly audit   'is-stream': [ '2.0.1' ],
108 silly audit   'is-string': [ '1.1.1' ],
108 silly audit   'is-symbol': [ '1.1.1' ],
108 silly audit   'is-typed-array': [ '1.1.15' ],
108 silly audit   'is-unix': [ '2.0.10' ],
108 silly audit   'is-weakmap': [ '2.0.2' ],
108 silly audit   'is-weakref': [ '1.1.1' ],
108 silly audit   'is-weakset': [ '2.0.4' ],
108 silly audit   isarray: [ '2.0.5' ],
108 silly audit   isexe: [ '2.0.0' ],
108 silly audit   'iterator.prototype': [ '1.1.5' ],
108 silly audit   jiti: [ '2.4.2' ],
108 silly audit   jose: [ '4.15.9' ],
108 silly audit   'js-tokens': [ '4.0.0' ],
108 silly audit   'js-yaml': [ '4.1.0' ],
108 silly audit   jsesc: [ '3.1.0' ],
108 silly audit   'json-buffer': [ '3.0.1' ],
108 silly audit   'json-parse-even-better-errors': [ '2.3.1' ],
108 silly audit   'json-schema-traverse': [ '0.4.1' ],
108 silly audit   'json-stable-stringify-without-jsonify': [ '1.0.1' ],
108 silly audit   json5: [ '1.0.2' ],
108 silly audit   'jsx-ast-utils': [ '3.3.5' ],
108 silly audit   keyv: [ '4.5.4' ],
108 silly audit   'language-subtag-registry': [ '0.3.23' ],
108 silly audit   'language-tags': [ '1.0.9' ],
108 silly audit   levn: [ '0.4.1' ],
108 silly audit   lightningcss: [ '1.30.1' ],
108 silly audit   'lightningcss-darwin-arm64': [ '1.30.1' ],
108 silly audit   'lightningcss-darwin-x64': [ '1.30.1' ],
108 silly audit   'lightningcss-freebsd-x64': [ '1.30.1' ],
108 silly audit   'lightningcss-linux-arm-gnueabihf': [ '1.30.1' ],
108 silly audit   'lightningcss-linux-arm64-gnu': [ '1.30.1' ],
108 silly audit   'lightningcss-linux-arm64-musl': [ '1.30.1' ],
108 silly audit   'lightningcss-linux-x64-gnu': [ '1.30.1' ],
108 silly audit   'lightningcss-linux-x64-musl': [ '1.30.1' ],
108 silly audit   'lightningcss-win32-arm64-msvc': [ '1.30.1' ],
108 silly audit   'lightningcss-win32-x64-msvc': [ '1.30.1' ],
108 silly audit   'lines-and-columns': [ '1.2.4' ],
108 silly audit   'locate-path': [ '6.0.0' ],
108 silly audit   'lodash.debounce': [ '4.0.8' ],
108 silly audit   'lodash.merge': [ '4.6.2' ],
108 silly audit   'lodash.throttle': [ '4.1.1' ],
108 silly audit   'loose-envify': [ '1.4.0' ],
108 silly audit   'lru-cache': [ '6.0.0' ],
108 silly audit   yallist: [ '4.0.0', '5.0.0' ],
108 silly audit   'magic-string': [ '0.30.17' ],
108 silly audit   'math-intrinsics': [ '1.1.0' ],
108 silly audit   'merge-stream': [ '2.0.0' ],
108 silly audit   merge2: [ '1.4.1' ],
108 silly audit   micromatch: [ '4.0.8' ],
108 silly audit   'mime-db': [ '1.52.0' ],
108 silly audit   'mime-types': [ '2.1.35' ],
108 silly audit   'mimic-fn': [ '2.1.0' ],
108 silly audit   minimist: [ '1.2.8' ],
108 silly audit   minipass: [ '7.1.2' ],
108 silly audit   minizlib: [ '3.0.2' ],
108 silly audit   'motion-dom': [ '12.12.1' ],
108 silly audit   'motion-utils': [ '12.12.1' ],
108 silly audit   ms: [ '2.1.3' ],
108 silly audit   nanoid: [ '3.3.11' ],
108 silly audit   'napi-postinstall': [ '0.2.4' ],
108 silly audit   'natural-compare': [ '1.4.0' ],
108 silly audit   next: [ '15.3.2' ],
108 silly audit   'next-auth': [ '4.24.11' ],
108 silly audit   postcss: [ '8.4.31', '8.5.3', '8.4.49' ],
108 silly audit   'node-fetch': [ '2.6.13' ],
108 silly audit   'npm-run-path': [ '4.0.1' ],
108 silly audit   oauth: [ '0.9.15' ],
108 silly audit   'object-assign': [ '4.1.1' ],
108 silly audit   'object-hash': [ '2.2.0' ],
108 silly audit   'object-inspect': [ '1.13.4' ],
108 silly audit   'object-keys': [ '1.1.1' ],
108 silly audit   'object.assign': [ '4.1.7' ],
108 silly audit   'object.entries': [ '1.1.9' ],
108 silly audit   'object.fromentries': [ '2.0.8' ],
108 silly audit   'object.groupby': [ '1.0.3' ],
108 silly audit   'object.values': [ '1.2.1' ],
108 silly audit   'oidc-token-hash': [ '5.1.0' ],
108 silly audit   onetime: [ '5.1.2' ],
108 silly audit   'openid-client': [ '5.7.1' ],
108 silly audit   optionator: [ '0.9.4' ],
108 silly audit   'otp-timer': [ '2.1.1' ],
108 silly audit   react: [ '16.14.0', '19.1.0' ],
108 silly audit   'react-dom': [ '16.14.0', '19.1.0' ],
108 silly audit   scheduler: [ '0.19.1', '0.26.0' ],
108 silly audit   'own-keys': [ '1.0.1' ],
108 silly audit   'p-limit': [ '3.1.0' ],
108 silly audit   'p-locate': [ '5.0.0' ],
108 silly audit   'parent-module': [ '1.0.1' ],
108 silly audit   'parse-cache-control': [ '1.0.1' ],
108 silly audit   'parse-json': [ '5.2.0' ],
108 silly audit   'path-exists': [ '4.0.0' ],
108 silly audit   'path-key': [ '3.1.1' ],
108 silly audit   'path-parse': [ '1.0.7' ],
108 silly audit   'path-type': [ '4.0.0' ],
108 silly audit   picocolors: [ '1.1.1' ],
108 silly audit   picomatch: [ '2.3.1', '4.0.2' ],
108 silly audit   'possible-typed-array-names': [ '1.1.0' ],
108 silly audit   'postcss-value-parser': [ '4.2.0' ],
108 silly audit   preact: [ '10.26.6' ],
108 silly audit   'preact-render-to-string': [ '5.2.6' ],
108 silly audit   'prelude-ls': [ '1.2.1' ],
108 silly audit   'pretty-format': [ '3.8.0' ],
108 silly audit   progress: [ '2.0.3' ],
108 silly audit   'prop-types': [ '15.8.1' ],
108 silly audit   'proxy-from-env': [ '1.1.0' ],
108 silly audit   punycode: [ '2.3.1' ],
108 silly audit   qs: [ '6.14.0' ],
108 silly audit   'queue-microtask': [ '1.2.3' ],
108 silly audit   'react-hook-form': [ '7.56.4' ],
108 silly audit   'react-icons': [ '5.5.0' ],
108 silly audit   'react-redux': [ '9.2.0' ],
108 silly audit   'react-toastify': [ '11.0.5' ],
108 silly audit   'react-transition-group': [ '4.4.5' ],
108 silly audit   'readable-stream': [ '3.6.2' ],
108 silly audit   redux: [ '5.0.1' ],
108 silly audit   'redux-thunk': [ '3.1.0' ],
108 silly audit   'reflect.getprototypeof': [ '1.0.10' ],
108 silly audit   'regexp.prototype.flags': [ '1.5.4' ],
108 silly audit   uuid: [ '8.3.2' ],
108 silly audit   reselect: [ '5.1.1' ],
108 silly audit   'resolve-from': [ '4.0.0' ],
108 silly audit   'resolve-pkg-maps': [ '1.0.0' ],
108 silly audit   reusify: [ '1.1.0' ],
108 silly audit   'run-parallel': [ '1.2.0' ],
108 silly audit   'safe-array-concat': [ '1.1.3' ],
108 silly audit   'safe-buffer': [ '5.2.1' ],
108 silly audit   'safe-push-apply': [ '1.0.0' ],
108 silly audit   'safe-regex-test': [ '1.1.0' ],
108 silly audit   'set-function-length': [ '1.2.2' ],
108 silly audit   'set-function-name': [ '2.0.2' ],
108 silly audit   'set-proto': [ '1.0.0' ],
108 silly audit   shallowequal: [ '1.1.0' ],
108 silly audit   sharp: [ '0.34.1' ],
108 silly audit   'shebang-command': [ '2.0.0' ],
108 silly audit   'shebang-regex': [ '3.0.0' ],
108 silly audit   'side-channel': [ '1.1.0' ],
108 silly audit   'side-channel-list': [ '1.0.0' ],
108 silly audit   'side-channel-map': [ '1.0.1' ],
108 silly audit   'side-channel-weakmap': [ '1.0.2' ],
108 silly audit   'signal-exit': [ '3.0.7' ],
108 silly audit   'simple-swizzle': [ '0.2.2' ],
108 silly audit   'source-map-js': [ '1.2.1' ],
108 silly audit   'stable-hash': [ '0.0.5' ],
108 silly audit   streamsearch: [ '1.1.0' ],
108 silly audit   string_decoder: [ '1.3.0' ],
108 silly audit   'string.prototype.includes': [ '2.0.1' ],
108 silly audit   'string.prototype.matchall': [ '4.0.12' ],
108 silly audit   'string.prototype.repeat': [ '1.0.0' ],
108 silly audit   'string.prototype.trim': [ '1.2.10' ],
108 silly audit   'string.prototype.trimend': [ '1.0.9' ],
108 silly audit   'string.prototype.trimstart': [ '1.0.8' ],
108 silly audit   'strip-bom': [ '3.0.0' ],
108 silly audit   'strip-final-newline': [ '2.0.0' ],
108 silly audit   'strip-json-comments': [ '3.1.1' ],
108 silly audit   stripe: [ '18.2.1' ],
108 silly audit   'styled-components': [ '6.1.18' ],
108 silly audit   stylis: [ '4.3.2', '4.2.0' ],
108 silly audit   tslib: [ '2.6.2', '2.8.1' ],
108 silly audit   'styled-jsx': [ '5.1.6' ],
108 silly audit   'supports-color': [ '7.2.0' ],
108 silly audit   'supports-preserve-symlinks-flag': [ '1.0.0' ],
108 silly audit   sweetalert2: [ '11.21.2' ],
108 silly audit   swiper: [ '11.2.8' ],
108 silly audit   tailwindcss: [ '4.1.7' ],
108 silly audit   tapable: [ '2.2.1' ],
108 silly audit   tar: [ '7.4.3' ],
108 silly audit   tinyglobby: [ '0.2.13' ],
108 silly audit   fdir: [ '6.4.4' ],
108 silly audit   tmp: [ '0.2.3' ],
108 silly audit   'to-regex-range': [ '5.0.1' ],
108 silly audit   tr46: [ '0.0.3' ],
108 silly audit   'ts-api-utils': [ '2.1.0' ],
108 silly audit   'tsconfig-paths': [ '3.15.0' ],
108 silly audit   'type-check': [ '0.4.0' ],
108 silly audit   'typed-array-buffer': [ '1.0.3' ],
108 silly audit   'typed-array-byte-length': [ '1.0.3' ],
108 silly audit   'typed-array-byte-offset': [ '1.0.4' ],
108 silly audit   'typed-array-length': [ '1.0.7' ],
108 silly audit   typedarray: [ '0.0.6' ],
108 silly audit   typescript: [ '5.8.3' ],
108 silly audit   'unbox-primitive': [ '1.1.0' ],
108 silly audit   'undici-types': [ '7.8.0' ],
108 silly audit   'unrs-resolver': [ '1.7.2' ],
108 silly audit   'uri-js': [ '4.4.1' ],
108 silly audit   'use-sync-external-store': [ '1.5.0' ],
108 silly audit   'util-deprecate': [ '1.0.2' ],
108 silly audit   'webidl-conversions': [ '3.0.1' ],
108 silly audit   'whatwg-url': [ '5.0.0' ],
108 silly audit   'which-boxed-primitive': [ '1.1.1' ],
108 silly audit   'which-builtin-type': [ '1.2.1' ],
108 silly audit   'which-collection': [ '1.0.2' ],
108 silly audit   'which-typed-array': [ '1.1.19' ],
108 silly audit   'word-wrap': [ '1.2.5' ],
108 silly audit   yaml: [ '1.10.2' ],
108 silly audit   'yocto-queue': [ '0.1.0' ],
108 silly audit   'yt-dlp-exec': [ '1.0.2' ],
108 silly audit   '@tailwindcss/oxide-wasm32-wasi': [ '4.1.7' ]
108 silly audit }
109 verbose reify failed optional dependency C:\project\SHOTDECK\frontend\shotdeck\node_modules\lightningcss-win32-arm64-msvc
110 silly reify mark deleted [
110 silly reify   'C:\\project\\SHOTDECK\\frontend\\shotdeck\\node_modules\\lightningcss-win32-arm64-msvc'
110 silly reify ]
111 verbose reify failed optional dependency C:\project\SHOTDECK\frontend\shotdeck\node_modules\lightningcss-linux-x64-musl
112 silly reify mark deleted [
112 silly reify   'C:\\project\\SHOTDECK\\frontend\\shotdeck\\node_modules\\lightningcss-linux-x64-musl'
112 silly reify ]
113 verbose reify failed optional dependency C:\project\SHOTDECK\frontend\shotdeck\node_modules\lightningcss-linux-x64-gnu
114 silly reify mark deleted [
114 silly reify   'C:\\project\\SHOTDECK\\frontend\\shotdeck\\node_modules\\lightningcss-linux-x64-gnu'
114 silly reify ]
115 verbose reify failed optional dependency C:\project\SHOTDECK\frontend\shotdeck\node_modules\lightningcss-linux-arm64-musl
116 silly reify mark deleted [
116 silly reify   'C:\\project\\SHOTDECK\\frontend\\shotdeck\\node_modules\\lightningcss-linux-arm64-musl'
116 silly reify ]
117 verbose reify failed optional dependency C:\project\SHOTDECK\frontend\shotdeck\node_modules\lightningcss-linux-arm64-gnu
118 silly reify mark deleted [
118 silly reify   'C:\\project\\SHOTDECK\\frontend\\shotdeck\\node_modules\\lightningcss-linux-arm64-gnu'
118 silly reify ]
119 verbose reify failed optional dependency C:\project\SHOTDECK\frontend\shotdeck\node_modules\lightningcss-linux-arm-gnueabihf
120 silly reify mark deleted [
120 silly reify   'C:\\project\\SHOTDECK\\frontend\\shotdeck\\node_modules\\lightningcss-linux-arm-gnueabihf'
120 silly reify ]
121 verbose reify failed optional dependency C:\project\SHOTDECK\frontend\shotdeck\node_modules\lightningcss-freebsd-x64
122 silly reify mark deleted [
122 silly reify   'C:\\project\\SHOTDECK\\frontend\\shotdeck\\node_modules\\lightningcss-freebsd-x64'
122 silly reify ]
123 verbose reify failed optional dependency C:\project\SHOTDECK\frontend\shotdeck\node_modules\lightningcss-darwin-x64
124 silly reify mark deleted [
124 silly reify   'C:\\project\\SHOTDECK\\frontend\\shotdeck\\node_modules\\lightningcss-darwin-x64'
124 silly reify ]
125 verbose reify failed optional dependency C:\project\SHOTDECK\frontend\shotdeck\node_modules\lightningcss-darwin-arm64
126 silly reify mark deleted [
126 silly reify   'C:\\project\\SHOTDECK\\frontend\\shotdeck\\node_modules\\lightningcss-darwin-arm64'
126 silly reify ]
127 verbose reify failed optional dependency C:\project\SHOTDECK\frontend\shotdeck\node_modules\@unrs\resolver-binding-win32-ia32-msvc
128 silly reify mark deleted [
128 silly reify   'C:\\project\\SHOTDECK\\frontend\\shotdeck\\node_modules\\@unrs\\resolver-binding-win32-ia32-msvc'
128 silly reify ]
129 verbose reify failed optional dependency C:\project\SHOTDECK\frontend\shotdeck\node_modules\@unrs\resolver-binding-win32-arm64-msvc
130 silly reify mark deleted [
130 silly reify   'C:\\project\\SHOTDECK\\frontend\\shotdeck\\node_modules\\@unrs\\resolver-binding-win32-arm64-msvc'
130 silly reify ]
131 verbose reify failed optional dependency C:\project\SHOTDECK\frontend\shotdeck\node_modules\@unrs\resolver-binding-wasm32-wasi
132 silly reify mark deleted [
132 silly reify   'C:\\project\\SHOTDECK\\frontend\\shotdeck\\node_modules\\@unrs\\resolver-binding-wasm32-wasi'
132 silly reify ]
133 verbose reify failed optional dependency C:\project\SHOTDECK\frontend\shotdeck\node_modules\@unrs\resolver-binding-linux-x64-musl
134 silly reify mark deleted [
134 silly reify   'C:\\project\\SHOTDECK\\frontend\\shotdeck\\node_modules\\@unrs\\resolver-binding-linux-x64-musl'
134 silly reify ]
135 verbose reify failed optional dependency C:\project\SHOTDECK\frontend\shotdeck\node_modules\@unrs\resolver-binding-linux-x64-gnu
136 silly reify mark deleted [
136 silly reify   'C:\\project\\SHOTDECK\\frontend\\shotdeck\\node_modules\\@unrs\\resolver-binding-linux-x64-gnu'
136 silly reify ]
137 verbose reify failed optional dependency C:\project\SHOTDECK\frontend\shotdeck\node_modules\@unrs\resolver-binding-linux-s390x-gnu
138 silly reify mark deleted [
138 silly reify   'C:\\project\\SHOTDECK\\frontend\\shotdeck\\node_modules\\@unrs\\resolver-binding-linux-s390x-gnu'
138 silly reify ]
139 verbose reify failed optional dependency C:\project\SHOTDECK\frontend\shotdeck\node_modules\@unrs\resolver-binding-linux-riscv64-musl
140 silly reify mark deleted [
140 silly reify   'C:\\project\\SHOTDECK\\frontend\\shotdeck\\node_modules\\@unrs\\resolver-binding-linux-riscv64-musl'
140 silly reify ]
141 verbose reify failed optional dependency C:\project\SHOTDECK\frontend\shotdeck\node_modules\@unrs\resolver-binding-linux-riscv64-gnu
142 silly reify mark deleted [
142 silly reify   'C:\\project\\SHOTDECK\\frontend\\shotdeck\\node_modules\\@unrs\\resolver-binding-linux-riscv64-gnu'
142 silly reify ]
143 verbose reify failed optional dependency C:\project\SHOTDECK\frontend\shotdeck\node_modules\@unrs\resolver-binding-linux-ppc64-gnu
144 silly reify mark deleted [
144 silly reify   'C:\\project\\SHOTDECK\\frontend\\shotdeck\\node_modules\\@unrs\\resolver-binding-linux-ppc64-gnu'
144 silly reify ]
145 verbose reify failed optional dependency C:\project\SHOTDECK\frontend\shotdeck\node_modules\@unrs\resolver-binding-linux-arm64-musl
146 silly reify mark deleted [
146 silly reify   'C:\\project\\SHOTDECK\\frontend\\shotdeck\\node_modules\\@unrs\\resolver-binding-linux-arm64-musl'
146 silly reify ]
147 verbose reify failed optional dependency C:\project\SHOTDECK\frontend\shotdeck\node_modules\@unrs\resolver-binding-linux-arm64-gnu
148 silly reify mark deleted [
148 silly reify   'C:\\project\\SHOTDECK\\frontend\\shotdeck\\node_modules\\@unrs\\resolver-binding-linux-arm64-gnu'
148 silly reify ]
149 verbose reify failed optional dependency C:\project\SHOTDECK\frontend\shotdeck\node_modules\@unrs\resolver-binding-linux-arm-musleabihf
150 silly reify mark deleted [
150 silly reify   'C:\\project\\SHOTDECK\\frontend\\shotdeck\\node_modules\\@unrs\\resolver-binding-linux-arm-musleabihf'
150 silly reify ]
151 verbose reify failed optional dependency C:\project\SHOTDECK\frontend\shotdeck\node_modules\@unrs\resolver-binding-linux-arm-gnueabihf
152 silly reify mark deleted [
152 silly reify   'C:\\project\\SHOTDECK\\frontend\\shotdeck\\node_modules\\@unrs\\resolver-binding-linux-arm-gnueabihf'
152 silly reify ]
153 verbose reify failed optional dependency C:\project\SHOTDECK\frontend\shotdeck\node_modules\@unrs\resolver-binding-freebsd-x64
154 silly reify mark deleted [
154 silly reify   'C:\\project\\SHOTDECK\\frontend\\shotdeck\\node_modules\\@unrs\\resolver-binding-freebsd-x64'
154 silly reify ]
155 verbose reify failed optional dependency C:\project\SHOTDECK\frontend\shotdeck\node_modules\@unrs\resolver-binding-darwin-x64
156 silly reify mark deleted [
156 silly reify   'C:\\project\\SHOTDECK\\frontend\\shotdeck\\node_modules\\@unrs\\resolver-binding-darwin-x64'
156 silly reify ]
157 verbose reify failed optional dependency C:\project\SHOTDECK\frontend\shotdeck\node_modules\@unrs\resolver-binding-darwin-arm64
158 silly reify mark deleted [
158 silly reify   'C:\\project\\SHOTDECK\\frontend\\shotdeck\\node_modules\\@unrs\\resolver-binding-darwin-arm64'
158 silly reify ]
159 verbose reify failed optional dependency C:\project\SHOTDECK\frontend\shotdeck\node_modules\@tailwindcss\oxide-win32-arm64-msvc
160 silly reify mark deleted [
160 silly reify   'C:\\project\\SHOTDECK\\frontend\\shotdeck\\node_modules\\@tailwindcss\\oxide-win32-arm64-msvc'
160 silly reify ]
161 verbose reify failed optional dependency C:\project\SHOTDECK\frontend\shotdeck\node_modules\@tailwindcss\oxide-linux-x64-musl
162 silly reify mark deleted [
162 silly reify   'C:\\project\\SHOTDECK\\frontend\\shotdeck\\node_modules\\@tailwindcss\\oxide-linux-x64-musl'
162 silly reify ]
163 verbose reify failed optional dependency C:\project\SHOTDECK\frontend\shotdeck\node_modules\@tailwindcss\oxide-linux-x64-gnu
164 silly reify mark deleted [
164 silly reify   'C:\\project\\SHOTDECK\\frontend\\shotdeck\\node_modules\\@tailwindcss\\oxide-linux-x64-gnu'
164 silly reify ]
165 verbose reify failed optional dependency C:\project\SHOTDECK\frontend\shotdeck\node_modules\@tailwindcss\oxide-linux-arm64-musl
166 silly reify mark deleted [
166 silly reify   'C:\\project\\SHOTDECK\\frontend\\shotdeck\\node_modules\\@tailwindcss\\oxide-linux-arm64-musl'
166 silly reify ]
167 verbose reify failed optional dependency C:\project\SHOTDECK\frontend\shotdeck\node_modules\@tailwindcss\oxide-linux-arm64-gnu
168 silly reify mark deleted [
168 silly reify   'C:\\project\\SHOTDECK\\frontend\\shotdeck\\node_modules\\@tailwindcss\\oxide-linux-arm64-gnu'
168 silly reify ]
169 verbose reify failed optional dependency C:\project\SHOTDECK\frontend\shotdeck\node_modules\@tailwindcss\oxide-linux-arm-gnueabihf
170 silly reify mark deleted [
170 silly reify   'C:\\project\\SHOTDECK\\frontend\\shotdeck\\node_modules\\@tailwindcss\\oxide-linux-arm-gnueabihf'
170 silly reify ]
171 verbose reify failed optional dependency C:\project\SHOTDECK\frontend\shotdeck\node_modules\@tailwindcss\oxide-freebsd-x64
172 silly reify mark deleted [
172 silly reify   'C:\\project\\SHOTDECK\\frontend\\shotdeck\\node_modules\\@tailwindcss\\oxide-freebsd-x64'
172 silly reify ]
173 verbose reify failed optional dependency C:\project\SHOTDECK\frontend\shotdeck\node_modules\@tailwindcss\oxide-darwin-x64
174 silly reify mark deleted [
174 silly reify   'C:\\project\\SHOTDECK\\frontend\\shotdeck\\node_modules\\@tailwindcss\\oxide-darwin-x64'
174 silly reify ]
175 verbose reify failed optional dependency C:\project\SHOTDECK\frontend\shotdeck\node_modules\@tailwindcss\oxide-darwin-arm64
176 silly reify mark deleted [
176 silly reify   'C:\\project\\SHOTDECK\\frontend\\shotdeck\\node_modules\\@tailwindcss\\oxide-darwin-arm64'
176 silly reify ]
177 verbose reify failed optional dependency C:\project\SHOTDECK\frontend\shotdeck\node_modules\@tailwindcss\oxide-android-arm64
178 silly reify mark deleted [
178 silly reify   'C:\\project\\SHOTDECK\\frontend\\shotdeck\\node_modules\\@tailwindcss\\oxide-android-arm64'
178 silly reify ]
179 verbose reify failed optional dependency C:\project\SHOTDECK\frontend\shotdeck\node_modules\@next\swc-win32-arm64-msvc
180 silly reify mark deleted [
180 silly reify   'C:\\project\\SHOTDECK\\frontend\\shotdeck\\node_modules\\@next\\swc-win32-arm64-msvc'
180 silly reify ]
181 verbose reify failed optional dependency C:\project\SHOTDECK\frontend\shotdeck\node_modules\@next\swc-linux-x64-musl
182 silly reify mark deleted [
182 silly reify   'C:\\project\\SHOTDECK\\frontend\\shotdeck\\node_modules\\@next\\swc-linux-x64-musl'
182 silly reify ]
183 verbose reify failed optional dependency C:\project\SHOTDECK\frontend\shotdeck\node_modules\@next\swc-linux-x64-gnu
184 silly reify mark deleted [
184 silly reify   'C:\\project\\SHOTDECK\\frontend\\shotdeck\\node_modules\\@next\\swc-linux-x64-gnu'
184 silly reify ]
185 verbose reify failed optional dependency C:\project\SHOTDECK\frontend\shotdeck\node_modules\@next\swc-linux-arm64-musl
186 silly reify mark deleted [
186 silly reify   'C:\\project\\SHOTDECK\\frontend\\shotdeck\\node_modules\\@next\\swc-linux-arm64-musl'
186 silly reify ]
187 verbose reify failed optional dependency C:\project\SHOTDECK\frontend\shotdeck\node_modules\@next\swc-linux-arm64-gnu
188 silly reify mark deleted [
188 silly reify   'C:\\project\\SHOTDECK\\frontend\\shotdeck\\node_modules\\@next\\swc-linux-arm64-gnu'
188 silly reify ]
189 verbose reify failed optional dependency C:\project\SHOTDECK\frontend\shotdeck\node_modules\@next\swc-darwin-x64
190 silly reify mark deleted [
190 silly reify   'C:\\project\\SHOTDECK\\frontend\\shotdeck\\node_modules\\@next\\swc-darwin-x64'
190 silly reify ]
191 verbose reify failed optional dependency C:\project\SHOTDECK\frontend\shotdeck\node_modules\@next\swc-darwin-arm64
192 silly reify mark deleted [
192 silly reify   'C:\\project\\SHOTDECK\\frontend\\shotdeck\\node_modules\\@next\\swc-darwin-arm64'
192 silly reify ]
193 verbose reify failed optional dependency C:\project\SHOTDECK\frontend\shotdeck\node_modules\@img\sharp-win32-ia32
194 silly reify mark deleted [
194 silly reify   'C:\\project\\SHOTDECK\\frontend\\shotdeck\\node_modules\\@img\\sharp-win32-ia32'
194 silly reify ]
195 verbose reify failed optional dependency C:\project\SHOTDECK\frontend\shotdeck\node_modules\@img\sharp-wasm32
196 silly reify mark deleted [
196 silly reify   'C:\\project\\SHOTDECK\\frontend\\shotdeck\\node_modules\\@img\\sharp-wasm32'
196 silly reify ]
197 verbose reify failed optional dependency C:\project\SHOTDECK\frontend\shotdeck\node_modules\@img\sharp-linuxmusl-x64
198 silly reify mark deleted [
198 silly reify   'C:\\project\\SHOTDECK\\frontend\\shotdeck\\node_modules\\@img\\sharp-linuxmusl-x64'
198 silly reify ]
199 verbose reify failed optional dependency C:\project\SHOTDECK\frontend\shotdeck\node_modules\@img\sharp-linuxmusl-arm64
200 silly reify mark deleted [
200 silly reify   'C:\\project\\SHOTDECK\\frontend\\shotdeck\\node_modules\\@img\\sharp-linuxmusl-arm64'
200 silly reify ]
201 verbose reify failed optional dependency C:\project\SHOTDECK\frontend\shotdeck\node_modules\@img\sharp-linux-x64
202 silly reify mark deleted [
202 silly reify   'C:\\project\\SHOTDECK\\frontend\\shotdeck\\node_modules\\@img\\sharp-linux-x64'
202 silly reify ]
203 verbose reify failed optional dependency C:\project\SHOTDECK\frontend\shotdeck\node_modules\@img\sharp-linux-s390x
204 silly reify mark deleted [
204 silly reify   'C:\\project\\SHOTDECK\\frontend\\shotdeck\\node_modules\\@img\\sharp-linux-s390x'
204 silly reify ]
205 verbose reify failed optional dependency C:\project\SHOTDECK\frontend\shotdeck\node_modules\@img\sharp-linux-arm64
206 silly reify mark deleted [
206 silly reify   'C:\\project\\SHOTDECK\\frontend\\shotdeck\\node_modules\\@img\\sharp-linux-arm64'
206 silly reify ]
207 verbose reify failed optional dependency C:\project\SHOTDECK\frontend\shotdeck\node_modules\@img\sharp-linux-arm
208 silly reify mark deleted [
208 silly reify   'C:\\project\\SHOTDECK\\frontend\\shotdeck\\node_modules\\@img\\sharp-linux-arm'
208 silly reify ]
209 verbose reify failed optional dependency C:\project\SHOTDECK\frontend\shotdeck\node_modules\@img\sharp-libvips-linuxmusl-x64
210 silly reify mark deleted [
210 silly reify   'C:\\project\\SHOTDECK\\frontend\\shotdeck\\node_modules\\@img\\sharp-libvips-linuxmusl-x64'
210 silly reify ]
211 verbose reify failed optional dependency C:\project\SHOTDECK\frontend\shotdeck\node_modules\@img\sharp-libvips-linuxmusl-arm64
212 silly reify mark deleted [
212 silly reify   'C:\\project\\SHOTDECK\\frontend\\shotdeck\\node_modules\\@img\\sharp-libvips-linuxmusl-arm64'
212 silly reify ]
213 verbose reify failed optional dependency C:\project\SHOTDECK\frontend\shotdeck\node_modules\@img\sharp-libvips-linux-x64
214 silly reify mark deleted [
214 silly reify   'C:\\project\\SHOTDECK\\frontend\\shotdeck\\node_modules\\@img\\sharp-libvips-linux-x64'
214 silly reify ]
215 verbose reify failed optional dependency C:\project\SHOTDECK\frontend\shotdeck\node_modules\@img\sharp-libvips-linux-s390x
216 silly reify mark deleted [
216 silly reify   'C:\\project\\SHOTDECK\\frontend\\shotdeck\\node_modules\\@img\\sharp-libvips-linux-s390x'
216 silly reify ]
217 verbose reify failed optional dependency C:\project\SHOTDECK\frontend\shotdeck\node_modules\@img\sharp-libvips-linux-ppc64
218 silly reify mark deleted [
218 silly reify   'C:\\project\\SHOTDECK\\frontend\\shotdeck\\node_modules\\@img\\sharp-libvips-linux-ppc64'
218 silly reify ]
219 verbose reify failed optional dependency C:\project\SHOTDECK\frontend\shotdeck\node_modules\@img\sharp-libvips-linux-arm64
220 silly reify mark deleted [
220 silly reify   'C:\\project\\SHOTDECK\\frontend\\shotdeck\\node_modules\\@img\\sharp-libvips-linux-arm64'
220 silly reify ]
221 verbose reify failed optional dependency C:\project\SHOTDECK\frontend\shotdeck\node_modules\@img\sharp-libvips-linux-arm
222 silly reify mark deleted [
222 silly reify   'C:\\project\\SHOTDECK\\frontend\\shotdeck\\node_modules\\@img\\sharp-libvips-linux-arm'
222 silly reify ]
223 verbose reify failed optional dependency C:\project\SHOTDECK\frontend\shotdeck\node_modules\@img\sharp-libvips-darwin-x64
224 silly reify mark deleted [
224 silly reify   'C:\\project\\SHOTDECK\\frontend\\shotdeck\\node_modules\\@img\\sharp-libvips-darwin-x64'
224 silly reify ]
225 verbose reify failed optional dependency C:\project\SHOTDECK\frontend\shotdeck\node_modules\@img\sharp-libvips-darwin-arm64
226 silly reify mark deleted [
226 silly reify   'C:\\project\\SHOTDECK\\frontend\\shotdeck\\node_modules\\@img\\sharp-libvips-darwin-arm64'
226 silly reify ]
227 verbose reify failed optional dependency C:\project\SHOTDECK\frontend\shotdeck\node_modules\@img\sharp-darwin-x64
228 silly reify mark deleted [
228 silly reify   'C:\\project\\SHOTDECK\\frontend\\shotdeck\\node_modules\\@img\\sharp-darwin-x64'
228 silly reify ]
229 verbose reify failed optional dependency C:\project\SHOTDECK\frontend\shotdeck\node_modules\@img\sharp-darwin-arm64
230 silly reify mark deleted [
230 silly reify   'C:\\project\\SHOTDECK\\frontend\\shotdeck\\node_modules\\@img\\sharp-darwin-arm64'
230 silly reify ]
231 verbose reify failed optional dependency C:\project\SHOTDECK\frontend\shotdeck\node_modules\@ffprobe-installer\win32-ia32
232 silly reify mark deleted [
232 silly reify   'C:\\project\\SHOTDECK\\frontend\\shotdeck\\node_modules\\@ffprobe-installer\\win32-ia32'
232 silly reify ]
233 verbose reify failed optional dependency C:\project\SHOTDECK\frontend\shotdeck\node_modules\@ffprobe-installer\linux-x64
234 silly reify mark deleted [
234 silly reify   'C:\\project\\SHOTDECK\\frontend\\shotdeck\\node_modules\\@ffprobe-installer\\linux-x64'
234 silly reify ]
235 verbose reify failed optional dependency C:\project\SHOTDECK\frontend\shotdeck\node_modules\@ffprobe-installer\linux-ia32
236 silly reify mark deleted [
236 silly reify   'C:\\project\\SHOTDECK\\frontend\\shotdeck\\node_modules\\@ffprobe-installer\\linux-ia32'
236 silly reify ]
237 verbose reify failed optional dependency C:\project\SHOTDECK\frontend\shotdeck\node_modules\@ffprobe-installer\linux-arm64
238 silly reify mark deleted [
238 silly reify   'C:\\project\\SHOTDECK\\frontend\\shotdeck\\node_modules\\@ffprobe-installer\\linux-arm64'
238 silly reify ]
239 verbose reify failed optional dependency C:\project\SHOTDECK\frontend\shotdeck\node_modules\@ffprobe-installer\linux-arm
240 silly reify mark deleted [
240 silly reify   'C:\\project\\SHOTDECK\\frontend\\shotdeck\\node_modules\\@ffprobe-installer\\linux-arm'
240 silly reify ]
241 verbose reify failed optional dependency C:\project\SHOTDECK\frontend\shotdeck\node_modules\@ffprobe-installer\darwin-x64
242 silly reify mark deleted [
242 silly reify   'C:\\project\\SHOTDECK\\frontend\\shotdeck\\node_modules\\@ffprobe-installer\\darwin-x64'
242 silly reify ]
243 verbose reify failed optional dependency C:\project\SHOTDECK\frontend\shotdeck\node_modules\@ffprobe-installer\darwin-arm64
244 silly reify mark deleted [
244 silly reify   'C:\\project\\SHOTDECK\\frontend\\shotdeck\\node_modules\\@ffprobe-installer\\darwin-arm64'
244 silly reify ]
245 verbose reify failed optional dependency C:\project\SHOTDECK\frontend\shotdeck\node_modules\@ffmpeg-installer\win32-ia32
246 silly reify mark deleted [
246 silly reify   'C:\\project\\SHOTDECK\\frontend\\shotdeck\\node_modules\\@ffmpeg-installer\\win32-ia32'
246 silly reify ]
247 verbose reify failed optional dependency C:\project\SHOTDECK\frontend\shotdeck\node_modules\@ffmpeg-installer\linux-x64
248 silly reify mark deleted [
248 silly reify   'C:\\project\\SHOTDECK\\frontend\\shotdeck\\node_modules\\@ffmpeg-installer\\linux-x64'
248 silly reify ]
249 verbose reify failed optional dependency C:\project\SHOTDECK\frontend\shotdeck\node_modules\@ffmpeg-installer\linux-ia32
250 silly reify mark deleted [
250 silly reify   'C:\\project\\SHOTDECK\\frontend\\shotdeck\\node_modules\\@ffmpeg-installer\\linux-ia32'
250 silly reify ]
251 verbose reify failed optional dependency C:\project\SHOTDECK\frontend\shotdeck\node_modules\@ffmpeg-installer\linux-arm64
252 silly reify mark deleted [
252 silly reify   'C:\\project\\SHOTDECK\\frontend\\shotdeck\\node_modules\\@ffmpeg-installer\\linux-arm64'
252 silly reify ]
253 verbose reify failed optional dependency C:\project\SHOTDECK\frontend\shotdeck\node_modules\@ffmpeg-installer\linux-arm
254 silly reify mark deleted [
254 silly reify   'C:\\project\\SHOTDECK\\frontend\\shotdeck\\node_modules\\@ffmpeg-installer\\linux-arm'
254 silly reify ]
255 verbose reify failed optional dependency C:\project\SHOTDECK\frontend\shotdeck\node_modules\@ffmpeg-installer\darwin-x64
256 silly reify mark deleted [
256 silly reify   'C:\\project\\SHOTDECK\\frontend\\shotdeck\\node_modules\\@ffmpeg-installer\\darwin-x64'
256 silly reify ]
257 verbose reify failed optional dependency C:\project\SHOTDECK\frontend\shotdeck\node_modules\@ffmpeg-installer\darwin-arm64
258 silly reify mark deleted [
258 silly reify   'C:\\project\\SHOTDECK\\frontend\\shotdeck\\node_modules\\@ffmpeg-installer\\darwin-arm64'
258 silly reify ]
259 http fetch POST 200 https://registry.npmjs.org/-/npm/v1/security/advisories/bulk 427ms
260 silly audit report {
260 silly audit report   sweetalert2: [
260 silly audit report     {
260 silly audit report       id: 1094698,
260 silly audit report       url: 'https://github.com/advisories/GHSA-mrr8-v49w-3333',
260 silly audit report       title: 'sweetalert2 v11.6.14 and above contains potentially undesirable behavior',
260 silly audit report       severity: 'low',
260 silly audit report       vulnerable_versions: '>=11.6.14',
260 silly audit report       cwe: [Array],
260 silly audit report       cvss: [Object]
260 silly audit report     }
260 silly audit report   ]
260 silly audit report }
261 silly packumentCache corgi:https://registry.npmjs.org/sweetalert2 cache-miss
262 http fetch GET 200 https://registry.npmjs.org/sweetalert2 74ms (cache revalidated)
263 silly packumentCache corgi:https://registry.npmjs.org/sweetalert2 set size:1477287 disposed:false
264 silly ADD
265 silly ADD
266 silly ADD
267 silly ADD
268 silly ADD
269 silly ADD
270 silly ADD
271 silly ADD
272 silly ADD
273 silly ADD
274 silly ADD
275 silly ADD
276 silly ADD
277 silly ADD
278 silly ADD
279 silly ADD
280 silly ADD
281 silly ADD
282 silly ADD
283 silly ADD
284 silly ADD
285 silly ADD
286 silly ADD
287 silly ADD
288 silly ADD
289 silly ADD
290 silly ADD
291 silly ADD
292 silly ADD
293 silly ADD
294 silly ADD
295 silly ADD
296 silly ADD
297 silly ADD
298 silly ADD
299 silly ADD
300 silly ADD
301 silly ADD
302 silly ADD
303 silly ADD
304 silly ADD
305 silly ADD
306 silly ADD
307 silly ADD
308 silly ADD
309 silly ADD
310 silly ADD
311 silly ADD
312 silly ADD
313 silly ADD
314 silly ADD
315 silly ADD
316 silly ADD
317 silly ADD
318 silly ADD
319 silly ADD
320 silly ADD
321 silly ADD
322 silly ADD
323 silly ADD
324 silly ADD
325 silly ADD
326 silly ADD
327 silly ADD
328 silly ADD
329 silly ADD
330 silly ADD
331 silly ADD
332 silly ADD
333 silly ADD
334 silly ADD
335 silly ADD
336 silly ADD
337 silly ADD
338 silly ADD
339 silly ADD
340 silly REMOVE node_modules/watchr
341 silly REMOVE node_modules/verror
342 silly REMOVE node_modules/verror/node_modules/assert-plus
343 silly REMOVE node_modules/urix
344 silly REMOVE node_modules/unicode
345 silly REMOVE node_modules/unbounded
346 silly REMOVE node_modules/uc.micro
347 silly REMOVE node_modules/typechecker
348 silly REMOVE node_modules/tweetnacl
349 silly REMOVE node_modules/tunnel-agent
350 silly REMOVE node_modules/tough-cookie
351 silly REMOVE node_modules/tough-cookie/node_modules/punycode
352 silly REMOVE node_modules/toc
353 silly REMOVE node_modules/toc/node_modules/lodash
354 silly REMOVE node_modules/toc/node_modules/entities
355 silly REMOVE node_modules/taskgroup
356 silly REMOVE node_modules/strip-indent
357 silly REMOVE node_modules/stringstream
358 silly REMOVE node_modules/sshpk
359 silly REMOVE node_modules/sshpk/node_modules/assert-plus
360 silly REMOVE node_modules/sprintf-js
361 silly REMOVE node_modules/source-map-url
362 silly REMOVE node_modules/source-map-resolve
363 silly REMOVE node_modules/sntp
364 silly REMOVE node_modules/slug
365 silly REMOVE node_modules/scandirectory
366 silly REMOVE node_modules/scandirectory/node_modules/taskgroup
367 silly REMOVE node_modules/scandirectory/node_modules/safefs
368 silly REMOVE node_modules/scandirectory/node_modules/editions
369 silly REMOVE node_modules/scandirectory/node_modules/ambi
370 silly REMOVE node_modules/safer-buffer
371 silly REMOVE node_modules/safeps
372 silly REMOVE node_modules/safeps/node_modules/editions
373 silly REMOVE node_modules/safefs
374 silly REMOVE node_modules/resolve-url
375 silly REMOVE node_modules/request
376 silly REMOVE node_modules/request/node_modules/uuid
377 silly REMOVE node_modules/request/node_modules/qs
378 silly REMOVE node_modules/request/node_modules/form-data
379 silly REMOVE node_modules/repeating
380 silly REMOVE node_modules/prr
381 silly REMOVE node_modules/promise
382 silly REMOVE node_modules/performance-now
383 silly REMOVE node_modules/oauth-sign
384 silly REMOVE node_modules/mime
385 silly REMOVE node_modules/mdurl
386 silly REMOVE node_modules/marked
387 silly REMOVE node_modules/markdown-it
388 silly REMOVE node_modules/markdown-it/node_modules/argparse
389 silly REMOVE node_modules/lodash
390 silly REMOVE node_modules/linkify-it
391 silly REMOVE node_modules/less
392 silly REMOVE node_modules/less/node_modules/mkdirp
393 silly REMOVE node_modules/jsprim
394 silly REMOVE node_modules/jsprim/node_modules/assert-plus
395 silly REMOVE node_modules/jsonify
396 silly REMOVE node_modules/json-stringify-safe
397 silly REMOVE node_modules/json-stable-stringify
398 silly REMOVE node_modules/json-schema
399 silly REMOVE node_modules/jsdoctypeparser
400 silly REMOVE node_modules/jsbn
401 silly REMOVE node_modules/isstream
402 silly REMOVE node_modules/is-typedarray
403 silly REMOVE node_modules/is-finite
404 silly REMOVE node_modules/image-size
405 silly REMOVE node_modules/ignorepatterns
406 silly REMOVE node_modules/ignorefs
407 silly REMOVE node_modules/http-signature
408 silly REMOVE node_modules/hoek
409 silly REMOVE node_modules/highlight.js
410 silly REMOVE node_modules/hawk
411 silly REMOVE node_modules/har-validator
412 silly REMOVE node_modules/har-validator/node_modules/ajv
413 silly REMOVE node_modules/har-schema
414 silly REMOVE node_modules/graceful-readlink
415 silly REMOVE node_modules/getpass
416 silly REMOVE node_modules/getpass/node_modules/assert-plus
417 silly REMOVE node_modules/forever-agent
418 silly REMOVE node_modules/extsprintf
419 silly REMOVE node_modules/extract-opts
420 silly REMOVE node_modules/extendr
421 silly REMOVE node_modules/extend
422 silly REMOVE node_modules/errno
423 silly REMOVE node_modules/errlop
424 silly REMOVE node_modules/entities
425 silly REMOVE node_modules/ejs
426 silly REMOVE node_modules/editions
427 silly REMOVE node_modules/editions/node_modules/semver
428 silly REMOVE node_modules/ecc-jsbn
429 silly REMOVE node_modules/eachr
430 silly REMOVE node_modules/dox
431 silly REMOVE node_modules/dox/node_modules/commander
432 silly REMOVE node_modules/docker
433 silly REMOVE node_modules/docker/node_modules/mkdirp
434 silly REMOVE node_modules/docker/node_modules/async
435 silly REMOVE node_modules/decode-uri-component
436 silly REMOVE node_modules/dashdash
437 silly REMOVE node_modules/dashdash/node_modules/assert-plus
438 silly REMOVE node_modules/css
439 silly REMOVE node_modules/css/node_modules/source-map
440 silly REMOVE node_modules/csextends
441 silly REMOVE node_modules/cryptiles
442 silly REMOVE node_modules/core-util-is
443 silly REMOVE node_modules/commander
444 silly REMOVE node_modules/co
445 silly REMOVE node_modules/boom
446 silly REMOVE node_modules/bcrypt-pbkdf
447 silly REMOVE node_modules/aws4
448 silly REMOVE node_modules/aws-sign2
449 silly REMOVE node_modules/atob
450 silly REMOVE node_modules/assert-plus
451 silly REMOVE node_modules/asn1
452 silly REMOVE node_modules/asap
453 silly REMOVE node_modules/ambi
454 verbose cwd C:\project\SHOTDECK\frontend\shotdeck
455 verbose os Windows_NT 10.0.26100
456 verbose node v22.15.1
457 verbose npm  v10.9.2
458 verbose exit 0
459 info ok
