0 verbose cli C:\Program Files\nodejs\node.exe C:\Program Files\nodejs\node_modules\npm\bin\npm-cli.js
1 info using npm@10.9.2
2 info using node@v22.15.1
3 silly config load:file:C:\Program Files\nodejs\node_modules\npm\npmrc
4 silly config load:file:C:\project\SHOTDECK\frontend\shotdeck\.npmrc
5 silly config load:file:C:\Users\rakib\.npmrc
6 silly config load:file:C:\Program Files\nodejs\npm-global\etc\npmrc
7 verbose title npm install yt-dlp-exec ffmpeg-static
8 verbose argv "install" "yt-dlp-exec" "ffmpeg-static"
9 verbose logfile logs-max:10 dir:C:\project\SHOTDECK\frontend\shotdeck\UsersmynameAppDataRoamingnpm-cache\_logs\2025-06-10T05_42_21_278Z-
10 verbose logfile C:\project\SHOTDECK\frontend\shotdeck\UsersmynameAppDataRoamingnpm-cache\_logs\2025-06-10T05_42_21_278Z-debug-0.log
11 silly logfile start cleaning logs, removing 1 files
12 silly packumentCache heap:4345298944 maxSize:1086324736 maxEntrySize:543162368
13 silly logfile done cleaning log files
14 silly idealTree buildDeps
15 silly fetch manifest yt-dlp-exec@*
16 silly packumentCache full:https://registry.npmjs.org/yt-dlp-exec cache-miss
17 http fetch GET 200 https://registry.npmjs.org/yt-dlp-exec 1192ms (cache miss)
18 silly packumentCache full:https://registry.npmjs.org/yt-dlp-exec set size:undefined disposed:false
19 silly fetch manifest ffmpeg-static@*
20 silly packumentCache full:https://registry.npmjs.org/ffmpeg-static cache-miss
21 http fetch GET 200 https://registry.npmjs.org/ffmpeg-static 1021ms (cache miss)
22 silly packumentCache full:https://registry.npmjs.org/ffmpeg-static set size:undefined disposed:false
23 silly placeDep ROOT ffmpeg-static@5.2.0 OK for: shotdeck@0.1.0 want: *
24 silly placeDep ROOT yt-dlp-exec@1.0.2 OK for: shotdeck@0.1.0 want: *
25 silly fetch manifest @derhuerst/http-basic@^8.2.0
26 silly packumentCache full:https://registry.npmjs.org/@derhuerst%2fhttp-basic cache-miss
27 silly fetch manifest env-paths@^2.2.0
28 silly packumentCache full:https://registry.npmjs.org/env-paths cache-miss
29 silly fetch manifest https-proxy-agent@^5.0.0
30 silly packumentCache full:https://registry.npmjs.org/https-proxy-agent cache-miss
31 silly fetch manifest progress@^2.0.3
32 silly packumentCache full:https://registry.npmjs.org/progress cache-miss
33 silly fetch manifest dargs@~7.0.0
34 silly packumentCache full:https://registry.npmjs.org/dargs cache-miss
35 silly fetch manifest execa@~5.1.0
36 silly packumentCache full:https://registry.npmjs.org/execa cache-miss
37 silly fetch manifest is-unix@~2.0.1
38 silly packumentCache full:https://registry.npmjs.org/is-unix cache-miss
39 silly fetch manifest mkdirp@~1.0.4
40 silly packumentCache full:https://registry.npmjs.org/mkdirp cache-miss
41 silly fetch manifest node-fetch@~2.6.5
42 silly packumentCache full:https://registry.npmjs.org/node-fetch cache-miss
43 http fetch GET 200 https://registry.npmjs.org/https-proxy-agent 83ms (cache revalidated)
44 silly packumentCache full:https://registry.npmjs.org/https-proxy-agent set size:76222 disposed:false
45 http fetch GET 200 https://registry.npmjs.org/node-fetch 92ms (cache revalidated)
46 silly packumentCache full:https://registry.npmjs.org/node-fetch set size:896010 disposed:false
47 http fetch GET 200 https://registry.npmjs.org/is-unix 285ms (cache miss)
48 silly packumentCache full:https://registry.npmjs.org/is-unix set size:undefined disposed:false
49 http fetch GET 200 https://registry.npmjs.org/mkdirp 497ms (cache miss)
50 silly packumentCache full:https://registry.npmjs.org/mkdirp set size:undefined disposed:false
51 http fetch GET 200 https://registry.npmjs.org/progress 526ms (cache miss)
52 silly packumentCache full:https://registry.npmjs.org/progress set size:undefined disposed:false
53 http fetch GET 200 https://registry.npmjs.org/execa 572ms (cache updated)
54 silly packumentCache full:https://registry.npmjs.org/execa set size:undefined disposed:false
55 http fetch GET 200 https://registry.npmjs.org/env-paths 705ms (cache miss)
56 silly packumentCache full:https://registry.npmjs.org/env-paths set size:undefined disposed:false
57 http fetch GET 200 https://registry.npmjs.org/dargs 947ms (cache miss)
58 silly packumentCache full:https://registry.npmjs.org/dargs set size:undefined disposed:false
59 http fetch GET 200 https://registry.npmjs.org/@derhuerst%2fhttp-basic 2304ms (cache miss)
60 silly packumentCache full:https://registry.npmjs.org/@derhuerst%2fhttp-basic set size:undefined disposed:false
61 silly placeDep ROOT @derhuerst/http-basic@8.2.4 OK for: ffmpeg-static@5.2.0 want: ^8.2.0
62 silly placeDep ROOT env-paths@2.2.1 OK for: ffmpeg-static@5.2.0 want: ^2.2.0
63 silly placeDep ROOT https-proxy-agent@5.0.1 OK for: ffmpeg-static@5.2.0 want: ^5.0.0
64 silly placeDep ROOT progress@2.0.3 OK for: ffmpeg-static@5.2.0 want: ^2.0.3
65 silly fetch manifest caseless@^0.12.0
66 silly packumentCache full:https://registry.npmjs.org/caseless cache-miss
67 silly fetch manifest concat-stream@^2.0.0
68 silly packumentCache full:https://registry.npmjs.org/concat-stream cache-miss
69 silly fetch manifest http-response-object@^3.0.1
70 silly packumentCache full:https://registry.npmjs.org/http-response-object cache-miss
71 silly fetch manifest parse-cache-control@^1.0.1
72 silly packumentCache full:https://registry.npmjs.org/parse-cache-control cache-miss
73 silly fetch manifest agent-base@6
74 silly packumentCache full:https://registry.npmjs.org/agent-base cache-miss
75 http fetch GET 200 https://registry.npmjs.org/agent-base 66ms (cache revalidated)
76 silly packumentCache full:https://registry.npmjs.org/agent-base set size:65276 disposed:false
77 http fetch GET 200 https://registry.npmjs.org/caseless 252ms (cache miss)
78 silly packumentCache full:https://registry.npmjs.org/caseless set size:undefined disposed:false
79 http fetch GET 200 https://registry.npmjs.org/parse-cache-control 431ms (cache miss)
80 silly packumentCache full:https://registry.npmjs.org/parse-cache-control set size:undefined disposed:false
81 http fetch GET 200 https://registry.npmjs.org/http-response-object 444ms (cache miss)
82 silly packumentCache full:https://registry.npmjs.org/http-response-object set size:undefined disposed:false
83 http fetch GET 200 https://registry.npmjs.org/concat-stream 481ms (cache miss)
84 silly packumentCache full:https://registry.npmjs.org/concat-stream set size:undefined disposed:false
85 silly placeDep ROOT caseless@0.12.0 OK for: @derhuerst/http-basic@8.2.4 want: ^0.12.0
86 silly placeDep ROOT concat-stream@2.0.0 OK for: @derhuerst/http-basic@8.2.4 want: ^2.0.0
87 silly placeDep ROOT http-response-object@3.0.2 OK for: @derhuerst/http-basic@8.2.4 want: ^3.0.1
88 silly placeDep ROOT parse-cache-control@1.0.1 OK for: @derhuerst/http-basic@8.2.4 want: ^1.0.1
89 silly fetch manifest buffer-from@^1.0.0
90 silly packumentCache full:https://registry.npmjs.org/buffer-from cache-miss
91 silly fetch manifest inherits@^2.0.3
92 silly packumentCache full:https://registry.npmjs.org/inherits cache-miss
93 silly fetch manifest readable-stream@^3.0.2
94 silly packumentCache full:https://registry.npmjs.org/readable-stream cache-miss
95 silly fetch manifest typedarray@^0.0.6
96 silly packumentCache full:https://registry.npmjs.org/typedarray cache-miss
97 silly fetch manifest @types/node@^10.0.3
98 silly packumentCache full:https://registry.npmjs.org/@types%2fnode cache-miss
99 http fetch GET 200 https://registry.npmjs.org/inherits 66ms (cache revalidated)
100 silly packumentCache full:https://registry.npmjs.org/inherits set size:12925 disposed:false
101 http fetch GET 200 https://registry.npmjs.org/buffer-from 232ms (cache revalidated)
102 silly packumentCache full:https://registry.npmjs.org/buffer-from set size:15463 disposed:false
103 http fetch GET 200 https://registry.npmjs.org/typedarray 244ms (cache miss)
104 silly packumentCache full:https://registry.npmjs.org/typedarray set size:undefined disposed:false
105 http fetch GET 200 https://registry.npmjs.org/@types%2fnode 858ms (cache updated)
106 silly packumentCache full:https://registry.npmjs.org/@types%2fnode set size:undefined disposed:false
107 http fetch GET 200 https://registry.npmjs.org/readable-stream 1050ms (cache revalidated)
108 silly packumentCache full:https://registry.npmjs.org/readable-stream set size:261096 disposed:false
109 silly placeDep ROOT buffer-from@1.1.2 OK for: concat-stream@2.0.0 want: ^1.0.0
110 silly placeDep ROOT inherits@2.0.4 OK for: concat-stream@2.0.0 want: ^2.0.3
111 silly placeDep ROOT readable-stream@3.6.2 OK for: concat-stream@2.0.0 want: ^3.0.2
112 silly placeDep ROOT typedarray@0.0.6 OK for: concat-stream@2.0.0 want: ^0.0.6
113 silly fetch manifest string_decoder@^1.1.1
114 silly packumentCache full:https://registry.npmjs.org/string_decoder cache-miss
115 silly fetch manifest util-deprecate@^1.0.1
116 silly packumentCache full:https://registry.npmjs.org/util-deprecate cache-miss
117 http fetch GET 200 https://registry.npmjs.org/util-deprecate 37ms (cache revalidated)
118 silly packumentCache full:https://registry.npmjs.org/util-deprecate set size:6674 disposed:false
119 http fetch GET 200 https://registry.npmjs.org/string_decoder 235ms (cache revalidated)
120 silly packumentCache full:https://registry.npmjs.org/string_decoder set size:28441 disposed:false
121 silly placeDep ROOT @types/node@10.17.60 OK for: http-response-object@3.0.2 want: ^10.0.3
122 silly placeDep ROOT agent-base@6.0.2 OK for: https-proxy-agent@5.0.1 want: 6
123 silly placeDep ROOT string_decoder@1.3.0 OK for: readable-stream@3.6.2 want: ^1.1.1
124 silly placeDep ROOT util-deprecate@1.0.2 OK for: readable-stream@3.6.2 want: ^1.0.1
125 silly fetch manifest safe-buffer@~5.2.0
126 silly packumentCache full:https://registry.npmjs.org/safe-buffer cache-miss
127 http fetch GET 200 https://registry.npmjs.org/safe-buffer 38ms (cache revalidated)
128 silly packumentCache full:https://registry.npmjs.org/safe-buffer set size:41183 disposed:false
129 silly placeDep ROOT safe-buffer@5.2.1 OK for: string_decoder@1.3.0 want: ~5.2.0
130 silly fetch manifest @types/node@>=12.x.x
131 silly packumentCache full:https://registry.npmjs.org/@types%2fnode cache-miss
132 http cache https://registry.npmjs.org/@types%2fnode 18ms (cache hit)
133 silly packumentCache full:https://registry.npmjs.org/@types%2fnode set size:10244525 disposed:false
134 silly placeDep ROOT @types/node@24.0.0 REPLACE for: stripe@18.2.1 want: >=12.x.x
135 silly fetch manifest undici-types@~7.8.0
136 silly packumentCache full:https://registry.npmjs.org/undici-types cache-miss
137 http fetch GET 200 https://registry.npmjs.org/undici-types 59ms (cache revalidated)
138 silly packumentCache full:https://registry.npmjs.org/undici-types set size:137075 disposed:false
139 silly placeDep ROOT undici-types@7.8.0 OK for: @types/node@24.0.0 want: ~7.8.0
140 silly placeDep node_modules/http-response-object @types/node@10.17.60 OK for: http-response-object@3.0.2 want: ^10.0.3
141 silly fetch manifest encoding@^0.1.0
142 silly packumentCache full:https://registry.npmjs.org/encoding cache-miss
143 http fetch GET 200 https://registry.npmjs.org/encoding 229ms (cache revalidated)
144 silly packumentCache full:https://registry.npmjs.org/encoding set size:17833 disposed:false
145 silly placeDep ROOT dargs@7.0.0 OK for: yt-dlp-exec@1.0.2 want: ~7.0.0
146 silly placeDep ROOT execa@5.1.1 OK for: yt-dlp-exec@1.0.2 want: ~5.1.0
147 silly placeDep ROOT is-unix@2.0.10 OK for: yt-dlp-exec@1.0.2 want: ~2.0.1
148 silly placeDep node_modules/yt-dlp-exec mkdirp@1.0.4 OK for: yt-dlp-exec@1.0.2 want: ~1.0.4
149 silly placeDep ROOT node-fetch@2.6.13 OK for: yt-dlp-exec@1.0.2 want: ~2.6.5
150 silly fetch manifest onetime@^5.1.2
151 silly packumentCache full:https://registry.npmjs.org/onetime cache-miss
152 silly fetch manifest is-stream@^2.0.0
153 silly packumentCache full:https://registry.npmjs.org/is-stream cache-miss
154 silly fetch manifest get-stream@^6.0.0
155 silly packumentCache full:https://registry.npmjs.org/get-stream cache-miss
156 silly fetch manifest signal-exit@^3.0.3
157 silly packumentCache full:https://registry.npmjs.org/signal-exit cache-miss
158 silly fetch manifest merge-stream@^2.0.0
159 silly packumentCache full:https://registry.npmjs.org/merge-stream cache-miss
160 silly fetch manifest npm-run-path@^4.0.1
161 silly packumentCache full:https://registry.npmjs.org/npm-run-path cache-miss
162 silly fetch manifest human-signals@^2.1.0
163 silly packumentCache full:https://registry.npmjs.org/human-signals cache-miss
164 silly fetch manifest strip-final-newline@^2.0.0
165 silly packumentCache full:https://registry.npmjs.org/strip-final-newline cache-miss
166 silly fetch manifest whatwg-url@^5.0.0
167 silly packumentCache full:https://registry.npmjs.org/whatwg-url cache-miss
168 http fetch GET 200 https://registry.npmjs.org/merge-stream 42ms (cache revalidated)
169 silly packumentCache full:https://registry.npmjs.org/merge-stream set size:22168 disposed:false
170 http fetch GET 200 https://registry.npmjs.org/signal-exit 44ms (cache revalidated)
171 silly packumentCache full:https://registry.npmjs.org/signal-exit set size:53489 disposed:false
172 http fetch GET 200 https://registry.npmjs.org/whatwg-url 46ms (cache revalidated)
173 silly packumentCache full:https://registry.npmjs.org/whatwg-url set size:160604 disposed:false
174 http fetch GET 200 https://registry.npmjs.org/npm-run-path 239ms (cache revalidated)
175 silly packumentCache full:https://registry.npmjs.org/npm-run-path set size:33596 disposed:false
176 http fetch GET 200 https://registry.npmjs.org/human-signals 242ms (cache revalidated)
177 silly packumentCache full:https://registry.npmjs.org/human-signals set size:47322 disposed:false
178 http fetch GET 200 https://registry.npmjs.org/is-stream 245ms (cache revalidated)
179 silly packumentCache full:https://registry.npmjs.org/is-stream set size:18582 disposed:false
180 http fetch GET 200 https://registry.npmjs.org/strip-final-newline 249ms (cache revalidated)
181 silly packumentCache full:https://registry.npmjs.org/strip-final-newline set size:9328 disposed:false
182 http fetch GET 200 https://registry.npmjs.org/get-stream 259ms (cache revalidated)
183 silly packumentCache full:https://registry.npmjs.org/get-stream set size:57536 disposed:false
184 http fetch GET 200 https://registry.npmjs.org/onetime 285ms (cache revalidated)
185 silly packumentCache full:https://registry.npmjs.org/onetime set size:30525 disposed:false
186 silly placeDep ROOT get-stream@6.0.1 OK for: execa@5.1.1 want: ^6.0.0
187 silly placeDep ROOT human-signals@2.1.0 OK for: execa@5.1.1 want: ^2.1.0
188 silly placeDep ROOT is-stream@2.0.1 OK for: execa@5.1.1 want: ^2.0.0
189 silly placeDep ROOT merge-stream@2.0.0 OK for: execa@5.1.1 want: ^2.0.0
190 silly placeDep ROOT npm-run-path@4.0.1 OK for: execa@5.1.1 want: ^4.0.1
191 silly placeDep ROOT onetime@5.1.2 OK for: execa@5.1.1 want: ^5.1.2
192 silly placeDep ROOT signal-exit@3.0.7 OK for: execa@5.1.1 want: ^3.0.3
193 silly placeDep ROOT strip-final-newline@2.0.0 OK for: execa@5.1.1 want: ^2.0.0
194 silly fetch manifest mimic-fn@^2.1.0
195 silly packumentCache full:https://registry.npmjs.org/mimic-fn cache-miss
196 http fetch GET 200 https://registry.npmjs.org/mimic-fn 54ms (cache revalidated)
197 silly packumentCache full:https://registry.npmjs.org/mimic-fn set size:22257 disposed:false
198 silly placeDep ROOT whatwg-url@5.0.0 OK for: node-fetch@2.6.13 want: ^5.0.0
199 silly fetch manifest tr46@~0.0.3
200 silly packumentCache full:https://registry.npmjs.org/tr46 cache-miss
201 silly fetch manifest webidl-conversions@^3.0.0
202 silly packumentCache full:https://registry.npmjs.org/webidl-conversions cache-miss
203 http fetch GET 200 https://registry.npmjs.org/tr46 32ms (cache revalidated)
204 silly packumentCache full:https://registry.npmjs.org/tr46 set size:45265 disposed:false
205 http fetch GET 200 https://registry.npmjs.org/webidl-conversions 39ms (cache revalidated)
206 silly packumentCache full:https://registry.npmjs.org/webidl-conversions set size:41857 disposed:false
207 silly placeDep ROOT mimic-fn@2.1.0 OK for: onetime@5.1.2 want: ^2.1.0
208 silly placeDep ROOT tr46@0.0.3 OK for: whatwg-url@5.0.0 want: ~0.0.3
209 silly placeDep ROOT webidl-conversions@3.0.1 OK for: whatwg-url@5.0.0 want: ^3.0.0
210 silly reify moves {}
211 verbose reify failed optional dependency C:\project\SHOTDECK\frontend\shotdeck\node_modules\@tailwindcss\oxide-wasm32-wasi
212 silly reify mark deleted [
212 silly reify   'C:\\project\\SHOTDECK\\frontend\\shotdeck\\node_modules\\@tailwindcss\\oxide-wasm32-wasi'
212 silly reify ]
213 silly audit bulk request {
213 silly audit   '@alloc/quick-lru': [ '5.2.0' ],
213 silly audit   '@ampproject/remapping': [ '2.3.0' ],
213 silly audit   '@babel/code-frame': [ '7.27.1' ],
213 silly audit   '@babel/generator': [ '7.27.1' ],
213 silly audit   '@babel/helper-module-imports': [ '7.27.1' ],
213 silly audit   '@babel/helper-string-parser': [ '7.27.1' ],
213 silly audit   '@babel/helper-validator-identifier': [ '7.27.1' ],
213 silly audit   '@babel/parser': [ '7.27.2' ],
213 silly audit   '@babel/runtime': [ '7.27.1' ],
213 silly audit   '@babel/template': [ '7.27.2' ],
213 silly audit   '@babel/traverse': [ '7.27.1' ],
213 silly audit   globals: [ '11.12.0', '14.0.0' ],
213 silly audit   '@babel/types': [ '7.27.1' ],
213 silly audit   '@emnapi/core': [ '1.4.3' ],
213 silly audit   '@emnapi/runtime': [ '1.4.3' ],
213 silly audit   '@emnapi/wasi-threads': [ '1.0.2' ],
213 silly audit   '@emotion/babel-plugin': [ '11.13.5' ],
213 silly audit   '@emotion/cache': [ '11.14.0' ],
213 silly audit   '@emotion/hash': [ '0.9.2' ],
213 silly audit   '@emotion/is-prop-valid': [ '1.3.1', '1.2.2' ],
213 silly audit   '@emotion/memoize': [ '0.9.0', '0.8.1' ],
213 silly audit   '@emotion/react': [ '11.14.0' ],
213 silly audit   '@emotion/serialize': [ '1.3.3' ],
213 silly audit   '@emotion/sheet': [ '1.4.0' ],
213 silly audit   '@emotion/styled': [ '11.14.0' ],
213 silly audit   '@emotion/unitless': [ '0.10.0', '0.8.1' ],
213 silly audit   '@emotion/use-insertion-effect-with-fallbacks': [ '1.2.0' ],
213 silly audit   '@emotion/utils': [ '1.4.2' ],
213 silly audit   '@emotion/weak-memoize': [ '0.4.0' ],
213 silly audit   '@eslint-community/eslint-utils': [ '4.7.0' ],
213 silly audit   'eslint-visitor-keys': [ '3.4.3', '4.2.0' ],
213 silly audit   '@eslint-community/regexpp': [ '4.12.1' ],
213 silly audit   '@eslint/config-array': [ '0.20.0' ],
213 silly audit   '@eslint/config-helpers': [ '0.2.2' ],
213 silly audit   '@eslint/core': [ '0.14.0' ],
213 silly audit   '@eslint/eslintrc': [ '3.3.1' ],
213 silly audit   '@eslint/js': [ '9.27.0' ],
213 silly audit   '@eslint/object-schema': [ '2.1.6' ],
213 silly audit   '@eslint/plugin-kit': [ '0.3.1' ],
213 silly audit   '@ffmpeg-installer/darwin-arm64': [ '4.1.5' ],
213 silly audit   '@ffmpeg-installer/darwin-x64': [ '4.1.0' ],
213 silly audit   '@ffmpeg-installer/ffmpeg': [ '1.1.0' ],
213 silly audit   '@ffmpeg-installer/linux-arm': [ '4.1.3' ],
213 silly audit   '@ffmpeg-installer/linux-arm64': [ '4.1.4' ],
213 silly audit   '@ffmpeg-installer/linux-ia32': [ '4.1.0' ],
213 silly audit   '@ffmpeg-installer/linux-x64': [ '4.1.0' ],
213 silly audit   '@ffmpeg-installer/win32-ia32': [ '4.1.0' ],
213 silly audit   '@ffmpeg-installer/win32-x64': [ '4.1.0' ],
213 silly audit   '@ffprobe-installer/darwin-arm64': [ '5.0.1' ],
213 silly audit   '@ffprobe-installer/darwin-x64': [ '5.1.0' ],
213 silly audit   '@ffprobe-installer/ffprobe': [ '2.1.2' ],
213 silly audit   '@ffprobe-installer/linux-arm': [ '5.2.0' ],
213 silly audit   '@ffprobe-installer/linux-arm64': [ '5.2.0' ],
213 silly audit   '@ffprobe-installer/linux-ia32': [ '5.2.0' ],
213 silly audit   '@ffprobe-installer/linux-x64': [ '5.2.0' ],
213 silly audit   '@ffprobe-installer/win32-ia32': [ '5.1.0' ],
213 silly audit   '@ffprobe-installer/win32-x64': [ '5.1.0' ],
213 silly audit   '@humanfs/core': [ '0.19.1' ],
213 silly audit   '@humanfs/node': [ '0.16.6' ],
213 silly audit   '@humanwhocodes/retry': [ '0.3.1', '0.4.3' ],
213 silly audit   '@humanwhocodes/module-importer': [ '1.0.1' ],
213 silly audit   '@img/sharp-darwin-arm64': [ '0.34.1' ],
213 silly audit   '@img/sharp-darwin-x64': [ '0.34.1' ],
213 silly audit   '@img/sharp-libvips-darwin-arm64': [ '1.1.0' ],
213 silly audit   '@img/sharp-libvips-darwin-x64': [ '1.1.0' ],
213 silly audit   '@img/sharp-libvips-linux-arm': [ '1.1.0' ],
213 silly audit   '@img/sharp-libvips-linux-arm64': [ '1.1.0' ],
213 silly audit   '@img/sharp-libvips-linux-ppc64': [ '1.1.0' ],
213 silly audit   '@img/sharp-libvips-linux-s390x': [ '1.1.0' ],
213 silly audit   '@img/sharp-libvips-linux-x64': [ '1.1.0' ],
213 silly audit   '@img/sharp-libvips-linuxmusl-arm64': [ '1.1.0' ],
213 silly audit   '@img/sharp-libvips-linuxmusl-x64': [ '1.1.0' ],
213 silly audit   '@img/sharp-linux-arm': [ '0.34.1' ],
213 silly audit   '@img/sharp-linux-arm64': [ '0.34.1' ],
213 silly audit   '@img/sharp-linux-s390x': [ '0.34.1' ],
213 silly audit   '@img/sharp-linux-x64': [ '0.34.1' ],
213 silly audit   '@img/sharp-linuxmusl-arm64': [ '0.34.1' ],
213 silly audit   '@img/sharp-linuxmusl-x64': [ '0.34.1' ],
213 silly audit   '@img/sharp-wasm32': [ '0.34.1' ],
213 silly audit   '@img/sharp-win32-ia32': [ '0.34.1' ],
213 silly audit   '@img/sharp-win32-x64': [ '0.34.1' ],
213 silly audit   '@isaacs/fs-minipass': [ '4.0.1' ],
213 silly audit   '@jridgewell/gen-mapping': [ '0.3.8' ],
213 silly audit   '@jridgewell/resolve-uri': [ '3.1.2' ],
213 silly audit   '@jridgewell/set-array': [ '1.2.1' ],
213 silly audit   '@jridgewell/sourcemap-codec': [ '1.5.0' ],
213 silly audit   '@jridgewell/trace-mapping': [ '0.3.25' ],
213 silly audit   '@mui/core-downloads-tracker': [ '7.1.0' ],
213 silly audit   '@mui/icons-material': [ '7.1.0' ],
213 silly audit   '@mui/material': [ '7.1.0' ],
213 silly audit   'react-is': [ '19.1.0', '16.13.1' ],
213 silly audit   '@mui/private-theming': [ '7.1.0' ],
213 silly audit   '@mui/styled-engine': [ '7.1.0' ],
213 silly audit   '@mui/styled-engine-sc': [ '7.1.0' ],
213 silly audit   '@mui/system': [ '7.1.0' ],
213 silly audit   '@mui/types': [ '7.4.2' ],
213 silly audit   '@mui/utils': [ '7.1.0' ],
213 silly audit   '@napi-rs/wasm-runtime': [ '0.2.10' ],
213 silly audit   '@next/env': [ '15.3.2' ],
213 silly audit   '@next/eslint-plugin-next': [ '15.3.2' ],
213 silly audit   '@next/swc-darwin-arm64': [ '15.3.2' ],
213 silly audit   '@next/swc-darwin-x64': [ '15.3.2' ],
213 silly audit   '@next/swc-linux-arm64-gnu': [ '15.3.2' ],
213 silly audit   '@next/swc-linux-arm64-musl': [ '15.3.2' ],
213 silly audit   '@next/swc-linux-x64-gnu': [ '15.3.2' ],
213 silly audit   '@next/swc-linux-x64-musl': [ '15.3.2' ],
213 silly audit   '@next/swc-win32-arm64-msvc': [ '15.3.2' ],
213 silly audit   '@next/swc-win32-x64-msvc': [ '15.3.2' ],
213 silly audit   '@nodelib/fs.scandir': [ '2.1.5' ],
213 silly audit   '@nodelib/fs.stat': [ '2.0.5' ],
213 silly audit   '@nodelib/fs.walk': [ '1.2.8' ],
213 silly audit   '@nolyfill/is-core-module': [ '1.0.39' ],
213 silly audit   '@panva/hkdf': [ '1.2.1' ],
213 silly audit   '@popperjs/core': [ '2.11.8' ],
213 silly audit   '@reduxjs/toolkit': [ '2.8.2' ],
213 silly audit   '@rtsao/scc': [ '1.1.0' ],
213 silly audit   '@rushstack/eslint-patch': [ '1.11.0' ],
213 silly audit   '@standard-schema/spec': [ '1.0.0' ],
213 silly audit   '@standard-schema/utils': [ '0.3.0' ],
213 silly audit   '@stripe/stripe-js': [ '7.3.1' ],
213 silly audit   '@studio-freight/lenis': [ '1.0.42' ],
213 silly audit   '@swc/counter': [ '0.1.3' ],
213 silly audit   '@swc/helpers': [ '0.5.15' ],
213 silly audit   '@tailwindcss/node': [ '4.1.7' ],
213 silly audit   '@tailwindcss/oxide': [ '4.1.7' ],
213 silly audit   '@tailwindcss/oxide-android-arm64': [ '4.1.7' ],
213 silly audit   '@tailwindcss/oxide-darwin-arm64': [ '4.1.7' ],
213 silly audit   '@tailwindcss/oxide-darwin-x64': [ '4.1.7' ],
213 silly audit   '@tailwindcss/oxide-freebsd-x64': [ '4.1.7' ],
213 silly audit   '@tailwindcss/oxide-linux-arm-gnueabihf': [ '4.1.7' ],
213 silly audit   '@tailwindcss/oxide-linux-arm64-gnu': [ '4.1.7' ],
213 silly audit   '@tailwindcss/oxide-linux-arm64-musl': [ '4.1.7' ],
213 silly audit   '@tailwindcss/oxide-linux-x64-gnu': [ '4.1.7' ],
213 silly audit   '@tailwindcss/oxide-linux-x64-musl': [ '4.1.7' ],
213 silly audit   '@tailwindcss/oxide-win32-arm64-msvc': [ '4.1.7' ],
213 silly audit   '@tailwindcss/oxide-win32-x64-msvc': [ '4.1.7' ],
213 silly audit   '@tailwindcss/postcss': [ '4.1.7' ],
213 silly audit   '@tybys/wasm-util': [ '0.9.0' ],
213 silly audit   '@types/estree': [ '1.0.7' ],
213 silly audit   '@types/hoist-non-react-statics': [ '3.3.6' ],
213 silly audit   '@types/json-schema': [ '7.0.15' ],
213 silly audit   '@types/json5': [ '0.0.29' ],
213 silly audit   '@types/parse-json': [ '4.0.2' ],
213 silly audit   '@types/prop-types': [ '15.7.14' ],
213 silly audit   '@types/react': [ '18.3.21' ],
213 silly audit   '@types/react-transition-group': [ '4.4.12' ],
213 silly audit   '@types/stylis': [ '4.2.5' ],
213 silly audit   '@types/use-sync-external-store': [ '0.0.6' ],
213 silly audit   '@typescript-eslint/eslint-plugin': [ '8.32.1' ],
213 silly audit   ignore: [ '7.0.4', '5.3.2' ],
213 silly audit   '@typescript-eslint/parser': [ '8.32.1' ],
213 silly audit   '@typescript-eslint/scope-manager': [ '8.32.1' ],
213 silly audit   '@typescript-eslint/type-utils': [ '8.32.1' ],
213 silly audit   '@typescript-eslint/types': [ '8.32.1' ],
213 silly audit   '@typescript-eslint/typescript-estree': [ '8.32.1' ],
213 silly audit   'brace-expansion': [ '2.0.1', '1.1.11' ],
213 silly audit   'fast-glob': [ '3.3.3', '3.3.1' ],
213 silly audit   'glob-parent': [ '5.1.2', '6.0.2' ],
213 silly audit   minimatch: [ '9.0.5', '3.1.2' ],
213 silly audit   '@typescript-eslint/utils': [ '8.32.1' ],
213 silly audit   '@typescript-eslint/visitor-keys': [ '8.32.1' ],
213 silly audit   '@unrs/resolver-binding-darwin-arm64': [ '1.7.2' ],
213 silly audit   '@unrs/resolver-binding-darwin-x64': [ '1.7.2' ],
213 silly audit   '@unrs/resolver-binding-freebsd-x64': [ '1.7.2' ],
213 silly audit   '@unrs/resolver-binding-linux-arm-gnueabihf': [ '1.7.2' ],
213 silly audit   '@unrs/resolver-binding-linux-arm-musleabihf': [ '1.7.2' ],
213 silly audit   '@unrs/resolver-binding-linux-arm64-gnu': [ '1.7.2' ],
213 silly audit   '@unrs/resolver-binding-linux-arm64-musl': [ '1.7.2' ],
213 silly audit   '@unrs/resolver-binding-linux-ppc64-gnu': [ '1.7.2' ],
213 silly audit   '@unrs/resolver-binding-linux-riscv64-gnu': [ '1.7.2' ],
213 silly audit   '@unrs/resolver-binding-linux-riscv64-musl': [ '1.7.2' ],
213 silly audit   '@unrs/resolver-binding-linux-s390x-gnu': [ '1.7.2' ],
213 silly audit   '@unrs/resolver-binding-linux-x64-gnu': [ '1.7.2' ],
213 silly audit   '@unrs/resolver-binding-linux-x64-musl': [ '1.7.2' ],
213 silly audit   '@unrs/resolver-binding-wasm32-wasi': [ '1.7.2' ],
213 silly audit   '@unrs/resolver-binding-win32-arm64-msvc': [ '1.7.2' ],
213 silly audit   '@unrs/resolver-binding-win32-ia32-msvc': [ '1.7.2' ],
213 silly audit   '@unrs/resolver-binding-win32-x64-msvc': [ '1.7.2' ],
213 silly audit   acorn: [ '8.14.1' ],
213 silly audit   'acorn-jsx': [ '5.3.2' ],
213 silly audit   ajv: [ '6.12.6' ],
213 silly audit   'ansi-styles': [ '4.3.0' ],
213 silly audit   aos: [ '2.3.4' ],
213 silly audit   argparse: [ '2.0.1' ],
213 silly audit   'aria-query': [ '5.3.2' ],
213 silly audit   'array-buffer-byte-length': [ '1.0.2' ],
213 silly audit   'array-includes': [ '3.1.8' ],
213 silly audit   'array.prototype.findlast': [ '1.2.5' ],
213 silly audit   'array.prototype.findlastindex': [ '1.2.6' ],
213 silly audit   'array.prototype.flat': [ '1.3.3' ],
213 silly audit   'array.prototype.flatmap': [ '1.3.3' ],
213 silly audit   'array.prototype.tosorted': [ '1.1.4' ],
213 silly audit   'arraybuffer.prototype.slice': [ '1.0.4' ],
213 silly audit   'ast-types-flow': [ '0.0.8' ],
213 silly audit   async: [ '0.2.10' ],
213 silly audit   'async-function': [ '1.0.0' ],
213 silly audit   asynckit: [ '0.4.0' ],
213 silly audit   'available-typed-arrays': [ '1.0.7' ],
213 silly audit   'axe-core': [ '4.10.3' ],
213 silly audit   axios: [ '1.9.0' ],
213 silly audit   'axobject-query': [ '4.1.0' ],
213 silly audit   'babel-plugin-macros': [ '3.1.0' ],
213 silly audit   'balanced-match': [ '1.0.2' ],
213 silly audit   braces: [ '3.0.3' ],
213 silly audit   busboy: [ '1.6.0' ],
213 silly audit   'call-bind': [ '1.0.8' ],
213 silly audit   'call-bind-apply-helpers': [ '1.0.2' ],
213 silly audit   'call-bound': [ '1.0.4' ],
213 silly audit   callsites: [ '3.1.0' ],
213 silly audit   camelize: [ '1.0.1' ],
213 silly audit   'caniuse-lite': [ '1.0.30001718' ],
213 silly audit   chalk: [ '4.1.2' ],
213 silly audit   chownr: [ '3.0.0' ],
213 silly audit   'classlist-polyfill': [ '1.2.0' ],
213 silly audit   'client-only': [ '0.0.1' ],
213 silly audit   clsx: [ '2.1.1' ],
213 silly audit   color: [ '4.2.3' ],
213 silly audit   'color-convert': [ '2.0.1' ],
213 silly audit   'color-name': [ '1.1.4' ],
213 silly audit   'color-string': [ '1.9.1' ],
213 silly audit   'combined-stream': [ '1.0.8' ],
213 silly audit   'concat-map': [ '0.0.1' ],
213 silly audit   'convert-source-map': [ '1.9.0' ],
213 silly audit   cookie: [ '0.7.2' ],
213 silly audit   cosmiconfig: [ '7.1.0' ],
213 silly audit   'cross-spawn': [ '7.0.6' ],
213 silly audit   'css-color-keywords': [ '1.0.0' ],
213 silly audit   'css-to-react-native': [ '3.2.0' ],
213 silly audit   csstype: [ '3.1.3' ],
213 silly audit   'damerau-levenshtein': [ '1.0.8' ],
213 silly audit   'data-view-buffer': [ '1.0.2' ],
213 silly audit   'data-view-byte-length': [ '1.0.2' ],
213 silly audit   'data-view-byte-offset': [ '1.0.1' ],
213 silly audit   'date-fns': [ '4.1.0' ],
213 silly audit   debug: [ '4.4.1', '3.2.7' ],
213 silly audit   'deep-is': [ '0.1.4' ],
213 silly audit   'define-data-property': [ '1.1.4' ],
213 silly audit   'define-properties': [ '1.2.1' ],
213 silly audit   'delayed-stream': [ '1.0.0' ],
213 silly audit   'detect-libc': [ '2.0.4' ],
213 silly audit   doctrine: [ '2.1.0' ],
213 silly audit   'dom-helpers': [ '5.2.1' ],
213 silly audit   'dunder-proto': [ '1.0.1' ],
213 silly audit   'emoji-regex': [ '9.2.2' ],
213 silly audit   'enhanced-resolve': [ '5.18.1' ],
213 silly audit   'error-ex': [ '1.3.2' ],
213 silly audit   'is-arrayish': [ '0.2.1', '0.3.2' ],
213 silly audit   'es-abstract': [ '1.23.9' ],
213 silly audit   'es-define-property': [ '1.0.1' ],
213 silly audit   'es-errors': [ '1.3.0' ],
213 silly audit   'es-iterator-helpers': [ '1.2.1' ],
213 silly audit   'es-object-atoms': [ '1.1.1' ],
213 silly audit   'es-set-tostringtag': [ '2.1.0' ],
213 silly audit   'es-shim-unscopables': [ '1.1.0' ],
213 silly audit   'es-to-primitive': [ '1.3.0' ],
213 silly audit   'escape-string-regexp': [ '4.0.0' ],
213 silly audit   eslint: [ '9.27.0' ],
213 silly audit   'eslint-config-next': [ '15.3.2' ],
213 silly audit   'eslint-import-resolver-node': [ '0.3.9' ],
213 silly audit   'eslint-import-resolver-typescript': [ '3.10.1' ],
213 silly audit   'eslint-module-utils': [ '2.12.0' ],
213 silly audit   'eslint-plugin-import': [ '2.31.0' ],
213 silly audit   semver: [ '6.3.1', '7.7.2' ],
213 silly audit   'eslint-plugin-jsx-a11y': [ '6.10.2' ],
213 silly audit   'eslint-plugin-react': [ '7.37.5' ],
213 silly audit   'eslint-plugin-react-hooks': [ '5.2.0' ],
213 silly audit   resolve: [ '2.0.0-next.5', '1.22.10' ],
213 silly audit   'eslint-scope': [ '8.3.0' ],
213 silly audit   espree: [ '10.3.0' ],
213 silly audit   esquery: [ '1.6.0' ],
213 silly audit   esrecurse: [ '4.3.0' ],
213 silly audit   estraverse: [ '5.3.0' ],
213 silly audit   esutils: [ '2.0.3' ],
213 silly audit   'fast-deep-equal': [ '3.1.3' ],
213 silly audit   'fast-json-stable-stringify': [ '2.1.0' ],
213 silly audit   'fast-levenshtein': [ '2.0.6' ],
213 silly audit   fastq: [ '1.19.1' ],
213 silly audit   'file-entry-cache': [ '8.0.0' ],
213 silly audit   'fill-range': [ '7.1.1' ],
213 silly audit   'find-root': [ '1.1.0' ],
213 silly audit   'find-up': [ '5.0.0' ],
213 silly audit   'flat-cache': [ '4.0.1' ],
213 silly audit   flatted: [ '3.3.3' ],
213 silly audit   'fluent-ffmpeg': [ '2.1.3' ],
213 silly audit   which: [ '1.3.1', '2.0.2' ],
213 silly audit   'follow-redirects': [ '1.15.9' ],
213 silly audit   'for-each': [ '0.3.5' ],
213 silly audit   'form-data': [ '4.0.2' ],
213 silly audit   'framer-motion': [ '12.12.1' ],
213 silly audit   'function-bind': [ '1.1.2' ],
213 silly audit   'function.prototype.name': [ '1.1.8' ],
213 silly audit   'functions-have-names': [ '1.2.3' ],
213 silly audit   'get-intrinsic': [ '1.3.0' ],
213 silly audit   'get-proto': [ '1.0.1' ],
213 silly audit   'get-symbol-description': [ '1.1.0' ],
213 silly audit   'get-tsconfig': [ '4.10.0' ],
213 silly audit   globalthis: [ '1.0.4' ],
213 silly audit   gopd: [ '1.2.0' ],
213 silly audit   'graceful-fs': [ '4.2.11' ],
213 silly audit   graphemer: [ '1.4.0' ],
213 silly audit   gsap: [ '3.13.0' ],
213 silly audit   'has-bigints': [ '1.1.0' ],
213 silly audit   'has-flag': [ '4.0.0' ],
213 silly audit   'has-property-descriptors': [ '1.0.2' ],
213 silly audit   'has-proto': [ '1.2.0' ],
213 silly audit   'has-symbols': [ '1.1.0' ],
213 silly audit   'has-tostringtag': [ '1.0.2' ],
213 silly audit   hasown: [ '2.0.2' ],
213 silly audit   'hoist-non-react-statics': [ '3.3.2' ],
213 silly audit   immer: [ '10.1.1' ],
213 silly audit   'import-fresh': [ '3.3.1' ],
213 silly audit   imurmurhash: [ '0.1.4' ],
213 silly audit   'internal-slot': [ '1.1.0' ],
213 silly audit   'is-array-buffer': [ '3.0.5' ],
213 silly audit   'is-async-function': [ '2.1.1' ],
213 silly audit   'is-bigint': [ '1.1.0' ],
213 silly audit   'is-boolean-object': [ '1.2.2' ],
213 silly audit   'is-bun-module': [ '2.0.0' ],
213 silly audit   'is-callable': [ '1.2.7' ],
213 silly audit   'is-core-module': [ '2.16.1' ],
213 silly audit   'is-data-view': [ '1.0.2' ],
213 silly audit   'is-date-object': [ '1.1.0' ],
213 silly audit   'is-extglob': [ '2.1.1' ],
213 silly audit   'is-finalizationregistry': [ '1.1.1' ],
213 silly audit   'is-generator-function': [ '1.1.0' ],
213 silly audit   'is-glob': [ '4.0.3' ],
213 silly audit   'is-map': [ '2.0.3' ],
213 silly audit   'is-number': [ '7.0.0' ],
213 silly audit   'is-number-object': [ '1.1.1' ],
213 silly audit   'is-regex': [ '1.2.1' ],
213 silly audit   'is-set': [ '2.0.3' ],
213 silly audit   'is-shared-array-buffer': [ '1.0.4' ],
213 silly audit   'is-string': [ '1.1.1' ],
213 silly audit   'is-symbol': [ '1.1.1' ],
213 silly audit   'is-typed-array': [ '1.1.15' ],
213 silly audit   'is-weakmap': [ '2.0.2' ],
213 silly audit   'is-weakref': [ '1.1.1' ],
213 silly audit   'is-weakset': [ '2.0.4' ],
213 silly audit   isarray: [ '2.0.5' ],
213 silly audit   isexe: [ '2.0.0' ],
213 silly audit   'iterator.prototype': [ '1.1.5' ],
213 silly audit   jiti: [ '2.4.2' ],
213 silly audit   jose: [ '4.15.9' ],
213 silly audit   'js-tokens': [ '4.0.0' ],
213 silly audit   'js-yaml': [ '4.1.0' ],
213 silly audit   jsesc: [ '3.1.0' ],
213 silly audit   'json-buffer': [ '3.0.1' ],
213 silly audit   'json-parse-even-better-errors': [ '2.3.1' ],
213 silly audit   'json-schema-traverse': [ '0.4.1' ],
213 silly audit   'json-stable-stringify-without-jsonify': [ '1.0.1' ],
213 silly audit   json5: [ '1.0.2' ],
213 silly audit   'jsx-ast-utils': [ '3.3.5' ],
213 silly audit   keyv: [ '4.5.4' ],
213 silly audit   'language-subtag-registry': [ '0.3.23' ],
213 silly audit   'language-tags': [ '1.0.9' ],
213 silly audit   levn: [ '0.4.1' ],
213 silly audit   lightningcss: [ '1.30.1' ],
213 silly audit   'lightningcss-darwin-arm64': [ '1.30.1' ],
213 silly audit   'lightningcss-darwin-x64': [ '1.30.1' ],
213 silly audit   'lightningcss-freebsd-x64': [ '1.30.1' ],
213 silly audit   'lightningcss-linux-arm-gnueabihf': [ '1.30.1' ],
213 silly audit   'lightningcss-linux-arm64-gnu': [ '1.30.1' ],
213 silly audit   'lightningcss-linux-arm64-musl': [ '1.30.1' ],
213 silly audit   'lightningcss-linux-x64-gnu': [ '1.30.1' ],
213 silly audit   'lightningcss-linux-x64-musl': [ '1.30.1' ],
213 silly audit   'lightningcss-win32-arm64-msvc': [ '1.30.1' ],
213 silly audit   'lightningcss-win32-x64-msvc': [ '1.30.1' ],
213 silly audit   'lines-and-columns': [ '1.2.4' ],
213 silly audit   'locate-path': [ '6.0.0' ],
213 silly audit   'lodash.debounce': [ '4.0.8' ],
213 silly audit   'lodash.merge': [ '4.6.2' ],
213 silly audit   'lodash.throttle': [ '4.1.1' ],
213 silly audit   'loose-envify': [ '1.4.0' ],
213 silly audit   'lru-cache': [ '6.0.0' ],
213 silly audit   yallist: [ '4.0.0', '5.0.0' ],
213 silly audit   'magic-string': [ '0.30.17' ],
213 silly audit   'math-intrinsics': [ '1.1.0' ],
213 silly audit   merge2: [ '1.4.1' ],
213 silly audit   micromatch: [ '4.0.8' ],
213 silly audit   'mime-db': [ '1.52.0' ],
213 silly audit   'mime-types': [ '2.1.35' ],
213 silly audit   minimist: [ '1.2.8' ],
213 silly audit   minipass: [ '7.1.2' ],
213 silly audit   minizlib: [ '3.0.2' ],
213 silly audit   mkdirp: [ '3.0.1', '1.0.4' ],
213 silly audit   'motion-dom': [ '12.12.1' ],
213 silly audit   'motion-utils': [ '12.12.1' ],
213 silly audit   ms: [ '2.1.3' ],
213 silly audit   nanoid: [ '3.3.11' ],
213 silly audit   'napi-postinstall': [ '0.2.4' ],
213 silly audit   'natural-compare': [ '1.4.0' ],
213 silly audit   next: [ '15.3.2' ],
213 silly audit   'next-auth': [ '4.24.11' ],
213 silly audit   postcss: [ '8.4.31', '8.5.3', '8.4.49' ],
213 silly audit   oauth: [ '0.9.15' ],
213 silly audit   'object-assign': [ '4.1.1' ],
213 silly audit   'object-hash': [ '2.2.0' ],
213 silly audit   'object-inspect': [ '1.13.4' ],
213 silly audit   'object-keys': [ '1.1.1' ],
213 silly audit   'object.assign': [ '4.1.7' ],
213 silly audit   'object.entries': [ '1.1.9' ],
213 silly audit   'object.fromentries': [ '2.0.8' ],
213 silly audit   'object.groupby': [ '1.0.3' ],
213 silly audit   'object.values': [ '1.2.1' ],
213 silly audit   'oidc-token-hash': [ '5.1.0' ],
213 silly audit   'openid-client': [ '5.7.1' ],
213 silly audit   optionator: [ '0.9.4' ],
213 silly audit   'otp-timer': [ '2.1.1' ],
213 silly audit   react: [ '16.14.0', '19.1.0' ],
213 silly audit   'react-dom': [ '16.14.0', '19.1.0' ],
213 silly audit   scheduler: [ '0.19.1', '0.26.0' ],
213 silly audit   'own-keys': [ '1.0.1' ],
213 silly audit   'p-limit': [ '3.1.0' ],
213 silly audit   'p-locate': [ '5.0.0' ],
213 silly audit   'parent-module': [ '1.0.1' ],
213 silly audit   'parse-json': [ '5.2.0' ],
213 silly audit   'path-exists': [ '4.0.0' ],
213 silly audit   'path-key': [ '3.1.1' ],
213 silly audit   'path-parse': [ '1.0.7' ],
213 silly audit   'path-type': [ '4.0.0' ],
213 silly audit   picocolors: [ '1.1.1' ],
213 silly audit   picomatch: [ '2.3.1', '4.0.2' ],
213 silly audit   'possible-typed-array-names': [ '1.1.0' ],
213 silly audit   'postcss-value-parser': [ '4.2.0' ],
213 silly audit   preact: [ '10.26.6' ],
213 silly audit   'preact-render-to-string': [ '5.2.6' ],
213 silly audit   'prelude-ls': [ '1.2.1' ],
213 silly audit   'pretty-format': [ '3.8.0' ],
213 silly audit   'prop-types': [ '15.8.1' ],
213 silly audit   'proxy-from-env': [ '1.1.0' ],
213 silly audit   punycode: [ '2.3.1' ],
213 silly audit   qs: [ '6.14.0' ],
213 silly audit   'queue-microtask': [ '1.2.3' ],
213 silly audit   'react-hook-form': [ '7.56.4' ],
213 silly audit   'react-icons': [ '5.5.0' ],
213 silly audit   'react-redux': [ '9.2.0' ],
213 silly audit   'react-toastify': [ '11.0.5' ],
213 silly audit   'react-transition-group': [ '4.4.5' ],
213 silly audit   redux: [ '5.0.1' ],
213 silly audit   'redux-thunk': [ '3.1.0' ],
213 silly audit   'reflect.getprototypeof': [ '1.0.10' ],
213 silly audit   'regexp.prototype.flags': [ '1.5.4' ],
213 silly audit   reselect: [ '5.1.1' ],
213 silly audit   'resolve-from': [ '4.0.0' ],
213 silly audit   'resolve-pkg-maps': [ '1.0.0' ],
213 silly audit   reusify: [ '1.1.0' ],
213 silly audit   'run-parallel': [ '1.2.0' ],
213 silly audit   'safe-array-concat': [ '1.1.3' ],
213 silly audit   'safe-push-apply': [ '1.0.0' ],
213 silly audit   'safe-regex-test': [ '1.1.0' ],
213 silly audit   'set-function-length': [ '1.2.2' ],
213 silly audit   'set-function-name': [ '2.0.2' ],
213 silly audit   'set-proto': [ '1.0.0' ],
213 silly audit   shallowequal: [ '1.1.0' ],
213 silly audit   sharp: [ '0.34.1' ],
213 silly audit   'shebang-command': [ '2.0.0' ],
213 silly audit   'shebang-regex': [ '3.0.0' ],
213 silly audit   'side-channel': [ '1.1.0' ],
213 silly audit   'side-channel-list': [ '1.0.0' ],
213 silly audit   'side-channel-map': [ '1.0.1' ],
213 silly audit   'side-channel-weakmap': [ '1.0.2' ],
213 silly audit   'simple-swizzle': [ '0.2.2' ],
213 silly audit   'source-map': [ '0.5.7' ],
213 silly audit   'source-map-js': [ '1.2.1' ],
213 silly audit   'stable-hash': [ '0.0.5' ],
213 silly audit   streamsearch: [ '1.1.0' ],
213 silly audit   'string.prototype.includes': [ '2.0.1' ],
213 silly audit   'string.prototype.matchall': [ '4.0.12' ],
213 silly audit   'string.prototype.repeat': [ '1.0.0' ],
213 silly audit   'string.prototype.trim': [ '1.2.10' ],
213 silly audit   'string.prototype.trimend': [ '1.0.9' ],
213 silly audit   'string.prototype.trimstart': [ '1.0.8' ],
213 silly audit   'strip-bom': [ '3.0.0' ],
213 silly audit   'strip-json-comments': [ '3.1.1' ],
213 silly audit   stripe: [ '18.2.1' ],
213 silly audit   'styled-components': [ '6.1.18' ],
213 silly audit   stylis: [ '4.3.2', '4.2.0' ],
213 silly audit   tslib: [ '2.6.2', '2.8.1' ],
213 silly audit   'styled-jsx': [ '5.1.6' ],
213 silly audit   'supports-color': [ '7.2.0' ],
213 silly audit   'supports-preserve-symlinks-flag': [ '1.0.0' ],
213 silly audit   sweetalert2: [ '11.21.2' ],
213 silly audit   swiper: [ '11.2.8' ],
213 silly audit   tailwindcss: [ '4.1.7' ],
213 silly audit   tapable: [ '2.2.1' ],
213 silly audit   tar: [ '7.4.3' ],
213 silly audit   tinyglobby: [ '0.2.13' ],
213 silly audit   fdir: [ '6.4.4' ],
213 silly audit   tmp: [ '0.2.3' ],
213 silly audit   'to-regex-range': [ '5.0.1' ],
213 silly audit   'ts-api-utils': [ '2.1.0' ],
213 silly audit   'tsconfig-paths': [ '3.15.0' ],
213 silly audit   'type-check': [ '0.4.0' ],
213 silly audit   'typed-array-buffer': [ '1.0.3' ],
213 silly audit   'typed-array-byte-length': [ '1.0.3' ],
213 silly audit   'typed-array-byte-offset': [ '1.0.4' ],
213 silly audit   'typed-array-length': [ '1.0.7' ],
213 silly audit   typescript: [ '5.8.3' ],
213 silly audit   'unbox-primitive': [ '1.1.0' ],
213 silly audit   'unrs-resolver': [ '1.7.2' ],
213 silly audit   'uri-js': [ '4.4.1' ],
213 silly audit   'use-sync-external-store': [ '1.5.0' ],
213 silly audit   uuid: [ '8.3.2' ],
213 silly audit   'which-boxed-primitive': [ '1.1.1' ],
213 silly audit   'which-builtin-type': [ '1.2.1' ],
213 silly audit   'which-collection': [ '1.0.2' ],
213 silly audit   'which-typed-array': [ '1.1.19' ],
213 silly audit   'word-wrap': [ '1.2.5' ],
213 silly audit   yaml: [ '1.10.2' ],
213 silly audit   'yocto-queue': [ '0.1.0' ],
213 silly audit   'ffmpeg-static': [ '5.2.0' ],
213 silly audit   'yt-dlp-exec': [ '1.0.2' ],
213 silly audit   '@derhuerst/http-basic': [ '8.2.4' ],
213 silly audit   'env-paths': [ '2.2.1' ],
213 silly audit   'https-proxy-agent': [ '5.0.1' ],
213 silly audit   progress: [ '2.0.3' ],
213 silly audit   caseless: [ '0.12.0' ],
213 silly audit   'concat-stream': [ '2.0.0' ],
213 silly audit   'http-response-object': [ '3.0.2' ],
213 silly audit   'parse-cache-control': [ '1.0.1' ],
213 silly audit   'buffer-from': [ '1.1.2' ],
213 silly audit   inherits: [ '2.0.4' ],
213 silly audit   'readable-stream': [ '3.6.2' ],
213 silly audit   typedarray: [ '0.0.6' ],
213 silly audit   'agent-base': [ '6.0.2' ],
213 silly audit   string_decoder: [ '1.3.0' ],
213 silly audit   'util-deprecate': [ '1.0.2' ],
213 silly audit   'safe-buffer': [ '5.2.1' ],
213 silly audit   '@types/node': [ '24.0.0', '10.17.60' ],
213 silly audit   'undici-types': [ '7.8.0' ],
213 silly audit   dargs: [ '7.0.0' ],
213 silly audit   execa: [ '5.1.1' ],
213 silly audit   'is-unix': [ '2.0.10' ],
213 silly audit   'node-fetch': [ '2.6.13' ],
213 silly audit   'get-stream': [ '6.0.1' ],
213 silly audit   'human-signals': [ '2.1.0' ],
213 silly audit   'is-stream': [ '2.0.1' ],
213 silly audit   'merge-stream': [ '2.0.0' ],
213 silly audit   'npm-run-path': [ '4.0.1' ],
213 silly audit   onetime: [ '5.1.2' ],
213 silly audit   'signal-exit': [ '3.0.7' ],
213 silly audit   'strip-final-newline': [ '2.0.0' ],
213 silly audit   'whatwg-url': [ '5.0.0' ],
213 silly audit   'mimic-fn': [ '2.1.0' ],
213 silly audit   tr46: [ '0.0.3' ],
213 silly audit   'webidl-conversions': [ '3.0.1' ],
213 silly audit   '@tailwindcss/oxide-wasm32-wasi': [ '4.1.7' ]
213 silly audit }
214 verbose reify failed optional dependency C:\project\SHOTDECK\frontend\shotdeck\node_modules\lightningcss-win32-arm64-msvc
215 silly reify mark deleted [
215 silly reify   'C:\\project\\SHOTDECK\\frontend\\shotdeck\\node_modules\\lightningcss-win32-arm64-msvc'
215 silly reify ]
216 verbose reify failed optional dependency C:\project\SHOTDECK\frontend\shotdeck\node_modules\lightningcss-linux-x64-musl
217 silly reify mark deleted [
217 silly reify   'C:\\project\\SHOTDECK\\frontend\\shotdeck\\node_modules\\lightningcss-linux-x64-musl'
217 silly reify ]
218 verbose reify failed optional dependency C:\project\SHOTDECK\frontend\shotdeck\node_modules\lightningcss-linux-x64-gnu
219 silly reify mark deleted [
219 silly reify   'C:\\project\\SHOTDECK\\frontend\\shotdeck\\node_modules\\lightningcss-linux-x64-gnu'
219 silly reify ]
220 verbose reify failed optional dependency C:\project\SHOTDECK\frontend\shotdeck\node_modules\lightningcss-linux-arm64-musl
221 silly reify mark deleted [
221 silly reify   'C:\\project\\SHOTDECK\\frontend\\shotdeck\\node_modules\\lightningcss-linux-arm64-musl'
221 silly reify ]
222 verbose reify failed optional dependency C:\project\SHOTDECK\frontend\shotdeck\node_modules\lightningcss-linux-arm64-gnu
223 silly reify mark deleted [
223 silly reify   'C:\\project\\SHOTDECK\\frontend\\shotdeck\\node_modules\\lightningcss-linux-arm64-gnu'
223 silly reify ]
224 verbose reify failed optional dependency C:\project\SHOTDECK\frontend\shotdeck\node_modules\lightningcss-linux-arm-gnueabihf
225 silly reify mark deleted [
225 silly reify   'C:\\project\\SHOTDECK\\frontend\\shotdeck\\node_modules\\lightningcss-linux-arm-gnueabihf'
225 silly reify ]
226 verbose reify failed optional dependency C:\project\SHOTDECK\frontend\shotdeck\node_modules\lightningcss-freebsd-x64
227 silly reify mark deleted [
227 silly reify   'C:\\project\\SHOTDECK\\frontend\\shotdeck\\node_modules\\lightningcss-freebsd-x64'
227 silly reify ]
228 verbose reify failed optional dependency C:\project\SHOTDECK\frontend\shotdeck\node_modules\lightningcss-darwin-x64
229 silly reify mark deleted [
229 silly reify   'C:\\project\\SHOTDECK\\frontend\\shotdeck\\node_modules\\lightningcss-darwin-x64'
229 silly reify ]
230 verbose reify failed optional dependency C:\project\SHOTDECK\frontend\shotdeck\node_modules\lightningcss-darwin-arm64
231 silly reify mark deleted [
231 silly reify   'C:\\project\\SHOTDECK\\frontend\\shotdeck\\node_modules\\lightningcss-darwin-arm64'
231 silly reify ]
232 verbose reify failed optional dependency C:\project\SHOTDECK\frontend\shotdeck\node_modules\@unrs\resolver-binding-win32-ia32-msvc
233 silly reify mark deleted [
233 silly reify   'C:\\project\\SHOTDECK\\frontend\\shotdeck\\node_modules\\@unrs\\resolver-binding-win32-ia32-msvc'
233 silly reify ]
234 verbose reify failed optional dependency C:\project\SHOTDECK\frontend\shotdeck\node_modules\@unrs\resolver-binding-win32-arm64-msvc
235 silly reify mark deleted [
235 silly reify   'C:\\project\\SHOTDECK\\frontend\\shotdeck\\node_modules\\@unrs\\resolver-binding-win32-arm64-msvc'
235 silly reify ]
236 verbose reify failed optional dependency C:\project\SHOTDECK\frontend\shotdeck\node_modules\@unrs\resolver-binding-wasm32-wasi
237 silly reify mark deleted [
237 silly reify   'C:\\project\\SHOTDECK\\frontend\\shotdeck\\node_modules\\@unrs\\resolver-binding-wasm32-wasi'
237 silly reify ]
238 verbose reify failed optional dependency C:\project\SHOTDECK\frontend\shotdeck\node_modules\@unrs\resolver-binding-linux-x64-musl
239 silly reify mark deleted [
239 silly reify   'C:\\project\\SHOTDECK\\frontend\\shotdeck\\node_modules\\@unrs\\resolver-binding-linux-x64-musl'
239 silly reify ]
240 verbose reify failed optional dependency C:\project\SHOTDECK\frontend\shotdeck\node_modules\@unrs\resolver-binding-linux-x64-gnu
241 silly reify mark deleted [
241 silly reify   'C:\\project\\SHOTDECK\\frontend\\shotdeck\\node_modules\\@unrs\\resolver-binding-linux-x64-gnu'
241 silly reify ]
242 verbose reify failed optional dependency C:\project\SHOTDECK\frontend\shotdeck\node_modules\@unrs\resolver-binding-linux-s390x-gnu
243 silly reify mark deleted [
243 silly reify   'C:\\project\\SHOTDECK\\frontend\\shotdeck\\node_modules\\@unrs\\resolver-binding-linux-s390x-gnu'
243 silly reify ]
244 verbose reify failed optional dependency C:\project\SHOTDECK\frontend\shotdeck\node_modules\@unrs\resolver-binding-linux-riscv64-musl
245 silly reify mark deleted [
245 silly reify   'C:\\project\\SHOTDECK\\frontend\\shotdeck\\node_modules\\@unrs\\resolver-binding-linux-riscv64-musl'
245 silly reify ]
246 verbose reify failed optional dependency C:\project\SHOTDECK\frontend\shotdeck\node_modules\@unrs\resolver-binding-linux-riscv64-gnu
247 silly reify mark deleted [
247 silly reify   'C:\\project\\SHOTDECK\\frontend\\shotdeck\\node_modules\\@unrs\\resolver-binding-linux-riscv64-gnu'
247 silly reify ]
248 verbose reify failed optional dependency C:\project\SHOTDECK\frontend\shotdeck\node_modules\@unrs\resolver-binding-linux-ppc64-gnu
249 silly reify mark deleted [
249 silly reify   'C:\\project\\SHOTDECK\\frontend\\shotdeck\\node_modules\\@unrs\\resolver-binding-linux-ppc64-gnu'
249 silly reify ]
250 verbose reify failed optional dependency C:\project\SHOTDECK\frontend\shotdeck\node_modules\@unrs\resolver-binding-linux-arm64-musl
251 silly reify mark deleted [
251 silly reify   'C:\\project\\SHOTDECK\\frontend\\shotdeck\\node_modules\\@unrs\\resolver-binding-linux-arm64-musl'
251 silly reify ]
252 verbose reify failed optional dependency C:\project\SHOTDECK\frontend\shotdeck\node_modules\@unrs\resolver-binding-linux-arm64-gnu
253 silly reify mark deleted [
253 silly reify   'C:\\project\\SHOTDECK\\frontend\\shotdeck\\node_modules\\@unrs\\resolver-binding-linux-arm64-gnu'
253 silly reify ]
254 verbose reify failed optional dependency C:\project\SHOTDECK\frontend\shotdeck\node_modules\@unrs\resolver-binding-linux-arm-musleabihf
255 silly reify mark deleted [
255 silly reify   'C:\\project\\SHOTDECK\\frontend\\shotdeck\\node_modules\\@unrs\\resolver-binding-linux-arm-musleabihf'
255 silly reify ]
256 verbose reify failed optional dependency C:\project\SHOTDECK\frontend\shotdeck\node_modules\@unrs\resolver-binding-linux-arm-gnueabihf
257 silly reify mark deleted [
257 silly reify   'C:\\project\\SHOTDECK\\frontend\\shotdeck\\node_modules\\@unrs\\resolver-binding-linux-arm-gnueabihf'
257 silly reify ]
258 verbose reify failed optional dependency C:\project\SHOTDECK\frontend\shotdeck\node_modules\@unrs\resolver-binding-freebsd-x64
259 silly reify mark deleted [
259 silly reify   'C:\\project\\SHOTDECK\\frontend\\shotdeck\\node_modules\\@unrs\\resolver-binding-freebsd-x64'
259 silly reify ]
260 verbose reify failed optional dependency C:\project\SHOTDECK\frontend\shotdeck\node_modules\@unrs\resolver-binding-darwin-x64
261 silly reify mark deleted [
261 silly reify   'C:\\project\\SHOTDECK\\frontend\\shotdeck\\node_modules\\@unrs\\resolver-binding-darwin-x64'
261 silly reify ]
262 verbose reify failed optional dependency C:\project\SHOTDECK\frontend\shotdeck\node_modules\@unrs\resolver-binding-darwin-arm64
263 silly reify mark deleted [
263 silly reify   'C:\\project\\SHOTDECK\\frontend\\shotdeck\\node_modules\\@unrs\\resolver-binding-darwin-arm64'
263 silly reify ]
264 verbose reify failed optional dependency C:\project\SHOTDECK\frontend\shotdeck\node_modules\@tailwindcss\oxide-win32-arm64-msvc
265 silly reify mark deleted [
265 silly reify   'C:\\project\\SHOTDECK\\frontend\\shotdeck\\node_modules\\@tailwindcss\\oxide-win32-arm64-msvc'
265 silly reify ]
266 verbose reify failed optional dependency C:\project\SHOTDECK\frontend\shotdeck\node_modules\@tailwindcss\oxide-linux-x64-musl
267 silly reify mark deleted [
267 silly reify   'C:\\project\\SHOTDECK\\frontend\\shotdeck\\node_modules\\@tailwindcss\\oxide-linux-x64-musl'
267 silly reify ]
268 verbose reify failed optional dependency C:\project\SHOTDECK\frontend\shotdeck\node_modules\@tailwindcss\oxide-linux-x64-gnu
269 silly reify mark deleted [
269 silly reify   'C:\\project\\SHOTDECK\\frontend\\shotdeck\\node_modules\\@tailwindcss\\oxide-linux-x64-gnu'
269 silly reify ]
270 verbose reify failed optional dependency C:\project\SHOTDECK\frontend\shotdeck\node_modules\@tailwindcss\oxide-linux-arm64-musl
271 silly reify mark deleted [
271 silly reify   'C:\\project\\SHOTDECK\\frontend\\shotdeck\\node_modules\\@tailwindcss\\oxide-linux-arm64-musl'
271 silly reify ]
272 verbose reify failed optional dependency C:\project\SHOTDECK\frontend\shotdeck\node_modules\@tailwindcss\oxide-linux-arm64-gnu
273 silly reify mark deleted [
273 silly reify   'C:\\project\\SHOTDECK\\frontend\\shotdeck\\node_modules\\@tailwindcss\\oxide-linux-arm64-gnu'
273 silly reify ]
274 verbose reify failed optional dependency C:\project\SHOTDECK\frontend\shotdeck\node_modules\@tailwindcss\oxide-linux-arm-gnueabihf
275 silly reify mark deleted [
275 silly reify   'C:\\project\\SHOTDECK\\frontend\\shotdeck\\node_modules\\@tailwindcss\\oxide-linux-arm-gnueabihf'
275 silly reify ]
276 verbose reify failed optional dependency C:\project\SHOTDECK\frontend\shotdeck\node_modules\@tailwindcss\oxide-freebsd-x64
277 silly reify mark deleted [
277 silly reify   'C:\\project\\SHOTDECK\\frontend\\shotdeck\\node_modules\\@tailwindcss\\oxide-freebsd-x64'
277 silly reify ]
278 verbose reify failed optional dependency C:\project\SHOTDECK\frontend\shotdeck\node_modules\@tailwindcss\oxide-darwin-x64
279 silly reify mark deleted [
279 silly reify   'C:\\project\\SHOTDECK\\frontend\\shotdeck\\node_modules\\@tailwindcss\\oxide-darwin-x64'
279 silly reify ]
280 verbose reify failed optional dependency C:\project\SHOTDECK\frontend\shotdeck\node_modules\@tailwindcss\oxide-darwin-arm64
281 silly reify mark deleted [
281 silly reify   'C:\\project\\SHOTDECK\\frontend\\shotdeck\\node_modules\\@tailwindcss\\oxide-darwin-arm64'
281 silly reify ]
282 verbose reify failed optional dependency C:\project\SHOTDECK\frontend\shotdeck\node_modules\@tailwindcss\oxide-android-arm64
283 silly reify mark deleted [
283 silly reify   'C:\\project\\SHOTDECK\\frontend\\shotdeck\\node_modules\\@tailwindcss\\oxide-android-arm64'
283 silly reify ]
284 verbose reify failed optional dependency C:\project\SHOTDECK\frontend\shotdeck\node_modules\@next\swc-win32-arm64-msvc
285 silly reify mark deleted [
285 silly reify   'C:\\project\\SHOTDECK\\frontend\\shotdeck\\node_modules\\@next\\swc-win32-arm64-msvc'
285 silly reify ]
286 verbose reify failed optional dependency C:\project\SHOTDECK\frontend\shotdeck\node_modules\@next\swc-linux-x64-musl
287 silly reify mark deleted [
287 silly reify   'C:\\project\\SHOTDECK\\frontend\\shotdeck\\node_modules\\@next\\swc-linux-x64-musl'
287 silly reify ]
288 verbose reify failed optional dependency C:\project\SHOTDECK\frontend\shotdeck\node_modules\@next\swc-linux-x64-gnu
289 silly reify mark deleted [
289 silly reify   'C:\\project\\SHOTDECK\\frontend\\shotdeck\\node_modules\\@next\\swc-linux-x64-gnu'
289 silly reify ]
290 verbose reify failed optional dependency C:\project\SHOTDECK\frontend\shotdeck\node_modules\@next\swc-linux-arm64-musl
291 silly reify mark deleted [
291 silly reify   'C:\\project\\SHOTDECK\\frontend\\shotdeck\\node_modules\\@next\\swc-linux-arm64-musl'
291 silly reify ]
292 verbose reify failed optional dependency C:\project\SHOTDECK\frontend\shotdeck\node_modules\@next\swc-linux-arm64-gnu
293 silly reify mark deleted [
293 silly reify   'C:\\project\\SHOTDECK\\frontend\\shotdeck\\node_modules\\@next\\swc-linux-arm64-gnu'
293 silly reify ]
294 verbose reify failed optional dependency C:\project\SHOTDECK\frontend\shotdeck\node_modules\@next\swc-darwin-x64
295 silly reify mark deleted [
295 silly reify   'C:\\project\\SHOTDECK\\frontend\\shotdeck\\node_modules\\@next\\swc-darwin-x64'
295 silly reify ]
296 verbose reify failed optional dependency C:\project\SHOTDECK\frontend\shotdeck\node_modules\@next\swc-darwin-arm64
297 silly reify mark deleted [
297 silly reify   'C:\\project\\SHOTDECK\\frontend\\shotdeck\\node_modules\\@next\\swc-darwin-arm64'
297 silly reify ]
298 verbose reify failed optional dependency C:\project\SHOTDECK\frontend\shotdeck\node_modules\@img\sharp-win32-ia32
299 silly reify mark deleted [
299 silly reify   'C:\\project\\SHOTDECK\\frontend\\shotdeck\\node_modules\\@img\\sharp-win32-ia32'
299 silly reify ]
300 verbose reify failed optional dependency C:\project\SHOTDECK\frontend\shotdeck\node_modules\@img\sharp-wasm32
301 silly reify mark deleted [
301 silly reify   'C:\\project\\SHOTDECK\\frontend\\shotdeck\\node_modules\\@img\\sharp-wasm32'
301 silly reify ]
302 verbose reify failed optional dependency C:\project\SHOTDECK\frontend\shotdeck\node_modules\@img\sharp-linuxmusl-x64
303 silly reify mark deleted [
303 silly reify   'C:\\project\\SHOTDECK\\frontend\\shotdeck\\node_modules\\@img\\sharp-linuxmusl-x64'
303 silly reify ]
304 verbose reify failed optional dependency C:\project\SHOTDECK\frontend\shotdeck\node_modules\@img\sharp-linuxmusl-arm64
305 silly reify mark deleted [
305 silly reify   'C:\\project\\SHOTDECK\\frontend\\shotdeck\\node_modules\\@img\\sharp-linuxmusl-arm64'
305 silly reify ]
306 verbose reify failed optional dependency C:\project\SHOTDECK\frontend\shotdeck\node_modules\@img\sharp-linux-x64
307 silly reify mark deleted [
307 silly reify   'C:\\project\\SHOTDECK\\frontend\\shotdeck\\node_modules\\@img\\sharp-linux-x64'
307 silly reify ]
308 verbose reify failed optional dependency C:\project\SHOTDECK\frontend\shotdeck\node_modules\@img\sharp-linux-s390x
309 silly reify mark deleted [
309 silly reify   'C:\\project\\SHOTDECK\\frontend\\shotdeck\\node_modules\\@img\\sharp-linux-s390x'
309 silly reify ]
310 verbose reify failed optional dependency C:\project\SHOTDECK\frontend\shotdeck\node_modules\@img\sharp-linux-arm64
311 silly reify mark deleted [
311 silly reify   'C:\\project\\SHOTDECK\\frontend\\shotdeck\\node_modules\\@img\\sharp-linux-arm64'
311 silly reify ]
312 verbose reify failed optional dependency C:\project\SHOTDECK\frontend\shotdeck\node_modules\@img\sharp-linux-arm
313 silly reify mark deleted [
313 silly reify   'C:\\project\\SHOTDECK\\frontend\\shotdeck\\node_modules\\@img\\sharp-linux-arm'
313 silly reify ]
314 verbose reify failed optional dependency C:\project\SHOTDECK\frontend\shotdeck\node_modules\@img\sharp-libvips-linuxmusl-x64
315 silly reify mark deleted [
315 silly reify   'C:\\project\\SHOTDECK\\frontend\\shotdeck\\node_modules\\@img\\sharp-libvips-linuxmusl-x64'
315 silly reify ]
316 verbose reify failed optional dependency C:\project\SHOTDECK\frontend\shotdeck\node_modules\@img\sharp-libvips-linuxmusl-arm64
317 silly reify mark deleted [
317 silly reify   'C:\\project\\SHOTDECK\\frontend\\shotdeck\\node_modules\\@img\\sharp-libvips-linuxmusl-arm64'
317 silly reify ]
318 verbose reify failed optional dependency C:\project\SHOTDECK\frontend\shotdeck\node_modules\@img\sharp-libvips-linux-x64
319 silly reify mark deleted [
319 silly reify   'C:\\project\\SHOTDECK\\frontend\\shotdeck\\node_modules\\@img\\sharp-libvips-linux-x64'
319 silly reify ]
320 verbose reify failed optional dependency C:\project\SHOTDECK\frontend\shotdeck\node_modules\@img\sharp-libvips-linux-s390x
321 silly reify mark deleted [
321 silly reify   'C:\\project\\SHOTDECK\\frontend\\shotdeck\\node_modules\\@img\\sharp-libvips-linux-s390x'
321 silly reify ]
322 verbose reify failed optional dependency C:\project\SHOTDECK\frontend\shotdeck\node_modules\@img\sharp-libvips-linux-ppc64
323 silly reify mark deleted [
323 silly reify   'C:\\project\\SHOTDECK\\frontend\\shotdeck\\node_modules\\@img\\sharp-libvips-linux-ppc64'
323 silly reify ]
324 verbose reify failed optional dependency C:\project\SHOTDECK\frontend\shotdeck\node_modules\@img\sharp-libvips-linux-arm64
325 silly reify mark deleted [
325 silly reify   'C:\\project\\SHOTDECK\\frontend\\shotdeck\\node_modules\\@img\\sharp-libvips-linux-arm64'
325 silly reify ]
326 verbose reify failed optional dependency C:\project\SHOTDECK\frontend\shotdeck\node_modules\@img\sharp-libvips-linux-arm
327 silly reify mark deleted [
327 silly reify   'C:\\project\\SHOTDECK\\frontend\\shotdeck\\node_modules\\@img\\sharp-libvips-linux-arm'
327 silly reify ]
328 verbose reify failed optional dependency C:\project\SHOTDECK\frontend\shotdeck\node_modules\@img\sharp-libvips-darwin-x64
329 silly reify mark deleted [
329 silly reify   'C:\\project\\SHOTDECK\\frontend\\shotdeck\\node_modules\\@img\\sharp-libvips-darwin-x64'
329 silly reify ]
330 verbose reify failed optional dependency C:\project\SHOTDECK\frontend\shotdeck\node_modules\@img\sharp-libvips-darwin-arm64
331 silly reify mark deleted [
331 silly reify   'C:\\project\\SHOTDECK\\frontend\\shotdeck\\node_modules\\@img\\sharp-libvips-darwin-arm64'
331 silly reify ]
332 verbose reify failed optional dependency C:\project\SHOTDECK\frontend\shotdeck\node_modules\@img\sharp-darwin-x64
333 silly reify mark deleted [
333 silly reify   'C:\\project\\SHOTDECK\\frontend\\shotdeck\\node_modules\\@img\\sharp-darwin-x64'
333 silly reify ]
334 verbose reify failed optional dependency C:\project\SHOTDECK\frontend\shotdeck\node_modules\@img\sharp-darwin-arm64
335 silly reify mark deleted [
335 silly reify   'C:\\project\\SHOTDECK\\frontend\\shotdeck\\node_modules\\@img\\sharp-darwin-arm64'
335 silly reify ]
336 verbose reify failed optional dependency C:\project\SHOTDECK\frontend\shotdeck\node_modules\@ffprobe-installer\win32-ia32
337 silly reify mark deleted [
337 silly reify   'C:\\project\\SHOTDECK\\frontend\\shotdeck\\node_modules\\@ffprobe-installer\\win32-ia32'
337 silly reify ]
338 verbose reify failed optional dependency C:\project\SHOTDECK\frontend\shotdeck\node_modules\@ffprobe-installer\linux-x64
339 silly reify mark deleted [
339 silly reify   'C:\\project\\SHOTDECK\\frontend\\shotdeck\\node_modules\\@ffprobe-installer\\linux-x64'
339 silly reify ]
340 verbose reify failed optional dependency C:\project\SHOTDECK\frontend\shotdeck\node_modules\@ffprobe-installer\linux-ia32
341 silly reify mark deleted [
341 silly reify   'C:\\project\\SHOTDECK\\frontend\\shotdeck\\node_modules\\@ffprobe-installer\\linux-ia32'
341 silly reify ]
342 verbose reify failed optional dependency C:\project\SHOTDECK\frontend\shotdeck\node_modules\@ffprobe-installer\linux-arm64
343 silly reify mark deleted [
343 silly reify   'C:\\project\\SHOTDECK\\frontend\\shotdeck\\node_modules\\@ffprobe-installer\\linux-arm64'
343 silly reify ]
344 verbose reify failed optional dependency C:\project\SHOTDECK\frontend\shotdeck\node_modules\@ffprobe-installer\linux-arm
345 silly reify mark deleted [
345 silly reify   'C:\\project\\SHOTDECK\\frontend\\shotdeck\\node_modules\\@ffprobe-installer\\linux-arm'
345 silly reify ]
346 verbose reify failed optional dependency C:\project\SHOTDECK\frontend\shotdeck\node_modules\@ffprobe-installer\darwin-x64
347 silly reify mark deleted [
347 silly reify   'C:\\project\\SHOTDECK\\frontend\\shotdeck\\node_modules\\@ffprobe-installer\\darwin-x64'
347 silly reify ]
348 verbose reify failed optional dependency C:\project\SHOTDECK\frontend\shotdeck\node_modules\@ffprobe-installer\darwin-arm64
349 silly reify mark deleted [
349 silly reify   'C:\\project\\SHOTDECK\\frontend\\shotdeck\\node_modules\\@ffprobe-installer\\darwin-arm64'
349 silly reify ]
350 verbose reify failed optional dependency C:\project\SHOTDECK\frontend\shotdeck\node_modules\@ffmpeg-installer\win32-ia32
351 silly reify mark deleted [
351 silly reify   'C:\\project\\SHOTDECK\\frontend\\shotdeck\\node_modules\\@ffmpeg-installer\\win32-ia32'
351 silly reify ]
352 verbose reify failed optional dependency C:\project\SHOTDECK\frontend\shotdeck\node_modules\@ffmpeg-installer\linux-x64
353 silly reify mark deleted [
353 silly reify   'C:\\project\\SHOTDECK\\frontend\\shotdeck\\node_modules\\@ffmpeg-installer\\linux-x64'
353 silly reify ]
354 verbose reify failed optional dependency C:\project\SHOTDECK\frontend\shotdeck\node_modules\@ffmpeg-installer\linux-ia32
355 silly reify mark deleted [
355 silly reify   'C:\\project\\SHOTDECK\\frontend\\shotdeck\\node_modules\\@ffmpeg-installer\\linux-ia32'
355 silly reify ]
356 verbose reify failed optional dependency C:\project\SHOTDECK\frontend\shotdeck\node_modules\@ffmpeg-installer\linux-arm64
357 silly reify mark deleted [
357 silly reify   'C:\\project\\SHOTDECK\\frontend\\shotdeck\\node_modules\\@ffmpeg-installer\\linux-arm64'
357 silly reify ]
358 verbose reify failed optional dependency C:\project\SHOTDECK\frontend\shotdeck\node_modules\@ffmpeg-installer\linux-arm
359 silly reify mark deleted [
359 silly reify   'C:\\project\\SHOTDECK\\frontend\\shotdeck\\node_modules\\@ffmpeg-installer\\linux-arm'
359 silly reify ]
360 verbose reify failed optional dependency C:\project\SHOTDECK\frontend\shotdeck\node_modules\@ffmpeg-installer\darwin-x64
361 silly reify mark deleted [
361 silly reify   'C:\\project\\SHOTDECK\\frontend\\shotdeck\\node_modules\\@ffmpeg-installer\\darwin-x64'
361 silly reify ]
362 verbose reify failed optional dependency C:\project\SHOTDECK\frontend\shotdeck\node_modules\@ffmpeg-installer\darwin-arm64
363 silly reify mark deleted [
363 silly reify   'C:\\project\\SHOTDECK\\frontend\\shotdeck\\node_modules\\@ffmpeg-installer\\darwin-arm64'
363 silly reify ]
364 http cache tr46@https://registry.npmjs.org/tr46/-/tr46-0.0.3.tgz 1ms (cache hit)
365 http cache mimic-fn@https://registry.npmjs.org/mimic-fn/-/mimic-fn-2.1.0.tgz 0ms (cache hit)
366 http cache strip-final-newline@https://registry.npmjs.org/strip-final-newline/-/strip-final-newline-2.0.0.tgz 0ms (cache hit)
367 http cache signal-exit@https://registry.npmjs.org/signal-exit/-/signal-exit-3.0.7.tgz 0ms (cache hit)
368 http cache npm-run-path@https://registry.npmjs.org/npm-run-path/-/npm-run-path-4.0.1.tgz 0ms (cache hit)
369 http cache is-stream@https://registry.npmjs.org/is-stream/-/is-stream-2.0.1.tgz 0ms (cache hit)
370 http cache onetime@https://registry.npmjs.org/onetime/-/onetime-5.1.2.tgz 0ms (cache hit)
371 http cache merge-stream@https://registry.npmjs.org/merge-stream/-/merge-stream-2.0.0.tgz 0ms (cache hit)
372 http cache webidl-conversions@https://registry.npmjs.org/webidl-conversions/-/webidl-conversions-3.0.1.tgz 0ms (cache hit)
373 http cache whatwg-url@https://registry.npmjs.org/whatwg-url/-/whatwg-url-5.0.0.tgz 0ms (cache hit)
374 http cache human-signals@https://registry.npmjs.org/human-signals/-/human-signals-2.1.0.tgz 0ms (cache hit)
375 http cache node-fetch@https://registry.npmjs.org/node-fetch/-/node-fetch-2.6.13.tgz 0ms (cache hit)
376 http cache get-stream@https://registry.npmjs.org/get-stream/-/get-stream-6.0.1.tgz 0ms (cache hit)
377 http cache @types/node@https://registry.npmjs.org/@types/node/-/node-24.0.0.tgz 0ms (cache hit)
378 http cache undici-types@https://registry.npmjs.org/undici-types/-/undici-types-7.8.0.tgz 0ms (cache hit)
379 http cache safe-buffer@https://registry.npmjs.org/safe-buffer/-/safe-buffer-5.2.1.tgz 0ms (cache hit)
380 http cache execa@https://registry.npmjs.org/execa/-/execa-5.1.1.tgz 0ms (cache hit)
381 http cache is-unix@https://registry.npmjs.org/is-unix/-/is-unix-2.0.10.tgz 0ms (cache hit)
382 http cache dargs@https://registry.npmjs.org/dargs/-/dargs-7.0.0.tgz 0ms (cache hit)
383 http cache util-deprecate@https://registry.npmjs.org/util-deprecate/-/util-deprecate-1.0.2.tgz 0ms (cache hit)
384 http cache string_decoder@https://registry.npmjs.org/string_decoder/-/string_decoder-1.3.0.tgz 0ms (cache hit)
385 http cache readable-stream@https://registry.npmjs.org/readable-stream/-/readable-stream-3.6.2.tgz 0ms (cache hit)
386 http cache inherits@https://registry.npmjs.org/inherits/-/inherits-2.0.4.tgz 0ms (cache hit)
387 http cache agent-base@https://registry.npmjs.org/agent-base/-/agent-base-6.0.2.tgz 0ms (cache hit)
388 http cache typedarray@https://registry.npmjs.org/typedarray/-/typedarray-0.0.6.tgz 0ms (cache hit)
389 http cache buffer-from@https://registry.npmjs.org/buffer-from/-/buffer-from-1.1.2.tgz 0ms (cache hit)
390 http cache parse-cache-control@https://registry.npmjs.org/parse-cache-control/-/parse-cache-control-1.0.1.tgz 0ms (cache hit)
391 http cache concat-stream@https://registry.npmjs.org/concat-stream/-/concat-stream-2.0.0.tgz 0ms (cache hit)
392 http cache progress@https://registry.npmjs.org/progress/-/progress-2.0.3.tgz 0ms (cache hit)
393 http cache caseless@https://registry.npmjs.org/caseless/-/caseless-0.12.0.tgz 0ms (cache hit)
394 http cache http-response-object@https://registry.npmjs.org/http-response-object/-/http-response-object-3.0.2.tgz 0ms (cache hit)
395 http cache https-proxy-agent@https://registry.npmjs.org/https-proxy-agent/-/https-proxy-agent-5.0.1.tgz 0ms (cache hit)
396 http cache @derhuerst/http-basic@https://registry.npmjs.org/@derhuerst/http-basic/-/http-basic-8.2.4.tgz 0ms (cache hit)
397 http cache @types/node@https://registry.npmjs.org/@types/node/-/node-10.17.60.tgz 0ms (cache hit)
398 http cache env-paths@https://registry.npmjs.org/env-paths/-/env-paths-2.2.1.tgz 0ms (cache hit)
399 http cache yt-dlp-exec@https://registry.npmjs.org/yt-dlp-exec/-/yt-dlp-exec-1.0.2.tgz 0ms (cache hit)
400 http cache ffmpeg-static@https://registry.npmjs.org/ffmpeg-static/-/ffmpeg-static-5.2.0.tgz 0ms (cache hit)
401 http cache mkdirp@https://registry.npmjs.org/mkdirp/-/mkdirp-1.0.4.tgz 0ms (cache hit)
402 silly tarball no local data for node-fetch@https://registry.npmjs.org/node-fetch/-/node-fetch-2.6.13.tgz. Extracting by manifest.
403 silly tarball no local data for undici-types@https://registry.npmjs.org/undici-types/-/undici-types-7.8.0.tgz. Extracting by manifest.
404 silly tarball no local data for @types/node@https://registry.npmjs.org/@types/node/-/node-24.0.0.tgz. Extracting by manifest.
405 silly tarball no local data for is-unix@https://registry.npmjs.org/is-unix/-/is-unix-2.0.10.tgz. Extracting by manifest.
406 silly tarball no local data for dargs@https://registry.npmjs.org/dargs/-/dargs-7.0.0.tgz. Extracting by manifest.
407 silly tarball no local data for string_decoder@https://registry.npmjs.org/string_decoder/-/string_decoder-1.3.0.tgz. Extracting by manifest.
408 silly tarball no local data for readable-stream@https://registry.npmjs.org/readable-stream/-/readable-stream-3.6.2.tgz. Extracting by manifest.
409 silly tarball no local data for agent-base@https://registry.npmjs.org/agent-base/-/agent-base-6.0.2.tgz. Extracting by manifest.
410 silly tarball no local data for typedarray@https://registry.npmjs.org/typedarray/-/typedarray-0.0.6.tgz. Extracting by manifest.
411 silly tarball no local data for parse-cache-control@https://registry.npmjs.org/parse-cache-control/-/parse-cache-control-1.0.1.tgz. Extracting by manifest.
412 silly tarball no local data for concat-stream@https://registry.npmjs.org/concat-stream/-/concat-stream-2.0.0.tgz. Extracting by manifest.
413 silly tarball no local data for progress@https://registry.npmjs.org/progress/-/progress-2.0.3.tgz. Extracting by manifest.
414 silly tarball no local data for caseless@https://registry.npmjs.org/caseless/-/caseless-0.12.0.tgz. Extracting by manifest.
415 silly tarball no local data for http-response-object@https://registry.npmjs.org/http-response-object/-/http-response-object-3.0.2.tgz. Extracting by manifest.
416 silly tarball no local data for https-proxy-agent@https://registry.npmjs.org/https-proxy-agent/-/https-proxy-agent-5.0.1.tgz. Extracting by manifest.
417 silly tarball no local data for @derhuerst/http-basic@https://registry.npmjs.org/@derhuerst/http-basic/-/http-basic-8.2.4.tgz. Extracting by manifest.
418 silly tarball no local data for @types/node@https://registry.npmjs.org/@types/node/-/node-10.17.60.tgz. Extracting by manifest.
419 silly tarball no local data for env-paths@https://registry.npmjs.org/env-paths/-/env-paths-2.2.1.tgz. Extracting by manifest.
420 silly tarball no local data for yt-dlp-exec@https://registry.npmjs.org/yt-dlp-exec/-/yt-dlp-exec-1.0.2.tgz. Extracting by manifest.
421 silly tarball no local data for ffmpeg-static@https://registry.npmjs.org/ffmpeg-static/-/ffmpeg-static-5.2.0.tgz. Extracting by manifest.
422 silly tarball no local data for mkdirp@https://registry.npmjs.org/mkdirp/-/mkdirp-1.0.4.tgz. Extracting by manifest.
423 http fetch GET 200 https://registry.npmjs.org/progress/-/progress-2.0.3.tgz 84ms (cache miss)
424 http fetch GET 200 https://registry.npmjs.org/string_decoder/-/string_decoder-1.3.0.tgz 141ms (cache miss)
425 http fetch GET 200 https://registry.npmjs.org/is-unix/-/is-unix-2.0.10.tgz 217ms (cache miss)
426 http fetch GET 200 https://registry.npmjs.org/node-fetch/-/node-fetch-2.6.13.tgz 295ms (cache miss)
427 http fetch GET 200 https://registry.npmjs.org/parse-cache-control/-/parse-cache-control-1.0.1.tgz 297ms (cache miss)
428 http fetch GET 200 https://registry.npmjs.org/agent-base/-/agent-base-6.0.2.tgz 300ms (cache miss)
429 http fetch GET 200 https://registry.npmjs.org/typedarray/-/typedarray-0.0.6.tgz 304ms (cache miss)
430 http fetch GET 200 https://registry.npmjs.org/readable-stream/-/readable-stream-3.6.2.tgz 314ms (cache miss)
431 http fetch GET 200 https://registry.npmjs.org/https-proxy-agent/-/https-proxy-agent-5.0.1.tgz 333ms (cache miss)
432 http fetch GET 200 https://registry.npmjs.org/dargs/-/dargs-7.0.0.tgz 360ms (cache miss)
433 http fetch GET 200 https://registry.npmjs.org/undici-types/-/undici-types-7.8.0.tgz 373ms (cache miss)
434 http fetch GET 200 https://registry.npmjs.org/caseless/-/caseless-0.12.0.tgz 415ms (cache miss)
435 http fetch POST 200 https://registry.npmjs.org/-/npm/v1/security/advisories/bulk 499ms
436 silly audit report {
436 silly audit report   sweetalert2: [
436 silly audit report     {
436 silly audit report       id: 1094698,
436 silly audit report       url: 'https://github.com/advisories/GHSA-mrr8-v49w-3333',
436 silly audit report       title: 'sweetalert2 v11.6.14 and above contains potentially undesirable behavior',
436 silly audit report       severity: 'low',
436 silly audit report       vulnerable_versions: '>=11.6.14',
436 silly audit report       cwe: [Array],
436 silly audit report       cvss: [Object]
436 silly audit report     }
436 silly audit report   ]
436 silly audit report }
437 silly packumentCache corgi:https://registry.npmjs.org/sweetalert2 cache-miss
438 http fetch GET 200 https://registry.npmjs.org/yt-dlp-exec/-/yt-dlp-exec-1.0.2.tgz 522ms (cache miss)
439 http fetch GET 200 https://registry.npmjs.org/http-response-object/-/http-response-object-3.0.2.tgz 526ms (cache miss)
440 http fetch GET 200 https://registry.npmjs.org/ffmpeg-static/-/ffmpeg-static-5.2.0.tgz 555ms (cache miss)
441 http fetch GET 200 https://registry.npmjs.org/env-paths/-/env-paths-2.2.1.tgz 600ms (cache miss)
442 http fetch GET 200 https://registry.npmjs.org/mkdirp/-/mkdirp-1.0.4.tgz 606ms (cache miss)
443 http fetch GET 200 https://registry.npmjs.org/@derhuerst/http-basic/-/http-basic-8.2.4.tgz 611ms (cache miss)
444 http fetch GET 200 https://registry.npmjs.org/concat-stream/-/concat-stream-2.0.0.tgz 626ms (cache miss)
445 http fetch GET 200 https://registry.npmjs.org/@types/node/-/node-10.17.60.tgz 715ms (cache miss)
446 http fetch GET 200 https://registry.npmjs.org/sweetalert2 1058ms (cache revalidated)
447 silly packumentCache corgi:https://registry.npmjs.org/sweetalert2 set size:1477287 disposed:false
448 http fetch GET 200 https://registry.npmjs.org/@types/node/-/node-24.0.0.tgz 2126ms (cache miss)
449 info run yt-dlp-exec@1.0.2 preinstall node_modules/yt-dlp-exec npx bin-version-check-cli python ">=2"
450 info run yt-dlp-exec@1.0.2 preinstall { code: 0, signal: null }
451 info run ffmpeg-static@5.2.0 install node_modules/ffmpeg-static node install.js
452 info run ffmpeg-static@5.2.0 install { code: 0, signal: null }
453 info run yt-dlp-exec@1.0.2 postinstall node_modules/yt-dlp-exec node scripts/postinstall.js
454 info run yt-dlp-exec@1.0.2 postinstall { code: 0, signal: null }
455 silly ADD node_modules/webidl-conversions
456 silly ADD node_modules/tr46
457 silly ADD node_modules/mimic-fn
458 silly ADD node_modules/whatwg-url
459 silly ADD node_modules/strip-final-newline
460 silly ADD node_modules/signal-exit
461 silly ADD node_modules/onetime
462 silly ADD node_modules/npm-run-path
463 silly ADD node_modules/merge-stream
464 silly ADD node_modules/is-stream
465 silly ADD node_modules/human-signals
466 silly ADD node_modules/get-stream
467 silly ADD node_modules/node-fetch
468 silly ADD node_modules/is-unix
469 silly ADD node_modules/execa
470 silly ADD node_modules/dargs
471 silly ADD node_modules/undici-types
472 silly ADD node_modules/@types/node
473 silly ADD node_modules/safe-buffer
474 silly ADD node_modules/util-deprecate
475 silly ADD node_modules/string_decoder
476 silly ADD node_modules/agent-base
477 silly ADD node_modules/typedarray
478 silly ADD node_modules/readable-stream
479 silly ADD node_modules/inherits
480 silly ADD node_modules/buffer-from
481 silly ADD node_modules/parse-cache-control
482 silly ADD node_modules/http-response-object
483 silly ADD node_modules/http-response-object/node_modules/@types/node
484 silly ADD node_modules/concat-stream
485 silly ADD node_modules/caseless
486 silly ADD node_modules/progress
487 silly ADD node_modules/https-proxy-agent
488 silly ADD node_modules/env-paths
489 silly ADD node_modules/@derhuerst/http-basic
490 silly ADD node_modules/yt-dlp-exec
491 silly ADD node_modules/yt-dlp-exec/node_modules/mkdirp
492 silly ADD node_modules/ffmpeg-static
493 silly ADD
494 silly ADD
495 silly ADD
496 silly ADD
497 silly ADD
498 silly ADD
499 silly ADD
500 silly ADD
501 silly ADD
502 silly ADD
503 silly ADD
504 silly ADD
505 silly ADD
506 silly ADD
507 silly ADD
508 silly ADD
509 silly ADD
510 silly ADD
511 silly ADD
512 silly ADD
513 silly ADD
514 silly ADD
515 silly ADD
516 silly ADD
517 silly ADD
518 silly ADD
519 silly ADD
520 silly ADD
521 silly ADD
522 silly ADD
523 silly ADD
524 silly ADD
525 silly ADD
526 silly ADD
527 silly ADD
528 silly ADD
529 silly ADD
530 silly ADD
531 silly ADD
532 silly ADD
533 silly ADD
534 silly ADD
535 silly ADD
536 silly ADD
537 silly ADD
538 silly ADD
539 silly ADD
540 silly ADD
541 silly ADD
542 silly ADD
543 silly ADD
544 silly ADD
545 silly ADD
546 silly ADD
547 silly ADD
548 silly ADD
549 silly ADD
550 silly ADD
551 silly ADD
552 silly ADD
553 silly ADD
554 silly ADD
555 silly ADD
556 silly ADD
557 silly ADD
558 silly ADD
559 silly ADD
560 silly ADD
561 silly ADD
562 silly ADD
563 silly ADD
564 silly ADD
565 silly ADD
566 silly ADD
567 silly ADD
568 silly ADD
569 verbose cwd C:\project\SHOTDECK\frontend\shotdeck
570 verbose os Windows_NT 10.0.26100
571 verbose node v22.15.1
572 verbose npm  v10.9.2
573 verbose exit 0
574 info ok
