0 verbose cli C:\Program Files\nodejs\node.exe C:\Program Files\nodejs\node_modules\npm\bin\npm-cli.js
1 info using npm@10.9.2
2 info using node@v22.15.1
3 silly config load:file:C:\Program Files\nodejs\node_modules\npm\npmrc
4 silly config load:file:C:\project\SHOTDECK\frontend\shotdeck\.npmrc
5 silly config load:file:C:\Users\rakib\.npmrc
6 silly config load:file:C:\Program Files\nodejs\npm-global\etc\npmrc
7 verbose title npm install gsap@latest
8 verbose argv "install" "gsap@latest"
9 verbose logfile logs-max:10 dir:C:\project\SHOTDECK\frontend\shotdeck\UsersmynameAppDataRoamingnpm-cache\_logs\2025-06-13T04_41_27_265Z-
10 verbose logfile C:\project\SHOTDECK\frontend\shotdeck\UsersmynameAppDataRoamingnpm-cache\_logs\2025-06-13T04_41_27_265Z-debug-0.log
11 silly logfile start cleaning logs, removing 1 files
12 silly packumentCache heap:4345298944 maxSize:1086324736 maxEntrySize:543162368
13 silly logfile done cleaning log files
14 silly packumentCache corgi:https://registry.npmjs.org/gsap cache-miss
15 http fetch GET 200 https://registry.npmjs.org/gsap 398ms (cache miss)
16 silly packumentCache corgi:https://registry.npmjs.org/gsap set size:undefined disposed:false
17 silly idealTree buildDeps
18 silly fetch manifest gsap@3.13.0
19 silly packumentCache full:https://registry.npmjs.org/gsap cache-miss
20 http fetch GET 200 https://registry.npmjs.org/gsap 226ms (cache revalidated)
21 silly packumentCache full:https://registry.npmjs.org/gsap set size:235723 disposed:false
22 silly placeDep ROOT gsap@3.13.0 REPLACE for: shotdeck@0.1.0 want: 3.13.0
23 silly reify moves {}
24 verbose reify failed optional dependency C:\project\SHOTDECK\frontend\shotdeck\node_modules\@tailwindcss\oxide-wasm32-wasi
25 silly reify mark deleted [
25 silly reify   'C:\\project\\SHOTDECK\\frontend\\shotdeck\\node_modules\\@tailwindcss\\oxide-wasm32-wasi'
25 silly reify ]
26 silly audit bulk request {
26 silly audit   '@alloc/quick-lru': [ '5.2.0' ],
26 silly audit   '@ampproject/remapping': [ '2.3.0' ],
26 silly audit   '@babel/code-frame': [ '7.27.1' ],
26 silly audit   '@babel/generator': [ '7.27.1' ],
26 silly audit   '@babel/helper-module-imports': [ '7.27.1' ],
26 silly audit   '@babel/helper-string-parser': [ '7.27.1' ],
26 silly audit   '@babel/helper-validator-identifier': [ '7.27.1' ],
26 silly audit   '@babel/parser': [ '7.27.2' ],
26 silly audit   '@babel/runtime': [ '7.27.1' ],
26 silly audit   '@babel/template': [ '7.27.2' ],
26 silly audit   '@babel/traverse': [ '7.27.1' ],
26 silly audit   globals: [ '11.12.0', '14.0.0' ],
26 silly audit   '@babel/types': [ '7.27.1' ],
26 silly audit   '@derhuerst/http-basic': [ '8.2.4' ],
26 silly audit   '@emnapi/core': [ '1.4.3' ],
26 silly audit   '@emnapi/runtime': [ '1.4.3' ],
26 silly audit   '@emnapi/wasi-threads': [ '1.0.2' ],
26 silly audit   '@emotion/babel-plugin': [ '11.13.5' ],
26 silly audit   '@emotion/cache': [ '11.14.0' ],
26 silly audit   '@emotion/hash': [ '0.9.2' ],
26 silly audit   '@emotion/is-prop-valid': [ '1.3.1', '1.2.2' ],
26 silly audit   '@emotion/memoize': [ '0.9.0', '0.8.1' ],
26 silly audit   '@emotion/react': [ '11.14.0' ],
26 silly audit   '@emotion/serialize': [ '1.3.3' ],
26 silly audit   '@emotion/sheet': [ '1.4.0' ],
26 silly audit   '@emotion/styled': [ '11.14.0' ],
26 silly audit   '@emotion/unitless': [ '0.10.0', '0.8.1' ],
26 silly audit   '@emotion/use-insertion-effect-with-fallbacks': [ '1.2.0' ],
26 silly audit   '@emotion/utils': [ '1.4.2' ],
26 silly audit   '@emotion/weak-memoize': [ '0.4.0' ],
26 silly audit   '@eslint-community/eslint-utils': [ '4.7.0' ],
26 silly audit   'eslint-visitor-keys': [ '3.4.3', '4.2.0' ],
26 silly audit   '@eslint-community/regexpp': [ '4.12.1' ],
26 silly audit   '@eslint/config-array': [ '0.20.0' ],
26 silly audit   '@eslint/config-helpers': [ '0.2.2' ],
26 silly audit   '@eslint/core': [ '0.14.0' ],
26 silly audit   '@eslint/eslintrc': [ '3.3.1' ],
26 silly audit   '@eslint/js': [ '9.27.0' ],
26 silly audit   '@eslint/object-schema': [ '2.1.6' ],
26 silly audit   '@eslint/plugin-kit': [ '0.3.1' ],
26 silly audit   '@ffmpeg-installer/darwin-arm64': [ '4.1.5' ],
26 silly audit   '@ffmpeg-installer/darwin-x64': [ '4.1.0' ],
26 silly audit   '@ffmpeg-installer/ffmpeg': [ '1.1.0' ],
26 silly audit   '@ffmpeg-installer/linux-arm': [ '4.1.3' ],
26 silly audit   '@ffmpeg-installer/linux-arm64': [ '4.1.4' ],
26 silly audit   '@ffmpeg-installer/linux-ia32': [ '4.1.0' ],
26 silly audit   '@ffmpeg-installer/linux-x64': [ '4.1.0' ],
26 silly audit   '@ffmpeg-installer/win32-ia32': [ '4.1.0' ],
26 silly audit   '@ffmpeg-installer/win32-x64': [ '4.1.0' ],
26 silly audit   '@ffprobe-installer/darwin-arm64': [ '5.0.1' ],
26 silly audit   '@ffprobe-installer/darwin-x64': [ '5.1.0' ],
26 silly audit   '@ffprobe-installer/ffprobe': [ '2.1.2' ],
26 silly audit   '@ffprobe-installer/linux-arm': [ '5.2.0' ],
26 silly audit   '@ffprobe-installer/linux-arm64': [ '5.2.0' ],
26 silly audit   '@ffprobe-installer/linux-ia32': [ '5.2.0' ],
26 silly audit   '@ffprobe-installer/linux-x64': [ '5.2.0' ],
26 silly audit   '@ffprobe-installer/win32-ia32': [ '5.1.0' ],
26 silly audit   '@ffprobe-installer/win32-x64': [ '5.1.0' ],
26 silly audit   '@humanfs/core': [ '0.19.1' ],
26 silly audit   '@humanfs/node': [ '0.16.6' ],
26 silly audit   '@humanwhocodes/retry': [ '0.3.1', '0.4.3' ],
26 silly audit   '@humanwhocodes/module-importer': [ '1.0.1' ],
26 silly audit   '@img/sharp-darwin-arm64': [ '0.34.1' ],
26 silly audit   '@img/sharp-darwin-x64': [ '0.34.1' ],
26 silly audit   '@img/sharp-libvips-darwin-arm64': [ '1.1.0' ],
26 silly audit   '@img/sharp-libvips-darwin-x64': [ '1.1.0' ],
26 silly audit   '@img/sharp-libvips-linux-arm': [ '1.1.0' ],
26 silly audit   '@img/sharp-libvips-linux-arm64': [ '1.1.0' ],
26 silly audit   '@img/sharp-libvips-linux-ppc64': [ '1.1.0' ],
26 silly audit   '@img/sharp-libvips-linux-s390x': [ '1.1.0' ],
26 silly audit   '@img/sharp-libvips-linux-x64': [ '1.1.0' ],
26 silly audit   '@img/sharp-libvips-linuxmusl-arm64': [ '1.1.0' ],
26 silly audit   '@img/sharp-libvips-linuxmusl-x64': [ '1.1.0' ],
26 silly audit   '@img/sharp-linux-arm': [ '0.34.1' ],
26 silly audit   '@img/sharp-linux-arm64': [ '0.34.1' ],
26 silly audit   '@img/sharp-linux-s390x': [ '0.34.1' ],
26 silly audit   '@img/sharp-linux-x64': [ '0.34.1' ],
26 silly audit   '@img/sharp-linuxmusl-arm64': [ '0.34.1' ],
26 silly audit   '@img/sharp-linuxmusl-x64': [ '0.34.1' ],
26 silly audit   '@img/sharp-wasm32': [ '0.34.1' ],
26 silly audit   '@img/sharp-win32-ia32': [ '0.34.1' ],
26 silly audit   '@img/sharp-win32-x64': [ '0.34.1' ],
26 silly audit   '@isaacs/fs-minipass': [ '4.0.1' ],
26 silly audit   '@jridgewell/gen-mapping': [ '0.3.8' ],
26 silly audit   '@jridgewell/resolve-uri': [ '3.1.2' ],
26 silly audit   '@jridgewell/set-array': [ '1.2.1' ],
26 silly audit   '@jridgewell/sourcemap-codec': [ '1.5.0' ],
26 silly audit   '@jridgewell/trace-mapping': [ '0.3.25' ],
26 silly audit   '@mui/core-downloads-tracker': [ '7.1.0' ],
26 silly audit   '@mui/icons-material': [ '7.1.0' ],
26 silly audit   '@mui/material': [ '7.1.0' ],
26 silly audit   'react-is': [ '19.1.0', '16.13.1' ],
26 silly audit   '@mui/private-theming': [ '7.1.0' ],
26 silly audit   '@mui/styled-engine': [ '7.1.0' ],
26 silly audit   '@mui/styled-engine-sc': [ '7.1.0' ],
26 silly audit   '@mui/system': [ '7.1.0' ],
26 silly audit   '@mui/types': [ '7.4.2' ],
26 silly audit   '@mui/utils': [ '7.1.0' ],
26 silly audit   '@napi-rs/wasm-runtime': [ '0.2.10' ],
26 silly audit   '@next/env': [ '15.3.2' ],
26 silly audit   '@next/eslint-plugin-next': [ '15.3.2' ],
26 silly audit   '@next/swc-darwin-arm64': [ '15.3.2' ],
26 silly audit   '@next/swc-darwin-x64': [ '15.3.2' ],
26 silly audit   '@next/swc-linux-arm64-gnu': [ '15.3.2' ],
26 silly audit   '@next/swc-linux-arm64-musl': [ '15.3.2' ],
26 silly audit   '@next/swc-linux-x64-gnu': [ '15.3.2' ],
26 silly audit   '@next/swc-linux-x64-musl': [ '15.3.2' ],
26 silly audit   '@next/swc-win32-arm64-msvc': [ '15.3.2' ],
26 silly audit   '@next/swc-win32-x64-msvc': [ '15.3.2' ],
26 silly audit   '@nodelib/fs.scandir': [ '2.1.5' ],
26 silly audit   '@nodelib/fs.stat': [ '2.0.5' ],
26 silly audit   '@nodelib/fs.walk': [ '1.2.8' ],
26 silly audit   '@nolyfill/is-core-module': [ '1.0.39' ],
26 silly audit   '@panva/hkdf': [ '1.2.1' ],
26 silly audit   '@popperjs/core': [ '2.11.8' ],
26 silly audit   '@reduxjs/toolkit': [ '2.8.2' ],
26 silly audit   '@rtsao/scc': [ '1.1.0' ],
26 silly audit   '@rushstack/eslint-patch': [ '1.11.0' ],
26 silly audit   '@standard-schema/spec': [ '1.0.0' ],
26 silly audit   '@standard-schema/utils': [ '0.3.0' ],
26 silly audit   '@stripe/stripe-js': [ '7.3.1' ],
26 silly audit   '@studio-freight/lenis': [ '1.0.42' ],
26 silly audit   '@swc/counter': [ '0.1.3' ],
26 silly audit   '@swc/helpers': [ '0.5.15' ],
26 silly audit   '@tailwindcss/node': [ '4.1.7' ],
26 silly audit   tailwindcss: [ '4.1.7', '4.1.8' ],
26 silly audit   '@tailwindcss/oxide': [ '4.1.7' ],
26 silly audit   '@tailwindcss/oxide-android-arm64': [ '4.1.7' ],
26 silly audit   '@tailwindcss/oxide-darwin-arm64': [ '4.1.7' ],
26 silly audit   '@tailwindcss/oxide-darwin-x64': [ '4.1.7' ],
26 silly audit   '@tailwindcss/oxide-freebsd-x64': [ '4.1.7' ],
26 silly audit   '@tailwindcss/oxide-linux-arm-gnueabihf': [ '4.1.7' ],
26 silly audit   '@tailwindcss/oxide-linux-arm64-gnu': [ '4.1.7' ],
26 silly audit   '@tailwindcss/oxide-linux-arm64-musl': [ '4.1.7' ],
26 silly audit   '@tailwindcss/oxide-linux-x64-gnu': [ '4.1.7' ],
26 silly audit   '@tailwindcss/oxide-linux-x64-musl': [ '4.1.7' ],
26 silly audit   '@tailwindcss/oxide-win32-arm64-msvc': [ '4.1.7' ],
26 silly audit   '@tailwindcss/oxide-win32-x64-msvc': [ '4.1.7' ],
26 silly audit   '@tailwindcss/postcss': [ '4.1.7' ],
26 silly audit   '@tybys/wasm-util': [ '0.9.0' ],
26 silly audit   '@types/estree': [ '1.0.7' ],
26 silly audit   '@types/hoist-non-react-statics': [ '3.3.6' ],
26 silly audit   '@types/json-schema': [ '7.0.15' ],
26 silly audit   '@types/json5': [ '0.0.29' ],
26 silly audit   '@types/node': [ '24.0.0', '10.17.60' ],
26 silly audit   '@types/parse-json': [ '4.0.2' ],
26 silly audit   '@types/prop-types': [ '15.7.14' ],
26 silly audit   '@types/react': [ '18.3.21' ],
26 silly audit   '@types/react-transition-group': [ '4.4.12' ],
26 silly audit   '@types/stylis': [ '4.2.5' ],
26 silly audit   '@types/use-sync-external-store': [ '0.0.6' ],
26 silly audit   '@typescript-eslint/eslint-plugin': [ '8.32.1' ],
26 silly audit   ignore: [ '7.0.4', '5.3.2' ],
26 silly audit   '@typescript-eslint/parser': [ '8.32.1' ],
26 silly audit   '@typescript-eslint/scope-manager': [ '8.32.1' ],
26 silly audit   '@typescript-eslint/type-utils': [ '8.32.1' ],
26 silly audit   '@typescript-eslint/types': [ '8.32.1' ],
26 silly audit   '@typescript-eslint/typescript-estree': [ '8.32.1' ],
26 silly audit   'brace-expansion': [ '2.0.1', '1.1.11' ],
26 silly audit   'fast-glob': [ '3.3.3', '3.3.1' ],
26 silly audit   'glob-parent': [ '5.1.2', '6.0.2' ],
26 silly audit   minimatch: [ '9.0.5', '3.1.2' ],
26 silly audit   '@typescript-eslint/utils': [ '8.32.1' ],
26 silly audit   '@typescript-eslint/visitor-keys': [ '8.32.1' ],
26 silly audit   '@unrs/resolver-binding-darwin-arm64': [ '1.7.2' ],
26 silly audit   '@unrs/resolver-binding-darwin-x64': [ '1.7.2' ],
26 silly audit   '@unrs/resolver-binding-freebsd-x64': [ '1.7.2' ],
26 silly audit   '@unrs/resolver-binding-linux-arm-gnueabihf': [ '1.7.2' ],
26 silly audit   '@unrs/resolver-binding-linux-arm-musleabihf': [ '1.7.2' ],
26 silly audit   '@unrs/resolver-binding-linux-arm64-gnu': [ '1.7.2' ],
26 silly audit   '@unrs/resolver-binding-linux-arm64-musl': [ '1.7.2' ],
26 silly audit   '@unrs/resolver-binding-linux-ppc64-gnu': [ '1.7.2' ],
26 silly audit   '@unrs/resolver-binding-linux-riscv64-gnu': [ '1.7.2' ],
26 silly audit   '@unrs/resolver-binding-linux-riscv64-musl': [ '1.7.2' ],
26 silly audit   '@unrs/resolver-binding-linux-s390x-gnu': [ '1.7.2' ],
26 silly audit   '@unrs/resolver-binding-linux-x64-gnu': [ '1.7.2' ],
26 silly audit   '@unrs/resolver-binding-linux-x64-musl': [ '1.7.2' ],
26 silly audit   '@unrs/resolver-binding-wasm32-wasi': [ '1.7.2' ],
26 silly audit   '@unrs/resolver-binding-win32-arm64-msvc': [ '1.7.2' ],
26 silly audit   '@unrs/resolver-binding-win32-ia32-msvc': [ '1.7.2' ],
26 silly audit   '@unrs/resolver-binding-win32-x64-msvc': [ '1.7.2' ],
26 silly audit   acorn: [ '8.14.1' ],
26 silly audit   'acorn-jsx': [ '5.3.2' ],
26 silly audit   'agent-base': [ '6.0.2' ],
26 silly audit   ajv: [ '6.12.6' ],
26 silly audit   'ansi-styles': [ '4.3.0' ],
26 silly audit   aos: [ '2.3.4' ],
26 silly audit   argparse: [ '2.0.1' ],
26 silly audit   'aria-query': [ '5.3.2' ],
26 silly audit   'array-buffer-byte-length': [ '1.0.2' ],
26 silly audit   'array-includes': [ '3.1.8' ],
26 silly audit   'array.prototype.findlast': [ '1.2.5' ],
26 silly audit   'array.prototype.findlastindex': [ '1.2.6' ],
26 silly audit   'array.prototype.flat': [ '1.3.3' ],
26 silly audit   'array.prototype.flatmap': [ '1.3.3' ],
26 silly audit   'array.prototype.tosorted': [ '1.1.4' ],
26 silly audit   'arraybuffer.prototype.slice': [ '1.0.4' ],
26 silly audit   'ast-types-flow': [ '0.0.8' ],
26 silly audit   async: [ '0.2.10' ],
26 silly audit   'async-function': [ '1.0.0' ],
26 silly audit   asynckit: [ '0.4.0' ],
26 silly audit   autoprefixer: [ '10.4.21' ],
26 silly audit   'available-typed-arrays': [ '1.0.7' ],
26 silly audit   'axe-core': [ '4.10.3' ],
26 silly audit   axios: [ '1.9.0' ],
26 silly audit   'axobject-query': [ '4.1.0' ],
26 silly audit   'babel-plugin-macros': [ '3.1.0' ],
26 silly audit   'balanced-match': [ '1.0.2' ],
26 silly audit   braces: [ '3.0.3' ],
26 silly audit   browserslist: [ '4.25.0' ],
26 silly audit   'buffer-from': [ '1.1.2' ],
26 silly audit   busboy: [ '1.6.0' ],
26 silly audit   'call-bind': [ '1.0.8' ],
26 silly audit   'call-bind-apply-helpers': [ '1.0.2' ],
26 silly audit   'call-bound': [ '1.0.4' ],
26 silly audit   callsites: [ '3.1.0' ],
26 silly audit   camelize: [ '1.0.1' ],
26 silly audit   'caniuse-lite': [ '1.0.30001718' ],
26 silly audit   caseless: [ '0.12.0' ],
26 silly audit   chalk: [ '4.1.2' ],
26 silly audit   chownr: [ '3.0.0' ],
26 silly audit   'classlist-polyfill': [ '1.2.0' ],
26 silly audit   'client-only': [ '0.0.1' ],
26 silly audit   clsx: [ '2.1.1' ],
26 silly audit   color: [ '4.2.3' ],
26 silly audit   'color-convert': [ '2.0.1' ],
26 silly audit   'color-name': [ '1.1.4' ],
26 silly audit   'color-string': [ '1.9.1' ],
26 silly audit   'combined-stream': [ '1.0.8' ],
26 silly audit   'concat-map': [ '0.0.1' ],
26 silly audit   'concat-stream': [ '2.0.0' ],
26 silly audit   'convert-source-map': [ '1.9.0' ],
26 silly audit   cookie: [ '0.7.2' ],
26 silly audit   cosmiconfig: [ '7.1.0' ],
26 silly audit   'cross-spawn': [ '7.0.6' ],
26 silly audit   'css-color-keywords': [ '1.0.0' ],
26 silly audit   'css-to-react-native': [ '3.2.0' ],
26 silly audit   csstype: [ '3.1.3' ],
26 silly audit   'damerau-levenshtein': [ '1.0.8' ],
26 silly audit   'data-view-buffer': [ '1.0.2' ],
26 silly audit   'data-view-byte-length': [ '1.0.2' ],
26 silly audit   'data-view-byte-offset': [ '1.0.1' ],
26 silly audit   'date-fns': [ '4.1.0' ],
26 silly audit   debug: [ '4.4.1', '3.2.7' ],
26 silly audit   'deep-is': [ '0.1.4' ],
26 silly audit   'define-data-property': [ '1.1.4' ],
26 silly audit   'define-properties': [ '1.2.1' ],
26 silly audit   'delayed-stream': [ '1.0.0' ],
26 silly audit   'detect-libc': [ '2.0.4' ],
26 silly audit   doctrine: [ '2.1.0' ],
26 silly audit   'dom-helpers': [ '5.2.1' ],
26 silly audit   'dunder-proto': [ '1.0.1' ],
26 silly audit   'electron-to-chromium': [ '1.5.166' ],
26 silly audit   'emoji-regex': [ '9.2.2' ],
26 silly audit   'enhanced-resolve': [ '5.18.1' ],
26 silly audit   'env-paths': [ '2.2.1' ],
26 silly audit   'error-ex': [ '1.3.2' ],
26 silly audit   'is-arrayish': [ '0.2.1', '0.3.2' ],
26 silly audit   'es-abstract': [ '1.23.9' ],
26 silly audit   'es-define-property': [ '1.0.1' ],
26 silly audit   'es-errors': [ '1.3.0' ],
26 silly audit   'es-iterator-helpers': [ '1.2.1' ],
26 silly audit   'es-object-atoms': [ '1.1.1' ],
26 silly audit   'es-set-tostringtag': [ '2.1.0' ],
26 silly audit   'es-shim-unscopables': [ '1.1.0' ],
26 silly audit   'es-to-primitive': [ '1.3.0' ],
26 silly audit   escalade: [ '3.2.0' ],
26 silly audit   'escape-string-regexp': [ '4.0.0' ],
26 silly audit   eslint: [ '9.27.0' ],
26 silly audit   'eslint-config-next': [ '15.3.2' ],
26 silly audit   'eslint-import-resolver-node': [ '0.3.9' ],
26 silly audit   'eslint-import-resolver-typescript': [ '3.10.1' ],
26 silly audit   'eslint-module-utils': [ '2.12.0' ],
26 silly audit   'eslint-plugin-import': [ '2.31.0' ],
26 silly audit   semver: [ '6.3.1', '7.7.2' ],
26 silly audit   'eslint-plugin-jsx-a11y': [ '6.10.2' ],
26 silly audit   'eslint-plugin-react': [ '7.37.5' ],
26 silly audit   'eslint-plugin-react-hooks': [ '5.2.0' ],
26 silly audit   resolve: [ '2.0.0-next.5', '1.22.10' ],
26 silly audit   'eslint-scope': [ '8.3.0' ],
26 silly audit   espree: [ '10.3.0' ],
26 silly audit   esquery: [ '1.6.0' ],
26 silly audit   esrecurse: [ '4.3.0' ],
26 silly audit   estraverse: [ '5.3.0' ],
26 silly audit   esutils: [ '2.0.3' ],
26 silly audit   'fast-deep-equal': [ '3.1.3' ],
26 silly audit   'fast-json-stable-stringify': [ '2.1.0' ],
26 silly audit   'fast-levenshtein': [ '2.0.6' ],
26 silly audit   fastq: [ '1.19.1' ],
26 silly audit   'ffmpeg-static': [ '5.2.0' ],
26 silly audit   'file-entry-cache': [ '8.0.0' ],
26 silly audit   'fill-range': [ '7.1.1' ],
26 silly audit   'find-root': [ '1.1.0' ],
26 silly audit   'find-up': [ '5.0.0' ],
26 silly audit   'flat-cache': [ '4.0.1' ],
26 silly audit   flatted: [ '3.3.3' ],
26 silly audit   'fluent-ffmpeg': [ '2.1.3' ],
26 silly audit   which: [ '1.3.1', '2.0.2' ],
26 silly audit   'follow-redirects': [ '1.15.9' ],
26 silly audit   'for-each': [ '0.3.5' ],
26 silly audit   'form-data': [ '4.0.2' ],
26 silly audit   'fraction.js': [ '4.3.7' ],
26 silly audit   'framer-motion': [ '12.12.1' ],
26 silly audit   'function-bind': [ '1.1.2' ],
26 silly audit   'function.prototype.name': [ '1.1.8' ],
26 silly audit   'functions-have-names': [ '1.2.3' ],
26 silly audit   'get-intrinsic': [ '1.3.0' ],
26 silly audit   'get-proto': [ '1.0.1' ],
26 silly audit   'get-symbol-description': [ '1.1.0' ],
26 silly audit   'get-tsconfig': [ '4.10.0' ],
26 silly audit   globalthis: [ '1.0.4' ],
26 silly audit   gopd: [ '1.2.0' ],
26 silly audit   'graceful-fs': [ '4.2.11' ],
26 silly audit   graphemer: [ '1.4.0' ],
26 silly audit   'has-bigints': [ '1.1.0' ],
26 silly audit   'has-flag': [ '4.0.0' ],
26 silly audit   'has-property-descriptors': [ '1.0.2' ],
26 silly audit   'has-proto': [ '1.2.0' ],
26 silly audit   'has-symbols': [ '1.1.0' ],
26 silly audit   'has-tostringtag': [ '1.0.2' ],
26 silly audit   hasown: [ '2.0.2' ],
26 silly audit   'hoist-non-react-statics': [ '3.3.2' ],
26 silly audit   'http-response-object': [ '3.0.2' ],
26 silly audit   'https-proxy-agent': [ '5.0.1' ],
26 silly audit   immer: [ '10.1.1' ],
26 silly audit   'import-fresh': [ '3.3.1' ],
26 silly audit   imurmurhash: [ '0.1.4' ],
26 silly audit   inherits: [ '2.0.4' ],
26 silly audit   'internal-slot': [ '1.1.0' ],
26 silly audit   'is-array-buffer': [ '3.0.5' ],
26 silly audit   'is-async-function': [ '2.1.1' ],
26 silly audit   'is-bigint': [ '1.1.0' ],
26 silly audit   'is-boolean-object': [ '1.2.2' ],
26 silly audit   'is-bun-module': [ '2.0.0' ],
26 silly audit   'is-callable': [ '1.2.7' ],
26 silly audit   'is-core-module': [ '2.16.1' ],
26 silly audit   'is-data-view': [ '1.0.2' ],
26 silly audit   'is-date-object': [ '1.1.0' ],
26 silly audit   'is-extglob': [ '2.1.1' ],
26 silly audit   'is-finalizationregistry': [ '1.1.1' ],
26 silly audit   'is-generator-function': [ '1.1.0' ],
26 silly audit   'is-glob': [ '4.0.3' ],
26 silly audit   'is-map': [ '2.0.3' ],
26 silly audit   'is-number': [ '7.0.0' ],
26 silly audit   'is-number-object': [ '1.1.1' ],
26 silly audit   'is-regex': [ '1.2.1' ],
26 silly audit   'is-set': [ '2.0.3' ],
26 silly audit   'is-shared-array-buffer': [ '1.0.4' ],
26 silly audit   'is-string': [ '1.1.1' ],
26 silly audit   'is-symbol': [ '1.1.1' ],
26 silly audit   'is-typed-array': [ '1.1.15' ],
26 silly audit   'is-weakmap': [ '2.0.2' ],
26 silly audit   'is-weakref': [ '1.1.1' ],
26 silly audit   'is-weakset': [ '2.0.4' ],
26 silly audit   isarray: [ '2.0.5' ],
26 silly audit   isexe: [ '2.0.0' ],
26 silly audit   'iterator.prototype': [ '1.1.5' ],
26 silly audit   jiti: [ '2.4.2' ],
26 silly audit   jose: [ '4.15.9' ],
26 silly audit   'js-tokens': [ '4.0.0' ],
26 silly audit   'js-yaml': [ '4.1.0' ],
26 silly audit   jsesc: [ '3.1.0' ],
26 silly audit   'json-buffer': [ '3.0.1' ],
26 silly audit   'json-parse-even-better-errors': [ '2.3.1' ],
26 silly audit   'json-schema-traverse': [ '0.4.1' ],
26 silly audit   'json-stable-stringify-without-jsonify': [ '1.0.1' ],
26 silly audit   json5: [ '1.0.2' ],
26 silly audit   'jsx-ast-utils': [ '3.3.5' ],
26 silly audit   keyv: [ '4.5.4' ],
26 silly audit   'language-subtag-registry': [ '0.3.23' ],
26 silly audit   'language-tags': [ '1.0.9' ],
26 silly audit   levn: [ '0.4.1' ],
26 silly audit   lightningcss: [ '1.30.1' ],
26 silly audit   'lightningcss-darwin-arm64': [ '1.30.1' ],
26 silly audit   'lightningcss-darwin-x64': [ '1.30.1' ],
26 silly audit   'lightningcss-freebsd-x64': [ '1.30.1' ],
26 silly audit   'lightningcss-linux-arm-gnueabihf': [ '1.30.1' ],
26 silly audit   'lightningcss-linux-arm64-gnu': [ '1.30.1' ],
26 silly audit   'lightningcss-linux-arm64-musl': [ '1.30.1' ],
26 silly audit   'lightningcss-linux-x64-gnu': [ '1.30.1' ],
26 silly audit   'lightningcss-linux-x64-musl': [ '1.30.1' ],
26 silly audit   'lightningcss-win32-arm64-msvc': [ '1.30.1' ],
26 silly audit   'lightningcss-win32-x64-msvc': [ '1.30.1' ],
26 silly audit   'lines-and-columns': [ '1.2.4' ],
26 silly audit   'locate-path': [ '6.0.0' ],
26 silly audit   'lodash.debounce': [ '4.0.8' ],
26 silly audit   'lodash.merge': [ '4.6.2' ],
26 silly audit   'lodash.throttle': [ '4.1.1' ],
26 silly audit   'loose-envify': [ '1.4.0' ],
26 silly audit   'lru-cache': [ '6.0.0' ],
26 silly audit   yallist: [ '4.0.0', '5.0.0' ],
26 silly audit   'magic-string': [ '0.30.17' ],
26 silly audit   'math-intrinsics': [ '1.1.0' ],
26 silly audit   merge2: [ '1.4.1' ],
26 silly audit   micromatch: [ '4.0.8' ],
26 silly audit   'mime-db': [ '1.52.0' ],
26 silly audit   'mime-types': [ '2.1.35' ],
26 silly audit   minimist: [ '1.2.8' ],
26 silly audit   minipass: [ '7.1.2' ],
26 silly audit   minizlib: [ '3.0.2' ],
26 silly audit   mkdirp: [ '3.0.1' ],
26 silly audit   'motion-dom': [ '12.12.1' ],
26 silly audit   'motion-utils': [ '12.12.1' ],
26 silly audit   ms: [ '2.1.3' ],
26 silly audit   nanoid: [ '3.3.11' ],
26 silly audit   'napi-postinstall': [ '0.2.4' ],
26 silly audit   'natural-compare': [ '1.4.0' ],
26 silly audit   next: [ '15.3.2' ],
26 silly audit   'next-auth': [ '4.24.11' ],
26 silly audit   postcss: [ '8.4.31', '8.5.4', '8.4.49' ],
26 silly audit   'node-releases': [ '2.0.19' ],
26 silly audit   nodemailer: [ '6.10.1' ],
26 silly audit   'normalize-range': [ '0.1.2' ],
26 silly audit   oauth: [ '0.9.15' ],
26 silly audit   'object-assign': [ '4.1.1' ],
26 silly audit   'object-hash': [ '2.2.0' ],
26 silly audit   'object-inspect': [ '1.13.4' ],
26 silly audit   'object-keys': [ '1.1.1' ],
26 silly audit   'object.assign': [ '4.1.7' ],
26 silly audit   'object.entries': [ '1.1.9' ],
26 silly audit   'object.fromentries': [ '2.0.8' ],
26 silly audit   'object.groupby': [ '1.0.3' ],
26 silly audit   'object.values': [ '1.2.1' ],
26 silly audit   'oidc-token-hash': [ '5.1.0' ],
26 silly audit   'openid-client': [ '5.7.1' ],
26 silly audit   optionator: [ '0.9.4' ],
26 silly audit   'otp-timer': [ '2.1.1' ],
26 silly audit   react: [ '16.14.0', '19.1.0' ],
26 silly audit   'react-dom': [ '16.14.0', '19.1.0' ],
26 silly audit   scheduler: [ '0.19.1', '0.26.0' ],
26 silly audit   'own-keys': [ '1.0.1' ],
26 silly audit   'p-limit': [ '3.1.0' ],
26 silly audit   'p-locate': [ '5.0.0' ],
26 silly audit   'parent-module': [ '1.0.1' ],
26 silly audit   'parse-cache-control': [ '1.0.1' ],
26 silly audit   'parse-json': [ '5.2.0' ],
26 silly audit   'path-exists': [ '4.0.0' ],
26 silly audit   'path-key': [ '3.1.1' ],
26 silly audit   'path-parse': [ '1.0.7' ],
26 silly audit   'path-type': [ '4.0.0' ],
26 silly audit   picocolors: [ '1.1.1' ],
26 silly audit   picomatch: [ '2.3.1', '4.0.2' ],
26 silly audit   'possible-typed-array-names': [ '1.1.0' ],
26 silly audit   'postcss-value-parser': [ '4.2.0' ],
26 silly audit   preact: [ '10.26.6' ],
26 silly audit   'preact-render-to-string': [ '5.2.6' ],
26 silly audit   'prelude-ls': [ '1.2.1' ],
26 silly audit   'pretty-format': [ '3.8.0' ],
26 silly audit   progress: [ '2.0.3' ],
26 silly audit   'prop-types': [ '15.8.1' ],
26 silly audit   'proxy-from-env': [ '1.1.0' ],
26 silly audit   punycode: [ '2.3.1' ],
26 silly audit   qs: [ '6.14.0' ],
26 silly audit   'queue-microtask': [ '1.2.3' ],
26 silly audit   'react-hook-form': [ '7.56.4' ],
26 silly audit   'react-icons': [ '5.5.0' ],
26 silly audit   'react-redux': [ '9.2.0' ],
26 silly audit   'react-toastify': [ '11.0.5' ],
26 silly audit   'react-transition-group': [ '4.4.5' ],
26 silly audit   'readable-stream': [ '3.6.2' ],
26 silly audit   redux: [ '5.0.1' ],
26 silly audit   'redux-thunk': [ '3.1.0' ],
26 silly audit   'reflect.getprototypeof': [ '1.0.10' ],
26 silly audit   'regexp.prototype.flags': [ '1.5.4' ],
26 silly audit   reselect: [ '5.1.1' ],
26 silly audit   'resolve-from': [ '4.0.0' ],
26 silly audit   'resolve-pkg-maps': [ '1.0.0' ],
26 silly audit   reusify: [ '1.1.0' ],
26 silly audit   'run-parallel': [ '1.2.0' ],
26 silly audit   'safe-array-concat': [ '1.1.3' ],
26 silly audit   'safe-buffer': [ '5.2.1' ],
26 silly audit   'safe-push-apply': [ '1.0.0' ],
26 silly audit   'safe-regex-test': [ '1.1.0' ],
26 silly audit   'set-function-length': [ '1.2.2' ],
26 silly audit   'set-function-name': [ '2.0.2' ],
26 silly audit   'set-proto': [ '1.0.0' ],
26 silly audit   shallowequal: [ '1.1.0' ],
26 silly audit   sharp: [ '0.34.1' ],
26 silly audit   'shebang-command': [ '2.0.0' ],
26 silly audit   'shebang-regex': [ '3.0.0' ],
26 silly audit   'side-channel': [ '1.1.0' ],
26 silly audit   'side-channel-list': [ '1.0.0' ],
26 silly audit   'side-channel-map': [ '1.0.1' ],
26 silly audit   'side-channel-weakmap': [ '1.0.2' ],
26 silly audit   'simple-swizzle': [ '0.2.2' ],
26 silly audit   'source-map': [ '0.5.7' ],
26 silly audit   'source-map-js': [ '1.2.1' ],
26 silly audit   'stable-hash': [ '0.0.5' ],
26 silly audit   streamsearch: [ '1.1.0' ],
26 silly audit   string_decoder: [ '1.3.0' ],
26 silly audit   'string.prototype.includes': [ '2.0.1' ],
26 silly audit   'string.prototype.matchall': [ '4.0.12' ],
26 silly audit   'string.prototype.repeat': [ '1.0.0' ],
26 silly audit   'string.prototype.trim': [ '1.2.10' ],
26 silly audit   'string.prototype.trimend': [ '1.0.9' ],
26 silly audit   'string.prototype.trimstart': [ '1.0.8' ],
26 silly audit   'strip-bom': [ '3.0.0' ],
26 silly audit   'strip-json-comments': [ '3.1.1' ],
26 silly audit   stripe: [ '18.2.1' ],
26 silly audit   'styled-components': [ '6.1.18' ],
26 silly audit   stylis: [ '4.3.2', '4.2.0' ],
26 silly audit   tslib: [ '2.6.2', '2.8.1' ],
26 silly audit   'styled-jsx': [ '5.1.6' ],
26 silly audit   'supports-color': [ '7.2.0' ],
26 silly audit   'supports-preserve-symlinks-flag': [ '1.0.0' ],
26 silly audit   sweetalert2: [ '11.21.2' ],
26 silly audit   swiper: [ '11.2.8' ],
26 silly audit   tapable: [ '2.2.1' ],
26 silly audit   tar: [ '7.4.3' ],
26 silly audit   tinyglobby: [ '0.2.13' ],
26 silly audit   fdir: [ '6.4.4' ],
26 silly audit   tmp: [ '0.2.3' ],
26 silly audit   'tmp-promise': [ '3.0.3' ],
26 silly audit   'to-regex-range': [ '5.0.1' ],
26 silly audit   'ts-api-utils': [ '2.1.0' ],
26 silly audit   'tsconfig-paths': [ '3.15.0' ],
26 silly audit   'type-check': [ '0.4.0' ],
26 silly audit   'typed-array-buffer': [ '1.0.3' ],
26 silly audit   'typed-array-byte-length': [ '1.0.3' ],
26 silly audit   'typed-array-byte-offset': [ '1.0.4' ],
26 silly audit   'typed-array-length': [ '1.0.7' ],
26 silly audit   typedarray: [ '0.0.6' ],
26 silly audit   typescript: [ '5.8.3' ],
26 silly audit   'unbox-primitive': [ '1.1.0' ],
26 silly audit   'undici-types': [ '7.8.0' ],
26 silly audit   'unrs-resolver': [ '1.7.2' ],
26 silly audit   'update-browserslist-db': [ '1.1.3' ],
26 silly audit   'uri-js': [ '4.4.1' ],
26 silly audit   'use-sync-external-store': [ '1.5.0' ],
26 silly audit   'util-deprecate': [ '1.0.2' ],
26 silly audit   uuid: [ '8.3.2' ],
26 silly audit   'which-boxed-primitive': [ '1.1.1' ],
26 silly audit   'which-builtin-type': [ '1.2.1' ],
26 silly audit   'which-collection': [ '1.0.2' ],
26 silly audit   'which-typed-array': [ '1.1.19' ],
26 silly audit   'word-wrap': [ '1.2.5' ],
26 silly audit   yaml: [ '1.10.2' ],
26 silly audit   'yocto-queue': [ '0.1.0' ],
26 silly audit   'yt-dlp-wrap': [ '2.3.12' ],
26 silly audit   gsap: [ '3.13.0' ],
26 silly audit   '@tailwindcss/oxide-wasm32-wasi': [ '4.1.7' ]
26 silly audit }
27 verbose reify failed optional dependency C:\project\SHOTDECK\frontend\shotdeck\node_modules\lightningcss-win32-arm64-msvc
28 silly reify mark deleted [
28 silly reify   'C:\\project\\SHOTDECK\\frontend\\shotdeck\\node_modules\\lightningcss-win32-arm64-msvc'
28 silly reify ]
29 verbose reify failed optional dependency C:\project\SHOTDECK\frontend\shotdeck\node_modules\lightningcss-linux-x64-musl
30 silly reify mark deleted [
30 silly reify   'C:\\project\\SHOTDECK\\frontend\\shotdeck\\node_modules\\lightningcss-linux-x64-musl'
30 silly reify ]
31 verbose reify failed optional dependency C:\project\SHOTDECK\frontend\shotdeck\node_modules\lightningcss-linux-x64-gnu
32 silly reify mark deleted [
32 silly reify   'C:\\project\\SHOTDECK\\frontend\\shotdeck\\node_modules\\lightningcss-linux-x64-gnu'
32 silly reify ]
33 verbose reify failed optional dependency C:\project\SHOTDECK\frontend\shotdeck\node_modules\lightningcss-linux-arm64-musl
34 silly reify mark deleted [
34 silly reify   'C:\\project\\SHOTDECK\\frontend\\shotdeck\\node_modules\\lightningcss-linux-arm64-musl'
34 silly reify ]
35 verbose reify failed optional dependency C:\project\SHOTDECK\frontend\shotdeck\node_modules\lightningcss-linux-arm64-gnu
36 silly reify mark deleted [
36 silly reify   'C:\\project\\SHOTDECK\\frontend\\shotdeck\\node_modules\\lightningcss-linux-arm64-gnu'
36 silly reify ]
37 verbose reify failed optional dependency C:\project\SHOTDECK\frontend\shotdeck\node_modules\lightningcss-linux-arm-gnueabihf
38 silly reify mark deleted [
38 silly reify   'C:\\project\\SHOTDECK\\frontend\\shotdeck\\node_modules\\lightningcss-linux-arm-gnueabihf'
38 silly reify ]
39 verbose reify failed optional dependency C:\project\SHOTDECK\frontend\shotdeck\node_modules\lightningcss-freebsd-x64
40 silly reify mark deleted [
40 silly reify   'C:\\project\\SHOTDECK\\frontend\\shotdeck\\node_modules\\lightningcss-freebsd-x64'
40 silly reify ]
41 verbose reify failed optional dependency C:\project\SHOTDECK\frontend\shotdeck\node_modules\lightningcss-darwin-x64
42 silly reify mark deleted [
42 silly reify   'C:\\project\\SHOTDECK\\frontend\\shotdeck\\node_modules\\lightningcss-darwin-x64'
42 silly reify ]
43 verbose reify failed optional dependency C:\project\SHOTDECK\frontend\shotdeck\node_modules\lightningcss-darwin-arm64
44 silly reify mark deleted [
44 silly reify   'C:\\project\\SHOTDECK\\frontend\\shotdeck\\node_modules\\lightningcss-darwin-arm64'
44 silly reify ]
45 verbose reify failed optional dependency C:\project\SHOTDECK\frontend\shotdeck\node_modules\@unrs\resolver-binding-win32-ia32-msvc
46 silly reify mark deleted [
46 silly reify   'C:\\project\\SHOTDECK\\frontend\\shotdeck\\node_modules\\@unrs\\resolver-binding-win32-ia32-msvc'
46 silly reify ]
47 verbose reify failed optional dependency C:\project\SHOTDECK\frontend\shotdeck\node_modules\@unrs\resolver-binding-win32-arm64-msvc
48 silly reify mark deleted [
48 silly reify   'C:\\project\\SHOTDECK\\frontend\\shotdeck\\node_modules\\@unrs\\resolver-binding-win32-arm64-msvc'
48 silly reify ]
49 verbose reify failed optional dependency C:\project\SHOTDECK\frontend\shotdeck\node_modules\@unrs\resolver-binding-wasm32-wasi
50 silly reify mark deleted [
50 silly reify   'C:\\project\\SHOTDECK\\frontend\\shotdeck\\node_modules\\@unrs\\resolver-binding-wasm32-wasi'
50 silly reify ]
51 verbose reify failed optional dependency C:\project\SHOTDECK\frontend\shotdeck\node_modules\@unrs\resolver-binding-linux-x64-musl
52 silly reify mark deleted [
52 silly reify   'C:\\project\\SHOTDECK\\frontend\\shotdeck\\node_modules\\@unrs\\resolver-binding-linux-x64-musl'
52 silly reify ]
53 verbose reify failed optional dependency C:\project\SHOTDECK\frontend\shotdeck\node_modules\@unrs\resolver-binding-linux-x64-gnu
54 silly reify mark deleted [
54 silly reify   'C:\\project\\SHOTDECK\\frontend\\shotdeck\\node_modules\\@unrs\\resolver-binding-linux-x64-gnu'
54 silly reify ]
55 verbose reify failed optional dependency C:\project\SHOTDECK\frontend\shotdeck\node_modules\@unrs\resolver-binding-linux-s390x-gnu
56 silly reify mark deleted [
56 silly reify   'C:\\project\\SHOTDECK\\frontend\\shotdeck\\node_modules\\@unrs\\resolver-binding-linux-s390x-gnu'
56 silly reify ]
57 verbose reify failed optional dependency C:\project\SHOTDECK\frontend\shotdeck\node_modules\@unrs\resolver-binding-linux-riscv64-musl
58 silly reify mark deleted [
58 silly reify   'C:\\project\\SHOTDECK\\frontend\\shotdeck\\node_modules\\@unrs\\resolver-binding-linux-riscv64-musl'
58 silly reify ]
59 verbose reify failed optional dependency C:\project\SHOTDECK\frontend\shotdeck\node_modules\@unrs\resolver-binding-linux-riscv64-gnu
60 silly reify mark deleted [
60 silly reify   'C:\\project\\SHOTDECK\\frontend\\shotdeck\\node_modules\\@unrs\\resolver-binding-linux-riscv64-gnu'
60 silly reify ]
61 verbose reify failed optional dependency C:\project\SHOTDECK\frontend\shotdeck\node_modules\@unrs\resolver-binding-linux-ppc64-gnu
62 silly reify mark deleted [
62 silly reify   'C:\\project\\SHOTDECK\\frontend\\shotdeck\\node_modules\\@unrs\\resolver-binding-linux-ppc64-gnu'
62 silly reify ]
63 verbose reify failed optional dependency C:\project\SHOTDECK\frontend\shotdeck\node_modules\@unrs\resolver-binding-linux-arm64-musl
64 silly reify mark deleted [
64 silly reify   'C:\\project\\SHOTDECK\\frontend\\shotdeck\\node_modules\\@unrs\\resolver-binding-linux-arm64-musl'
64 silly reify ]
65 verbose reify failed optional dependency C:\project\SHOTDECK\frontend\shotdeck\node_modules\@unrs\resolver-binding-linux-arm64-gnu
66 silly reify mark deleted [
66 silly reify   'C:\\project\\SHOTDECK\\frontend\\shotdeck\\node_modules\\@unrs\\resolver-binding-linux-arm64-gnu'
66 silly reify ]
67 verbose reify failed optional dependency C:\project\SHOTDECK\frontend\shotdeck\node_modules\@unrs\resolver-binding-linux-arm-musleabihf
68 silly reify mark deleted [
68 silly reify   'C:\\project\\SHOTDECK\\frontend\\shotdeck\\node_modules\\@unrs\\resolver-binding-linux-arm-musleabihf'
68 silly reify ]
69 verbose reify failed optional dependency C:\project\SHOTDECK\frontend\shotdeck\node_modules\@unrs\resolver-binding-linux-arm-gnueabihf
70 silly reify mark deleted [
70 silly reify   'C:\\project\\SHOTDECK\\frontend\\shotdeck\\node_modules\\@unrs\\resolver-binding-linux-arm-gnueabihf'
70 silly reify ]
71 verbose reify failed optional dependency C:\project\SHOTDECK\frontend\shotdeck\node_modules\@unrs\resolver-binding-freebsd-x64
72 silly reify mark deleted [
72 silly reify   'C:\\project\\SHOTDECK\\frontend\\shotdeck\\node_modules\\@unrs\\resolver-binding-freebsd-x64'
72 silly reify ]
73 verbose reify failed optional dependency C:\project\SHOTDECK\frontend\shotdeck\node_modules\@unrs\resolver-binding-darwin-x64
74 silly reify mark deleted [
74 silly reify   'C:\\project\\SHOTDECK\\frontend\\shotdeck\\node_modules\\@unrs\\resolver-binding-darwin-x64'
74 silly reify ]
75 verbose reify failed optional dependency C:\project\SHOTDECK\frontend\shotdeck\node_modules\@unrs\resolver-binding-darwin-arm64
76 silly reify mark deleted [
76 silly reify   'C:\\project\\SHOTDECK\\frontend\\shotdeck\\node_modules\\@unrs\\resolver-binding-darwin-arm64'
76 silly reify ]
77 verbose reify failed optional dependency C:\project\SHOTDECK\frontend\shotdeck\node_modules\@tailwindcss\oxide-win32-arm64-msvc
78 silly reify mark deleted [
78 silly reify   'C:\\project\\SHOTDECK\\frontend\\shotdeck\\node_modules\\@tailwindcss\\oxide-win32-arm64-msvc'
78 silly reify ]
79 verbose reify failed optional dependency C:\project\SHOTDECK\frontend\shotdeck\node_modules\@tailwindcss\oxide-linux-x64-musl
80 silly reify mark deleted [
80 silly reify   'C:\\project\\SHOTDECK\\frontend\\shotdeck\\node_modules\\@tailwindcss\\oxide-linux-x64-musl'
80 silly reify ]
81 verbose reify failed optional dependency C:\project\SHOTDECK\frontend\shotdeck\node_modules\@tailwindcss\oxide-linux-x64-gnu
82 silly reify mark deleted [
82 silly reify   'C:\\project\\SHOTDECK\\frontend\\shotdeck\\node_modules\\@tailwindcss\\oxide-linux-x64-gnu'
82 silly reify ]
83 verbose reify failed optional dependency C:\project\SHOTDECK\frontend\shotdeck\node_modules\@tailwindcss\oxide-linux-arm64-musl
84 silly reify mark deleted [
84 silly reify   'C:\\project\\SHOTDECK\\frontend\\shotdeck\\node_modules\\@tailwindcss\\oxide-linux-arm64-musl'
84 silly reify ]
85 verbose reify failed optional dependency C:\project\SHOTDECK\frontend\shotdeck\node_modules\@tailwindcss\oxide-linux-arm64-gnu
86 silly reify mark deleted [
86 silly reify   'C:\\project\\SHOTDECK\\frontend\\shotdeck\\node_modules\\@tailwindcss\\oxide-linux-arm64-gnu'
86 silly reify ]
87 verbose reify failed optional dependency C:\project\SHOTDECK\frontend\shotdeck\node_modules\@tailwindcss\oxide-linux-arm-gnueabihf
88 silly reify mark deleted [
88 silly reify   'C:\\project\\SHOTDECK\\frontend\\shotdeck\\node_modules\\@tailwindcss\\oxide-linux-arm-gnueabihf'
88 silly reify ]
89 verbose reify failed optional dependency C:\project\SHOTDECK\frontend\shotdeck\node_modules\@tailwindcss\oxide-freebsd-x64
90 silly reify mark deleted [
90 silly reify   'C:\\project\\SHOTDECK\\frontend\\shotdeck\\node_modules\\@tailwindcss\\oxide-freebsd-x64'
90 silly reify ]
91 verbose reify failed optional dependency C:\project\SHOTDECK\frontend\shotdeck\node_modules\@tailwindcss\oxide-darwin-x64
92 silly reify mark deleted [
92 silly reify   'C:\\project\\SHOTDECK\\frontend\\shotdeck\\node_modules\\@tailwindcss\\oxide-darwin-x64'
92 silly reify ]
93 verbose reify failed optional dependency C:\project\SHOTDECK\frontend\shotdeck\node_modules\@tailwindcss\oxide-darwin-arm64
94 silly reify mark deleted [
94 silly reify   'C:\\project\\SHOTDECK\\frontend\\shotdeck\\node_modules\\@tailwindcss\\oxide-darwin-arm64'
94 silly reify ]
95 verbose reify failed optional dependency C:\project\SHOTDECK\frontend\shotdeck\node_modules\@tailwindcss\oxide-android-arm64
96 silly reify mark deleted [
96 silly reify   'C:\\project\\SHOTDECK\\frontend\\shotdeck\\node_modules\\@tailwindcss\\oxide-android-arm64'
96 silly reify ]
97 verbose reify failed optional dependency C:\project\SHOTDECK\frontend\shotdeck\node_modules\@next\swc-win32-arm64-msvc
98 silly reify mark deleted [
98 silly reify   'C:\\project\\SHOTDECK\\frontend\\shotdeck\\node_modules\\@next\\swc-win32-arm64-msvc'
98 silly reify ]
99 verbose reify failed optional dependency C:\project\SHOTDECK\frontend\shotdeck\node_modules\@next\swc-linux-x64-musl
100 silly reify mark deleted [
100 silly reify   'C:\\project\\SHOTDECK\\frontend\\shotdeck\\node_modules\\@next\\swc-linux-x64-musl'
100 silly reify ]
101 verbose reify failed optional dependency C:\project\SHOTDECK\frontend\shotdeck\node_modules\@next\swc-linux-x64-gnu
102 silly reify mark deleted [
102 silly reify   'C:\\project\\SHOTDECK\\frontend\\shotdeck\\node_modules\\@next\\swc-linux-x64-gnu'
102 silly reify ]
103 verbose reify failed optional dependency C:\project\SHOTDECK\frontend\shotdeck\node_modules\@next\swc-linux-arm64-musl
104 silly reify mark deleted [
104 silly reify   'C:\\project\\SHOTDECK\\frontend\\shotdeck\\node_modules\\@next\\swc-linux-arm64-musl'
104 silly reify ]
105 verbose reify failed optional dependency C:\project\SHOTDECK\frontend\shotdeck\node_modules\@next\swc-linux-arm64-gnu
106 silly reify mark deleted [
106 silly reify   'C:\\project\\SHOTDECK\\frontend\\shotdeck\\node_modules\\@next\\swc-linux-arm64-gnu'
106 silly reify ]
107 verbose reify failed optional dependency C:\project\SHOTDECK\frontend\shotdeck\node_modules\@next\swc-darwin-x64
108 silly reify mark deleted [
108 silly reify   'C:\\project\\SHOTDECK\\frontend\\shotdeck\\node_modules\\@next\\swc-darwin-x64'
108 silly reify ]
109 verbose reify failed optional dependency C:\project\SHOTDECK\frontend\shotdeck\node_modules\@next\swc-darwin-arm64
110 silly reify mark deleted [
110 silly reify   'C:\\project\\SHOTDECK\\frontend\\shotdeck\\node_modules\\@next\\swc-darwin-arm64'
110 silly reify ]
111 verbose reify failed optional dependency C:\project\SHOTDECK\frontend\shotdeck\node_modules\@img\sharp-win32-ia32
112 silly reify mark deleted [
112 silly reify   'C:\\project\\SHOTDECK\\frontend\\shotdeck\\node_modules\\@img\\sharp-win32-ia32'
112 silly reify ]
113 verbose reify failed optional dependency C:\project\SHOTDECK\frontend\shotdeck\node_modules\@img\sharp-wasm32
114 silly reify mark deleted [
114 silly reify   'C:\\project\\SHOTDECK\\frontend\\shotdeck\\node_modules\\@img\\sharp-wasm32'
114 silly reify ]
115 verbose reify failed optional dependency C:\project\SHOTDECK\frontend\shotdeck\node_modules\@img\sharp-linuxmusl-x64
116 silly reify mark deleted [
116 silly reify   'C:\\project\\SHOTDECK\\frontend\\shotdeck\\node_modules\\@img\\sharp-linuxmusl-x64'
116 silly reify ]
117 verbose reify failed optional dependency C:\project\SHOTDECK\frontend\shotdeck\node_modules\@img\sharp-linuxmusl-arm64
118 silly reify mark deleted [
118 silly reify   'C:\\project\\SHOTDECK\\frontend\\shotdeck\\node_modules\\@img\\sharp-linuxmusl-arm64'
118 silly reify ]
119 verbose reify failed optional dependency C:\project\SHOTDECK\frontend\shotdeck\node_modules\@img\sharp-linux-x64
120 silly reify mark deleted [
120 silly reify   'C:\\project\\SHOTDECK\\frontend\\shotdeck\\node_modules\\@img\\sharp-linux-x64'
120 silly reify ]
121 verbose reify failed optional dependency C:\project\SHOTDECK\frontend\shotdeck\node_modules\@img\sharp-linux-s390x
122 silly reify mark deleted [
122 silly reify   'C:\\project\\SHOTDECK\\frontend\\shotdeck\\node_modules\\@img\\sharp-linux-s390x'
122 silly reify ]
123 verbose reify failed optional dependency C:\project\SHOTDECK\frontend\shotdeck\node_modules\@img\sharp-linux-arm64
124 silly reify mark deleted [
124 silly reify   'C:\\project\\SHOTDECK\\frontend\\shotdeck\\node_modules\\@img\\sharp-linux-arm64'
124 silly reify ]
125 verbose reify failed optional dependency C:\project\SHOTDECK\frontend\shotdeck\node_modules\@img\sharp-linux-arm
126 silly reify mark deleted [
126 silly reify   'C:\\project\\SHOTDECK\\frontend\\shotdeck\\node_modules\\@img\\sharp-linux-arm'
126 silly reify ]
127 verbose reify failed optional dependency C:\project\SHOTDECK\frontend\shotdeck\node_modules\@img\sharp-libvips-linuxmusl-x64
128 silly reify mark deleted [
128 silly reify   'C:\\project\\SHOTDECK\\frontend\\shotdeck\\node_modules\\@img\\sharp-libvips-linuxmusl-x64'
128 silly reify ]
129 verbose reify failed optional dependency C:\project\SHOTDECK\frontend\shotdeck\node_modules\@img\sharp-libvips-linuxmusl-arm64
130 silly reify mark deleted [
130 silly reify   'C:\\project\\SHOTDECK\\frontend\\shotdeck\\node_modules\\@img\\sharp-libvips-linuxmusl-arm64'
130 silly reify ]
131 verbose reify failed optional dependency C:\project\SHOTDECK\frontend\shotdeck\node_modules\@img\sharp-libvips-linux-x64
132 silly reify mark deleted [
132 silly reify   'C:\\project\\SHOTDECK\\frontend\\shotdeck\\node_modules\\@img\\sharp-libvips-linux-x64'
132 silly reify ]
133 verbose reify failed optional dependency C:\project\SHOTDECK\frontend\shotdeck\node_modules\@img\sharp-libvips-linux-s390x
134 silly reify mark deleted [
134 silly reify   'C:\\project\\SHOTDECK\\frontend\\shotdeck\\node_modules\\@img\\sharp-libvips-linux-s390x'
134 silly reify ]
135 verbose reify failed optional dependency C:\project\SHOTDECK\frontend\shotdeck\node_modules\@img\sharp-libvips-linux-ppc64
136 silly reify mark deleted [
136 silly reify   'C:\\project\\SHOTDECK\\frontend\\shotdeck\\node_modules\\@img\\sharp-libvips-linux-ppc64'
136 silly reify ]
137 verbose reify failed optional dependency C:\project\SHOTDECK\frontend\shotdeck\node_modules\@img\sharp-libvips-linux-arm64
138 silly reify mark deleted [
138 silly reify   'C:\\project\\SHOTDECK\\frontend\\shotdeck\\node_modules\\@img\\sharp-libvips-linux-arm64'
138 silly reify ]
139 verbose reify failed optional dependency C:\project\SHOTDECK\frontend\shotdeck\node_modules\@img\sharp-libvips-linux-arm
140 silly reify mark deleted [
140 silly reify   'C:\\project\\SHOTDECK\\frontend\\shotdeck\\node_modules\\@img\\sharp-libvips-linux-arm'
140 silly reify ]
141 verbose reify failed optional dependency C:\project\SHOTDECK\frontend\shotdeck\node_modules\@img\sharp-libvips-darwin-x64
142 silly reify mark deleted [
142 silly reify   'C:\\project\\SHOTDECK\\frontend\\shotdeck\\node_modules\\@img\\sharp-libvips-darwin-x64'
142 silly reify ]
143 verbose reify failed optional dependency C:\project\SHOTDECK\frontend\shotdeck\node_modules\@img\sharp-libvips-darwin-arm64
144 silly reify mark deleted [
144 silly reify   'C:\\project\\SHOTDECK\\frontend\\shotdeck\\node_modules\\@img\\sharp-libvips-darwin-arm64'
144 silly reify ]
145 verbose reify failed optional dependency C:\project\SHOTDECK\frontend\shotdeck\node_modules\@img\sharp-darwin-x64
146 silly reify mark deleted [
146 silly reify   'C:\\project\\SHOTDECK\\frontend\\shotdeck\\node_modules\\@img\\sharp-darwin-x64'
146 silly reify ]
147 verbose reify failed optional dependency C:\project\SHOTDECK\frontend\shotdeck\node_modules\@img\sharp-darwin-arm64
148 silly reify mark deleted [
148 silly reify   'C:\\project\\SHOTDECK\\frontend\\shotdeck\\node_modules\\@img\\sharp-darwin-arm64'
148 silly reify ]
149 verbose reify failed optional dependency C:\project\SHOTDECK\frontend\shotdeck\node_modules\@ffprobe-installer\win32-ia32
150 silly reify mark deleted [
150 silly reify   'C:\\project\\SHOTDECK\\frontend\\shotdeck\\node_modules\\@ffprobe-installer\\win32-ia32'
150 silly reify ]
151 verbose reify failed optional dependency C:\project\SHOTDECK\frontend\shotdeck\node_modules\@ffprobe-installer\linux-x64
152 silly reify mark deleted [
152 silly reify   'C:\\project\\SHOTDECK\\frontend\\shotdeck\\node_modules\\@ffprobe-installer\\linux-x64'
152 silly reify ]
153 verbose reify failed optional dependency C:\project\SHOTDECK\frontend\shotdeck\node_modules\@ffprobe-installer\linux-ia32
154 silly reify mark deleted [
154 silly reify   'C:\\project\\SHOTDECK\\frontend\\shotdeck\\node_modules\\@ffprobe-installer\\linux-ia32'
154 silly reify ]
155 verbose reify failed optional dependency C:\project\SHOTDECK\frontend\shotdeck\node_modules\@ffprobe-installer\linux-arm64
156 silly reify mark deleted [
156 silly reify   'C:\\project\\SHOTDECK\\frontend\\shotdeck\\node_modules\\@ffprobe-installer\\linux-arm64'
156 silly reify ]
157 verbose reify failed optional dependency C:\project\SHOTDECK\frontend\shotdeck\node_modules\@ffprobe-installer\linux-arm
158 silly reify mark deleted [
158 silly reify   'C:\\project\\SHOTDECK\\frontend\\shotdeck\\node_modules\\@ffprobe-installer\\linux-arm'
158 silly reify ]
159 verbose reify failed optional dependency C:\project\SHOTDECK\frontend\shotdeck\node_modules\@ffprobe-installer\darwin-x64
160 silly reify mark deleted [
160 silly reify   'C:\\project\\SHOTDECK\\frontend\\shotdeck\\node_modules\\@ffprobe-installer\\darwin-x64'
160 silly reify ]
161 verbose reify failed optional dependency C:\project\SHOTDECK\frontend\shotdeck\node_modules\@ffprobe-installer\darwin-arm64
162 silly reify mark deleted [
162 silly reify   'C:\\project\\SHOTDECK\\frontend\\shotdeck\\node_modules\\@ffprobe-installer\\darwin-arm64'
162 silly reify ]
163 verbose reify failed optional dependency C:\project\SHOTDECK\frontend\shotdeck\node_modules\@ffmpeg-installer\win32-ia32
164 silly reify mark deleted [
164 silly reify   'C:\\project\\SHOTDECK\\frontend\\shotdeck\\node_modules\\@ffmpeg-installer\\win32-ia32'
164 silly reify ]
165 verbose reify failed optional dependency C:\project\SHOTDECK\frontend\shotdeck\node_modules\@ffmpeg-installer\linux-x64
166 silly reify mark deleted [
166 silly reify   'C:\\project\\SHOTDECK\\frontend\\shotdeck\\node_modules\\@ffmpeg-installer\\linux-x64'
166 silly reify ]
167 verbose reify failed optional dependency C:\project\SHOTDECK\frontend\shotdeck\node_modules\@ffmpeg-installer\linux-ia32
168 silly reify mark deleted [
168 silly reify   'C:\\project\\SHOTDECK\\frontend\\shotdeck\\node_modules\\@ffmpeg-installer\\linux-ia32'
168 silly reify ]
169 verbose reify failed optional dependency C:\project\SHOTDECK\frontend\shotdeck\node_modules\@ffmpeg-installer\linux-arm64
170 silly reify mark deleted [
170 silly reify   'C:\\project\\SHOTDECK\\frontend\\shotdeck\\node_modules\\@ffmpeg-installer\\linux-arm64'
170 silly reify ]
171 verbose reify failed optional dependency C:\project\SHOTDECK\frontend\shotdeck\node_modules\@ffmpeg-installer\linux-arm
172 silly reify mark deleted [
172 silly reify   'C:\\project\\SHOTDECK\\frontend\\shotdeck\\node_modules\\@ffmpeg-installer\\linux-arm'
172 silly reify ]
173 verbose reify failed optional dependency C:\project\SHOTDECK\frontend\shotdeck\node_modules\@ffmpeg-installer\darwin-x64
174 silly reify mark deleted [
174 silly reify   'C:\\project\\SHOTDECK\\frontend\\shotdeck\\node_modules\\@ffmpeg-installer\\darwin-x64'
174 silly reify ]
175 verbose reify failed optional dependency C:\project\SHOTDECK\frontend\shotdeck\node_modules\@ffmpeg-installer\darwin-arm64
176 silly reify mark deleted [
176 silly reify   'C:\\project\\SHOTDECK\\frontend\\shotdeck\\node_modules\\@ffmpeg-installer\\darwin-arm64'
176 silly reify ]
177 http fetch POST 200 https://registry.npmjs.org/-/npm/v1/security/advisories/bulk 1078ms
178 silly audit report {
178 silly audit report   'brace-expansion': [
178 silly audit report     {
178 silly audit report       id: 1105443,
178 silly audit report       url: 'https://github.com/advisories/GHSA-v6h2-p8h4-qcjw',
178 silly audit report       title: 'brace-expansion Regular Expression Denial of Service vulnerability',
178 silly audit report       severity: 'low',
178 silly audit report       vulnerable_versions: '>=1.0.0 <=1.1.11',
178 silly audit report       cwe: [Array],
178 silly audit report       cvss: [Object]
178 silly audit report     },
178 silly audit report     {
178 silly audit report       id: 1105444,
178 silly audit report       url: 'https://github.com/advisories/GHSA-v6h2-p8h4-qcjw',
178 silly audit report       title: 'brace-expansion Regular Expression Denial of Service vulnerability',
178 silly audit report       severity: 'low',
178 silly audit report       vulnerable_versions: '>=2.0.0 <=2.0.1',
178 silly audit report       cwe: [Array],
178 silly audit report       cvss: [Object]
178 silly audit report     }
178 silly audit report   ],
178 silly audit report   sweetalert2: [
178 silly audit report     {
178 silly audit report       id: 1094698,
178 silly audit report       url: 'https://github.com/advisories/GHSA-mrr8-v49w-3333',
178 silly audit report       title: 'sweetalert2 v11.6.14 and above contains potentially undesirable behavior',
178 silly audit report       severity: 'low',
178 silly audit report       vulnerable_versions: '>=11.6.14',
178 silly audit report       cwe: [Array],
178 silly audit report       cvss: [Object]
178 silly audit report     }
178 silly audit report   ]
178 silly audit report }
179 silly packumentCache corgi:https://registry.npmjs.org/brace-expansion cache-miss
180 silly packumentCache corgi:https://registry.npmjs.org/sweetalert2 cache-miss
181 http fetch GET 200 https://registry.npmjs.org/brace-expansion 65ms (cache revalidated)
182 silly packumentCache corgi:https://registry.npmjs.org/brace-expansion set size:16192 disposed:false
183 http fetch GET 200 https://registry.npmjs.org/sweetalert2 83ms (cache revalidated)
184 silly packumentCache corgi:https://registry.npmjs.org/sweetalert2 set size:1477287 disposed:false
185 silly packumentCache corgi:https://registry.npmjs.org/minimatch cache-miss
186 http fetch GET 200 https://registry.npmjs.org/minimatch 41ms (cache updated)
187 silly packumentCache corgi:https://registry.npmjs.org/minimatch set size:undefined disposed:false
188 silly ADD
189 silly ADD
190 silly ADD
191 silly ADD
192 silly ADD
193 silly ADD
194 silly ADD
195 silly ADD
196 silly ADD
197 silly ADD
198 silly ADD
199 silly ADD
200 silly ADD
201 silly ADD
202 silly ADD
203 silly ADD
204 silly ADD
205 silly ADD
206 silly ADD
207 silly ADD
208 silly ADD
209 silly ADD
210 silly ADD
211 silly ADD
212 silly ADD
213 silly ADD
214 silly ADD
215 silly ADD
216 silly ADD
217 silly ADD
218 silly ADD
219 silly ADD
220 silly ADD
221 silly ADD
222 silly ADD
223 silly ADD
224 silly ADD
225 silly ADD
226 silly ADD
227 silly ADD
228 silly ADD
229 silly ADD
230 silly ADD
231 silly ADD
232 silly ADD
233 silly ADD
234 silly ADD
235 silly ADD
236 silly ADD
237 silly ADD
238 silly ADD
239 silly ADD
240 silly ADD
241 silly ADD
242 silly ADD
243 silly ADD
244 silly ADD
245 silly ADD
246 silly ADD
247 silly ADD
248 silly ADD
249 silly ADD
250 silly ADD
251 silly ADD
252 silly ADD
253 silly ADD
254 silly ADD
255 silly ADD
256 silly ADD
257 silly ADD
258 silly ADD
259 silly ADD
260 silly ADD
261 silly ADD
262 silly ADD
263 silly ADD
264 verbose cwd C:\project\SHOTDECK\frontend\shotdeck
265 verbose os Windows_NT 10.0.26100
266 verbose node v22.15.1
267 verbose npm  v10.9.2
268 verbose exit 0
269 info ok
