0 verbose cli C:\Program Files\nodejs\node.exe C:\Program Files\nodejs\node_modules\npm\bin\npm-cli.js
1 info using npm@10.9.2
2 info using node@v22.15.1
3 silly config load:file:C:\Program Files\nodejs\node_modules\npm\npmrc
4 silly config load:file:C:\project\SHOTDECK\frontend\shotdeck\.npmrc
5 silly config load:file:C:\Users\rakib\.npmrc
6 silly config load:file:C:\Program Files\nodejs\npm-global\etc\npmrc
7 verbose title npm install @ffprobe-installer/ffprobe
8 verbose argv "install" "@ffprobe-installer/ffprobe"
9 verbose logfile logs-max:10 dir:C:\project\SHOTDECK\frontend\shotdeck\UsersmynameAppDataRoamingnpm-cache\_logs\2025-06-05T03_30_34_474Z-
10 verbose logfile C:\project\SHOTDECK\frontend\shotdeck\UsersmynameAppDataRoamingnpm-cache\_logs\2025-06-05T03_30_34_474Z-debug-0.log
11 silly logfile start cleaning logs, removing 1 files
12 silly packumentCache heap:4345298944 maxSize:1086324736 maxEntrySize:543162368
13 silly logfile done cleaning log files
14 silly idealTree buildDeps
15 silly fetch manifest @ffprobe-installer/ffprobe@*
16 silly packumentCache full:https://registry.npmjs.org/@ffprobe-installer%2fffprobe cache-miss
17 http fetch GET 200 https://registry.npmjs.org/@ffprobe-installer%2fffprobe 2513ms (cache miss)
18 silly packumentCache full:https://registry.npmjs.org/@ffprobe-installer%2fffprobe set size:undefined disposed:false
19 silly placeDep ROOT @ffprobe-installer/ffprobe@2.1.2 OK for: shotdeck@0.1.0 want: *
20 silly fetch manifest @ffprobe-installer/darwin-arm64@5.0.1
21 silly packumentCache full:https://registry.npmjs.org/@ffprobe-installer%2fdarwin-arm64 cache-miss
22 silly fetch manifest @ffprobe-installer/darwin-x64@5.1.0
23 silly packumentCache full:https://registry.npmjs.org/@ffprobe-installer%2fdarwin-x64 cache-miss
24 silly fetch manifest @ffprobe-installer/linux-arm@5.2.0
25 silly packumentCache full:https://registry.npmjs.org/@ffprobe-installer%2flinux-arm cache-miss
26 silly fetch manifest @ffprobe-installer/linux-arm64@5.2.0
27 silly packumentCache full:https://registry.npmjs.org/@ffprobe-installer%2flinux-arm64 cache-miss
28 silly fetch manifest @ffprobe-installer/linux-ia32@5.2.0
29 silly packumentCache full:https://registry.npmjs.org/@ffprobe-installer%2flinux-ia32 cache-miss
30 silly fetch manifest @ffprobe-installer/linux-x64@5.2.0
31 silly packumentCache full:https://registry.npmjs.org/@ffprobe-installer%2flinux-x64 cache-miss
32 silly fetch manifest @ffprobe-installer/win32-ia32@5.1.0
33 silly packumentCache full:https://registry.npmjs.org/@ffprobe-installer%2fwin32-ia32 cache-miss
34 silly fetch manifest @ffprobe-installer/win32-x64@5.1.0
35 silly packumentCache full:https://registry.npmjs.org/@ffprobe-installer%2fwin32-x64 cache-miss
36 http fetch GET 200 https://registry.npmjs.org/@ffprobe-installer%2fwin32-x64 2408ms (cache miss)
37 silly packumentCache full:https://registry.npmjs.org/@ffprobe-installer%2fwin32-x64 set size:undefined disposed:false
38 http fetch GET 200 https://registry.npmjs.org/@ffprobe-installer%2fdarwin-arm64 2413ms (cache miss)
39 silly packumentCache full:https://registry.npmjs.org/@ffprobe-installer%2fdarwin-arm64 set size:undefined disposed:false
40 http fetch GET 200 https://registry.npmjs.org/@ffprobe-installer%2flinux-ia32 2454ms (cache miss)
41 silly packumentCache full:https://registry.npmjs.org/@ffprobe-installer%2flinux-ia32 set size:undefined disposed:false
42 http fetch GET 200 https://registry.npmjs.org/@ffprobe-installer%2flinux-x64 2572ms (cache miss)
43 silly packumentCache full:https://registry.npmjs.org/@ffprobe-installer%2flinux-x64 set size:undefined disposed:false
44 http fetch GET 200 https://registry.npmjs.org/@ffprobe-installer%2fwin32-ia32 2584ms (cache miss)
45 silly packumentCache full:https://registry.npmjs.org/@ffprobe-installer%2fwin32-ia32 set size:undefined disposed:false
46 http fetch GET 200 https://registry.npmjs.org/@ffprobe-installer%2flinux-arm64 2694ms (cache miss)
47 silly packumentCache full:https://registry.npmjs.org/@ffprobe-installer%2flinux-arm64 set size:undefined disposed:false
48 http fetch GET 200 https://registry.npmjs.org/@ffprobe-installer%2fdarwin-x64 2832ms (cache miss)
49 silly packumentCache full:https://registry.npmjs.org/@ffprobe-installer%2fdarwin-x64 set size:undefined disposed:false
50 http fetch GET 200 https://registry.npmjs.org/@ffprobe-installer%2flinux-arm 2940ms (cache miss)
51 silly packumentCache full:https://registry.npmjs.org/@ffprobe-installer%2flinux-arm set size:undefined disposed:false
52 silly placeDep ROOT @ffprobe-installer/darwin-arm64@5.0.1 OK for: @ffprobe-installer/ffprobe@2.1.2 want: 5.0.1
53 silly placeDep ROOT @ffprobe-installer/darwin-x64@5.1.0 OK for: @ffprobe-installer/ffprobe@2.1.2 want: 5.1.0
54 silly placeDep ROOT @ffprobe-installer/linux-arm@5.2.0 OK for: @ffprobe-installer/ffprobe@2.1.2 want: 5.2.0
55 silly placeDep ROOT @ffprobe-installer/linux-arm64@5.2.0 OK for: @ffprobe-installer/ffprobe@2.1.2 want: 5.2.0
56 silly placeDep ROOT @ffprobe-installer/linux-ia32@5.2.0 OK for: @ffprobe-installer/ffprobe@2.1.2 want: 5.2.0
57 silly placeDep ROOT @ffprobe-installer/linux-x64@5.2.0 OK for: @ffprobe-installer/ffprobe@2.1.2 want: 5.2.0
58 silly placeDep ROOT @ffprobe-installer/win32-ia32@5.1.0 OK for: @ffprobe-installer/ffprobe@2.1.2 want: 5.1.0
59 silly placeDep ROOT @ffprobe-installer/win32-x64@5.1.0 OK for: @ffprobe-installer/ffprobe@2.1.2 want: 5.1.0
60 silly reify moves {}
61 verbose reify failed optional dependency C:\project\SHOTDECK\frontend\shotdeck\node_modules\@tailwindcss\oxide-wasm32-wasi
62 silly reify mark deleted [
62 silly reify   'C:\\project\\SHOTDECK\\frontend\\shotdeck\\node_modules\\@tailwindcss\\oxide-wasm32-wasi'
62 silly reify ]
63 silly audit bulk request {
63 silly audit   '@alloc/quick-lru': [ '5.2.0' ],
63 silly audit   '@ampproject/remapping': [ '2.3.0' ],
63 silly audit   '@babel/code-frame': [ '7.27.1' ],
63 silly audit   '@babel/generator': [ '7.27.1' ],
63 silly audit   '@babel/helper-module-imports': [ '7.27.1' ],
63 silly audit   '@babel/helper-string-parser': [ '7.27.1' ],
63 silly audit   '@babel/helper-validator-identifier': [ '7.27.1' ],
63 silly audit   '@babel/parser': [ '7.27.2' ],
63 silly audit   '@babel/runtime': [ '7.27.1' ],
63 silly audit   '@babel/template': [ '7.27.2' ],
63 silly audit   '@babel/traverse': [ '7.27.1' ],
63 silly audit   globals: [ '11.12.0', '14.0.0' ],
63 silly audit   '@babel/types': [ '7.27.1' ],
63 silly audit   '@emnapi/core': [ '1.4.3' ],
63 silly audit   '@emnapi/runtime': [ '1.4.3' ],
63 silly audit   '@emnapi/wasi-threads': [ '1.0.2' ],
63 silly audit   '@emotion/babel-plugin': [ '11.13.5' ],
63 silly audit   '@emotion/cache': [ '11.14.0' ],
63 silly audit   '@emotion/hash': [ '0.9.2' ],
63 silly audit   '@emotion/is-prop-valid': [ '1.3.1', '1.2.2' ],
63 silly audit   '@emotion/memoize': [ '0.9.0', '0.8.1' ],
63 silly audit   '@emotion/react': [ '11.14.0' ],
63 silly audit   '@emotion/serialize': [ '1.3.3' ],
63 silly audit   '@emotion/sheet': [ '1.4.0' ],
63 silly audit   '@emotion/styled': [ '11.14.0' ],
63 silly audit   '@emotion/unitless': [ '0.10.0', '0.8.1' ],
63 silly audit   '@emotion/use-insertion-effect-with-fallbacks': [ '1.2.0' ],
63 silly audit   '@emotion/utils': [ '1.4.2' ],
63 silly audit   '@emotion/weak-memoize': [ '0.4.0' ],
63 silly audit   '@eslint-community/eslint-utils': [ '4.7.0' ],
63 silly audit   'eslint-visitor-keys': [ '3.4.3', '4.2.0' ],
63 silly audit   '@eslint-community/regexpp': [ '4.12.1' ],
63 silly audit   '@eslint/config-array': [ '0.20.0' ],
63 silly audit   '@eslint/config-helpers': [ '0.2.2' ],
63 silly audit   '@eslint/core': [ '0.14.0' ],
63 silly audit   '@eslint/eslintrc': [ '3.3.1' ],
63 silly audit   '@eslint/js': [ '9.27.0' ],
63 silly audit   '@eslint/object-schema': [ '2.1.6' ],
63 silly audit   '@eslint/plugin-kit': [ '0.3.1' ],
63 silly audit   '@ffmpeg-installer/darwin-arm64': [ '4.1.5' ],
63 silly audit   '@ffmpeg-installer/darwin-x64': [ '4.1.0' ],
63 silly audit   '@ffmpeg-installer/ffmpeg': [ '1.1.0' ],
63 silly audit   '@ffmpeg-installer/linux-arm': [ '4.1.3' ],
63 silly audit   '@ffmpeg-installer/linux-arm64': [ '4.1.4' ],
63 silly audit   '@ffmpeg-installer/linux-ia32': [ '4.1.0' ],
63 silly audit   '@ffmpeg-installer/linux-x64': [ '4.1.0' ],
63 silly audit   '@ffmpeg-installer/win32-ia32': [ '4.1.0' ],
63 silly audit   '@ffmpeg-installer/win32-x64': [ '4.1.0' ],
63 silly audit   '@humanfs/core': [ '0.19.1' ],
63 silly audit   '@humanfs/node': [ '0.16.6' ],
63 silly audit   '@humanwhocodes/retry': [ '0.3.1', '0.4.3' ],
63 silly audit   '@humanwhocodes/module-importer': [ '1.0.1' ],
63 silly audit   '@img/sharp-darwin-arm64': [ '0.34.1' ],
63 silly audit   '@img/sharp-darwin-x64': [ '0.34.1' ],
63 silly audit   '@img/sharp-libvips-darwin-arm64': [ '1.1.0' ],
63 silly audit   '@img/sharp-libvips-darwin-x64': [ '1.1.0' ],
63 silly audit   '@img/sharp-libvips-linux-arm': [ '1.1.0' ],
63 silly audit   '@img/sharp-libvips-linux-arm64': [ '1.1.0' ],
63 silly audit   '@img/sharp-libvips-linux-ppc64': [ '1.1.0' ],
63 silly audit   '@img/sharp-libvips-linux-s390x': [ '1.1.0' ],
63 silly audit   '@img/sharp-libvips-linux-x64': [ '1.1.0' ],
63 silly audit   '@img/sharp-libvips-linuxmusl-arm64': [ '1.1.0' ],
63 silly audit   '@img/sharp-libvips-linuxmusl-x64': [ '1.1.0' ],
63 silly audit   '@img/sharp-linux-arm': [ '0.34.1' ],
63 silly audit   '@img/sharp-linux-arm64': [ '0.34.1' ],
63 silly audit   '@img/sharp-linux-s390x': [ '0.34.1' ],
63 silly audit   '@img/sharp-linux-x64': [ '0.34.1' ],
63 silly audit   '@img/sharp-linuxmusl-arm64': [ '0.34.1' ],
63 silly audit   '@img/sharp-linuxmusl-x64': [ '0.34.1' ],
63 silly audit   '@img/sharp-wasm32': [ '0.34.1' ],
63 silly audit   '@img/sharp-win32-ia32': [ '0.34.1' ],
63 silly audit   '@img/sharp-win32-x64': [ '0.34.1' ],
63 silly audit   '@isaacs/fs-minipass': [ '4.0.1' ],
63 silly audit   '@jridgewell/gen-mapping': [ '0.3.8' ],
63 silly audit   '@jridgewell/resolve-uri': [ '3.1.2' ],
63 silly audit   '@jridgewell/set-array': [ '1.2.1' ],
63 silly audit   '@jridgewell/sourcemap-codec': [ '1.5.0' ],
63 silly audit   '@jridgewell/trace-mapping': [ '0.3.25' ],
63 silly audit   '@mui/core-downloads-tracker': [ '7.1.0' ],
63 silly audit   '@mui/icons-material': [ '7.1.0' ],
63 silly audit   '@mui/material': [ '7.1.0' ],
63 silly audit   'react-is': [ '19.1.0', '16.13.1' ],
63 silly audit   '@mui/private-theming': [ '7.1.0' ],
63 silly audit   '@mui/styled-engine': [ '7.1.0' ],
63 silly audit   '@mui/styled-engine-sc': [ '7.1.0' ],
63 silly audit   '@mui/system': [ '7.1.0' ],
63 silly audit   '@mui/types': [ '7.4.2' ],
63 silly audit   '@mui/utils': [ '7.1.0' ],
63 silly audit   '@napi-rs/wasm-runtime': [ '0.2.10' ],
63 silly audit   '@next/env': [ '15.3.2' ],
63 silly audit   '@next/eslint-plugin-next': [ '15.3.2' ],
63 silly audit   '@next/swc-darwin-arm64': [ '15.3.2' ],
63 silly audit   '@next/swc-darwin-x64': [ '15.3.2' ],
63 silly audit   '@next/swc-linux-arm64-gnu': [ '15.3.2' ],
63 silly audit   '@next/swc-linux-arm64-musl': [ '15.3.2' ],
63 silly audit   '@next/swc-linux-x64-gnu': [ '15.3.2' ],
63 silly audit   '@next/swc-linux-x64-musl': [ '15.3.2' ],
63 silly audit   '@next/swc-win32-arm64-msvc': [ '15.3.2' ],
63 silly audit   '@next/swc-win32-x64-msvc': [ '15.3.2' ],
63 silly audit   '@nodelib/fs.scandir': [ '2.1.5' ],
63 silly audit   '@nodelib/fs.stat': [ '2.0.5' ],
63 silly audit   '@nodelib/fs.walk': [ '1.2.8' ],
63 silly audit   '@nolyfill/is-core-module': [ '1.0.39' ],
63 silly audit   '@panva/hkdf': [ '1.2.1' ],
63 silly audit   '@popperjs/core': [ '2.11.8' ],
63 silly audit   '@reduxjs/toolkit': [ '2.8.2' ],
63 silly audit   '@rtsao/scc': [ '1.1.0' ],
63 silly audit   '@rushstack/eslint-patch': [ '1.11.0' ],
63 silly audit   '@standard-schema/spec': [ '1.0.0' ],
63 silly audit   '@standard-schema/utils': [ '0.3.0' ],
63 silly audit   '@stripe/stripe-js': [ '7.3.1' ],
63 silly audit   '@studio-freight/lenis': [ '1.0.42' ],
63 silly audit   '@swc/counter': [ '0.1.3' ],
63 silly audit   '@swc/helpers': [ '0.5.15' ],
63 silly audit   '@tailwindcss/node': [ '4.1.7' ],
63 silly audit   '@tailwindcss/oxide': [ '4.1.7' ],
63 silly audit   '@tailwindcss/oxide-android-arm64': [ '4.1.7' ],
63 silly audit   '@tailwindcss/oxide-darwin-arm64': [ '4.1.7' ],
63 silly audit   '@tailwindcss/oxide-darwin-x64': [ '4.1.7' ],
63 silly audit   '@tailwindcss/oxide-freebsd-x64': [ '4.1.7' ],
63 silly audit   '@tailwindcss/oxide-linux-arm-gnueabihf': [ '4.1.7' ],
63 silly audit   '@tailwindcss/oxide-linux-arm64-gnu': [ '4.1.7' ],
63 silly audit   '@tailwindcss/oxide-linux-arm64-musl': [ '4.1.7' ],
63 silly audit   '@tailwindcss/oxide-linux-x64-gnu': [ '4.1.7' ],
63 silly audit   '@tailwindcss/oxide-linux-x64-musl': [ '4.1.7' ],
63 silly audit   '@tailwindcss/oxide-win32-arm64-msvc': [ '4.1.7' ],
63 silly audit   '@tailwindcss/oxide-win32-x64-msvc': [ '4.1.7' ],
63 silly audit   '@tailwindcss/postcss': [ '4.1.7' ],
63 silly audit   '@tybys/wasm-util': [ '0.9.0' ],
63 silly audit   '@types/estree': [ '1.0.7' ],
63 silly audit   '@types/hoist-non-react-statics': [ '3.3.6' ],
63 silly audit   '@types/json-schema': [ '7.0.15' ],
63 silly audit   '@types/json5': [ '0.0.29' ],
63 silly audit   '@types/parse-json': [ '4.0.2' ],
63 silly audit   '@types/prop-types': [ '15.7.14' ],
63 silly audit   '@types/react': [ '18.3.21' ],
63 silly audit   '@types/react-transition-group': [ '4.4.12' ],
63 silly audit   '@types/stylis': [ '4.2.5' ],
63 silly audit   '@types/use-sync-external-store': [ '0.0.6' ],
63 silly audit   '@typescript-eslint/eslint-plugin': [ '8.32.1' ],
63 silly audit   ignore: [ '7.0.4', '5.3.2' ],
63 silly audit   '@typescript-eslint/parser': [ '8.32.1' ],
63 silly audit   '@typescript-eslint/scope-manager': [ '8.32.1' ],
63 silly audit   '@typescript-eslint/type-utils': [ '8.32.1' ],
63 silly audit   '@typescript-eslint/types': [ '8.32.1' ],
63 silly audit   '@typescript-eslint/typescript-estree': [ '8.32.1' ],
63 silly audit   'brace-expansion': [ '2.0.1', '1.1.11' ],
63 silly audit   'fast-glob': [ '3.3.3', '3.3.1' ],
63 silly audit   'glob-parent': [ '5.1.2', '6.0.2' ],
63 silly audit   minimatch: [ '9.0.5', '3.1.2' ],
63 silly audit   '@typescript-eslint/utils': [ '8.32.1' ],
63 silly audit   '@typescript-eslint/visitor-keys': [ '8.32.1' ],
63 silly audit   '@unrs/resolver-binding-darwin-arm64': [ '1.7.2' ],
63 silly audit   '@unrs/resolver-binding-darwin-x64': [ '1.7.2' ],
63 silly audit   '@unrs/resolver-binding-freebsd-x64': [ '1.7.2' ],
63 silly audit   '@unrs/resolver-binding-linux-arm-gnueabihf': [ '1.7.2' ],
63 silly audit   '@unrs/resolver-binding-linux-arm-musleabihf': [ '1.7.2' ],
63 silly audit   '@unrs/resolver-binding-linux-arm64-gnu': [ '1.7.2' ],
63 silly audit   '@unrs/resolver-binding-linux-arm64-musl': [ '1.7.2' ],
63 silly audit   '@unrs/resolver-binding-linux-ppc64-gnu': [ '1.7.2' ],
63 silly audit   '@unrs/resolver-binding-linux-riscv64-gnu': [ '1.7.2' ],
63 silly audit   '@unrs/resolver-binding-linux-riscv64-musl': [ '1.7.2' ],
63 silly audit   '@unrs/resolver-binding-linux-s390x-gnu': [ '1.7.2' ],
63 silly audit   '@unrs/resolver-binding-linux-x64-gnu': [ '1.7.2' ],
63 silly audit   '@unrs/resolver-binding-linux-x64-musl': [ '1.7.2' ],
63 silly audit   '@unrs/resolver-binding-wasm32-wasi': [ '1.7.2' ],
63 silly audit   '@unrs/resolver-binding-win32-arm64-msvc': [ '1.7.2' ],
63 silly audit   '@unrs/resolver-binding-win32-ia32-msvc': [ '1.7.2' ],
63 silly audit   '@unrs/resolver-binding-win32-x64-msvc': [ '1.7.2' ],
63 silly audit   acorn: [ '8.14.1' ],
63 silly audit   'acorn-jsx': [ '5.3.2' ],
63 silly audit   ajv: [ '6.12.6' ],
63 silly audit   'ansi-styles': [ '4.3.0' ],
63 silly audit   aos: [ '2.3.4' ],
63 silly audit   argparse: [ '2.0.1' ],
63 silly audit   'aria-query': [ '5.3.2' ],
63 silly audit   'array-buffer-byte-length': [ '1.0.2' ],
63 silly audit   'array-includes': [ '3.1.8' ],
63 silly audit   'array.prototype.findlast': [ '1.2.5' ],
63 silly audit   'array.prototype.findlastindex': [ '1.2.6' ],
63 silly audit   'array.prototype.flat': [ '1.3.3' ],
63 silly audit   'array.prototype.flatmap': [ '1.3.3' ],
63 silly audit   'array.prototype.tosorted': [ '1.1.4' ],
63 silly audit   'arraybuffer.prototype.slice': [ '1.0.4' ],
63 silly audit   'ast-types-flow': [ '0.0.8' ],
63 silly audit   async: [ '0.2.10' ],
63 silly audit   'async-function': [ '1.0.0' ],
63 silly audit   asynckit: [ '0.4.0' ],
63 silly audit   'available-typed-arrays': [ '1.0.7' ],
63 silly audit   'axe-core': [ '4.10.3' ],
63 silly audit   axios: [ '1.9.0' ],
63 silly audit   'axobject-query': [ '4.1.0' ],
63 silly audit   'babel-plugin-macros': [ '3.1.0' ],
63 silly audit   'balanced-match': [ '1.0.2' ],
63 silly audit   braces: [ '3.0.3' ],
63 silly audit   busboy: [ '1.6.0' ],
63 silly audit   'call-bind': [ '1.0.8' ],
63 silly audit   'call-bind-apply-helpers': [ '1.0.2' ],
63 silly audit   'call-bound': [ '1.0.4' ],
63 silly audit   callsites: [ '3.1.0' ],
63 silly audit   camelize: [ '1.0.1' ],
63 silly audit   'caniuse-lite': [ '1.0.30001718' ],
63 silly audit   chalk: [ '4.1.2' ],
63 silly audit   chownr: [ '3.0.0' ],
63 silly audit   'classlist-polyfill': [ '1.2.0' ],
63 silly audit   'client-only': [ '0.0.1' ],
63 silly audit   clsx: [ '2.1.1' ],
63 silly audit   color: [ '4.2.3' ],
63 silly audit   'color-convert': [ '2.0.1' ],
63 silly audit   'color-name': [ '1.1.4' ],
63 silly audit   'color-string': [ '1.9.1' ],
63 silly audit   'combined-stream': [ '1.0.8' ],
63 silly audit   'concat-map': [ '0.0.1' ],
63 silly audit   'convert-source-map': [ '1.9.0' ],
63 silly audit   cookie: [ '0.7.2' ],
63 silly audit   cosmiconfig: [ '7.1.0' ],
63 silly audit   'cross-spawn': [ '7.0.6' ],
63 silly audit   'css-color-keywords': [ '1.0.0' ],
63 silly audit   'css-to-react-native': [ '3.2.0' ],
63 silly audit   csstype: [ '3.1.3' ],
63 silly audit   'damerau-levenshtein': [ '1.0.8' ],
63 silly audit   'data-view-buffer': [ '1.0.2' ],
63 silly audit   'data-view-byte-length': [ '1.0.2' ],
63 silly audit   'data-view-byte-offset': [ '1.0.1' ],
63 silly audit   'date-fns': [ '4.1.0' ],
63 silly audit   debug: [ '4.4.1', '3.2.7' ],
63 silly audit   'deep-is': [ '0.1.4' ],
63 silly audit   'define-data-property': [ '1.1.4' ],
63 silly audit   'define-properties': [ '1.2.1' ],
63 silly audit   'delayed-stream': [ '1.0.0' ],
63 silly audit   'detect-libc': [ '2.0.4' ],
63 silly audit   doctrine: [ '2.1.0' ],
63 silly audit   'dom-helpers': [ '5.2.1' ],
63 silly audit   'dunder-proto': [ '1.0.1' ],
63 silly audit   'emoji-regex': [ '9.2.2' ],
63 silly audit   'enhanced-resolve': [ '5.18.1' ],
63 silly audit   'error-ex': [ '1.3.2' ],
63 silly audit   'is-arrayish': [ '0.2.1', '0.3.2' ],
63 silly audit   'es-abstract': [ '1.23.9' ],
63 silly audit   'es-define-property': [ '1.0.1' ],
63 silly audit   'es-errors': [ '1.3.0' ],
63 silly audit   'es-iterator-helpers': [ '1.2.1' ],
63 silly audit   'es-object-atoms': [ '1.1.1' ],
63 silly audit   'es-set-tostringtag': [ '2.1.0' ],
63 silly audit   'es-shim-unscopables': [ '1.1.0' ],
63 silly audit   'es-to-primitive': [ '1.3.0' ],
63 silly audit   'escape-string-regexp': [ '4.0.0' ],
63 silly audit   eslint: [ '9.27.0' ],
63 silly audit   'eslint-config-next': [ '15.3.2' ],
63 silly audit   'eslint-import-resolver-node': [ '0.3.9' ],
63 silly audit   'eslint-import-resolver-typescript': [ '3.10.1' ],
63 silly audit   'eslint-module-utils': [ '2.12.0' ],
63 silly audit   'eslint-plugin-import': [ '2.31.0' ],
63 silly audit   semver: [ '6.3.1', '7.7.2' ],
63 silly audit   'eslint-plugin-jsx-a11y': [ '6.10.2' ],
63 silly audit   'eslint-plugin-react': [ '7.37.5' ],
63 silly audit   'eslint-plugin-react-hooks': [ '5.2.0' ],
63 silly audit   resolve: [ '2.0.0-next.5', '1.22.10' ],
63 silly audit   'eslint-scope': [ '8.3.0' ],
63 silly audit   espree: [ '10.3.0' ],
63 silly audit   esquery: [ '1.6.0' ],
63 silly audit   esrecurse: [ '4.3.0' ],
63 silly audit   estraverse: [ '5.3.0' ],
63 silly audit   esutils: [ '2.0.3' ],
63 silly audit   'fast-deep-equal': [ '3.1.3' ],
63 silly audit   'fast-json-stable-stringify': [ '2.1.0' ],
63 silly audit   'fast-levenshtein': [ '2.0.6' ],
63 silly audit   fastq: [ '1.19.1' ],
63 silly audit   'file-entry-cache': [ '8.0.0' ],
63 silly audit   'fill-range': [ '7.1.1' ],
63 silly audit   'find-root': [ '1.1.0' ],
63 silly audit   'find-up': [ '5.0.0' ],
63 silly audit   'flat-cache': [ '4.0.1' ],
63 silly audit   flatted: [ '3.3.3' ],
63 silly audit   'fluent-ffmpeg': [ '2.1.3' ],
63 silly audit   which: [ '1.3.1', '2.0.2' ],
63 silly audit   'follow-redirects': [ '1.15.9' ],
63 silly audit   'for-each': [ '0.3.5' ],
63 silly audit   'form-data': [ '4.0.2' ],
63 silly audit   'framer-motion': [ '12.12.1' ],
63 silly audit   'function-bind': [ '1.1.2' ],
63 silly audit   'function.prototype.name': [ '1.1.8' ],
63 silly audit   'functions-have-names': [ '1.2.3' ],
63 silly audit   'get-intrinsic': [ '1.3.0' ],
63 silly audit   'get-proto': [ '1.0.1' ],
63 silly audit   'get-symbol-description': [ '1.1.0' ],
63 silly audit   'get-tsconfig': [ '4.10.0' ],
63 silly audit   globalthis: [ '1.0.4' ],
63 silly audit   gopd: [ '1.2.0' ],
63 silly audit   'graceful-fs': [ '4.2.11' ],
63 silly audit   graphemer: [ '1.4.0' ],
63 silly audit   gsap: [ '3.13.0' ],
63 silly audit   'has-bigints': [ '1.1.0' ],
63 silly audit   'has-flag': [ '4.0.0' ],
63 silly audit   'has-property-descriptors': [ '1.0.2' ],
63 silly audit   'has-proto': [ '1.2.0' ],
63 silly audit   'has-symbols': [ '1.1.0' ],
63 silly audit   'has-tostringtag': [ '1.0.2' ],
63 silly audit   hasown: [ '2.0.2' ],
63 silly audit   'hoist-non-react-statics': [ '3.3.2' ],
63 silly audit   immer: [ '10.1.1' ],
63 silly audit   'import-fresh': [ '3.3.1' ],
63 silly audit   imurmurhash: [ '0.1.4' ],
63 silly audit   'internal-slot': [ '1.1.0' ],
63 silly audit   'is-array-buffer': [ '3.0.5' ],
63 silly audit   'is-async-function': [ '2.1.1' ],
63 silly audit   'is-bigint': [ '1.1.0' ],
63 silly audit   'is-boolean-object': [ '1.2.2' ],
63 silly audit   'is-bun-module': [ '2.0.0' ],
63 silly audit   'is-callable': [ '1.2.7' ],
63 silly audit   'is-core-module': [ '2.16.1' ],
63 silly audit   'is-data-view': [ '1.0.2' ],
63 silly audit   'is-date-object': [ '1.1.0' ],
63 silly audit   'is-extglob': [ '2.1.1' ],
63 silly audit   'is-finalizationregistry': [ '1.1.1' ],
63 silly audit   'is-generator-function': [ '1.1.0' ],
63 silly audit   'is-glob': [ '4.0.3' ],
63 silly audit   'is-map': [ '2.0.3' ],
63 silly audit   'is-number': [ '7.0.0' ],
63 silly audit   'is-number-object': [ '1.1.1' ],
63 silly audit   'is-regex': [ '1.2.1' ],
63 silly audit   'is-set': [ '2.0.3' ],
63 silly audit   'is-shared-array-buffer': [ '1.0.4' ],
63 silly audit   'is-string': [ '1.1.1' ],
63 silly audit   'is-symbol': [ '1.1.1' ],
63 silly audit   'is-typed-array': [ '1.1.15' ],
63 silly audit   'is-weakmap': [ '2.0.2' ],
63 silly audit   'is-weakref': [ '1.1.1' ],
63 silly audit   'is-weakset': [ '2.0.4' ],
63 silly audit   isarray: [ '2.0.5' ],
63 silly audit   isexe: [ '2.0.0' ],
63 silly audit   'iterator.prototype': [ '1.1.5' ],
63 silly audit   jiti: [ '2.4.2' ],
63 silly audit   jose: [ '4.15.9' ],
63 silly audit   'js-tokens': [ '4.0.0' ],
63 silly audit   'js-yaml': [ '4.1.0' ],
63 silly audit   jsesc: [ '3.1.0' ],
63 silly audit   'json-buffer': [ '3.0.1' ],
63 silly audit   'json-parse-even-better-errors': [ '2.3.1' ],
63 silly audit   'json-schema-traverse': [ '0.4.1' ],
63 silly audit   'json-stable-stringify-without-jsonify': [ '1.0.1' ],
63 silly audit   json5: [ '1.0.2' ],
63 silly audit   'jsx-ast-utils': [ '3.3.5' ],
63 silly audit   keyv: [ '4.5.4' ],
63 silly audit   'language-subtag-registry': [ '0.3.23' ],
63 silly audit   'language-tags': [ '1.0.9' ],
63 silly audit   levn: [ '0.4.1' ],
63 silly audit   lightningcss: [ '1.30.1' ],
63 silly audit   'lightningcss-darwin-arm64': [ '1.30.1' ],
63 silly audit   'lightningcss-darwin-x64': [ '1.30.1' ],
63 silly audit   'lightningcss-freebsd-x64': [ '1.30.1' ],
63 silly audit   'lightningcss-linux-arm-gnueabihf': [ '1.30.1' ],
63 silly audit   'lightningcss-linux-arm64-gnu': [ '1.30.1' ],
63 silly audit   'lightningcss-linux-arm64-musl': [ '1.30.1' ],
63 silly audit   'lightningcss-linux-x64-gnu': [ '1.30.1' ],
63 silly audit   'lightningcss-linux-x64-musl': [ '1.30.1' ],
63 silly audit   'lightningcss-win32-arm64-msvc': [ '1.30.1' ],
63 silly audit   'lightningcss-win32-x64-msvc': [ '1.30.1' ],
63 silly audit   'lines-and-columns': [ '1.2.4' ],
63 silly audit   'locate-path': [ '6.0.0' ],
63 silly audit   'lodash.debounce': [ '4.0.8' ],
63 silly audit   'lodash.merge': [ '4.6.2' ],
63 silly audit   'lodash.throttle': [ '4.1.1' ],
63 silly audit   'loose-envify': [ '1.4.0' ],
63 silly audit   'lru-cache': [ '6.0.0' ],
63 silly audit   yallist: [ '4.0.0', '5.0.0' ],
63 silly audit   'magic-string': [ '0.30.17' ],
63 silly audit   'math-intrinsics': [ '1.1.0' ],
63 silly audit   merge2: [ '1.4.1' ],
63 silly audit   micromatch: [ '4.0.8' ],
63 silly audit   'mime-db': [ '1.52.0' ],
63 silly audit   'mime-types': [ '2.1.35' ],
63 silly audit   minimist: [ '1.2.8' ],
63 silly audit   minipass: [ '7.1.2' ],
63 silly audit   minizlib: [ '3.0.2' ],
63 silly audit   mkdirp: [ '3.0.1' ],
63 silly audit   'motion-dom': [ '12.12.1' ],
63 silly audit   'motion-utils': [ '12.12.1' ],
63 silly audit   ms: [ '2.1.3' ],
63 silly audit   nanoid: [ '3.3.11' ],
63 silly audit   'napi-postinstall': [ '0.2.4' ],
63 silly audit   'natural-compare': [ '1.4.0' ],
63 silly audit   next: [ '15.3.2' ],
63 silly audit   'next-auth': [ '4.24.11' ],
63 silly audit   postcss: [ '8.4.31', '8.5.3', '8.4.49' ],
63 silly audit   oauth: [ '0.9.15' ],
63 silly audit   'object-assign': [ '4.1.1' ],
63 silly audit   'object-hash': [ '2.2.0' ],
63 silly audit   'object-inspect': [ '1.13.4' ],
63 silly audit   'object-keys': [ '1.1.1' ],
63 silly audit   'object.assign': [ '4.1.7' ],
63 silly audit   'object.entries': [ '1.1.9' ],
63 silly audit   'object.fromentries': [ '2.0.8' ],
63 silly audit   'object.groupby': [ '1.0.3' ],
63 silly audit   'object.values': [ '1.2.1' ],
63 silly audit   'oidc-token-hash': [ '5.1.0' ],
63 silly audit   'openid-client': [ '5.7.1' ],
63 silly audit   optionator: [ '0.9.4' ],
63 silly audit   'otp-timer': [ '2.1.1' ],
63 silly audit   react: [ '16.14.0', '19.1.0' ],
63 silly audit   'react-dom': [ '16.14.0', '19.1.0' ],
63 silly audit   scheduler: [ '0.19.1', '0.26.0' ],
63 silly audit   'own-keys': [ '1.0.1' ],
63 silly audit   'p-limit': [ '3.1.0' ],
63 silly audit   'p-locate': [ '5.0.0' ],
63 silly audit   'parent-module': [ '1.0.1' ],
63 silly audit   'parse-json': [ '5.2.0' ],
63 silly audit   'path-exists': [ '4.0.0' ],
63 silly audit   'path-key': [ '3.1.1' ],
63 silly audit   'path-parse': [ '1.0.7' ],
63 silly audit   'path-type': [ '4.0.0' ],
63 silly audit   picocolors: [ '1.1.1' ],
63 silly audit   picomatch: [ '2.3.1', '4.0.2' ],
63 silly audit   'possible-typed-array-names': [ '1.1.0' ],
63 silly audit   'postcss-value-parser': [ '4.2.0' ],
63 silly audit   preact: [ '10.26.6' ],
63 silly audit   'preact-render-to-string': [ '5.2.6' ],
63 silly audit   'prelude-ls': [ '1.2.1' ],
63 silly audit   'pretty-format': [ '3.8.0' ],
63 silly audit   'prop-types': [ '15.8.1' ],
63 silly audit   'proxy-from-env': [ '1.1.0' ],
63 silly audit   punycode: [ '2.3.1' ],
63 silly audit   qs: [ '6.14.0' ],
63 silly audit   'queue-microtask': [ '1.2.3' ],
63 silly audit   'react-hook-form': [ '7.56.4' ],
63 silly audit   'react-icons': [ '5.5.0' ],
63 silly audit   'react-redux': [ '9.2.0' ],
63 silly audit   'react-toastify': [ '11.0.5' ],
63 silly audit   'react-transition-group': [ '4.4.5' ],
63 silly audit   redux: [ '5.0.1' ],
63 silly audit   'redux-thunk': [ '3.1.0' ],
63 silly audit   'reflect.getprototypeof': [ '1.0.10' ],
63 silly audit   'regexp.prototype.flags': [ '1.5.4' ],
63 silly audit   reselect: [ '5.1.1' ],
63 silly audit   'resolve-from': [ '4.0.0' ],
63 silly audit   'resolve-pkg-maps': [ '1.0.0' ],
63 silly audit   reusify: [ '1.1.0' ],
63 silly audit   'run-parallel': [ '1.2.0' ],
63 silly audit   'safe-array-concat': [ '1.1.3' ],
63 silly audit   'safe-push-apply': [ '1.0.0' ],
63 silly audit   'safe-regex-test': [ '1.1.0' ],
63 silly audit   'set-function-length': [ '1.2.2' ],
63 silly audit   'set-function-name': [ '2.0.2' ],
63 silly audit   'set-proto': [ '1.0.0' ],
63 silly audit   shallowequal: [ '1.1.0' ],
63 silly audit   sharp: [ '0.34.1' ],
63 silly audit   'shebang-command': [ '2.0.0' ],
63 silly audit   'shebang-regex': [ '3.0.0' ],
63 silly audit   'side-channel': [ '1.1.0' ],
63 silly audit   'side-channel-list': [ '1.0.0' ],
63 silly audit   'side-channel-map': [ '1.0.1' ],
63 silly audit   'side-channel-weakmap': [ '1.0.2' ],
63 silly audit   'simple-swizzle': [ '0.2.2' ],
63 silly audit   'source-map': [ '0.5.7' ],
63 silly audit   'source-map-js': [ '1.2.1' ],
63 silly audit   'stable-hash': [ '0.0.5' ],
63 silly audit   streamsearch: [ '1.1.0' ],
63 silly audit   'string.prototype.includes': [ '2.0.1' ],
63 silly audit   'string.prototype.matchall': [ '4.0.12' ],
63 silly audit   'string.prototype.repeat': [ '1.0.0' ],
63 silly audit   'string.prototype.trim': [ '1.2.10' ],
63 silly audit   'string.prototype.trimend': [ '1.0.9' ],
63 silly audit   'string.prototype.trimstart': [ '1.0.8' ],
63 silly audit   'strip-bom': [ '3.0.0' ],
63 silly audit   'strip-json-comments': [ '3.1.1' ],
63 silly audit   stripe: [ '18.2.1' ],
63 silly audit   'styled-components': [ '6.1.18' ],
63 silly audit   stylis: [ '4.3.2', '4.2.0' ],
63 silly audit   tslib: [ '2.6.2', '2.8.1' ],
63 silly audit   'styled-jsx': [ '5.1.6' ],
63 silly audit   'supports-color': [ '7.2.0' ],
63 silly audit   'supports-preserve-symlinks-flag': [ '1.0.0' ],
63 silly audit   sweetalert2: [ '11.21.2' ],
63 silly audit   swiper: [ '11.2.8' ],
63 silly audit   tailwindcss: [ '4.1.7' ],
63 silly audit   tapable: [ '2.2.1' ],
63 silly audit   tar: [ '7.4.3' ],
63 silly audit   tinyglobby: [ '0.2.13' ],
63 silly audit   fdir: [ '6.4.4' ],
63 silly audit   'to-regex-range': [ '5.0.1' ],
63 silly audit   'ts-api-utils': [ '2.1.0' ],
63 silly audit   'tsconfig-paths': [ '3.15.0' ],
63 silly audit   'type-check': [ '0.4.0' ],
63 silly audit   'typed-array-buffer': [ '1.0.3' ],
63 silly audit   'typed-array-byte-length': [ '1.0.3' ],
63 silly audit   'typed-array-byte-offset': [ '1.0.4' ],
63 silly audit   'typed-array-length': [ '1.0.7' ],
63 silly audit   typescript: [ '5.8.3' ],
63 silly audit   'unbox-primitive': [ '1.1.0' ],
63 silly audit   'unrs-resolver': [ '1.7.2' ],
63 silly audit   'uri-js': [ '4.4.1' ],
63 silly audit   'use-sync-external-store': [ '1.5.0' ],
63 silly audit   uuid: [ '8.3.2' ],
63 silly audit   'which-boxed-primitive': [ '1.1.1' ],
63 silly audit   'which-builtin-type': [ '1.2.1' ],
63 silly audit   'which-collection': [ '1.0.2' ],
63 silly audit   'which-typed-array': [ '1.1.19' ],
63 silly audit   'word-wrap': [ '1.2.5' ],
63 silly audit   yaml: [ '1.10.2' ],
63 silly audit   'yocto-queue': [ '0.1.0' ],
63 silly audit   '@ffprobe-installer/ffprobe': [ '2.1.2' ],
63 silly audit   '@ffprobe-installer/darwin-arm64': [ '5.0.1' ],
63 silly audit   '@ffprobe-installer/darwin-x64': [ '5.1.0' ],
63 silly audit   '@ffprobe-installer/linux-arm': [ '5.2.0' ],
63 silly audit   '@ffprobe-installer/linux-arm64': [ '5.2.0' ],
63 silly audit   '@ffprobe-installer/linux-ia32': [ '5.2.0' ],
63 silly audit   '@ffprobe-installer/linux-x64': [ '5.2.0' ],
63 silly audit   '@ffprobe-installer/win32-ia32': [ '5.1.0' ],
63 silly audit   '@ffprobe-installer/win32-x64': [ '5.1.0' ],
63 silly audit   '@tailwindcss/oxide-wasm32-wasi': [ '4.1.7' ]
63 silly audit }
64 verbose reify failed optional dependency C:\project\SHOTDECK\frontend\shotdeck\node_modules\@ffprobe-installer\win32-ia32
65 silly reify mark deleted [
65 silly reify   'C:\\project\\SHOTDECK\\frontend\\shotdeck\\node_modules\\@ffprobe-installer\\win32-ia32'
65 silly reify ]
66 verbose reify failed optional dependency C:\project\SHOTDECK\frontend\shotdeck\node_modules\@ffprobe-installer\linux-x64
67 silly reify mark deleted [
67 silly reify   'C:\\project\\SHOTDECK\\frontend\\shotdeck\\node_modules\\@ffprobe-installer\\linux-x64'
67 silly reify ]
68 verbose reify failed optional dependency C:\project\SHOTDECK\frontend\shotdeck\node_modules\@ffprobe-installer\linux-ia32
69 silly reify mark deleted [
69 silly reify   'C:\\project\\SHOTDECK\\frontend\\shotdeck\\node_modules\\@ffprobe-installer\\linux-ia32'
69 silly reify ]
70 verbose reify failed optional dependency C:\project\SHOTDECK\frontend\shotdeck\node_modules\@ffprobe-installer\linux-arm64
71 silly reify mark deleted [
71 silly reify   'C:\\project\\SHOTDECK\\frontend\\shotdeck\\node_modules\\@ffprobe-installer\\linux-arm64'
71 silly reify ]
72 verbose reify failed optional dependency C:\project\SHOTDECK\frontend\shotdeck\node_modules\@ffprobe-installer\linux-arm
73 silly reify mark deleted [
73 silly reify   'C:\\project\\SHOTDECK\\frontend\\shotdeck\\node_modules\\@ffprobe-installer\\linux-arm'
73 silly reify ]
74 verbose reify failed optional dependency C:\project\SHOTDECK\frontend\shotdeck\node_modules\@ffprobe-installer\darwin-x64
75 silly reify mark deleted [
75 silly reify   'C:\\project\\SHOTDECK\\frontend\\shotdeck\\node_modules\\@ffprobe-installer\\darwin-x64'
75 silly reify ]
76 verbose reify failed optional dependency C:\project\SHOTDECK\frontend\shotdeck\node_modules\@ffprobe-installer\darwin-arm64
77 silly reify mark deleted [
77 silly reify   'C:\\project\\SHOTDECK\\frontend\\shotdeck\\node_modules\\@ffprobe-installer\\darwin-arm64'
77 silly reify ]
78 verbose reify failed optional dependency C:\project\SHOTDECK\frontend\shotdeck\node_modules\lightningcss-win32-arm64-msvc
79 silly reify mark deleted [
79 silly reify   'C:\\project\\SHOTDECK\\frontend\\shotdeck\\node_modules\\lightningcss-win32-arm64-msvc'
79 silly reify ]
80 verbose reify failed optional dependency C:\project\SHOTDECK\frontend\shotdeck\node_modules\lightningcss-linux-x64-musl
81 silly reify mark deleted [
81 silly reify   'C:\\project\\SHOTDECK\\frontend\\shotdeck\\node_modules\\lightningcss-linux-x64-musl'
81 silly reify ]
82 verbose reify failed optional dependency C:\project\SHOTDECK\frontend\shotdeck\node_modules\lightningcss-linux-x64-gnu
83 silly reify mark deleted [
83 silly reify   'C:\\project\\SHOTDECK\\frontend\\shotdeck\\node_modules\\lightningcss-linux-x64-gnu'
83 silly reify ]
84 verbose reify failed optional dependency C:\project\SHOTDECK\frontend\shotdeck\node_modules\lightningcss-linux-arm64-musl
85 silly reify mark deleted [
85 silly reify   'C:\\project\\SHOTDECK\\frontend\\shotdeck\\node_modules\\lightningcss-linux-arm64-musl'
85 silly reify ]
86 verbose reify failed optional dependency C:\project\SHOTDECK\frontend\shotdeck\node_modules\lightningcss-linux-arm64-gnu
87 silly reify mark deleted [
87 silly reify   'C:\\project\\SHOTDECK\\frontend\\shotdeck\\node_modules\\lightningcss-linux-arm64-gnu'
87 silly reify ]
88 verbose reify failed optional dependency C:\project\SHOTDECK\frontend\shotdeck\node_modules\lightningcss-linux-arm-gnueabihf
89 silly reify mark deleted [
89 silly reify   'C:\\project\\SHOTDECK\\frontend\\shotdeck\\node_modules\\lightningcss-linux-arm-gnueabihf'
89 silly reify ]
90 verbose reify failed optional dependency C:\project\SHOTDECK\frontend\shotdeck\node_modules\lightningcss-freebsd-x64
91 silly reify mark deleted [
91 silly reify   'C:\\project\\SHOTDECK\\frontend\\shotdeck\\node_modules\\lightningcss-freebsd-x64'
91 silly reify ]
92 verbose reify failed optional dependency C:\project\SHOTDECK\frontend\shotdeck\node_modules\lightningcss-darwin-x64
93 silly reify mark deleted [
93 silly reify   'C:\\project\\SHOTDECK\\frontend\\shotdeck\\node_modules\\lightningcss-darwin-x64'
93 silly reify ]
94 verbose reify failed optional dependency C:\project\SHOTDECK\frontend\shotdeck\node_modules\lightningcss-darwin-arm64
95 silly reify mark deleted [
95 silly reify   'C:\\project\\SHOTDECK\\frontend\\shotdeck\\node_modules\\lightningcss-darwin-arm64'
95 silly reify ]
96 verbose reify failed optional dependency C:\project\SHOTDECK\frontend\shotdeck\node_modules\@unrs\resolver-binding-win32-ia32-msvc
97 silly reify mark deleted [
97 silly reify   'C:\\project\\SHOTDECK\\frontend\\shotdeck\\node_modules\\@unrs\\resolver-binding-win32-ia32-msvc'
97 silly reify ]
98 verbose reify failed optional dependency C:\project\SHOTDECK\frontend\shotdeck\node_modules\@unrs\resolver-binding-win32-arm64-msvc
99 silly reify mark deleted [
99 silly reify   'C:\\project\\SHOTDECK\\frontend\\shotdeck\\node_modules\\@unrs\\resolver-binding-win32-arm64-msvc'
99 silly reify ]
100 verbose reify failed optional dependency C:\project\SHOTDECK\frontend\shotdeck\node_modules\@unrs\resolver-binding-wasm32-wasi
101 silly reify mark deleted [
101 silly reify   'C:\\project\\SHOTDECK\\frontend\\shotdeck\\node_modules\\@unrs\\resolver-binding-wasm32-wasi'
101 silly reify ]
102 verbose reify failed optional dependency C:\project\SHOTDECK\frontend\shotdeck\node_modules\@unrs\resolver-binding-linux-x64-musl
103 silly reify mark deleted [
103 silly reify   'C:\\project\\SHOTDECK\\frontend\\shotdeck\\node_modules\\@unrs\\resolver-binding-linux-x64-musl'
103 silly reify ]
104 verbose reify failed optional dependency C:\project\SHOTDECK\frontend\shotdeck\node_modules\@unrs\resolver-binding-linux-x64-gnu
105 silly reify mark deleted [
105 silly reify   'C:\\project\\SHOTDECK\\frontend\\shotdeck\\node_modules\\@unrs\\resolver-binding-linux-x64-gnu'
105 silly reify ]
106 verbose reify failed optional dependency C:\project\SHOTDECK\frontend\shotdeck\node_modules\@unrs\resolver-binding-linux-s390x-gnu
107 silly reify mark deleted [
107 silly reify   'C:\\project\\SHOTDECK\\frontend\\shotdeck\\node_modules\\@unrs\\resolver-binding-linux-s390x-gnu'
107 silly reify ]
108 verbose reify failed optional dependency C:\project\SHOTDECK\frontend\shotdeck\node_modules\@unrs\resolver-binding-linux-riscv64-musl
109 silly reify mark deleted [
109 silly reify   'C:\\project\\SHOTDECK\\frontend\\shotdeck\\node_modules\\@unrs\\resolver-binding-linux-riscv64-musl'
109 silly reify ]
110 verbose reify failed optional dependency C:\project\SHOTDECK\frontend\shotdeck\node_modules\@unrs\resolver-binding-linux-riscv64-gnu
111 silly reify mark deleted [
111 silly reify   'C:\\project\\SHOTDECK\\frontend\\shotdeck\\node_modules\\@unrs\\resolver-binding-linux-riscv64-gnu'
111 silly reify ]
112 verbose reify failed optional dependency C:\project\SHOTDECK\frontend\shotdeck\node_modules\@unrs\resolver-binding-linux-ppc64-gnu
113 silly reify mark deleted [
113 silly reify   'C:\\project\\SHOTDECK\\frontend\\shotdeck\\node_modules\\@unrs\\resolver-binding-linux-ppc64-gnu'
113 silly reify ]
114 verbose reify failed optional dependency C:\project\SHOTDECK\frontend\shotdeck\node_modules\@unrs\resolver-binding-linux-arm64-musl
115 silly reify mark deleted [
115 silly reify   'C:\\project\\SHOTDECK\\frontend\\shotdeck\\node_modules\\@unrs\\resolver-binding-linux-arm64-musl'
115 silly reify ]
116 verbose reify failed optional dependency C:\project\SHOTDECK\frontend\shotdeck\node_modules\@unrs\resolver-binding-linux-arm64-gnu
117 silly reify mark deleted [
117 silly reify   'C:\\project\\SHOTDECK\\frontend\\shotdeck\\node_modules\\@unrs\\resolver-binding-linux-arm64-gnu'
117 silly reify ]
118 verbose reify failed optional dependency C:\project\SHOTDECK\frontend\shotdeck\node_modules\@unrs\resolver-binding-linux-arm-musleabihf
119 silly reify mark deleted [
119 silly reify   'C:\\project\\SHOTDECK\\frontend\\shotdeck\\node_modules\\@unrs\\resolver-binding-linux-arm-musleabihf'
119 silly reify ]
120 verbose reify failed optional dependency C:\project\SHOTDECK\frontend\shotdeck\node_modules\@unrs\resolver-binding-linux-arm-gnueabihf
121 silly reify mark deleted [
121 silly reify   'C:\\project\\SHOTDECK\\frontend\\shotdeck\\node_modules\\@unrs\\resolver-binding-linux-arm-gnueabihf'
121 silly reify ]
122 verbose reify failed optional dependency C:\project\SHOTDECK\frontend\shotdeck\node_modules\@unrs\resolver-binding-freebsd-x64
123 silly reify mark deleted [
123 silly reify   'C:\\project\\SHOTDECK\\frontend\\shotdeck\\node_modules\\@unrs\\resolver-binding-freebsd-x64'
123 silly reify ]
124 verbose reify failed optional dependency C:\project\SHOTDECK\frontend\shotdeck\node_modules\@unrs\resolver-binding-darwin-x64
125 silly reify mark deleted [
125 silly reify   'C:\\project\\SHOTDECK\\frontend\\shotdeck\\node_modules\\@unrs\\resolver-binding-darwin-x64'
125 silly reify ]
126 verbose reify failed optional dependency C:\project\SHOTDECK\frontend\shotdeck\node_modules\@unrs\resolver-binding-darwin-arm64
127 silly reify mark deleted [
127 silly reify   'C:\\project\\SHOTDECK\\frontend\\shotdeck\\node_modules\\@unrs\\resolver-binding-darwin-arm64'
127 silly reify ]
128 verbose reify failed optional dependency C:\project\SHOTDECK\frontend\shotdeck\node_modules\@tailwindcss\oxide-win32-arm64-msvc
129 silly reify mark deleted [
129 silly reify   'C:\\project\\SHOTDECK\\frontend\\shotdeck\\node_modules\\@tailwindcss\\oxide-win32-arm64-msvc'
129 silly reify ]
130 verbose reify failed optional dependency C:\project\SHOTDECK\frontend\shotdeck\node_modules\@tailwindcss\oxide-linux-x64-musl
131 silly reify mark deleted [
131 silly reify   'C:\\project\\SHOTDECK\\frontend\\shotdeck\\node_modules\\@tailwindcss\\oxide-linux-x64-musl'
131 silly reify ]
132 verbose reify failed optional dependency C:\project\SHOTDECK\frontend\shotdeck\node_modules\@tailwindcss\oxide-linux-x64-gnu
133 silly reify mark deleted [
133 silly reify   'C:\\project\\SHOTDECK\\frontend\\shotdeck\\node_modules\\@tailwindcss\\oxide-linux-x64-gnu'
133 silly reify ]
134 verbose reify failed optional dependency C:\project\SHOTDECK\frontend\shotdeck\node_modules\@tailwindcss\oxide-linux-arm64-musl
135 silly reify mark deleted [
135 silly reify   'C:\\project\\SHOTDECK\\frontend\\shotdeck\\node_modules\\@tailwindcss\\oxide-linux-arm64-musl'
135 silly reify ]
136 verbose reify failed optional dependency C:\project\SHOTDECK\frontend\shotdeck\node_modules\@tailwindcss\oxide-linux-arm64-gnu
137 silly reify mark deleted [
137 silly reify   'C:\\project\\SHOTDECK\\frontend\\shotdeck\\node_modules\\@tailwindcss\\oxide-linux-arm64-gnu'
137 silly reify ]
138 verbose reify failed optional dependency C:\project\SHOTDECK\frontend\shotdeck\node_modules\@tailwindcss\oxide-linux-arm-gnueabihf
139 silly reify mark deleted [
139 silly reify   'C:\\project\\SHOTDECK\\frontend\\shotdeck\\node_modules\\@tailwindcss\\oxide-linux-arm-gnueabihf'
139 silly reify ]
140 verbose reify failed optional dependency C:\project\SHOTDECK\frontend\shotdeck\node_modules\@tailwindcss\oxide-freebsd-x64
141 silly reify mark deleted [
141 silly reify   'C:\\project\\SHOTDECK\\frontend\\shotdeck\\node_modules\\@tailwindcss\\oxide-freebsd-x64'
141 silly reify ]
142 verbose reify failed optional dependency C:\project\SHOTDECK\frontend\shotdeck\node_modules\@tailwindcss\oxide-darwin-x64
143 silly reify mark deleted [
143 silly reify   'C:\\project\\SHOTDECK\\frontend\\shotdeck\\node_modules\\@tailwindcss\\oxide-darwin-x64'
143 silly reify ]
144 verbose reify failed optional dependency C:\project\SHOTDECK\frontend\shotdeck\node_modules\@tailwindcss\oxide-darwin-arm64
145 silly reify mark deleted [
145 silly reify   'C:\\project\\SHOTDECK\\frontend\\shotdeck\\node_modules\\@tailwindcss\\oxide-darwin-arm64'
145 silly reify ]
146 verbose reify failed optional dependency C:\project\SHOTDECK\frontend\shotdeck\node_modules\@tailwindcss\oxide-android-arm64
147 silly reify mark deleted [
147 silly reify   'C:\\project\\SHOTDECK\\frontend\\shotdeck\\node_modules\\@tailwindcss\\oxide-android-arm64'
147 silly reify ]
148 verbose reify failed optional dependency C:\project\SHOTDECK\frontend\shotdeck\node_modules\@next\swc-win32-arm64-msvc
149 silly reify mark deleted [
149 silly reify   'C:\\project\\SHOTDECK\\frontend\\shotdeck\\node_modules\\@next\\swc-win32-arm64-msvc'
149 silly reify ]
150 verbose reify failed optional dependency C:\project\SHOTDECK\frontend\shotdeck\node_modules\@next\swc-linux-x64-musl
151 silly reify mark deleted [
151 silly reify   'C:\\project\\SHOTDECK\\frontend\\shotdeck\\node_modules\\@next\\swc-linux-x64-musl'
151 silly reify ]
152 verbose reify failed optional dependency C:\project\SHOTDECK\frontend\shotdeck\node_modules\@next\swc-linux-x64-gnu
153 silly reify mark deleted [
153 silly reify   'C:\\project\\SHOTDECK\\frontend\\shotdeck\\node_modules\\@next\\swc-linux-x64-gnu'
153 silly reify ]
154 verbose reify failed optional dependency C:\project\SHOTDECK\frontend\shotdeck\node_modules\@next\swc-linux-arm64-musl
155 silly reify mark deleted [
155 silly reify   'C:\\project\\SHOTDECK\\frontend\\shotdeck\\node_modules\\@next\\swc-linux-arm64-musl'
155 silly reify ]
156 verbose reify failed optional dependency C:\project\SHOTDECK\frontend\shotdeck\node_modules\@next\swc-linux-arm64-gnu
157 silly reify mark deleted [
157 silly reify   'C:\\project\\SHOTDECK\\frontend\\shotdeck\\node_modules\\@next\\swc-linux-arm64-gnu'
157 silly reify ]
158 verbose reify failed optional dependency C:\project\SHOTDECK\frontend\shotdeck\node_modules\@next\swc-darwin-x64
159 silly reify mark deleted [
159 silly reify   'C:\\project\\SHOTDECK\\frontend\\shotdeck\\node_modules\\@next\\swc-darwin-x64'
159 silly reify ]
160 verbose reify failed optional dependency C:\project\SHOTDECK\frontend\shotdeck\node_modules\@next\swc-darwin-arm64
161 silly reify mark deleted [
161 silly reify   'C:\\project\\SHOTDECK\\frontend\\shotdeck\\node_modules\\@next\\swc-darwin-arm64'
161 silly reify ]
162 verbose reify failed optional dependency C:\project\SHOTDECK\frontend\shotdeck\node_modules\@img\sharp-win32-ia32
163 silly reify mark deleted [
163 silly reify   'C:\\project\\SHOTDECK\\frontend\\shotdeck\\node_modules\\@img\\sharp-win32-ia32'
163 silly reify ]
164 verbose reify failed optional dependency C:\project\SHOTDECK\frontend\shotdeck\node_modules\@img\sharp-wasm32
165 silly reify mark deleted [
165 silly reify   'C:\\project\\SHOTDECK\\frontend\\shotdeck\\node_modules\\@img\\sharp-wasm32'
165 silly reify ]
166 verbose reify failed optional dependency C:\project\SHOTDECK\frontend\shotdeck\node_modules\@img\sharp-linuxmusl-x64
167 silly reify mark deleted [
167 silly reify   'C:\\project\\SHOTDECK\\frontend\\shotdeck\\node_modules\\@img\\sharp-linuxmusl-x64'
167 silly reify ]
168 verbose reify failed optional dependency C:\project\SHOTDECK\frontend\shotdeck\node_modules\@img\sharp-linuxmusl-arm64
169 silly reify mark deleted [
169 silly reify   'C:\\project\\SHOTDECK\\frontend\\shotdeck\\node_modules\\@img\\sharp-linuxmusl-arm64'
169 silly reify ]
170 verbose reify failed optional dependency C:\project\SHOTDECK\frontend\shotdeck\node_modules\@img\sharp-linux-x64
171 silly reify mark deleted [
171 silly reify   'C:\\project\\SHOTDECK\\frontend\\shotdeck\\node_modules\\@img\\sharp-linux-x64'
171 silly reify ]
172 verbose reify failed optional dependency C:\project\SHOTDECK\frontend\shotdeck\node_modules\@img\sharp-linux-s390x
173 silly reify mark deleted [
173 silly reify   'C:\\project\\SHOTDECK\\frontend\\shotdeck\\node_modules\\@img\\sharp-linux-s390x'
173 silly reify ]
174 verbose reify failed optional dependency C:\project\SHOTDECK\frontend\shotdeck\node_modules\@img\sharp-linux-arm64
175 silly reify mark deleted [
175 silly reify   'C:\\project\\SHOTDECK\\frontend\\shotdeck\\node_modules\\@img\\sharp-linux-arm64'
175 silly reify ]
176 verbose reify failed optional dependency C:\project\SHOTDECK\frontend\shotdeck\node_modules\@img\sharp-linux-arm
177 silly reify mark deleted [
177 silly reify   'C:\\project\\SHOTDECK\\frontend\\shotdeck\\node_modules\\@img\\sharp-linux-arm'
177 silly reify ]
178 verbose reify failed optional dependency C:\project\SHOTDECK\frontend\shotdeck\node_modules\@img\sharp-libvips-linuxmusl-x64
179 silly reify mark deleted [
179 silly reify   'C:\\project\\SHOTDECK\\frontend\\shotdeck\\node_modules\\@img\\sharp-libvips-linuxmusl-x64'
179 silly reify ]
180 verbose reify failed optional dependency C:\project\SHOTDECK\frontend\shotdeck\node_modules\@img\sharp-libvips-linuxmusl-arm64
181 silly reify mark deleted [
181 silly reify   'C:\\project\\SHOTDECK\\frontend\\shotdeck\\node_modules\\@img\\sharp-libvips-linuxmusl-arm64'
181 silly reify ]
182 verbose reify failed optional dependency C:\project\SHOTDECK\frontend\shotdeck\node_modules\@img\sharp-libvips-linux-x64
183 silly reify mark deleted [
183 silly reify   'C:\\project\\SHOTDECK\\frontend\\shotdeck\\node_modules\\@img\\sharp-libvips-linux-x64'
183 silly reify ]
184 verbose reify failed optional dependency C:\project\SHOTDECK\frontend\shotdeck\node_modules\@img\sharp-libvips-linux-s390x
185 silly reify mark deleted [
185 silly reify   'C:\\project\\SHOTDECK\\frontend\\shotdeck\\node_modules\\@img\\sharp-libvips-linux-s390x'
185 silly reify ]
186 verbose reify failed optional dependency C:\project\SHOTDECK\frontend\shotdeck\node_modules\@img\sharp-libvips-linux-ppc64
187 silly reify mark deleted [
187 silly reify   'C:\\project\\SHOTDECK\\frontend\\shotdeck\\node_modules\\@img\\sharp-libvips-linux-ppc64'
187 silly reify ]
188 verbose reify failed optional dependency C:\project\SHOTDECK\frontend\shotdeck\node_modules\@img\sharp-libvips-linux-arm64
189 silly reify mark deleted [
189 silly reify   'C:\\project\\SHOTDECK\\frontend\\shotdeck\\node_modules\\@img\\sharp-libvips-linux-arm64'
189 silly reify ]
190 verbose reify failed optional dependency C:\project\SHOTDECK\frontend\shotdeck\node_modules\@img\sharp-libvips-linux-arm
191 silly reify mark deleted [
191 silly reify   'C:\\project\\SHOTDECK\\frontend\\shotdeck\\node_modules\\@img\\sharp-libvips-linux-arm'
191 silly reify ]
192 verbose reify failed optional dependency C:\project\SHOTDECK\frontend\shotdeck\node_modules\@img\sharp-libvips-darwin-x64
193 silly reify mark deleted [
193 silly reify   'C:\\project\\SHOTDECK\\frontend\\shotdeck\\node_modules\\@img\\sharp-libvips-darwin-x64'
193 silly reify ]
194 verbose reify failed optional dependency C:\project\SHOTDECK\frontend\shotdeck\node_modules\@img\sharp-libvips-darwin-arm64
195 silly reify mark deleted [
195 silly reify   'C:\\project\\SHOTDECK\\frontend\\shotdeck\\node_modules\\@img\\sharp-libvips-darwin-arm64'
195 silly reify ]
196 verbose reify failed optional dependency C:\project\SHOTDECK\frontend\shotdeck\node_modules\@img\sharp-darwin-x64
197 silly reify mark deleted [
197 silly reify   'C:\\project\\SHOTDECK\\frontend\\shotdeck\\node_modules\\@img\\sharp-darwin-x64'
197 silly reify ]
198 verbose reify failed optional dependency C:\project\SHOTDECK\frontend\shotdeck\node_modules\@img\sharp-darwin-arm64
199 silly reify mark deleted [
199 silly reify   'C:\\project\\SHOTDECK\\frontend\\shotdeck\\node_modules\\@img\\sharp-darwin-arm64'
199 silly reify ]
200 verbose reify failed optional dependency C:\project\SHOTDECK\frontend\shotdeck\node_modules\@ffmpeg-installer\win32-ia32
201 silly reify mark deleted [
201 silly reify   'C:\\project\\SHOTDECK\\frontend\\shotdeck\\node_modules\\@ffmpeg-installer\\win32-ia32'
201 silly reify ]
202 verbose reify failed optional dependency C:\project\SHOTDECK\frontend\shotdeck\node_modules\@ffmpeg-installer\linux-x64
203 silly reify mark deleted [
203 silly reify   'C:\\project\\SHOTDECK\\frontend\\shotdeck\\node_modules\\@ffmpeg-installer\\linux-x64'
203 silly reify ]
204 verbose reify failed optional dependency C:\project\SHOTDECK\frontend\shotdeck\node_modules\@ffmpeg-installer\linux-ia32
205 silly reify mark deleted [
205 silly reify   'C:\\project\\SHOTDECK\\frontend\\shotdeck\\node_modules\\@ffmpeg-installer\\linux-ia32'
205 silly reify ]
206 verbose reify failed optional dependency C:\project\SHOTDECK\frontend\shotdeck\node_modules\@ffmpeg-installer\linux-arm64
207 silly reify mark deleted [
207 silly reify   'C:\\project\\SHOTDECK\\frontend\\shotdeck\\node_modules\\@ffmpeg-installer\\linux-arm64'
207 silly reify ]
208 verbose reify failed optional dependency C:\project\SHOTDECK\frontend\shotdeck\node_modules\@ffmpeg-installer\linux-arm
209 silly reify mark deleted [
209 silly reify   'C:\\project\\SHOTDECK\\frontend\\shotdeck\\node_modules\\@ffmpeg-installer\\linux-arm'
209 silly reify ]
210 verbose reify failed optional dependency C:\project\SHOTDECK\frontend\shotdeck\node_modules\@ffmpeg-installer\darwin-x64
211 silly reify mark deleted [
211 silly reify   'C:\\project\\SHOTDECK\\frontend\\shotdeck\\node_modules\\@ffmpeg-installer\\darwin-x64'
211 silly reify ]
212 verbose reify failed optional dependency C:\project\SHOTDECK\frontend\shotdeck\node_modules\@ffmpeg-installer\darwin-arm64
213 silly reify mark deleted [
213 silly reify   'C:\\project\\SHOTDECK\\frontend\\shotdeck\\node_modules\\@ffmpeg-installer\\darwin-arm64'
213 silly reify ]
214 http cache @ffprobe-installer/ffprobe@https://registry.npmjs.org/@ffprobe-installer/ffprobe/-/ffprobe-2.1.2.tgz 1ms (cache hit)
215 http cache @ffprobe-installer/win32-x64@https://registry.npmjs.org/@ffprobe-installer/win32-x64/-/win32-x64-5.1.0.tgz 0ms (cache hit)
216 silly tarball no local data for @ffprobe-installer/ffprobe@https://registry.npmjs.org/@ffprobe-installer/ffprobe/-/ffprobe-2.1.2.tgz. Extracting by manifest.
217 silly tarball no local data for @ffprobe-installer/win32-x64@https://registry.npmjs.org/@ffprobe-installer/win32-x64/-/win32-x64-5.1.0.tgz. Extracting by manifest.
218 http fetch POST 200 https://registry.npmjs.org/-/npm/v1/security/advisories/bulk 309ms
219 silly audit report {
219 silly audit report   sweetalert2: [
219 silly audit report     {
219 silly audit report       id: 1094698,
219 silly audit report       url: 'https://github.com/advisories/GHSA-mrr8-v49w-3333',
219 silly audit report       title: 'sweetalert2 v11.6.14 and above contains potentially undesirable behavior',
219 silly audit report       severity: 'low',
219 silly audit report       vulnerable_versions: '>=11.6.14',
219 silly audit report       cwe: [Array],
219 silly audit report       cvss: [Object]
219 silly audit report     }
219 silly audit report   ]
219 silly audit report }
220 silly packumentCache corgi:https://registry.npmjs.org/sweetalert2 cache-miss
221 http cache https://registry.npmjs.org/sweetalert2 8ms (cache hit)
222 silly packumentCache corgi:https://registry.npmjs.org/sweetalert2 set size:1477287 disposed:false
223 http fetch GET 200 https://registry.npmjs.org/@ffprobe-installer/ffprobe/-/ffprobe-2.1.2.tgz 1263ms (cache miss)
224 http fetch GET 200 https://registry.npmjs.org/@ffprobe-installer/win32-x64/-/win32-x64-5.1.0.tgz 3881ms (cache miss)
225 silly ADD node_modules/@ffprobe-installer/win32-x64
226 silly ADD
227 silly ADD
228 silly ADD
229 silly ADD
230 silly ADD
231 silly ADD
232 silly ADD
233 silly ADD node_modules/@ffprobe-installer/ffprobe
234 silly ADD
235 silly ADD
236 silly ADD
237 silly ADD
238 silly ADD
239 silly ADD
240 silly ADD
241 silly ADD
242 silly ADD
243 silly ADD
244 silly ADD
245 silly ADD
246 silly ADD
247 silly ADD
248 silly ADD
249 silly ADD
250 silly ADD
251 silly ADD
252 silly ADD
253 silly ADD
254 silly ADD
255 silly ADD
256 silly ADD
257 silly ADD
258 silly ADD
259 silly ADD
260 silly ADD
261 silly ADD
262 silly ADD
263 silly ADD
264 silly ADD
265 silly ADD
266 silly ADD
267 silly ADD
268 silly ADD
269 silly ADD
270 silly ADD
271 silly ADD
272 silly ADD
273 silly ADD
274 silly ADD
275 silly ADD
276 silly ADD
277 silly ADD
278 silly ADD
279 silly ADD
280 silly ADD
281 silly ADD
282 silly ADD
283 silly ADD
284 silly ADD
285 silly ADD
286 silly ADD
287 silly ADD
288 silly ADD
289 silly ADD
290 silly ADD
291 silly ADD
292 silly ADD
293 silly ADD
294 silly ADD
295 silly ADD
296 silly ADD
297 silly ADD
298 silly ADD
299 silly ADD
300 silly ADD
301 silly ADD
302 silly ADD
303 verbose cwd C:\project\SHOTDECK\frontend\shotdeck
304 verbose os Windows_NT 10.0.26100
305 verbose node v22.15.1
306 verbose npm  v10.9.2
307 verbose exit 0
308 info ok
