0 verbose cli C:\Program Files\nodejs\node.exe C:\Program Files\nodejs\node_modules\npm\bin\npm-cli.js
1 info using npm@10.9.2
2 info using node@v22.15.1
3 silly config load:file:C:\Program Files\nodejs\node_modules\npm\npmrc
4 silly config load:file:C:\project\SHOTDECK\frontend\shotdeck\.npmrc
5 silly config load:file:C:\Users\rakib\.npmrc
6 silly config load:file:C:\Program Files\nodejs\npm-global\etc\npmrc
7 verbose title npm install yt-dlp-exec
8 verbose argv "install" "yt-dlp-exec"
9 verbose logfile logs-max:10 dir:C:\project\SHOTDECK\frontend\shotdeck\UsersmynameAppDataRoamingnpm-cache\_logs\2025-06-11T04_41_57_600Z-
10 verbose logfile C:\project\SHOTDECK\frontend\shotdeck\UsersmynameAppDataRoamingnpm-cache\_logs\2025-06-11T04_41_57_600Z-debug-0.log
11 silly logfile start cleaning logs, removing 1 files
12 silly packumentCache heap:4345298944 maxSize:1086324736 maxEntrySize:543162368
13 silly logfile done cleaning log files
14 silly idealTree buildDeps
15 silly fetch manifest yt-dlp-exec@*
16 silly packumentCache full:https://registry.npmjs.org/yt-dlp-exec cache-miss
17 http fetch GET 200 https://registry.npmjs.org/yt-dlp-exec 1182ms (cache revalidated)
18 silly packumentCache full:https://registry.npmjs.org/yt-dlp-exec set size:13647 disposed:false
19 silly placeDep ROOT yt-dlp-exec@1.0.2 OK for: shotdeck@0.1.0 want: *
20 silly fetch manifest dargs@~7.0.0
21 silly packumentCache full:https://registry.npmjs.org/dargs cache-miss
22 silly fetch manifest execa@~5.1.0
23 silly packumentCache full:https://registry.npmjs.org/execa cache-miss
24 silly fetch manifest is-unix@~2.0.1
25 silly packumentCache full:https://registry.npmjs.org/is-unix cache-miss
26 silly fetch manifest mkdirp@~1.0.4
27 silly packumentCache full:https://registry.npmjs.org/mkdirp cache-miss
28 silly fetch manifest node-fetch@~2.6.5
29 silly packumentCache full:https://registry.npmjs.org/node-fetch cache-miss
30 http fetch GET 200 https://registry.npmjs.org/mkdirp 61ms (cache revalidated)
31 silly packumentCache full:https://registry.npmjs.org/mkdirp set size:116455 disposed:false
32 http fetch GET 200 https://registry.npmjs.org/dargs 244ms (cache revalidated)
33 silly packumentCache full:https://registry.npmjs.org/dargs set size:41533 disposed:false
34 http fetch GET 200 https://registry.npmjs.org/execa 264ms (cache revalidated)
35 silly packumentCache full:https://registry.npmjs.org/execa set size:177223 disposed:false
36 http fetch GET 200 https://registry.npmjs.org/node-fetch 268ms (cache revalidated)
37 silly packumentCache full:https://registry.npmjs.org/node-fetch set size:896010 disposed:false
38 http fetch GET 200 https://registry.npmjs.org/is-unix 1055ms (cache revalidated)
39 silly packumentCache full:https://registry.npmjs.org/is-unix set size:45396 disposed:false
40 silly fetch manifest encoding@^0.1.0
41 silly packumentCache full:https://registry.npmjs.org/encoding cache-miss
42 http fetch GET 200 https://registry.npmjs.org/encoding 224ms (cache revalidated)
43 silly packumentCache full:https://registry.npmjs.org/encoding set size:17833 disposed:false
44 silly placeDep ROOT dargs@7.0.0 OK for: yt-dlp-exec@1.0.2 want: ~7.0.0
45 silly placeDep ROOT execa@5.1.1 OK for: yt-dlp-exec@1.0.2 want: ~5.1.0
46 silly placeDep ROOT is-unix@2.0.10 OK for: yt-dlp-exec@1.0.2 want: ~2.0.1
47 silly placeDep node_modules/yt-dlp-exec mkdirp@1.0.4 OK for: yt-dlp-exec@1.0.2 want: ~1.0.4
48 silly placeDep ROOT node-fetch@2.6.13 OK for: yt-dlp-exec@1.0.2 want: ~2.6.5
49 silly fetch manifest onetime@^5.1.2
50 silly packumentCache full:https://registry.npmjs.org/onetime cache-miss
51 silly fetch manifest is-stream@^2.0.0
52 silly packumentCache full:https://registry.npmjs.org/is-stream cache-miss
53 silly fetch manifest get-stream@^6.0.0
54 silly packumentCache full:https://registry.npmjs.org/get-stream cache-miss
55 silly fetch manifest signal-exit@^3.0.3
56 silly packumentCache full:https://registry.npmjs.org/signal-exit cache-miss
57 silly fetch manifest merge-stream@^2.0.0
58 silly packumentCache full:https://registry.npmjs.org/merge-stream cache-miss
59 silly fetch manifest npm-run-path@^4.0.1
60 silly packumentCache full:https://registry.npmjs.org/npm-run-path cache-miss
61 silly fetch manifest human-signals@^2.1.0
62 silly packumentCache full:https://registry.npmjs.org/human-signals cache-miss
63 silly fetch manifest strip-final-newline@^2.0.0
64 silly packumentCache full:https://registry.npmjs.org/strip-final-newline cache-miss
65 silly fetch manifest whatwg-url@^5.0.0
66 silly packumentCache full:https://registry.npmjs.org/whatwg-url cache-miss
67 http fetch GET 200 https://registry.npmjs.org/get-stream 229ms (cache revalidated)
68 silly packumentCache full:https://registry.npmjs.org/get-stream set size:57536 disposed:false
69 http fetch GET 200 https://registry.npmjs.org/strip-final-newline 235ms (cache revalidated)
70 silly packumentCache full:https://registry.npmjs.org/strip-final-newline set size:9328 disposed:false
71 http fetch GET 200 https://registry.npmjs.org/is-stream 243ms (cache revalidated)
72 silly packumentCache full:https://registry.npmjs.org/is-stream set size:18582 disposed:false
73 http fetch GET 200 https://registry.npmjs.org/merge-stream 244ms (cache revalidated)
74 silly packumentCache full:https://registry.npmjs.org/merge-stream set size:22168 disposed:false
75 http fetch GET 200 https://registry.npmjs.org/whatwg-url 250ms (cache revalidated)
76 silly packumentCache full:https://registry.npmjs.org/whatwg-url set size:160604 disposed:false
77 http fetch GET 200 https://registry.npmjs.org/signal-exit 261ms (cache revalidated)
78 silly packumentCache full:https://registry.npmjs.org/signal-exit set size:53489 disposed:false
79 http fetch GET 200 https://registry.npmjs.org/human-signals 263ms (cache revalidated)
80 silly packumentCache full:https://registry.npmjs.org/human-signals set size:47322 disposed:false
81 http fetch GET 200 https://registry.npmjs.org/npm-run-path 268ms (cache revalidated)
82 silly packumentCache full:https://registry.npmjs.org/npm-run-path set size:33596 disposed:false
83 http fetch GET 200 https://registry.npmjs.org/onetime 294ms (cache revalidated)
84 silly packumentCache full:https://registry.npmjs.org/onetime set size:30525 disposed:false
85 silly placeDep ROOT get-stream@6.0.1 OK for: execa@5.1.1 want: ^6.0.0
86 silly placeDep ROOT human-signals@2.1.0 OK for: execa@5.1.1 want: ^2.1.0
87 silly placeDep ROOT is-stream@2.0.1 OK for: execa@5.1.1 want: ^2.0.0
88 silly placeDep ROOT merge-stream@2.0.0 OK for: execa@5.1.1 want: ^2.0.0
89 silly placeDep ROOT npm-run-path@4.0.1 OK for: execa@5.1.1 want: ^4.0.1
90 silly placeDep ROOT onetime@5.1.2 OK for: execa@5.1.1 want: ^5.1.2
91 silly placeDep ROOT signal-exit@3.0.7 OK for: execa@5.1.1 want: ^3.0.3
92 silly placeDep ROOT strip-final-newline@2.0.0 OK for: execa@5.1.1 want: ^2.0.0
93 silly fetch manifest mimic-fn@^2.1.0
94 silly packumentCache full:https://registry.npmjs.org/mimic-fn cache-miss
95 http fetch GET 200 https://registry.npmjs.org/mimic-fn 223ms (cache revalidated)
96 silly packumentCache full:https://registry.npmjs.org/mimic-fn set size:22257 disposed:false
97 silly placeDep ROOT whatwg-url@5.0.0 OK for: node-fetch@2.6.13 want: ^5.0.0
98 silly fetch manifest tr46@~0.0.3
99 silly packumentCache full:https://registry.npmjs.org/tr46 cache-miss
100 silly fetch manifest webidl-conversions@^3.0.0
101 silly packumentCache full:https://registry.npmjs.org/webidl-conversions cache-miss
102 http fetch GET 200 https://registry.npmjs.org/tr46 221ms (cache revalidated)
103 silly packumentCache full:https://registry.npmjs.org/tr46 set size:45265 disposed:false
104 http fetch GET 200 https://registry.npmjs.org/webidl-conversions 1023ms (cache revalidated)
105 silly packumentCache full:https://registry.npmjs.org/webidl-conversions set size:41857 disposed:false
106 silly placeDep ROOT mimic-fn@2.1.0 OK for: onetime@5.1.2 want: ^2.1.0
107 silly placeDep ROOT tr46@0.0.3 OK for: whatwg-url@5.0.0 want: ~0.0.3
108 silly placeDep ROOT webidl-conversions@3.0.1 OK for: whatwg-url@5.0.0 want: ^3.0.0
109 silly reify moves {}
110 verbose reify failed optional dependency C:\project\SHOTDECK\frontend\shotdeck\node_modules\@tailwindcss\oxide-wasm32-wasi
111 silly reify mark deleted [
111 silly reify   'C:\\project\\SHOTDECK\\frontend\\shotdeck\\node_modules\\@tailwindcss\\oxide-wasm32-wasi'
111 silly reify ]
112 silly audit bulk request {
112 silly audit   '@alloc/quick-lru': [ '5.2.0' ],
112 silly audit   '@ampproject/remapping': [ '2.3.0' ],
112 silly audit   '@babel/code-frame': [ '7.27.1' ],
112 silly audit   '@babel/generator': [ '7.27.1' ],
112 silly audit   '@babel/helper-module-imports': [ '7.27.1' ],
112 silly audit   '@babel/helper-string-parser': [ '7.27.1' ],
112 silly audit   '@babel/helper-validator-identifier': [ '7.27.1' ],
112 silly audit   '@babel/parser': [ '7.27.2' ],
112 silly audit   '@babel/runtime': [ '7.27.1' ],
112 silly audit   '@babel/template': [ '7.27.2' ],
112 silly audit   '@babel/traverse': [ '7.27.1' ],
112 silly audit   globals: [ '11.12.0', '14.0.0' ],
112 silly audit   '@babel/types': [ '7.27.1' ],
112 silly audit   '@derhuerst/http-basic': [ '8.2.4' ],
112 silly audit   '@emnapi/core': [ '1.4.3' ],
112 silly audit   '@emnapi/runtime': [ '1.4.3' ],
112 silly audit   '@emnapi/wasi-threads': [ '1.0.2' ],
112 silly audit   '@emotion/babel-plugin': [ '11.13.5' ],
112 silly audit   '@emotion/cache': [ '11.14.0' ],
112 silly audit   '@emotion/hash': [ '0.9.2' ],
112 silly audit   '@emotion/is-prop-valid': [ '1.3.1', '1.2.2' ],
112 silly audit   '@emotion/memoize': [ '0.9.0', '0.8.1' ],
112 silly audit   '@emotion/react': [ '11.14.0' ],
112 silly audit   '@emotion/serialize': [ '1.3.3' ],
112 silly audit   '@emotion/sheet': [ '1.4.0' ],
112 silly audit   '@emotion/styled': [ '11.14.0' ],
112 silly audit   '@emotion/unitless': [ '0.10.0', '0.8.1' ],
112 silly audit   '@emotion/use-insertion-effect-with-fallbacks': [ '1.2.0' ],
112 silly audit   '@emotion/utils': [ '1.4.2' ],
112 silly audit   '@emotion/weak-memoize': [ '0.4.0' ],
112 silly audit   '@eslint-community/eslint-utils': [ '4.7.0' ],
112 silly audit   'eslint-visitor-keys': [ '3.4.3', '4.2.0' ],
112 silly audit   '@eslint-community/regexpp': [ '4.12.1' ],
112 silly audit   '@eslint/config-array': [ '0.20.0' ],
112 silly audit   '@eslint/config-helpers': [ '0.2.2' ],
112 silly audit   '@eslint/core': [ '0.14.0' ],
112 silly audit   '@eslint/eslintrc': [ '3.3.1' ],
112 silly audit   '@eslint/js': [ '9.27.0' ],
112 silly audit   '@eslint/object-schema': [ '2.1.6' ],
112 silly audit   '@eslint/plugin-kit': [ '0.3.1' ],
112 silly audit   '@ffmpeg-installer/darwin-arm64': [ '4.1.5' ],
112 silly audit   '@ffmpeg-installer/darwin-x64': [ '4.1.0' ],
112 silly audit   '@ffmpeg-installer/ffmpeg': [ '1.1.0' ],
112 silly audit   '@ffmpeg-installer/linux-arm': [ '4.1.3' ],
112 silly audit   '@ffmpeg-installer/linux-arm64': [ '4.1.4' ],
112 silly audit   '@ffmpeg-installer/linux-ia32': [ '4.1.0' ],
112 silly audit   '@ffmpeg-installer/linux-x64': [ '4.1.0' ],
112 silly audit   '@ffmpeg-installer/win32-ia32': [ '4.1.0' ],
112 silly audit   '@ffmpeg-installer/win32-x64': [ '4.1.0' ],
112 silly audit   '@ffprobe-installer/darwin-arm64': [ '5.0.1' ],
112 silly audit   '@ffprobe-installer/darwin-x64': [ '5.1.0' ],
112 silly audit   '@ffprobe-installer/ffprobe': [ '2.1.2' ],
112 silly audit   '@ffprobe-installer/linux-arm': [ '5.2.0' ],
112 silly audit   '@ffprobe-installer/linux-arm64': [ '5.2.0' ],
112 silly audit   '@ffprobe-installer/linux-ia32': [ '5.2.0' ],
112 silly audit   '@ffprobe-installer/linux-x64': [ '5.2.0' ],
112 silly audit   '@ffprobe-installer/win32-ia32': [ '5.1.0' ],
112 silly audit   '@ffprobe-installer/win32-x64': [ '5.1.0' ],
112 silly audit   '@humanfs/core': [ '0.19.1' ],
112 silly audit   '@humanfs/node': [ '0.16.6' ],
112 silly audit   '@humanwhocodes/retry': [ '0.3.1', '0.4.3' ],
112 silly audit   '@humanwhocodes/module-importer': [ '1.0.1' ],
112 silly audit   '@img/sharp-darwin-arm64': [ '0.34.1' ],
112 silly audit   '@img/sharp-darwin-x64': [ '0.34.1' ],
112 silly audit   '@img/sharp-libvips-darwin-arm64': [ '1.1.0' ],
112 silly audit   '@img/sharp-libvips-darwin-x64': [ '1.1.0' ],
112 silly audit   '@img/sharp-libvips-linux-arm': [ '1.1.0' ],
112 silly audit   '@img/sharp-libvips-linux-arm64': [ '1.1.0' ],
112 silly audit   '@img/sharp-libvips-linux-ppc64': [ '1.1.0' ],
112 silly audit   '@img/sharp-libvips-linux-s390x': [ '1.1.0' ],
112 silly audit   '@img/sharp-libvips-linux-x64': [ '1.1.0' ],
112 silly audit   '@img/sharp-libvips-linuxmusl-arm64': [ '1.1.0' ],
112 silly audit   '@img/sharp-libvips-linuxmusl-x64': [ '1.1.0' ],
112 silly audit   '@img/sharp-linux-arm': [ '0.34.1' ],
112 silly audit   '@img/sharp-linux-arm64': [ '0.34.1' ],
112 silly audit   '@img/sharp-linux-s390x': [ '0.34.1' ],
112 silly audit   '@img/sharp-linux-x64': [ '0.34.1' ],
112 silly audit   '@img/sharp-linuxmusl-arm64': [ '0.34.1' ],
112 silly audit   '@img/sharp-linuxmusl-x64': [ '0.34.1' ],
112 silly audit   '@img/sharp-wasm32': [ '0.34.1' ],
112 silly audit   '@img/sharp-win32-ia32': [ '0.34.1' ],
112 silly audit   '@img/sharp-win32-x64': [ '0.34.1' ],
112 silly audit   '@isaacs/fs-minipass': [ '4.0.1' ],
112 silly audit   '@jridgewell/gen-mapping': [ '0.3.8' ],
112 silly audit   '@jridgewell/resolve-uri': [ '3.1.2' ],
112 silly audit   '@jridgewell/set-array': [ '1.2.1' ],
112 silly audit   '@jridgewell/sourcemap-codec': [ '1.5.0' ],
112 silly audit   '@jridgewell/trace-mapping': [ '0.3.25' ],
112 silly audit   '@mui/core-downloads-tracker': [ '7.1.0' ],
112 silly audit   '@mui/icons-material': [ '7.1.0' ],
112 silly audit   '@mui/material': [ '7.1.0' ],
112 silly audit   'react-is': [ '19.1.0', '16.13.1' ],
112 silly audit   '@mui/private-theming': [ '7.1.0' ],
112 silly audit   '@mui/styled-engine': [ '7.1.0' ],
112 silly audit   '@mui/styled-engine-sc': [ '7.1.0' ],
112 silly audit   '@mui/system': [ '7.1.0' ],
112 silly audit   '@mui/types': [ '7.4.2' ],
112 silly audit   '@mui/utils': [ '7.1.0' ],
112 silly audit   '@napi-rs/wasm-runtime': [ '0.2.10' ],
112 silly audit   '@next/env': [ '15.3.2' ],
112 silly audit   '@next/eslint-plugin-next': [ '15.3.2' ],
112 silly audit   '@next/swc-darwin-arm64': [ '15.3.2' ],
112 silly audit   '@next/swc-darwin-x64': [ '15.3.2' ],
112 silly audit   '@next/swc-linux-arm64-gnu': [ '15.3.2' ],
112 silly audit   '@next/swc-linux-arm64-musl': [ '15.3.2' ],
112 silly audit   '@next/swc-linux-x64-gnu': [ '15.3.2' ],
112 silly audit   '@next/swc-linux-x64-musl': [ '15.3.2' ],
112 silly audit   '@next/swc-win32-arm64-msvc': [ '15.3.2' ],
112 silly audit   '@next/swc-win32-x64-msvc': [ '15.3.2' ],
112 silly audit   '@nodelib/fs.scandir': [ '2.1.5' ],
112 silly audit   '@nodelib/fs.stat': [ '2.0.5' ],
112 silly audit   '@nodelib/fs.walk': [ '1.2.8' ],
112 silly audit   '@nolyfill/is-core-module': [ '1.0.39' ],
112 silly audit   '@panva/hkdf': [ '1.2.1' ],
112 silly audit   '@popperjs/core': [ '2.11.8' ],
112 silly audit   '@reduxjs/toolkit': [ '2.8.2' ],
112 silly audit   '@rtsao/scc': [ '1.1.0' ],
112 silly audit   '@rushstack/eslint-patch': [ '1.11.0' ],
112 silly audit   '@standard-schema/spec': [ '1.0.0' ],
112 silly audit   '@standard-schema/utils': [ '0.3.0' ],
112 silly audit   '@stripe/stripe-js': [ '7.3.1' ],
112 silly audit   '@studio-freight/lenis': [ '1.0.42' ],
112 silly audit   '@swc/counter': [ '0.1.3' ],
112 silly audit   '@swc/helpers': [ '0.5.15' ],
112 silly audit   '@tailwindcss/node': [ '4.1.7' ],
112 silly audit   tailwindcss: [ '4.1.7', '4.1.8' ],
112 silly audit   '@tailwindcss/oxide': [ '4.1.7' ],
112 silly audit   '@tailwindcss/oxide-android-arm64': [ '4.1.7' ],
112 silly audit   '@tailwindcss/oxide-darwin-arm64': [ '4.1.7' ],
112 silly audit   '@tailwindcss/oxide-darwin-x64': [ '4.1.7' ],
112 silly audit   '@tailwindcss/oxide-freebsd-x64': [ '4.1.7' ],
112 silly audit   '@tailwindcss/oxide-linux-arm-gnueabihf': [ '4.1.7' ],
112 silly audit   '@tailwindcss/oxide-linux-arm64-gnu': [ '4.1.7' ],
112 silly audit   '@tailwindcss/oxide-linux-arm64-musl': [ '4.1.7' ],
112 silly audit   '@tailwindcss/oxide-linux-x64-gnu': [ '4.1.7' ],
112 silly audit   '@tailwindcss/oxide-linux-x64-musl': [ '4.1.7' ],
112 silly audit   '@tailwindcss/oxide-win32-arm64-msvc': [ '4.1.7' ],
112 silly audit   '@tailwindcss/oxide-win32-x64-msvc': [ '4.1.7' ],
112 silly audit   '@tailwindcss/postcss': [ '4.1.7' ],
112 silly audit   '@tybys/wasm-util': [ '0.9.0' ],
112 silly audit   '@types/estree': [ '1.0.7' ],
112 silly audit   '@types/hoist-non-react-statics': [ '3.3.6' ],
112 silly audit   '@types/json-schema': [ '7.0.15' ],
112 silly audit   '@types/json5': [ '0.0.29' ],
112 silly audit   '@types/node': [ '24.0.0', '10.17.60' ],
112 silly audit   '@types/parse-json': [ '4.0.2' ],
112 silly audit   '@types/prop-types': [ '15.7.14' ],
112 silly audit   '@types/react': [ '18.3.21' ],
112 silly audit   '@types/react-transition-group': [ '4.4.12' ],
112 silly audit   '@types/stylis': [ '4.2.5' ],
112 silly audit   '@types/use-sync-external-store': [ '0.0.6' ],
112 silly audit   '@typescript-eslint/eslint-plugin': [ '8.32.1' ],
112 silly audit   ignore: [ '7.0.4', '5.3.2' ],
112 silly audit   '@typescript-eslint/parser': [ '8.32.1' ],
112 silly audit   '@typescript-eslint/scope-manager': [ '8.32.1' ],
112 silly audit   '@typescript-eslint/type-utils': [ '8.32.1' ],
112 silly audit   '@typescript-eslint/types': [ '8.32.1' ],
112 silly audit   '@typescript-eslint/typescript-estree': [ '8.32.1' ],
112 silly audit   'brace-expansion': [ '2.0.1', '1.1.11' ],
112 silly audit   'fast-glob': [ '3.3.3', '3.3.1' ],
112 silly audit   'glob-parent': [ '5.1.2', '6.0.2' ],
112 silly audit   minimatch: [ '9.0.5', '3.1.2' ],
112 silly audit   '@typescript-eslint/utils': [ '8.32.1' ],
112 silly audit   '@typescript-eslint/visitor-keys': [ '8.32.1' ],
112 silly audit   '@unrs/resolver-binding-darwin-arm64': [ '1.7.2' ],
112 silly audit   '@unrs/resolver-binding-darwin-x64': [ '1.7.2' ],
112 silly audit   '@unrs/resolver-binding-freebsd-x64': [ '1.7.2' ],
112 silly audit   '@unrs/resolver-binding-linux-arm-gnueabihf': [ '1.7.2' ],
112 silly audit   '@unrs/resolver-binding-linux-arm-musleabihf': [ '1.7.2' ],
112 silly audit   '@unrs/resolver-binding-linux-arm64-gnu': [ '1.7.2' ],
112 silly audit   '@unrs/resolver-binding-linux-arm64-musl': [ '1.7.2' ],
112 silly audit   '@unrs/resolver-binding-linux-ppc64-gnu': [ '1.7.2' ],
112 silly audit   '@unrs/resolver-binding-linux-riscv64-gnu': [ '1.7.2' ],
112 silly audit   '@unrs/resolver-binding-linux-riscv64-musl': [ '1.7.2' ],
112 silly audit   '@unrs/resolver-binding-linux-s390x-gnu': [ '1.7.2' ],
112 silly audit   '@unrs/resolver-binding-linux-x64-gnu': [ '1.7.2' ],
112 silly audit   '@unrs/resolver-binding-linux-x64-musl': [ '1.7.2' ],
112 silly audit   '@unrs/resolver-binding-wasm32-wasi': [ '1.7.2' ],
112 silly audit   '@unrs/resolver-binding-win32-arm64-msvc': [ '1.7.2' ],
112 silly audit   '@unrs/resolver-binding-win32-ia32-msvc': [ '1.7.2' ],
112 silly audit   '@unrs/resolver-binding-win32-x64-msvc': [ '1.7.2' ],
112 silly audit   acorn: [ '8.14.1' ],
112 silly audit   'acorn-jsx': [ '5.3.2' ],
112 silly audit   'agent-base': [ '6.0.2' ],
112 silly audit   ajv: [ '6.12.6' ],
112 silly audit   'ansi-styles': [ '4.3.0' ],
112 silly audit   aos: [ '2.3.4' ],
112 silly audit   argparse: [ '2.0.1' ],
112 silly audit   'aria-query': [ '5.3.2' ],
112 silly audit   'array-buffer-byte-length': [ '1.0.2' ],
112 silly audit   'array-includes': [ '3.1.8' ],
112 silly audit   'array.prototype.findlast': [ '1.2.5' ],
112 silly audit   'array.prototype.findlastindex': [ '1.2.6' ],
112 silly audit   'array.prototype.flat': [ '1.3.3' ],
112 silly audit   'array.prototype.flatmap': [ '1.3.3' ],
112 silly audit   'array.prototype.tosorted': [ '1.1.4' ],
112 silly audit   'arraybuffer.prototype.slice': [ '1.0.4' ],
112 silly audit   'ast-types-flow': [ '0.0.8' ],
112 silly audit   async: [ '0.2.10' ],
112 silly audit   'async-function': [ '1.0.0' ],
112 silly audit   asynckit: [ '0.4.0' ],
112 silly audit   autoprefixer: [ '10.4.21' ],
112 silly audit   'available-typed-arrays': [ '1.0.7' ],
112 silly audit   'axe-core': [ '4.10.3' ],
112 silly audit   axios: [ '1.9.0' ],
112 silly audit   'axobject-query': [ '4.1.0' ],
112 silly audit   'babel-plugin-macros': [ '3.1.0' ],
112 silly audit   'balanced-match': [ '1.0.2' ],
112 silly audit   braces: [ '3.0.3' ],
112 silly audit   browserslist: [ '4.25.0' ],
112 silly audit   'buffer-from': [ '1.1.2' ],
112 silly audit   busboy: [ '1.6.0' ],
112 silly audit   'call-bind': [ '1.0.8' ],
112 silly audit   'call-bind-apply-helpers': [ '1.0.2' ],
112 silly audit   'call-bound': [ '1.0.4' ],
112 silly audit   callsites: [ '3.1.0' ],
112 silly audit   camelize: [ '1.0.1' ],
112 silly audit   'caniuse-lite': [ '1.0.30001718' ],
112 silly audit   caseless: [ '0.12.0' ],
112 silly audit   chalk: [ '4.1.2' ],
112 silly audit   chownr: [ '3.0.0' ],
112 silly audit   'classlist-polyfill': [ '1.2.0' ],
112 silly audit   'client-only': [ '0.0.1' ],
112 silly audit   clsx: [ '2.1.1' ],
112 silly audit   color: [ '4.2.3' ],
112 silly audit   'color-convert': [ '2.0.1' ],
112 silly audit   'color-name': [ '1.1.4' ],
112 silly audit   'color-string': [ '1.9.1' ],
112 silly audit   'combined-stream': [ '1.0.8' ],
112 silly audit   'concat-map': [ '0.0.1' ],
112 silly audit   'concat-stream': [ '2.0.0' ],
112 silly audit   'convert-source-map': [ '1.9.0' ],
112 silly audit   cookie: [ '0.7.2' ],
112 silly audit   cosmiconfig: [ '7.1.0' ],
112 silly audit   'cross-spawn': [ '7.0.6' ],
112 silly audit   'css-color-keywords': [ '1.0.0' ],
112 silly audit   'css-to-react-native': [ '3.2.0' ],
112 silly audit   csstype: [ '3.1.3' ],
112 silly audit   'damerau-levenshtein': [ '1.0.8' ],
112 silly audit   'data-view-buffer': [ '1.0.2' ],
112 silly audit   'data-view-byte-length': [ '1.0.2' ],
112 silly audit   'data-view-byte-offset': [ '1.0.1' ],
112 silly audit   'date-fns': [ '4.1.0' ],
112 silly audit   debug: [ '4.4.1', '3.2.7' ],
112 silly audit   'deep-is': [ '0.1.4' ],
112 silly audit   'define-data-property': [ '1.1.4' ],
112 silly audit   'define-properties': [ '1.2.1' ],
112 silly audit   'delayed-stream': [ '1.0.0' ],
112 silly audit   'detect-libc': [ '2.0.4' ],
112 silly audit   doctrine: [ '2.1.0' ],
112 silly audit   'dom-helpers': [ '5.2.1' ],
112 silly audit   'dunder-proto': [ '1.0.1' ],
112 silly audit   'electron-to-chromium': [ '1.5.166' ],
112 silly audit   'emoji-regex': [ '9.2.2' ],
112 silly audit   'enhanced-resolve': [ '5.18.1' ],
112 silly audit   'env-paths': [ '2.2.1' ],
112 silly audit   'error-ex': [ '1.3.2' ],
112 silly audit   'is-arrayish': [ '0.2.1', '0.3.2' ],
112 silly audit   'es-abstract': [ '1.23.9' ],
112 silly audit   'es-define-property': [ '1.0.1' ],
112 silly audit   'es-errors': [ '1.3.0' ],
112 silly audit   'es-iterator-helpers': [ '1.2.1' ],
112 silly audit   'es-object-atoms': [ '1.1.1' ],
112 silly audit   'es-set-tostringtag': [ '2.1.0' ],
112 silly audit   'es-shim-unscopables': [ '1.1.0' ],
112 silly audit   'es-to-primitive': [ '1.3.0' ],
112 silly audit   escalade: [ '3.2.0' ],
112 silly audit   'escape-string-regexp': [ '4.0.0' ],
112 silly audit   eslint: [ '9.27.0' ],
112 silly audit   'eslint-config-next': [ '15.3.2' ],
112 silly audit   'eslint-import-resolver-node': [ '0.3.9' ],
112 silly audit   'eslint-import-resolver-typescript': [ '3.10.1' ],
112 silly audit   'eslint-module-utils': [ '2.12.0' ],
112 silly audit   'eslint-plugin-import': [ '2.31.0' ],
112 silly audit   semver: [ '6.3.1', '7.7.2' ],
112 silly audit   'eslint-plugin-jsx-a11y': [ '6.10.2' ],
112 silly audit   'eslint-plugin-react': [ '7.37.5' ],
112 silly audit   'eslint-plugin-react-hooks': [ '5.2.0' ],
112 silly audit   resolve: [ '2.0.0-next.5', '1.22.10' ],
112 silly audit   'eslint-scope': [ '8.3.0' ],
112 silly audit   espree: [ '10.3.0' ],
112 silly audit   esquery: [ '1.6.0' ],
112 silly audit   esrecurse: [ '4.3.0' ],
112 silly audit   estraverse: [ '5.3.0' ],
112 silly audit   esutils: [ '2.0.3' ],
112 silly audit   'fast-deep-equal': [ '3.1.3' ],
112 silly audit   'fast-json-stable-stringify': [ '2.1.0' ],
112 silly audit   'fast-levenshtein': [ '2.0.6' ],
112 silly audit   fastq: [ '1.19.1' ],
112 silly audit   'ffmpeg-static': [ '5.2.0' ],
112 silly audit   'file-entry-cache': [ '8.0.0' ],
112 silly audit   'fill-range': [ '7.1.1' ],
112 silly audit   'find-root': [ '1.1.0' ],
112 silly audit   'find-up': [ '5.0.0' ],
112 silly audit   'flat-cache': [ '4.0.1' ],
112 silly audit   flatted: [ '3.3.3' ],
112 silly audit   'fluent-ffmpeg': [ '2.1.3' ],
112 silly audit   which: [ '1.3.1', '2.0.2' ],
112 silly audit   'follow-redirects': [ '1.15.9' ],
112 silly audit   'for-each': [ '0.3.5' ],
112 silly audit   'form-data': [ '4.0.2' ],
112 silly audit   'fraction.js': [ '4.3.7' ],
112 silly audit   'framer-motion': [ '12.12.1' ],
112 silly audit   'function-bind': [ '1.1.2' ],
112 silly audit   'function.prototype.name': [ '1.1.8' ],
112 silly audit   'functions-have-names': [ '1.2.3' ],
112 silly audit   'get-intrinsic': [ '1.3.0' ],
112 silly audit   'get-proto': [ '1.0.1' ],
112 silly audit   'get-symbol-description': [ '1.1.0' ],
112 silly audit   'get-tsconfig': [ '4.10.0' ],
112 silly audit   globalthis: [ '1.0.4' ],
112 silly audit   gopd: [ '1.2.0' ],
112 silly audit   'graceful-fs': [ '4.2.11' ],
112 silly audit   graphemer: [ '1.4.0' ],
112 silly audit   gsap: [ '3.13.0' ],
112 silly audit   'has-bigints': [ '1.1.0' ],
112 silly audit   'has-flag': [ '4.0.0' ],
112 silly audit   'has-property-descriptors': [ '1.0.2' ],
112 silly audit   'has-proto': [ '1.2.0' ],
112 silly audit   'has-symbols': [ '1.1.0' ],
112 silly audit   'has-tostringtag': [ '1.0.2' ],
112 silly audit   hasown: [ '2.0.2' ],
112 silly audit   'hoist-non-react-statics': [ '3.3.2' ],
112 silly audit   'http-response-object': [ '3.0.2' ],
112 silly audit   'https-proxy-agent': [ '5.0.1' ],
112 silly audit   immer: [ '10.1.1' ],
112 silly audit   'import-fresh': [ '3.3.1' ],
112 silly audit   imurmurhash: [ '0.1.4' ],
112 silly audit   inherits: [ '2.0.4' ],
112 silly audit   'internal-slot': [ '1.1.0' ],
112 silly audit   'is-array-buffer': [ '3.0.5' ],
112 silly audit   'is-async-function': [ '2.1.1' ],
112 silly audit   'is-bigint': [ '1.1.0' ],
112 silly audit   'is-boolean-object': [ '1.2.2' ],
112 silly audit   'is-bun-module': [ '2.0.0' ],
112 silly audit   'is-callable': [ '1.2.7' ],
112 silly audit   'is-core-module': [ '2.16.1' ],
112 silly audit   'is-data-view': [ '1.0.2' ],
112 silly audit   'is-date-object': [ '1.1.0' ],
112 silly audit   'is-extglob': [ '2.1.1' ],
112 silly audit   'is-finalizationregistry': [ '1.1.1' ],
112 silly audit   'is-generator-function': [ '1.1.0' ],
112 silly audit   'is-glob': [ '4.0.3' ],
112 silly audit   'is-map': [ '2.0.3' ],
112 silly audit   'is-number': [ '7.0.0' ],
112 silly audit   'is-number-object': [ '1.1.1' ],
112 silly audit   'is-regex': [ '1.2.1' ],
112 silly audit   'is-set': [ '2.0.3' ],
112 silly audit   'is-shared-array-buffer': [ '1.0.4' ],
112 silly audit   'is-string': [ '1.1.1' ],
112 silly audit   'is-symbol': [ '1.1.1' ],
112 silly audit   'is-typed-array': [ '1.1.15' ],
112 silly audit   'is-weakmap': [ '2.0.2' ],
112 silly audit   'is-weakref': [ '1.1.1' ],
112 silly audit   'is-weakset': [ '2.0.4' ],
112 silly audit   isarray: [ '2.0.5' ],
112 silly audit   isexe: [ '2.0.0' ],
112 silly audit   'iterator.prototype': [ '1.1.5' ],
112 silly audit   jiti: [ '2.4.2' ],
112 silly audit   jose: [ '4.15.9' ],
112 silly audit   'js-tokens': [ '4.0.0' ],
112 silly audit   'js-yaml': [ '4.1.0' ],
112 silly audit   jsesc: [ '3.1.0' ],
112 silly audit   'json-buffer': [ '3.0.1' ],
112 silly audit   'json-parse-even-better-errors': [ '2.3.1' ],
112 silly audit   'json-schema-traverse': [ '0.4.1' ],
112 silly audit   'json-stable-stringify-without-jsonify': [ '1.0.1' ],
112 silly audit   json5: [ '1.0.2' ],
112 silly audit   'jsx-ast-utils': [ '3.3.5' ],
112 silly audit   keyv: [ '4.5.4' ],
112 silly audit   'language-subtag-registry': [ '0.3.23' ],
112 silly audit   'language-tags': [ '1.0.9' ],
112 silly audit   levn: [ '0.4.1' ],
112 silly audit   lightningcss: [ '1.30.1' ],
112 silly audit   'lightningcss-darwin-arm64': [ '1.30.1' ],
112 silly audit   'lightningcss-darwin-x64': [ '1.30.1' ],
112 silly audit   'lightningcss-freebsd-x64': [ '1.30.1' ],
112 silly audit   'lightningcss-linux-arm-gnueabihf': [ '1.30.1' ],
112 silly audit   'lightningcss-linux-arm64-gnu': [ '1.30.1' ],
112 silly audit   'lightningcss-linux-arm64-musl': [ '1.30.1' ],
112 silly audit   'lightningcss-linux-x64-gnu': [ '1.30.1' ],
112 silly audit   'lightningcss-linux-x64-musl': [ '1.30.1' ],
112 silly audit   'lightningcss-win32-arm64-msvc': [ '1.30.1' ],
112 silly audit   'lightningcss-win32-x64-msvc': [ '1.30.1' ],
112 silly audit   'lines-and-columns': [ '1.2.4' ],
112 silly audit   'locate-path': [ '6.0.0' ],
112 silly audit   'lodash.debounce': [ '4.0.8' ],
112 silly audit   'lodash.merge': [ '4.6.2' ],
112 silly audit   'lodash.throttle': [ '4.1.1' ],
112 silly audit   'loose-envify': [ '1.4.0' ],
112 silly audit   'lru-cache': [ '6.0.0' ],
112 silly audit   yallist: [ '4.0.0', '5.0.0' ],
112 silly audit   'magic-string': [ '0.30.17' ],
112 silly audit   'math-intrinsics': [ '1.1.0' ],
112 silly audit   merge2: [ '1.4.1' ],
112 silly audit   micromatch: [ '4.0.8' ],
112 silly audit   'mime-db': [ '1.52.0' ],
112 silly audit   'mime-types': [ '2.1.35' ],
112 silly audit   minimist: [ '1.2.8' ],
112 silly audit   minipass: [ '7.1.2' ],
112 silly audit   minizlib: [ '3.0.2' ],
112 silly audit   mkdirp: [ '3.0.1', '1.0.4' ],
112 silly audit   'motion-dom': [ '12.12.1' ],
112 silly audit   'motion-utils': [ '12.12.1' ],
112 silly audit   ms: [ '2.1.3' ],
112 silly audit   nanoid: [ '3.3.11' ],
112 silly audit   'napi-postinstall': [ '0.2.4' ],
112 silly audit   'natural-compare': [ '1.4.0' ],
112 silly audit   next: [ '15.3.2' ],
112 silly audit   'next-auth': [ '4.24.11' ],
112 silly audit   postcss: [ '8.4.31', '8.5.4', '8.4.49' ],
112 silly audit   'node-releases': [ '2.0.19' ],
112 silly audit   'normalize-range': [ '0.1.2' ],
112 silly audit   oauth: [ '0.9.15' ],
112 silly audit   'object-assign': [ '4.1.1' ],
112 silly audit   'object-hash': [ '2.2.0' ],
112 silly audit   'object-inspect': [ '1.13.4' ],
112 silly audit   'object-keys': [ '1.1.1' ],
112 silly audit   'object.assign': [ '4.1.7' ],
112 silly audit   'object.entries': [ '1.1.9' ],
112 silly audit   'object.fromentries': [ '2.0.8' ],
112 silly audit   'object.groupby': [ '1.0.3' ],
112 silly audit   'object.values': [ '1.2.1' ],
112 silly audit   'oidc-token-hash': [ '5.1.0' ],
112 silly audit   'openid-client': [ '5.7.1' ],
112 silly audit   optionator: [ '0.9.4' ],
112 silly audit   'otp-timer': [ '2.1.1' ],
112 silly audit   react: [ '16.14.0', '19.1.0' ],
112 silly audit   'react-dom': [ '16.14.0', '19.1.0' ],
112 silly audit   scheduler: [ '0.19.1', '0.26.0' ],
112 silly audit   'own-keys': [ '1.0.1' ],
112 silly audit   'p-limit': [ '3.1.0' ],
112 silly audit   'p-locate': [ '5.0.0' ],
112 silly audit   'parent-module': [ '1.0.1' ],
112 silly audit   'parse-cache-control': [ '1.0.1' ],
112 silly audit   'parse-json': [ '5.2.0' ],
112 silly audit   'path-exists': [ '4.0.0' ],
112 silly audit   'path-key': [ '3.1.1' ],
112 silly audit   'path-parse': [ '1.0.7' ],
112 silly audit   'path-type': [ '4.0.0' ],
112 silly audit   picocolors: [ '1.1.1' ],
112 silly audit   picomatch: [ '2.3.1', '4.0.2' ],
112 silly audit   'possible-typed-array-names': [ '1.1.0' ],
112 silly audit   'postcss-value-parser': [ '4.2.0' ],
112 silly audit   preact: [ '10.26.6' ],
112 silly audit   'preact-render-to-string': [ '5.2.6' ],
112 silly audit   'prelude-ls': [ '1.2.1' ],
112 silly audit   'pretty-format': [ '3.8.0' ],
112 silly audit   progress: [ '2.0.3' ],
112 silly audit   'prop-types': [ '15.8.1' ],
112 silly audit   'proxy-from-env': [ '1.1.0' ],
112 silly audit   punycode: [ '2.3.1' ],
112 silly audit   qs: [ '6.14.0' ],
112 silly audit   'queue-microtask': [ '1.2.3' ],
112 silly audit   'react-hook-form': [ '7.56.4' ],
112 silly audit   'react-icons': [ '5.5.0' ],
112 silly audit   'react-redux': [ '9.2.0' ],
112 silly audit   'react-toastify': [ '11.0.5' ],
112 silly audit   'react-transition-group': [ '4.4.5' ],
112 silly audit   'readable-stream': [ '3.6.2' ],
112 silly audit   redux: [ '5.0.1' ],
112 silly audit   'redux-thunk': [ '3.1.0' ],
112 silly audit   'reflect.getprototypeof': [ '1.0.10' ],
112 silly audit   'regexp.prototype.flags': [ '1.5.4' ],
112 silly audit   reselect: [ '5.1.1' ],
112 silly audit   'resolve-from': [ '4.0.0' ],
112 silly audit   'resolve-pkg-maps': [ '1.0.0' ],
112 silly audit   reusify: [ '1.1.0' ],
112 silly audit   'run-parallel': [ '1.2.0' ],
112 silly audit   'safe-array-concat': [ '1.1.3' ],
112 silly audit   'safe-buffer': [ '5.2.1' ],
112 silly audit   'safe-push-apply': [ '1.0.0' ],
112 silly audit   'safe-regex-test': [ '1.1.0' ],
112 silly audit   'set-function-length': [ '1.2.2' ],
112 silly audit   'set-function-name': [ '2.0.2' ],
112 silly audit   'set-proto': [ '1.0.0' ],
112 silly audit   shallowequal: [ '1.1.0' ],
112 silly audit   sharp: [ '0.34.1' ],
112 silly audit   'shebang-command': [ '2.0.0' ],
112 silly audit   'shebang-regex': [ '3.0.0' ],
112 silly audit   'side-channel': [ '1.1.0' ],
112 silly audit   'side-channel-list': [ '1.0.0' ],
112 silly audit   'side-channel-map': [ '1.0.1' ],
112 silly audit   'side-channel-weakmap': [ '1.0.2' ],
112 silly audit   'simple-swizzle': [ '0.2.2' ],
112 silly audit   'source-map': [ '0.5.7' ],
112 silly audit   'source-map-js': [ '1.2.1' ],
112 silly audit   'stable-hash': [ '0.0.5' ],
112 silly audit   streamsearch: [ '1.1.0' ],
112 silly audit   string_decoder: [ '1.3.0' ],
112 silly audit   'string.prototype.includes': [ '2.0.1' ],
112 silly audit   'string.prototype.matchall': [ '4.0.12' ],
112 silly audit   'string.prototype.repeat': [ '1.0.0' ],
112 silly audit   'string.prototype.trim': [ '1.2.10' ],
112 silly audit   'string.prototype.trimend': [ '1.0.9' ],
112 silly audit   'string.prototype.trimstart': [ '1.0.8' ],
112 silly audit   'strip-bom': [ '3.0.0' ],
112 silly audit   'strip-json-comments': [ '3.1.1' ],
112 silly audit   stripe: [ '18.2.1' ],
112 silly audit   'styled-components': [ '6.1.18' ],
112 silly audit   stylis: [ '4.3.2', '4.2.0' ],
112 silly audit   tslib: [ '2.6.2', '2.8.1' ],
112 silly audit   'styled-jsx': [ '5.1.6' ],
112 silly audit   'supports-color': [ '7.2.0' ],
112 silly audit   'supports-preserve-symlinks-flag': [ '1.0.0' ],
112 silly audit   sweetalert2: [ '11.21.2' ],
112 silly audit   swiper: [ '11.2.8' ],
112 silly audit   tapable: [ '2.2.1' ],
112 silly audit   tar: [ '7.4.3' ],
112 silly audit   tinyglobby: [ '0.2.13' ],
112 silly audit   fdir: [ '6.4.4' ],
112 silly audit   tmp: [ '0.2.3' ],
112 silly audit   'tmp-promise': [ '3.0.3' ],
112 silly audit   'to-regex-range': [ '5.0.1' ],
112 silly audit   'ts-api-utils': [ '2.1.0' ],
112 silly audit   'tsconfig-paths': [ '3.15.0' ],
112 silly audit   'type-check': [ '0.4.0' ],
112 silly audit   'typed-array-buffer': [ '1.0.3' ],
112 silly audit   'typed-array-byte-length': [ '1.0.3' ],
112 silly audit   'typed-array-byte-offset': [ '1.0.4' ],
112 silly audit   'typed-array-length': [ '1.0.7' ],
112 silly audit   typedarray: [ '0.0.6' ],
112 silly audit   typescript: [ '5.8.3' ],
112 silly audit   'unbox-primitive': [ '1.1.0' ],
112 silly audit   'undici-types': [ '7.8.0' ],
112 silly audit   'unrs-resolver': [ '1.7.2' ],
112 silly audit   'update-browserslist-db': [ '1.1.3' ],
112 silly audit   'uri-js': [ '4.4.1' ],
112 silly audit   'use-sync-external-store': [ '1.5.0' ],
112 silly audit   'util-deprecate': [ '1.0.2' ],
112 silly audit   uuid: [ '8.3.2' ],
112 silly audit   'which-boxed-primitive': [ '1.1.1' ],
112 silly audit   'which-builtin-type': [ '1.2.1' ],
112 silly audit   'which-collection': [ '1.0.2' ],
112 silly audit   'which-typed-array': [ '1.1.19' ],
112 silly audit   'word-wrap': [ '1.2.5' ],
112 silly audit   yaml: [ '1.10.2' ],
112 silly audit   'yocto-queue': [ '0.1.0' ],
112 silly audit   'yt-dlp-wrap': [ '2.3.12' ],
112 silly audit   'yt-dlp-exec': [ '1.0.2' ],
112 silly audit   dargs: [ '7.0.0' ],
112 silly audit   execa: [ '5.1.1' ],
112 silly audit   'is-unix': [ '2.0.10' ],
112 silly audit   'node-fetch': [ '2.6.13' ],
112 silly audit   'get-stream': [ '6.0.1' ],
112 silly audit   'human-signals': [ '2.1.0' ],
112 silly audit   'is-stream': [ '2.0.1' ],
112 silly audit   'merge-stream': [ '2.0.0' ],
112 silly audit   'npm-run-path': [ '4.0.1' ],
112 silly audit   onetime: [ '5.1.2' ],
112 silly audit   'signal-exit': [ '3.0.7' ],
112 silly audit   'strip-final-newline': [ '2.0.0' ],
112 silly audit   'whatwg-url': [ '5.0.0' ],
112 silly audit   'mimic-fn': [ '2.1.0' ],
112 silly audit   tr46: [ '0.0.3' ],
112 silly audit   'webidl-conversions': [ '3.0.1' ],
112 silly audit   '@tailwindcss/oxide-wasm32-wasi': [ '4.1.7' ]
112 silly audit }
113 verbose reify failed optional dependency C:\project\SHOTDECK\frontend\shotdeck\node_modules\lightningcss-win32-arm64-msvc
114 silly reify mark deleted [
114 silly reify   'C:\\project\\SHOTDECK\\frontend\\shotdeck\\node_modules\\lightningcss-win32-arm64-msvc'
114 silly reify ]
115 verbose reify failed optional dependency C:\project\SHOTDECK\frontend\shotdeck\node_modules\lightningcss-linux-x64-musl
116 silly reify mark deleted [
116 silly reify   'C:\\project\\SHOTDECK\\frontend\\shotdeck\\node_modules\\lightningcss-linux-x64-musl'
116 silly reify ]
117 verbose reify failed optional dependency C:\project\SHOTDECK\frontend\shotdeck\node_modules\lightningcss-linux-x64-gnu
118 silly reify mark deleted [
118 silly reify   'C:\\project\\SHOTDECK\\frontend\\shotdeck\\node_modules\\lightningcss-linux-x64-gnu'
118 silly reify ]
119 verbose reify failed optional dependency C:\project\SHOTDECK\frontend\shotdeck\node_modules\lightningcss-linux-arm64-musl
120 silly reify mark deleted [
120 silly reify   'C:\\project\\SHOTDECK\\frontend\\shotdeck\\node_modules\\lightningcss-linux-arm64-musl'
120 silly reify ]
121 verbose reify failed optional dependency C:\project\SHOTDECK\frontend\shotdeck\node_modules\lightningcss-linux-arm64-gnu
122 silly reify mark deleted [
122 silly reify   'C:\\project\\SHOTDECK\\frontend\\shotdeck\\node_modules\\lightningcss-linux-arm64-gnu'
122 silly reify ]
123 verbose reify failed optional dependency C:\project\SHOTDECK\frontend\shotdeck\node_modules\lightningcss-linux-arm-gnueabihf
124 silly reify mark deleted [
124 silly reify   'C:\\project\\SHOTDECK\\frontend\\shotdeck\\node_modules\\lightningcss-linux-arm-gnueabihf'
124 silly reify ]
125 verbose reify failed optional dependency C:\project\SHOTDECK\frontend\shotdeck\node_modules\lightningcss-freebsd-x64
126 silly reify mark deleted [
126 silly reify   'C:\\project\\SHOTDECK\\frontend\\shotdeck\\node_modules\\lightningcss-freebsd-x64'
126 silly reify ]
127 verbose reify failed optional dependency C:\project\SHOTDECK\frontend\shotdeck\node_modules\lightningcss-darwin-x64
128 silly reify mark deleted [
128 silly reify   'C:\\project\\SHOTDECK\\frontend\\shotdeck\\node_modules\\lightningcss-darwin-x64'
128 silly reify ]
129 verbose reify failed optional dependency C:\project\SHOTDECK\frontend\shotdeck\node_modules\lightningcss-darwin-arm64
130 silly reify mark deleted [
130 silly reify   'C:\\project\\SHOTDECK\\frontend\\shotdeck\\node_modules\\lightningcss-darwin-arm64'
130 silly reify ]
131 verbose reify failed optional dependency C:\project\SHOTDECK\frontend\shotdeck\node_modules\@unrs\resolver-binding-win32-ia32-msvc
132 silly reify mark deleted [
132 silly reify   'C:\\project\\SHOTDECK\\frontend\\shotdeck\\node_modules\\@unrs\\resolver-binding-win32-ia32-msvc'
132 silly reify ]
133 verbose reify failed optional dependency C:\project\SHOTDECK\frontend\shotdeck\node_modules\@unrs\resolver-binding-win32-arm64-msvc
134 silly reify mark deleted [
134 silly reify   'C:\\project\\SHOTDECK\\frontend\\shotdeck\\node_modules\\@unrs\\resolver-binding-win32-arm64-msvc'
134 silly reify ]
135 verbose reify failed optional dependency C:\project\SHOTDECK\frontend\shotdeck\node_modules\@unrs\resolver-binding-wasm32-wasi
136 silly reify mark deleted [
136 silly reify   'C:\\project\\SHOTDECK\\frontend\\shotdeck\\node_modules\\@unrs\\resolver-binding-wasm32-wasi'
136 silly reify ]
137 verbose reify failed optional dependency C:\project\SHOTDECK\frontend\shotdeck\node_modules\@unrs\resolver-binding-linux-x64-musl
138 silly reify mark deleted [
138 silly reify   'C:\\project\\SHOTDECK\\frontend\\shotdeck\\node_modules\\@unrs\\resolver-binding-linux-x64-musl'
138 silly reify ]
139 verbose reify failed optional dependency C:\project\SHOTDECK\frontend\shotdeck\node_modules\@unrs\resolver-binding-linux-x64-gnu
140 silly reify mark deleted [
140 silly reify   'C:\\project\\SHOTDECK\\frontend\\shotdeck\\node_modules\\@unrs\\resolver-binding-linux-x64-gnu'
140 silly reify ]
141 verbose reify failed optional dependency C:\project\SHOTDECK\frontend\shotdeck\node_modules\@unrs\resolver-binding-linux-s390x-gnu
142 silly reify mark deleted [
142 silly reify   'C:\\project\\SHOTDECK\\frontend\\shotdeck\\node_modules\\@unrs\\resolver-binding-linux-s390x-gnu'
142 silly reify ]
143 verbose reify failed optional dependency C:\project\SHOTDECK\frontend\shotdeck\node_modules\@unrs\resolver-binding-linux-riscv64-musl
144 silly reify mark deleted [
144 silly reify   'C:\\project\\SHOTDECK\\frontend\\shotdeck\\node_modules\\@unrs\\resolver-binding-linux-riscv64-musl'
144 silly reify ]
145 verbose reify failed optional dependency C:\project\SHOTDECK\frontend\shotdeck\node_modules\@unrs\resolver-binding-linux-riscv64-gnu
146 silly reify mark deleted [
146 silly reify   'C:\\project\\SHOTDECK\\frontend\\shotdeck\\node_modules\\@unrs\\resolver-binding-linux-riscv64-gnu'
146 silly reify ]
147 verbose reify failed optional dependency C:\project\SHOTDECK\frontend\shotdeck\node_modules\@unrs\resolver-binding-linux-ppc64-gnu
148 silly reify mark deleted [
148 silly reify   'C:\\project\\SHOTDECK\\frontend\\shotdeck\\node_modules\\@unrs\\resolver-binding-linux-ppc64-gnu'
148 silly reify ]
149 verbose reify failed optional dependency C:\project\SHOTDECK\frontend\shotdeck\node_modules\@unrs\resolver-binding-linux-arm64-musl
150 silly reify mark deleted [
150 silly reify   'C:\\project\\SHOTDECK\\frontend\\shotdeck\\node_modules\\@unrs\\resolver-binding-linux-arm64-musl'
150 silly reify ]
151 verbose reify failed optional dependency C:\project\SHOTDECK\frontend\shotdeck\node_modules\@unrs\resolver-binding-linux-arm64-gnu
152 silly reify mark deleted [
152 silly reify   'C:\\project\\SHOTDECK\\frontend\\shotdeck\\node_modules\\@unrs\\resolver-binding-linux-arm64-gnu'
152 silly reify ]
153 verbose reify failed optional dependency C:\project\SHOTDECK\frontend\shotdeck\node_modules\@unrs\resolver-binding-linux-arm-musleabihf
154 silly reify mark deleted [
154 silly reify   'C:\\project\\SHOTDECK\\frontend\\shotdeck\\node_modules\\@unrs\\resolver-binding-linux-arm-musleabihf'
154 silly reify ]
155 verbose reify failed optional dependency C:\project\SHOTDECK\frontend\shotdeck\node_modules\@unrs\resolver-binding-linux-arm-gnueabihf
156 silly reify mark deleted [
156 silly reify   'C:\\project\\SHOTDECK\\frontend\\shotdeck\\node_modules\\@unrs\\resolver-binding-linux-arm-gnueabihf'
156 silly reify ]
157 verbose reify failed optional dependency C:\project\SHOTDECK\frontend\shotdeck\node_modules\@unrs\resolver-binding-freebsd-x64
158 silly reify mark deleted [
158 silly reify   'C:\\project\\SHOTDECK\\frontend\\shotdeck\\node_modules\\@unrs\\resolver-binding-freebsd-x64'
158 silly reify ]
159 verbose reify failed optional dependency C:\project\SHOTDECK\frontend\shotdeck\node_modules\@unrs\resolver-binding-darwin-x64
160 silly reify mark deleted [
160 silly reify   'C:\\project\\SHOTDECK\\frontend\\shotdeck\\node_modules\\@unrs\\resolver-binding-darwin-x64'
160 silly reify ]
161 verbose reify failed optional dependency C:\project\SHOTDECK\frontend\shotdeck\node_modules\@unrs\resolver-binding-darwin-arm64
162 silly reify mark deleted [
162 silly reify   'C:\\project\\SHOTDECK\\frontend\\shotdeck\\node_modules\\@unrs\\resolver-binding-darwin-arm64'
162 silly reify ]
163 verbose reify failed optional dependency C:\project\SHOTDECK\frontend\shotdeck\node_modules\@tailwindcss\oxide-win32-arm64-msvc
164 silly reify mark deleted [
164 silly reify   'C:\\project\\SHOTDECK\\frontend\\shotdeck\\node_modules\\@tailwindcss\\oxide-win32-arm64-msvc'
164 silly reify ]
165 verbose reify failed optional dependency C:\project\SHOTDECK\frontend\shotdeck\node_modules\@tailwindcss\oxide-linux-x64-musl
166 silly reify mark deleted [
166 silly reify   'C:\\project\\SHOTDECK\\frontend\\shotdeck\\node_modules\\@tailwindcss\\oxide-linux-x64-musl'
166 silly reify ]
167 verbose reify failed optional dependency C:\project\SHOTDECK\frontend\shotdeck\node_modules\@tailwindcss\oxide-linux-x64-gnu
168 silly reify mark deleted [
168 silly reify   'C:\\project\\SHOTDECK\\frontend\\shotdeck\\node_modules\\@tailwindcss\\oxide-linux-x64-gnu'
168 silly reify ]
169 verbose reify failed optional dependency C:\project\SHOTDECK\frontend\shotdeck\node_modules\@tailwindcss\oxide-linux-arm64-musl
170 silly reify mark deleted [
170 silly reify   'C:\\project\\SHOTDECK\\frontend\\shotdeck\\node_modules\\@tailwindcss\\oxide-linux-arm64-musl'
170 silly reify ]
171 verbose reify failed optional dependency C:\project\SHOTDECK\frontend\shotdeck\node_modules\@tailwindcss\oxide-linux-arm64-gnu
172 silly reify mark deleted [
172 silly reify   'C:\\project\\SHOTDECK\\frontend\\shotdeck\\node_modules\\@tailwindcss\\oxide-linux-arm64-gnu'
172 silly reify ]
173 verbose reify failed optional dependency C:\project\SHOTDECK\frontend\shotdeck\node_modules\@tailwindcss\oxide-linux-arm-gnueabihf
174 silly reify mark deleted [
174 silly reify   'C:\\project\\SHOTDECK\\frontend\\shotdeck\\node_modules\\@tailwindcss\\oxide-linux-arm-gnueabihf'
174 silly reify ]
175 verbose reify failed optional dependency C:\project\SHOTDECK\frontend\shotdeck\node_modules\@tailwindcss\oxide-freebsd-x64
176 silly reify mark deleted [
176 silly reify   'C:\\project\\SHOTDECK\\frontend\\shotdeck\\node_modules\\@tailwindcss\\oxide-freebsd-x64'
176 silly reify ]
177 verbose reify failed optional dependency C:\project\SHOTDECK\frontend\shotdeck\node_modules\@tailwindcss\oxide-darwin-x64
178 silly reify mark deleted [
178 silly reify   'C:\\project\\SHOTDECK\\frontend\\shotdeck\\node_modules\\@tailwindcss\\oxide-darwin-x64'
178 silly reify ]
179 verbose reify failed optional dependency C:\project\SHOTDECK\frontend\shotdeck\node_modules\@tailwindcss\oxide-darwin-arm64
180 silly reify mark deleted [
180 silly reify   'C:\\project\\SHOTDECK\\frontend\\shotdeck\\node_modules\\@tailwindcss\\oxide-darwin-arm64'
180 silly reify ]
181 verbose reify failed optional dependency C:\project\SHOTDECK\frontend\shotdeck\node_modules\@tailwindcss\oxide-android-arm64
182 silly reify mark deleted [
182 silly reify   'C:\\project\\SHOTDECK\\frontend\\shotdeck\\node_modules\\@tailwindcss\\oxide-android-arm64'
182 silly reify ]
183 verbose reify failed optional dependency C:\project\SHOTDECK\frontend\shotdeck\node_modules\@next\swc-win32-arm64-msvc
184 silly reify mark deleted [
184 silly reify   'C:\\project\\SHOTDECK\\frontend\\shotdeck\\node_modules\\@next\\swc-win32-arm64-msvc'
184 silly reify ]
185 verbose reify failed optional dependency C:\project\SHOTDECK\frontend\shotdeck\node_modules\@next\swc-linux-x64-musl
186 silly reify mark deleted [
186 silly reify   'C:\\project\\SHOTDECK\\frontend\\shotdeck\\node_modules\\@next\\swc-linux-x64-musl'
186 silly reify ]
187 verbose reify failed optional dependency C:\project\SHOTDECK\frontend\shotdeck\node_modules\@next\swc-linux-x64-gnu
188 silly reify mark deleted [
188 silly reify   'C:\\project\\SHOTDECK\\frontend\\shotdeck\\node_modules\\@next\\swc-linux-x64-gnu'
188 silly reify ]
189 verbose reify failed optional dependency C:\project\SHOTDECK\frontend\shotdeck\node_modules\@next\swc-linux-arm64-musl
190 silly reify mark deleted [
190 silly reify   'C:\\project\\SHOTDECK\\frontend\\shotdeck\\node_modules\\@next\\swc-linux-arm64-musl'
190 silly reify ]
191 verbose reify failed optional dependency C:\project\SHOTDECK\frontend\shotdeck\node_modules\@next\swc-linux-arm64-gnu
192 silly reify mark deleted [
192 silly reify   'C:\\project\\SHOTDECK\\frontend\\shotdeck\\node_modules\\@next\\swc-linux-arm64-gnu'
192 silly reify ]
193 verbose reify failed optional dependency C:\project\SHOTDECK\frontend\shotdeck\node_modules\@next\swc-darwin-x64
194 silly reify mark deleted [
194 silly reify   'C:\\project\\SHOTDECK\\frontend\\shotdeck\\node_modules\\@next\\swc-darwin-x64'
194 silly reify ]
195 verbose reify failed optional dependency C:\project\SHOTDECK\frontend\shotdeck\node_modules\@next\swc-darwin-arm64
196 silly reify mark deleted [
196 silly reify   'C:\\project\\SHOTDECK\\frontend\\shotdeck\\node_modules\\@next\\swc-darwin-arm64'
196 silly reify ]
197 verbose reify failed optional dependency C:\project\SHOTDECK\frontend\shotdeck\node_modules\@img\sharp-win32-ia32
198 silly reify mark deleted [
198 silly reify   'C:\\project\\SHOTDECK\\frontend\\shotdeck\\node_modules\\@img\\sharp-win32-ia32'
198 silly reify ]
199 verbose reify failed optional dependency C:\project\SHOTDECK\frontend\shotdeck\node_modules\@img\sharp-wasm32
200 silly reify mark deleted [
200 silly reify   'C:\\project\\SHOTDECK\\frontend\\shotdeck\\node_modules\\@img\\sharp-wasm32'
200 silly reify ]
201 verbose reify failed optional dependency C:\project\SHOTDECK\frontend\shotdeck\node_modules\@img\sharp-linuxmusl-x64
202 silly reify mark deleted [
202 silly reify   'C:\\project\\SHOTDECK\\frontend\\shotdeck\\node_modules\\@img\\sharp-linuxmusl-x64'
202 silly reify ]
203 verbose reify failed optional dependency C:\project\SHOTDECK\frontend\shotdeck\node_modules\@img\sharp-linuxmusl-arm64
204 silly reify mark deleted [
204 silly reify   'C:\\project\\SHOTDECK\\frontend\\shotdeck\\node_modules\\@img\\sharp-linuxmusl-arm64'
204 silly reify ]
205 verbose reify failed optional dependency C:\project\SHOTDECK\frontend\shotdeck\node_modules\@img\sharp-linux-x64
206 silly reify mark deleted [
206 silly reify   'C:\\project\\SHOTDECK\\frontend\\shotdeck\\node_modules\\@img\\sharp-linux-x64'
206 silly reify ]
207 verbose reify failed optional dependency C:\project\SHOTDECK\frontend\shotdeck\node_modules\@img\sharp-linux-s390x
208 silly reify mark deleted [
208 silly reify   'C:\\project\\SHOTDECK\\frontend\\shotdeck\\node_modules\\@img\\sharp-linux-s390x'
208 silly reify ]
209 verbose reify failed optional dependency C:\project\SHOTDECK\frontend\shotdeck\node_modules\@img\sharp-linux-arm64
210 silly reify mark deleted [
210 silly reify   'C:\\project\\SHOTDECK\\frontend\\shotdeck\\node_modules\\@img\\sharp-linux-arm64'
210 silly reify ]
211 verbose reify failed optional dependency C:\project\SHOTDECK\frontend\shotdeck\node_modules\@img\sharp-linux-arm
212 silly reify mark deleted [
212 silly reify   'C:\\project\\SHOTDECK\\frontend\\shotdeck\\node_modules\\@img\\sharp-linux-arm'
212 silly reify ]
213 verbose reify failed optional dependency C:\project\SHOTDECK\frontend\shotdeck\node_modules\@img\sharp-libvips-linuxmusl-x64
214 silly reify mark deleted [
214 silly reify   'C:\\project\\SHOTDECK\\frontend\\shotdeck\\node_modules\\@img\\sharp-libvips-linuxmusl-x64'
214 silly reify ]
215 verbose reify failed optional dependency C:\project\SHOTDECK\frontend\shotdeck\node_modules\@img\sharp-libvips-linuxmusl-arm64
216 silly reify mark deleted [
216 silly reify   'C:\\project\\SHOTDECK\\frontend\\shotdeck\\node_modules\\@img\\sharp-libvips-linuxmusl-arm64'
216 silly reify ]
217 verbose reify failed optional dependency C:\project\SHOTDECK\frontend\shotdeck\node_modules\@img\sharp-libvips-linux-x64
218 silly reify mark deleted [
218 silly reify   'C:\\project\\SHOTDECK\\frontend\\shotdeck\\node_modules\\@img\\sharp-libvips-linux-x64'
218 silly reify ]
219 verbose reify failed optional dependency C:\project\SHOTDECK\frontend\shotdeck\node_modules\@img\sharp-libvips-linux-s390x
220 silly reify mark deleted [
220 silly reify   'C:\\project\\SHOTDECK\\frontend\\shotdeck\\node_modules\\@img\\sharp-libvips-linux-s390x'
220 silly reify ]
221 verbose reify failed optional dependency C:\project\SHOTDECK\frontend\shotdeck\node_modules\@img\sharp-libvips-linux-ppc64
222 silly reify mark deleted [
222 silly reify   'C:\\project\\SHOTDECK\\frontend\\shotdeck\\node_modules\\@img\\sharp-libvips-linux-ppc64'
222 silly reify ]
223 verbose reify failed optional dependency C:\project\SHOTDECK\frontend\shotdeck\node_modules\@img\sharp-libvips-linux-arm64
224 silly reify mark deleted [
224 silly reify   'C:\\project\\SHOTDECK\\frontend\\shotdeck\\node_modules\\@img\\sharp-libvips-linux-arm64'
224 silly reify ]
225 verbose reify failed optional dependency C:\project\SHOTDECK\frontend\shotdeck\node_modules\@img\sharp-libvips-linux-arm
226 silly reify mark deleted [
226 silly reify   'C:\\project\\SHOTDECK\\frontend\\shotdeck\\node_modules\\@img\\sharp-libvips-linux-arm'
226 silly reify ]
227 verbose reify failed optional dependency C:\project\SHOTDECK\frontend\shotdeck\node_modules\@img\sharp-libvips-darwin-x64
228 silly reify mark deleted [
228 silly reify   'C:\\project\\SHOTDECK\\frontend\\shotdeck\\node_modules\\@img\\sharp-libvips-darwin-x64'
228 silly reify ]
229 verbose reify failed optional dependency C:\project\SHOTDECK\frontend\shotdeck\node_modules\@img\sharp-libvips-darwin-arm64
230 silly reify mark deleted [
230 silly reify   'C:\\project\\SHOTDECK\\frontend\\shotdeck\\node_modules\\@img\\sharp-libvips-darwin-arm64'
230 silly reify ]
231 verbose reify failed optional dependency C:\project\SHOTDECK\frontend\shotdeck\node_modules\@img\sharp-darwin-x64
232 silly reify mark deleted [
232 silly reify   'C:\\project\\SHOTDECK\\frontend\\shotdeck\\node_modules\\@img\\sharp-darwin-x64'
232 silly reify ]
233 verbose reify failed optional dependency C:\project\SHOTDECK\frontend\shotdeck\node_modules\@img\sharp-darwin-arm64
234 silly reify mark deleted [
234 silly reify   'C:\\project\\SHOTDECK\\frontend\\shotdeck\\node_modules\\@img\\sharp-darwin-arm64'
234 silly reify ]
235 verbose reify failed optional dependency C:\project\SHOTDECK\frontend\shotdeck\node_modules\@ffprobe-installer\win32-ia32
236 silly reify mark deleted [
236 silly reify   'C:\\project\\SHOTDECK\\frontend\\shotdeck\\node_modules\\@ffprobe-installer\\win32-ia32'
236 silly reify ]
237 verbose reify failed optional dependency C:\project\SHOTDECK\frontend\shotdeck\node_modules\@ffprobe-installer\linux-x64
238 silly reify mark deleted [
238 silly reify   'C:\\project\\SHOTDECK\\frontend\\shotdeck\\node_modules\\@ffprobe-installer\\linux-x64'
238 silly reify ]
239 verbose reify failed optional dependency C:\project\SHOTDECK\frontend\shotdeck\node_modules\@ffprobe-installer\linux-ia32
240 silly reify mark deleted [
240 silly reify   'C:\\project\\SHOTDECK\\frontend\\shotdeck\\node_modules\\@ffprobe-installer\\linux-ia32'
240 silly reify ]
241 verbose reify failed optional dependency C:\project\SHOTDECK\frontend\shotdeck\node_modules\@ffprobe-installer\linux-arm64
242 silly reify mark deleted [
242 silly reify   'C:\\project\\SHOTDECK\\frontend\\shotdeck\\node_modules\\@ffprobe-installer\\linux-arm64'
242 silly reify ]
243 verbose reify failed optional dependency C:\project\SHOTDECK\frontend\shotdeck\node_modules\@ffprobe-installer\linux-arm
244 silly reify mark deleted [
244 silly reify   'C:\\project\\SHOTDECK\\frontend\\shotdeck\\node_modules\\@ffprobe-installer\\linux-arm'
244 silly reify ]
245 verbose reify failed optional dependency C:\project\SHOTDECK\frontend\shotdeck\node_modules\@ffprobe-installer\darwin-x64
246 silly reify mark deleted [
246 silly reify   'C:\\project\\SHOTDECK\\frontend\\shotdeck\\node_modules\\@ffprobe-installer\\darwin-x64'
246 silly reify ]
247 verbose reify failed optional dependency C:\project\SHOTDECK\frontend\shotdeck\node_modules\@ffprobe-installer\darwin-arm64
248 silly reify mark deleted [
248 silly reify   'C:\\project\\SHOTDECK\\frontend\\shotdeck\\node_modules\\@ffprobe-installer\\darwin-arm64'
248 silly reify ]
249 verbose reify failed optional dependency C:\project\SHOTDECK\frontend\shotdeck\node_modules\@ffmpeg-installer\win32-ia32
250 silly reify mark deleted [
250 silly reify   'C:\\project\\SHOTDECK\\frontend\\shotdeck\\node_modules\\@ffmpeg-installer\\win32-ia32'
250 silly reify ]
251 verbose reify failed optional dependency C:\project\SHOTDECK\frontend\shotdeck\node_modules\@ffmpeg-installer\linux-x64
252 silly reify mark deleted [
252 silly reify   'C:\\project\\SHOTDECK\\frontend\\shotdeck\\node_modules\\@ffmpeg-installer\\linux-x64'
252 silly reify ]
253 verbose reify failed optional dependency C:\project\SHOTDECK\frontend\shotdeck\node_modules\@ffmpeg-installer\linux-ia32
254 silly reify mark deleted [
254 silly reify   'C:\\project\\SHOTDECK\\frontend\\shotdeck\\node_modules\\@ffmpeg-installer\\linux-ia32'
254 silly reify ]
255 verbose reify failed optional dependency C:\project\SHOTDECK\frontend\shotdeck\node_modules\@ffmpeg-installer\linux-arm64
256 silly reify mark deleted [
256 silly reify   'C:\\project\\SHOTDECK\\frontend\\shotdeck\\node_modules\\@ffmpeg-installer\\linux-arm64'
256 silly reify ]
257 verbose reify failed optional dependency C:\project\SHOTDECK\frontend\shotdeck\node_modules\@ffmpeg-installer\linux-arm
258 silly reify mark deleted [
258 silly reify   'C:\\project\\SHOTDECK\\frontend\\shotdeck\\node_modules\\@ffmpeg-installer\\linux-arm'
258 silly reify ]
259 verbose reify failed optional dependency C:\project\SHOTDECK\frontend\shotdeck\node_modules\@ffmpeg-installer\darwin-x64
260 silly reify mark deleted [
260 silly reify   'C:\\project\\SHOTDECK\\frontend\\shotdeck\\node_modules\\@ffmpeg-installer\\darwin-x64'
260 silly reify ]
261 verbose reify failed optional dependency C:\project\SHOTDECK\frontend\shotdeck\node_modules\@ffmpeg-installer\darwin-arm64
262 silly reify mark deleted [
262 silly reify   'C:\\project\\SHOTDECK\\frontend\\shotdeck\\node_modules\\@ffmpeg-installer\\darwin-arm64'
262 silly reify ]
263 http cache webidl-conversions@https://registry.npmjs.org/webidl-conversions/-/webidl-conversions-3.0.1.tgz 0ms (cache hit)
264 http cache onetime@https://registry.npmjs.org/onetime/-/onetime-5.1.2.tgz 0ms (cache hit)
265 http cache tr46@https://registry.npmjs.org/tr46/-/tr46-0.0.3.tgz 0ms (cache hit)
266 http cache strip-final-newline@https://registry.npmjs.org/strip-final-newline/-/strip-final-newline-2.0.0.tgz 0ms (cache hit)
267 http cache whatwg-url@https://registry.npmjs.org/whatwg-url/-/whatwg-url-5.0.0.tgz 0ms (cache hit)
268 http cache signal-exit@https://registry.npmjs.org/signal-exit/-/signal-exit-3.0.7.tgz 0ms (cache hit)
269 http cache merge-stream@https://registry.npmjs.org/merge-stream/-/merge-stream-2.0.0.tgz 0ms (cache hit)
270 http cache is-stream@https://registry.npmjs.org/is-stream/-/is-stream-2.0.1.tgz 0ms (cache hit)
271 http cache mimic-fn@https://registry.npmjs.org/mimic-fn/-/mimic-fn-2.1.0.tgz 0ms (cache hit)
272 http cache npm-run-path@https://registry.npmjs.org/npm-run-path/-/npm-run-path-4.0.1.tgz 0ms (cache hit)
273 http cache get-stream@https://registry.npmjs.org/get-stream/-/get-stream-6.0.1.tgz 0ms (cache hit)
274 http cache mkdirp@https://registry.npmjs.org/mkdirp/-/mkdirp-1.0.4.tgz 0ms (cache hit)
275 http cache execa@https://registry.npmjs.org/execa/-/execa-5.1.1.tgz 0ms (cache hit)
276 http cache human-signals@https://registry.npmjs.org/human-signals/-/human-signals-2.1.0.tgz 0ms (cache hit)
277 http cache dargs@https://registry.npmjs.org/dargs/-/dargs-7.0.0.tgz 0ms (cache hit)
278 http cache node-fetch@https://registry.npmjs.org/node-fetch/-/node-fetch-2.6.13.tgz 0ms (cache hit)
279 http cache yt-dlp-exec@https://registry.npmjs.org/yt-dlp-exec/-/yt-dlp-exec-1.0.2.tgz 0ms (cache hit)
280 http cache is-unix@https://registry.npmjs.org/is-unix/-/is-unix-2.0.10.tgz 0ms (cache hit)
281 info run yt-dlp-exec@1.0.2 preinstall node_modules/yt-dlp-exec npx bin-version-check-cli python ">=2"
282 http fetch POST 200 https://registry.npmjs.org/-/npm/v1/security/advisories/bulk 322ms
283 silly audit report {
283 silly audit report   'brace-expansion': [
283 silly audit report     {
283 silly audit report       id: 1105422,
283 silly audit report       url: 'https://github.com/advisories/GHSA-v6h2-p8h4-qcjw',
283 silly audit report       title: 'brace-expansion Regular Expression Denial of Service vulnerability',
283 silly audit report       severity: 'low',
283 silly audit report       vulnerable_versions: '>=2.0.1 <=4.0.0',
283 silly audit report       cwe: [Array],
283 silly audit report       cvss: [Object]
283 silly audit report     }
283 silly audit report   ],
283 silly audit report   sweetalert2: [
283 silly audit report     {
283 silly audit report       id: 1094698,
283 silly audit report       url: 'https://github.com/advisories/GHSA-mrr8-v49w-3333',
283 silly audit report       title: 'sweetalert2 v11.6.14 and above contains potentially undesirable behavior',
283 silly audit report       severity: 'low',
283 silly audit report       vulnerable_versions: '>=11.6.14',
283 silly audit report       cwe: [Array],
283 silly audit report       cvss: [Object]
283 silly audit report     }
283 silly audit report   ]
283 silly audit report }
284 silly packumentCache corgi:https://registry.npmjs.org/brace-expansion cache-miss
285 silly packumentCache corgi:https://registry.npmjs.org/sweetalert2 cache-miss
286 http fetch GET 200 https://registry.npmjs.org/sweetalert2 36ms (cache revalidated)
287 silly packumentCache corgi:https://registry.npmjs.org/sweetalert2 set size:1477287 disposed:false
288 http fetch GET 200 https://registry.npmjs.org/brace-expansion 70ms (cache miss)
289 silly packumentCache corgi:https://registry.npmjs.org/brace-expansion set size:undefined disposed:false
290 silly packumentCache corgi:https://registry.npmjs.org/minimatch cache-miss
291 http fetch GET 200 https://registry.npmjs.org/minimatch 64ms (cache miss)
292 silly packumentCache corgi:https://registry.npmjs.org/minimatch set size:undefined disposed:false
293 silly packumentCache corgi:https://registry.npmjs.org/@typescript-eslint%2ftypescript-estree cache-miss
294 http fetch GET 200 https://registry.npmjs.org/@typescript-eslint%2ftypescript-estree 603ms (cache miss)
295 silly packumentCache corgi:https://registry.npmjs.org/@typescript-eslint%2ftypescript-estree set size:undefined disposed:false
296 silly packumentCache corgi:https://registry.npmjs.org/@typescript-eslint%2fparser cache-miss
297 silly packumentCache corgi:https://registry.npmjs.org/@typescript-eslint%2ftype-utils cache-miss
298 silly packumentCache corgi:https://registry.npmjs.org/@typescript-eslint%2futils cache-miss
299 http fetch GET 200 https://registry.npmjs.org/@typescript-eslint%2futils 245ms (cache miss)
300 silly packumentCache corgi:https://registry.npmjs.org/@typescript-eslint%2futils set size:undefined disposed:false
301 info run yt-dlp-exec@1.0.2 preinstall { code: 0, signal: null }
302 info run yt-dlp-exec@1.0.2 postinstall node_modules/yt-dlp-exec node scripts/postinstall.js
303 http fetch GET 200 https://registry.npmjs.org/@typescript-eslint%2ftype-utils 10555ms (cache miss)
304 silly packumentCache corgi:https://registry.npmjs.org/@typescript-eslint%2ftype-utils set size:undefined disposed:false
305 http fetch GET 200 https://registry.npmjs.org/@typescript-eslint%2fparser 11061ms (cache miss)
306 silly packumentCache corgi:https://registry.npmjs.org/@typescript-eslint%2fparser set size:undefined disposed:false
307 info run yt-dlp-exec@1.0.2 postinstall { code: 0, signal: null }
308 silly packumentCache corgi:https://registry.npmjs.org/@typescript-eslint%2feslint-plugin cache-miss
309 http fetch GET 200 https://registry.npmjs.org/@typescript-eslint%2feslint-plugin 2734ms (cache miss)
310 silly packumentCache corgi:https://registry.npmjs.org/@typescript-eslint%2feslint-plugin set size:undefined disposed:false
311 silly packumentCache corgi:https://registry.npmjs.org/eslint-config-next cache-miss
312 http fetch GET 200 https://registry.npmjs.org/eslint-config-next 297ms (cache miss)
313 silly packumentCache corgi:https://registry.npmjs.org/eslint-config-next set size:undefined disposed:false
314 silly ADD node_modules/webidl-conversions
315 silly ADD node_modules/tr46
316 silly ADD node_modules/mimic-fn
317 silly ADD node_modules/whatwg-url
318 silly ADD node_modules/strip-final-newline
319 silly ADD node_modules/signal-exit
320 silly ADD node_modules/onetime
321 silly ADD node_modules/npm-run-path
322 silly ADD node_modules/merge-stream
323 silly ADD node_modules/is-stream
324 silly ADD node_modules/human-signals
325 silly ADD node_modules/get-stream
326 silly ADD node_modules/node-fetch
327 silly ADD node_modules/is-unix
328 silly ADD node_modules/execa
329 silly ADD node_modules/dargs
330 silly ADD node_modules/yt-dlp-exec
331 silly ADD node_modules/yt-dlp-exec/node_modules/mkdirp
332 silly ADD
333 silly ADD
334 silly ADD
335 silly ADD
336 silly ADD
337 silly ADD
338 silly ADD
339 silly ADD
340 silly ADD
341 silly ADD
342 silly ADD
343 silly ADD
344 silly ADD
345 silly ADD
346 silly ADD
347 silly ADD
348 silly ADD
349 silly ADD
350 silly ADD
351 silly ADD
352 silly ADD
353 silly ADD
354 silly ADD
355 silly ADD
356 silly ADD
357 silly ADD
358 silly ADD
359 silly ADD
360 silly ADD
361 silly ADD
362 silly ADD
363 silly ADD
364 silly ADD
365 silly ADD
366 silly ADD
367 silly ADD
368 silly ADD
369 silly ADD
370 silly ADD
371 silly ADD
372 silly ADD
373 silly ADD
374 silly ADD
375 silly ADD
376 silly ADD
377 silly ADD
378 silly ADD
379 silly ADD
380 silly ADD
381 silly ADD
382 silly ADD
383 silly ADD
384 silly ADD
385 silly ADD
386 silly ADD
387 silly ADD
388 silly ADD
389 silly ADD
390 silly ADD
391 silly ADD
392 silly ADD
393 silly ADD
394 silly ADD
395 silly ADD
396 silly ADD
397 silly ADD
398 silly ADD
399 silly ADD
400 silly ADD
401 silly ADD
402 silly ADD
403 silly ADD
404 silly ADD
405 silly ADD
406 silly ADD
407 silly ADD
408 verbose cwd C:\project\SHOTDECK\frontend\shotdeck
409 verbose os Windows_NT 10.0.26100
410 verbose node v22.15.1
411 verbose npm  v10.9.2
412 verbose exit 0
413 info ok
