0 verbose cli C:\Program Files\nodejs\node.exe C:\Program Files\nodejs\node_modules\npm\bin\npm-cli.js
1 info using npm@10.9.2
2 info using node@v22.15.1
3 silly config load:file:C:\Program Files\nodejs\node_modules\npm\npmrc
4 silly config load:file:C:\project\SHOTDECK\frontend\shotdeck\.npmrc
5 silly config load:file:C:\Users\rakib\.npmrc
6 silly config load:file:C:\Program Files\nodejs\npm-global\etc\npmrc
7 verbose title npm install tailwindcss postcss autoprefixer
8 verbose argv "install" "--save-dev" "tailwindcss" "postcss" "autoprefixer"
9 verbose logfile logs-max:10 dir:C:\project\SHOTDECK\frontend\shotdeck\UsersmynameAppDataRoamingnpm-cache\_logs\2025-06-10T10_09_58_742Z-
10 verbose logfile C:\project\SHOTDECK\frontend\shotdeck\UsersmynameAppDataRoamingnpm-cache\_logs\2025-06-10T10_09_58_742Z-debug-0.log
11 silly logfile start cleaning logs, removing 1 files
12 silly packumentCache heap:4345298944 maxSize:1086324736 maxEntrySize:543162368
13 silly logfile done cleaning log files
14 silly idealTree buildDeps
15 silly fetch manifest tailwindcss@^4
16 silly packumentCache full:https://registry.npmjs.org/tailwindcss cache-miss
17 http fetch GET 200 https://registry.npmjs.org/tailwindcss 365ms (cache miss)
18 silly packumentCache full:https://registry.npmjs.org/tailwindcss set size:undefined disposed:false
19 silly fetch manifest postcss@*
20 silly packumentCache full:https://registry.npmjs.org/postcss cache-miss
21 http fetch GET 200 https://registry.npmjs.org/postcss 86ms (cache updated)
22 silly packumentCache full:https://registry.npmjs.org/postcss set size:undefined disposed:false
23 silly fetch manifest autoprefixer@*
24 silly packumentCache full:https://registry.npmjs.org/autoprefixer cache-miss
25 http fetch GET 200 https://registry.npmjs.org/autoprefixer 52ms (cache miss)
26 silly packumentCache full:https://registry.npmjs.org/autoprefixer set size:undefined disposed:false
27 silly placeDep ROOT autoprefixer@10.4.21 OK for: shotdeck@0.1.0 want: *
28 silly placeDep ROOT postcss@8.5.4 REPLACE for: shotdeck@0.1.0 want: *
29 silly placeDep ROOT tailwindcss@4.1.8 REPLACE for: shotdeck@0.1.0 want: ^4
30 silly fetch manifest fraction.js@^4.3.7
31 silly packumentCache full:https://registry.npmjs.org/fraction.js cache-miss
32 silly fetch manifest browserslist@^4.24.4
33 silly packumentCache full:https://registry.npmjs.org/browserslist cache-miss
34 silly fetch manifest normalize-range@^0.1.2
35 silly packumentCache full:https://registry.npmjs.org/normalize-range cache-miss
36 http fetch GET 200 https://registry.npmjs.org/browserslist 258ms (cache updated)
37 silly packumentCache full:https://registry.npmjs.org/browserslist set size:undefined disposed:false
38 http fetch GET 200 https://registry.npmjs.org/normalize-range 298ms (cache miss)
39 silly packumentCache full:https://registry.npmjs.org/normalize-range set size:undefined disposed:false
40 http fetch GET 200 https://registry.npmjs.org/fraction.js 410ms (cache miss)
41 silly packumentCache full:https://registry.npmjs.org/fraction.js set size:undefined disposed:false
42 silly fetch manifest tailwindcss@4.1.7
43 silly packumentCache full:https://registry.npmjs.org/tailwindcss cache-miss
44 http cache https://registry.npmjs.org/tailwindcss 18ms (cache hit)
45 silly packumentCache full:https://registry.npmjs.org/tailwindcss set size:9092082 disposed:false
46 silly placeDep node_modules/@tailwindcss/node tailwindcss@4.1.7 OK for: @tailwindcss/node@4.1.7 want: 4.1.7
47 silly placeDep node_modules/@tailwindcss/postcss tailwindcss@4.1.7 OK for: @tailwindcss/postcss@4.1.7 want: 4.1.7
48 silly placeDep ROOT browserslist@4.25.0 OK for: autoprefixer@10.4.21 want: ^4.24.4
49 silly placeDep ROOT fraction.js@4.3.7 OK for: autoprefixer@10.4.21 want: ^4.3.7
50 silly placeDep ROOT normalize-range@0.1.2 OK for: autoprefixer@10.4.21 want: ^0.1.2
51 silly fetch manifest electron-to-chromium@^1.5.160
52 silly packumentCache full:https://registry.npmjs.org/electron-to-chromium cache-miss
53 silly fetch manifest node-releases@^2.0.19
54 silly packumentCache full:https://registry.npmjs.org/node-releases cache-miss
55 silly fetch manifest update-browserslist-db@^1.1.3
56 silly packumentCache full:https://registry.npmjs.org/update-browserslist-db cache-miss
57 http fetch GET 200 https://registry.npmjs.org/update-browserslist-db 230ms (cache revalidated)
58 silly packumentCache full:https://registry.npmjs.org/update-browserslist-db set size:52280 disposed:false
59 http fetch GET 200 https://registry.npmjs.org/node-releases 245ms (cache revalidated)
60 silly packumentCache full:https://registry.npmjs.org/node-releases set size:260405 disposed:false
61 http fetch GET 200 https://registry.npmjs.org/electron-to-chromium 343ms (cache updated)
62 silly packumentCache full:https://registry.npmjs.org/electron-to-chromium set size:undefined disposed:false
63 silly fetch manifest browserslist@>= 4.21.0
64 silly packumentCache full:https://registry.npmjs.org/browserslist cache-miss
65 http cache https://registry.npmjs.org/browserslist 5ms (cache hit)
66 silly packumentCache full:https://registry.npmjs.org/browserslist set size:480922 disposed:false
67 silly placeDep ROOT electron-to-chromium@1.5.166 OK for: browserslist@4.25.0 want: ^1.5.160
68 silly placeDep ROOT node-releases@2.0.19 OK for: browserslist@4.25.0 want: ^2.0.19
69 silly placeDep ROOT update-browserslist-db@1.1.3 OK for: browserslist@4.25.0 want: ^1.1.3
70 silly fetch manifest escalade@^3.2.0
71 silly packumentCache full:https://registry.npmjs.org/escalade cache-miss
72 http fetch GET 200 https://registry.npmjs.org/escalade 1006ms (cache revalidated)
73 silly packumentCache full:https://registry.npmjs.org/escalade set size:33724 disposed:false
74 silly placeDep ROOT escalade@3.2.0 OK for: update-browserslist-db@1.1.3 want: ^3.2.0
75 silly reify mark retired [ 'C:\\project\\SHOTDECK\\frontend\\shotdeck\\node_modules\\postcss' ]
76 silly reify mark retired [
76 silly reify   'C:\\project\\SHOTDECK\\frontend\\shotdeck\\node_modules\\tailwindcss'
76 silly reify ]
77 silly reify moves {
77 silly reify   'C:\\project\\SHOTDECK\\frontend\\shotdeck\\node_modules\\postcss': 'C:\\project\\SHOTDECK\\frontend\\shotdeck\\node_modules\\.postcss-Vl6NGINh',
77 silly reify   'C:\\project\\SHOTDECK\\frontend\\shotdeck\\node_modules\\tailwindcss': 'C:\\project\\SHOTDECK\\frontend\\shotdeck\\node_modules\\.tailwindcss-RWvxN8eX'
77 silly reify }
78 verbose reify failed optional dependency C:\project\SHOTDECK\frontend\shotdeck\node_modules\@tailwindcss\oxide-wasm32-wasi
79 silly reify mark deleted [
79 silly reify   'C:\\project\\SHOTDECK\\frontend\\shotdeck\\node_modules\\@tailwindcss\\oxide-wasm32-wasi'
79 silly reify ]
80 silly audit bulk request {
80 silly audit   '@alloc/quick-lru': [ '5.2.0' ],
80 silly audit   '@ampproject/remapping': [ '2.3.0' ],
80 silly audit   '@babel/code-frame': [ '7.27.1' ],
80 silly audit   '@babel/generator': [ '7.27.1' ],
80 silly audit   '@babel/helper-module-imports': [ '7.27.1' ],
80 silly audit   '@babel/helper-string-parser': [ '7.27.1' ],
80 silly audit   '@babel/helper-validator-identifier': [ '7.27.1' ],
80 silly audit   '@babel/parser': [ '7.27.2' ],
80 silly audit   '@babel/runtime': [ '7.27.1' ],
80 silly audit   '@babel/template': [ '7.27.2' ],
80 silly audit   '@babel/traverse': [ '7.27.1' ],
80 silly audit   globals: [ '11.12.0', '14.0.0' ],
80 silly audit   '@babel/types': [ '7.27.1' ],
80 silly audit   '@derhuerst/http-basic': [ '8.2.4' ],
80 silly audit   '@emnapi/core': [ '1.4.3' ],
80 silly audit   '@emnapi/runtime': [ '1.4.3' ],
80 silly audit   '@emnapi/wasi-threads': [ '1.0.2' ],
80 silly audit   '@emotion/babel-plugin': [ '11.13.5' ],
80 silly audit   '@emotion/cache': [ '11.14.0' ],
80 silly audit   '@emotion/hash': [ '0.9.2' ],
80 silly audit   '@emotion/is-prop-valid': [ '1.3.1', '1.2.2' ],
80 silly audit   '@emotion/memoize': [ '0.9.0', '0.8.1' ],
80 silly audit   '@emotion/react': [ '11.14.0' ],
80 silly audit   '@emotion/serialize': [ '1.3.3' ],
80 silly audit   '@emotion/sheet': [ '1.4.0' ],
80 silly audit   '@emotion/styled': [ '11.14.0' ],
80 silly audit   '@emotion/unitless': [ '0.10.0', '0.8.1' ],
80 silly audit   '@emotion/use-insertion-effect-with-fallbacks': [ '1.2.0' ],
80 silly audit   '@emotion/utils': [ '1.4.2' ],
80 silly audit   '@emotion/weak-memoize': [ '0.4.0' ],
80 silly audit   '@eslint-community/eslint-utils': [ '4.7.0' ],
80 silly audit   'eslint-visitor-keys': [ '3.4.3', '4.2.0' ],
80 silly audit   '@eslint-community/regexpp': [ '4.12.1' ],
80 silly audit   '@eslint/config-array': [ '0.20.0' ],
80 silly audit   '@eslint/config-helpers': [ '0.2.2' ],
80 silly audit   '@eslint/core': [ '0.14.0' ],
80 silly audit   '@eslint/eslintrc': [ '3.3.1' ],
80 silly audit   '@eslint/js': [ '9.27.0' ],
80 silly audit   '@eslint/object-schema': [ '2.1.6' ],
80 silly audit   '@eslint/plugin-kit': [ '0.3.1' ],
80 silly audit   '@ffmpeg-installer/darwin-arm64': [ '4.1.5' ],
80 silly audit   '@ffmpeg-installer/darwin-x64': [ '4.1.0' ],
80 silly audit   '@ffmpeg-installer/ffmpeg': [ '1.1.0' ],
80 silly audit   '@ffmpeg-installer/linux-arm': [ '4.1.3' ],
80 silly audit   '@ffmpeg-installer/linux-arm64': [ '4.1.4' ],
80 silly audit   '@ffmpeg-installer/linux-ia32': [ '4.1.0' ],
80 silly audit   '@ffmpeg-installer/linux-x64': [ '4.1.0' ],
80 silly audit   '@ffmpeg-installer/win32-ia32': [ '4.1.0' ],
80 silly audit   '@ffmpeg-installer/win32-x64': [ '4.1.0' ],
80 silly audit   '@ffprobe-installer/darwin-arm64': [ '5.0.1' ],
80 silly audit   '@ffprobe-installer/darwin-x64': [ '5.1.0' ],
80 silly audit   '@ffprobe-installer/ffprobe': [ '2.1.2' ],
80 silly audit   '@ffprobe-installer/linux-arm': [ '5.2.0' ],
80 silly audit   '@ffprobe-installer/linux-arm64': [ '5.2.0' ],
80 silly audit   '@ffprobe-installer/linux-ia32': [ '5.2.0' ],
80 silly audit   '@ffprobe-installer/linux-x64': [ '5.2.0' ],
80 silly audit   '@ffprobe-installer/win32-ia32': [ '5.1.0' ],
80 silly audit   '@ffprobe-installer/win32-x64': [ '5.1.0' ],
80 silly audit   '@humanfs/core': [ '0.19.1' ],
80 silly audit   '@humanfs/node': [ '0.16.6' ],
80 silly audit   '@humanwhocodes/retry': [ '0.3.1', '0.4.3' ],
80 silly audit   '@humanwhocodes/module-importer': [ '1.0.1' ],
80 silly audit   '@img/sharp-darwin-arm64': [ '0.34.1' ],
80 silly audit   '@img/sharp-darwin-x64': [ '0.34.1' ],
80 silly audit   '@img/sharp-libvips-darwin-arm64': [ '1.1.0' ],
80 silly audit   '@img/sharp-libvips-darwin-x64': [ '1.1.0' ],
80 silly audit   '@img/sharp-libvips-linux-arm': [ '1.1.0' ],
80 silly audit   '@img/sharp-libvips-linux-arm64': [ '1.1.0' ],
80 silly audit   '@img/sharp-libvips-linux-ppc64': [ '1.1.0' ],
80 silly audit   '@img/sharp-libvips-linux-s390x': [ '1.1.0' ],
80 silly audit   '@img/sharp-libvips-linux-x64': [ '1.1.0' ],
80 silly audit   '@img/sharp-libvips-linuxmusl-arm64': [ '1.1.0' ],
80 silly audit   '@img/sharp-libvips-linuxmusl-x64': [ '1.1.0' ],
80 silly audit   '@img/sharp-linux-arm': [ '0.34.1' ],
80 silly audit   '@img/sharp-linux-arm64': [ '0.34.1' ],
80 silly audit   '@img/sharp-linux-s390x': [ '0.34.1' ],
80 silly audit   '@img/sharp-linux-x64': [ '0.34.1' ],
80 silly audit   '@img/sharp-linuxmusl-arm64': [ '0.34.1' ],
80 silly audit   '@img/sharp-linuxmusl-x64': [ '0.34.1' ],
80 silly audit   '@img/sharp-wasm32': [ '0.34.1' ],
80 silly audit   '@img/sharp-win32-ia32': [ '0.34.1' ],
80 silly audit   '@img/sharp-win32-x64': [ '0.34.1' ],
80 silly audit   '@isaacs/fs-minipass': [ '4.0.1' ],
80 silly audit   '@jridgewell/gen-mapping': [ '0.3.8' ],
80 silly audit   '@jridgewell/resolve-uri': [ '3.1.2' ],
80 silly audit   '@jridgewell/set-array': [ '1.2.1' ],
80 silly audit   '@jridgewell/sourcemap-codec': [ '1.5.0' ],
80 silly audit   '@jridgewell/trace-mapping': [ '0.3.25' ],
80 silly audit   '@mui/core-downloads-tracker': [ '7.1.0' ],
80 silly audit   '@mui/icons-material': [ '7.1.0' ],
80 silly audit   '@mui/material': [ '7.1.0' ],
80 silly audit   'react-is': [ '19.1.0', '16.13.1' ],
80 silly audit   '@mui/private-theming': [ '7.1.0' ],
80 silly audit   '@mui/styled-engine': [ '7.1.0' ],
80 silly audit   '@mui/styled-engine-sc': [ '7.1.0' ],
80 silly audit   '@mui/system': [ '7.1.0' ],
80 silly audit   '@mui/types': [ '7.4.2' ],
80 silly audit   '@mui/utils': [ '7.1.0' ],
80 silly audit   '@napi-rs/wasm-runtime': [ '0.2.10' ],
80 silly audit   '@next/env': [ '15.3.2' ],
80 silly audit   '@next/eslint-plugin-next': [ '15.3.2' ],
80 silly audit   '@next/swc-darwin-arm64': [ '15.3.2' ],
80 silly audit   '@next/swc-darwin-x64': [ '15.3.2' ],
80 silly audit   '@next/swc-linux-arm64-gnu': [ '15.3.2' ],
80 silly audit   '@next/swc-linux-arm64-musl': [ '15.3.2' ],
80 silly audit   '@next/swc-linux-x64-gnu': [ '15.3.2' ],
80 silly audit   '@next/swc-linux-x64-musl': [ '15.3.2' ],
80 silly audit   '@next/swc-win32-arm64-msvc': [ '15.3.2' ],
80 silly audit   '@next/swc-win32-x64-msvc': [ '15.3.2' ],
80 silly audit   '@nodelib/fs.scandir': [ '2.1.5' ],
80 silly audit   '@nodelib/fs.stat': [ '2.0.5' ],
80 silly audit   '@nodelib/fs.walk': [ '1.2.8' ],
80 silly audit   '@nolyfill/is-core-module': [ '1.0.39' ],
80 silly audit   '@panva/hkdf': [ '1.2.1' ],
80 silly audit   '@popperjs/core': [ '2.11.8' ],
80 silly audit   '@reduxjs/toolkit': [ '2.8.2' ],
80 silly audit   '@rtsao/scc': [ '1.1.0' ],
80 silly audit   '@rushstack/eslint-patch': [ '1.11.0' ],
80 silly audit   '@standard-schema/spec': [ '1.0.0' ],
80 silly audit   '@standard-schema/utils': [ '0.3.0' ],
80 silly audit   '@stripe/stripe-js': [ '7.3.1' ],
80 silly audit   '@studio-freight/lenis': [ '1.0.42' ],
80 silly audit   '@swc/counter': [ '0.1.3' ],
80 silly audit   '@swc/helpers': [ '0.5.15' ],
80 silly audit   '@tailwindcss/node': [ '4.1.7' ],
80 silly audit   '@tailwindcss/oxide': [ '4.1.7' ],
80 silly audit   '@tailwindcss/oxide-android-arm64': [ '4.1.7' ],
80 silly audit   '@tailwindcss/oxide-darwin-arm64': [ '4.1.7' ],
80 silly audit   '@tailwindcss/oxide-darwin-x64': [ '4.1.7' ],
80 silly audit   '@tailwindcss/oxide-freebsd-x64': [ '4.1.7' ],
80 silly audit   '@tailwindcss/oxide-linux-arm-gnueabihf': [ '4.1.7' ],
80 silly audit   '@tailwindcss/oxide-linux-arm64-gnu': [ '4.1.7' ],
80 silly audit   '@tailwindcss/oxide-linux-arm64-musl': [ '4.1.7' ],
80 silly audit   '@tailwindcss/oxide-linux-x64-gnu': [ '4.1.7' ],
80 silly audit   '@tailwindcss/oxide-linux-x64-musl': [ '4.1.7' ],
80 silly audit   '@tailwindcss/oxide-win32-arm64-msvc': [ '4.1.7' ],
80 silly audit   '@tailwindcss/oxide-win32-x64-msvc': [ '4.1.7' ],
80 silly audit   '@tailwindcss/postcss': [ '4.1.7' ],
80 silly audit   '@tybys/wasm-util': [ '0.9.0' ],
80 silly audit   '@types/estree': [ '1.0.7' ],
80 silly audit   '@types/hoist-non-react-statics': [ '3.3.6' ],
80 silly audit   '@types/json-schema': [ '7.0.15' ],
80 silly audit   '@types/json5': [ '0.0.29' ],
80 silly audit   '@types/node': [ '24.0.0', '10.17.60' ],
80 silly audit   '@types/parse-json': [ '4.0.2' ],
80 silly audit   '@types/prop-types': [ '15.7.14' ],
80 silly audit   '@types/react': [ '18.3.21' ],
80 silly audit   '@types/react-transition-group': [ '4.4.12' ],
80 silly audit   '@types/stylis': [ '4.2.5' ],
80 silly audit   '@types/use-sync-external-store': [ '0.0.6' ],
80 silly audit   '@typescript-eslint/eslint-plugin': [ '8.32.1' ],
80 silly audit   ignore: [ '7.0.4', '5.3.2' ],
80 silly audit   '@typescript-eslint/parser': [ '8.32.1' ],
80 silly audit   '@typescript-eslint/scope-manager': [ '8.32.1' ],
80 silly audit   '@typescript-eslint/type-utils': [ '8.32.1' ],
80 silly audit   '@typescript-eslint/types': [ '8.32.1' ],
80 silly audit   '@typescript-eslint/typescript-estree': [ '8.32.1' ],
80 silly audit   'brace-expansion': [ '2.0.1', '1.1.11' ],
80 silly audit   'fast-glob': [ '3.3.3', '3.3.1' ],
80 silly audit   'glob-parent': [ '5.1.2', '6.0.2' ],
80 silly audit   minimatch: [ '9.0.5', '3.1.2' ],
80 silly audit   '@typescript-eslint/utils': [ '8.32.1' ],
80 silly audit   '@typescript-eslint/visitor-keys': [ '8.32.1' ],
80 silly audit   '@unrs/resolver-binding-darwin-arm64': [ '1.7.2' ],
80 silly audit   '@unrs/resolver-binding-darwin-x64': [ '1.7.2' ],
80 silly audit   '@unrs/resolver-binding-freebsd-x64': [ '1.7.2' ],
80 silly audit   '@unrs/resolver-binding-linux-arm-gnueabihf': [ '1.7.2' ],
80 silly audit   '@unrs/resolver-binding-linux-arm-musleabihf': [ '1.7.2' ],
80 silly audit   '@unrs/resolver-binding-linux-arm64-gnu': [ '1.7.2' ],
80 silly audit   '@unrs/resolver-binding-linux-arm64-musl': [ '1.7.2' ],
80 silly audit   '@unrs/resolver-binding-linux-ppc64-gnu': [ '1.7.2' ],
80 silly audit   '@unrs/resolver-binding-linux-riscv64-gnu': [ '1.7.2' ],
80 silly audit   '@unrs/resolver-binding-linux-riscv64-musl': [ '1.7.2' ],
80 silly audit   '@unrs/resolver-binding-linux-s390x-gnu': [ '1.7.2' ],
80 silly audit   '@unrs/resolver-binding-linux-x64-gnu': [ '1.7.2' ],
80 silly audit   '@unrs/resolver-binding-linux-x64-musl': [ '1.7.2' ],
80 silly audit   '@unrs/resolver-binding-wasm32-wasi': [ '1.7.2' ],
80 silly audit   '@unrs/resolver-binding-win32-arm64-msvc': [ '1.7.2' ],
80 silly audit   '@unrs/resolver-binding-win32-ia32-msvc': [ '1.7.2' ],
80 silly audit   '@unrs/resolver-binding-win32-x64-msvc': [ '1.7.2' ],
80 silly audit   acorn: [ '8.14.1' ],
80 silly audit   'acorn-jsx': [ '5.3.2' ],
80 silly audit   'agent-base': [ '6.0.2' ],
80 silly audit   ajv: [ '6.12.6' ],
80 silly audit   'ansi-styles': [ '4.3.0' ],
80 silly audit   aos: [ '2.3.4' ],
80 silly audit   argparse: [ '2.0.1' ],
80 silly audit   'aria-query': [ '5.3.2' ],
80 silly audit   'array-buffer-byte-length': [ '1.0.2' ],
80 silly audit   'array-includes': [ '3.1.8' ],
80 silly audit   'array.prototype.findlast': [ '1.2.5' ],
80 silly audit   'array.prototype.findlastindex': [ '1.2.6' ],
80 silly audit   'array.prototype.flat': [ '1.3.3' ],
80 silly audit   'array.prototype.flatmap': [ '1.3.3' ],
80 silly audit   'array.prototype.tosorted': [ '1.1.4' ],
80 silly audit   'arraybuffer.prototype.slice': [ '1.0.4' ],
80 silly audit   'ast-types-flow': [ '0.0.8' ],
80 silly audit   async: [ '0.2.10' ],
80 silly audit   'async-function': [ '1.0.0' ],
80 silly audit   asynckit: [ '0.4.0' ],
80 silly audit   'available-typed-arrays': [ '1.0.7' ],
80 silly audit   'axe-core': [ '4.10.3' ],
80 silly audit   axios: [ '1.9.0' ],
80 silly audit   'axobject-query': [ '4.1.0' ],
80 silly audit   'babel-plugin-macros': [ '3.1.0' ],
80 silly audit   'balanced-match': [ '1.0.2' ],
80 silly audit   braces: [ '3.0.3' ],
80 silly audit   'buffer-from': [ '1.1.2' ],
80 silly audit   busboy: [ '1.6.0' ],
80 silly audit   'call-bind': [ '1.0.8' ],
80 silly audit   'call-bind-apply-helpers': [ '1.0.2' ],
80 silly audit   'call-bound': [ '1.0.4' ],
80 silly audit   callsites: [ '3.1.0' ],
80 silly audit   camelize: [ '1.0.1' ],
80 silly audit   'caniuse-lite': [ '1.0.30001718' ],
80 silly audit   caseless: [ '0.12.0' ],
80 silly audit   chalk: [ '4.1.2' ],
80 silly audit   chownr: [ '3.0.0' ],
80 silly audit   'classlist-polyfill': [ '1.2.0' ],
80 silly audit   'client-only': [ '0.0.1' ],
80 silly audit   clsx: [ '2.1.1' ],
80 silly audit   color: [ '4.2.3' ],
80 silly audit   'color-convert': [ '2.0.1' ],
80 silly audit   'color-name': [ '1.1.4' ],
80 silly audit   'color-string': [ '1.9.1' ],
80 silly audit   'combined-stream': [ '1.0.8' ],
80 silly audit   'concat-map': [ '0.0.1' ],
80 silly audit   'concat-stream': [ '2.0.0' ],
80 silly audit   'convert-source-map': [ '1.9.0' ],
80 silly audit   cookie: [ '0.7.2' ],
80 silly audit   cosmiconfig: [ '7.1.0' ],
80 silly audit   'cross-spawn': [ '7.0.6' ],
80 silly audit   'css-color-keywords': [ '1.0.0' ],
80 silly audit   'css-to-react-native': [ '3.2.0' ],
80 silly audit   csstype: [ '3.1.3' ],
80 silly audit   'damerau-levenshtein': [ '1.0.8' ],
80 silly audit   dargs: [ '7.0.0' ],
80 silly audit   'data-view-buffer': [ '1.0.2' ],
80 silly audit   'data-view-byte-length': [ '1.0.2' ],
80 silly audit   'data-view-byte-offset': [ '1.0.1' ],
80 silly audit   'date-fns': [ '4.1.0' ],
80 silly audit   debug: [ '4.4.1', '3.2.7' ],
80 silly audit   'deep-is': [ '0.1.4' ],
80 silly audit   'define-data-property': [ '1.1.4' ],
80 silly audit   'define-properties': [ '1.2.1' ],
80 silly audit   'delayed-stream': [ '1.0.0' ],
80 silly audit   'detect-libc': [ '2.0.4' ],
80 silly audit   doctrine: [ '2.1.0' ],
80 silly audit   'dom-helpers': [ '5.2.1' ],
80 silly audit   'dunder-proto': [ '1.0.1' ],
80 silly audit   'emoji-regex': [ '9.2.2' ],
80 silly audit   'enhanced-resolve': [ '5.18.1' ],
80 silly audit   'env-paths': [ '2.2.1' ],
80 silly audit   'error-ex': [ '1.3.2' ],
80 silly audit   'is-arrayish': [ '0.2.1', '0.3.2' ],
80 silly audit   'es-abstract': [ '1.23.9' ],
80 silly audit   'es-define-property': [ '1.0.1' ],
80 silly audit   'es-errors': [ '1.3.0' ],
80 silly audit   'es-iterator-helpers': [ '1.2.1' ],
80 silly audit   'es-object-atoms': [ '1.1.1' ],
80 silly audit   'es-set-tostringtag': [ '2.1.0' ],
80 silly audit   'es-shim-unscopables': [ '1.1.0' ],
80 silly audit   'es-to-primitive': [ '1.3.0' ],
80 silly audit   'escape-string-regexp': [ '4.0.0' ],
80 silly audit   eslint: [ '9.27.0' ],
80 silly audit   'eslint-config-next': [ '15.3.2' ],
80 silly audit   'eslint-import-resolver-node': [ '0.3.9' ],
80 silly audit   'eslint-import-resolver-typescript': [ '3.10.1' ],
80 silly audit   'eslint-module-utils': [ '2.12.0' ],
80 silly audit   'eslint-plugin-import': [ '2.31.0' ],
80 silly audit   semver: [ '6.3.1', '7.7.2' ],
80 silly audit   'eslint-plugin-jsx-a11y': [ '6.10.2' ],
80 silly audit   'eslint-plugin-react': [ '7.37.5' ],
80 silly audit   'eslint-plugin-react-hooks': [ '5.2.0' ],
80 silly audit   resolve: [ '2.0.0-next.5', '1.22.10' ],
80 silly audit   'eslint-scope': [ '8.3.0' ],
80 silly audit   espree: [ '10.3.0' ],
80 silly audit   esquery: [ '1.6.0' ],
80 silly audit   esrecurse: [ '4.3.0' ],
80 silly audit   estraverse: [ '5.3.0' ],
80 silly audit   esutils: [ '2.0.3' ],
80 silly audit   execa: [ '5.1.1' ],
80 silly audit   'fast-deep-equal': [ '3.1.3' ],
80 silly audit   'fast-json-stable-stringify': [ '2.1.0' ],
80 silly audit   'fast-levenshtein': [ '2.0.6' ],
80 silly audit   fastq: [ '1.19.1' ],
80 silly audit   'ffmpeg-static': [ '5.2.0' ],
80 silly audit   'file-entry-cache': [ '8.0.0' ],
80 silly audit   'fill-range': [ '7.1.1' ],
80 silly audit   'find-root': [ '1.1.0' ],
80 silly audit   'find-up': [ '5.0.0' ],
80 silly audit   'flat-cache': [ '4.0.1' ],
80 silly audit   flatted: [ '3.3.3' ],
80 silly audit   'fluent-ffmpeg': [ '2.1.3' ],
80 silly audit   which: [ '1.3.1', '2.0.2' ],
80 silly audit   'follow-redirects': [ '1.15.9' ],
80 silly audit   'for-each': [ '0.3.5' ],
80 silly audit   'form-data': [ '4.0.2' ],
80 silly audit   'framer-motion': [ '12.12.1' ],
80 silly audit   'function-bind': [ '1.1.2' ],
80 silly audit   'function.prototype.name': [ '1.1.8' ],
80 silly audit   'functions-have-names': [ '1.2.3' ],
80 silly audit   'get-intrinsic': [ '1.3.0' ],
80 silly audit   'get-proto': [ '1.0.1' ],
80 silly audit   'get-stream': [ '6.0.1' ],
80 silly audit   'get-symbol-description': [ '1.1.0' ],
80 silly audit   'get-tsconfig': [ '4.10.0' ],
80 silly audit   globalthis: [ '1.0.4' ],
80 silly audit   gopd: [ '1.2.0' ],
80 silly audit   'graceful-fs': [ '4.2.11' ],
80 silly audit   graphemer: [ '1.4.0' ],
80 silly audit   gsap: [ '3.13.0' ],
80 silly audit   'has-bigints': [ '1.1.0' ],
80 silly audit   'has-flag': [ '4.0.0' ],
80 silly audit   'has-property-descriptors': [ '1.0.2' ],
80 silly audit   'has-proto': [ '1.2.0' ],
80 silly audit   'has-symbols': [ '1.1.0' ],
80 silly audit   'has-tostringtag': [ '1.0.2' ],
80 silly audit   hasown: [ '2.0.2' ],
80 silly audit   'hoist-non-react-statics': [ '3.3.2' ],
80 silly audit   'http-response-object': [ '3.0.2' ],
80 silly audit   'https-proxy-agent': [ '5.0.1' ],
80 silly audit   'human-signals': [ '2.1.0' ],
80 silly audit   immer: [ '10.1.1' ],
80 silly audit   'import-fresh': [ '3.3.1' ],
80 silly audit   imurmurhash: [ '0.1.4' ],
80 silly audit   inherits: [ '2.0.4' ],
80 silly audit   'internal-slot': [ '1.1.0' ],
80 silly audit   'is-array-buffer': [ '3.0.5' ],
80 silly audit   'is-async-function': [ '2.1.1' ],
80 silly audit   'is-bigint': [ '1.1.0' ],
80 silly audit   'is-boolean-object': [ '1.2.2' ],
80 silly audit   'is-bun-module': [ '2.0.0' ],
80 silly audit   'is-callable': [ '1.2.7' ],
80 silly audit   'is-core-module': [ '2.16.1' ],
80 silly audit   'is-data-view': [ '1.0.2' ],
80 silly audit   'is-date-object': [ '1.1.0' ],
80 silly audit   'is-extglob': [ '2.1.1' ],
80 silly audit   'is-finalizationregistry': [ '1.1.1' ],
80 silly audit   'is-generator-function': [ '1.1.0' ],
80 silly audit   'is-glob': [ '4.0.3' ],
80 silly audit   'is-map': [ '2.0.3' ],
80 silly audit   'is-number': [ '7.0.0' ],
80 silly audit   'is-number-object': [ '1.1.1' ],
80 silly audit   'is-regex': [ '1.2.1' ],
80 silly audit   'is-set': [ '2.0.3' ],
80 silly audit   'is-shared-array-buffer': [ '1.0.4' ],
80 silly audit   'is-stream': [ '2.0.1' ],
80 silly audit   'is-string': [ '1.1.1' ],
80 silly audit   'is-symbol': [ '1.1.1' ],
80 silly audit   'is-typed-array': [ '1.1.15' ],
80 silly audit   'is-unix': [ '2.0.10' ],
80 silly audit   'is-weakmap': [ '2.0.2' ],
80 silly audit   'is-weakref': [ '1.1.1' ],
80 silly audit   'is-weakset': [ '2.0.4' ],
80 silly audit   isarray: [ '2.0.5' ],
80 silly audit   isexe: [ '2.0.0' ],
80 silly audit   'iterator.prototype': [ '1.1.5' ],
80 silly audit   jiti: [ '2.4.2' ],
80 silly audit   jose: [ '4.15.9' ],
80 silly audit   'js-tokens': [ '4.0.0' ],
80 silly audit   'js-yaml': [ '4.1.0' ],
80 silly audit   jsesc: [ '3.1.0' ],
80 silly audit   'json-buffer': [ '3.0.1' ],
80 silly audit   'json-parse-even-better-errors': [ '2.3.1' ],
80 silly audit   'json-schema-traverse': [ '0.4.1' ],
80 silly audit   'json-stable-stringify-without-jsonify': [ '1.0.1' ],
80 silly audit   json5: [ '1.0.2' ],
80 silly audit   'jsx-ast-utils': [ '3.3.5' ],
80 silly audit   keyv: [ '4.5.4' ],
80 silly audit   'language-subtag-registry': [ '0.3.23' ],
80 silly audit   'language-tags': [ '1.0.9' ],
80 silly audit   levn: [ '0.4.1' ],
80 silly audit   lightningcss: [ '1.30.1' ],
80 silly audit   'lightningcss-darwin-arm64': [ '1.30.1' ],
80 silly audit   'lightningcss-darwin-x64': [ '1.30.1' ],
80 silly audit   'lightningcss-freebsd-x64': [ '1.30.1' ],
80 silly audit   'lightningcss-linux-arm-gnueabihf': [ '1.30.1' ],
80 silly audit   'lightningcss-linux-arm64-gnu': [ '1.30.1' ],
80 silly audit   'lightningcss-linux-arm64-musl': [ '1.30.1' ],
80 silly audit   'lightningcss-linux-x64-gnu': [ '1.30.1' ],
80 silly audit   'lightningcss-linux-x64-musl': [ '1.30.1' ],
80 silly audit   'lightningcss-win32-arm64-msvc': [ '1.30.1' ],
80 silly audit   'lightningcss-win32-x64-msvc': [ '1.30.1' ],
80 silly audit   'lines-and-columns': [ '1.2.4' ],
80 silly audit   'locate-path': [ '6.0.0' ],
80 silly audit   'lodash.debounce': [ '4.0.8' ],
80 silly audit   'lodash.merge': [ '4.6.2' ],
80 silly audit   'lodash.throttle': [ '4.1.1' ],
80 silly audit   'loose-envify': [ '1.4.0' ],
80 silly audit   'lru-cache': [ '6.0.0' ],
80 silly audit   yallist: [ '4.0.0', '5.0.0' ],
80 silly audit   'magic-string': [ '0.30.17' ],
80 silly audit   'math-intrinsics': [ '1.1.0' ],
80 silly audit   'merge-stream': [ '2.0.0' ],
80 silly audit   merge2: [ '1.4.1' ],
80 silly audit   micromatch: [ '4.0.8' ],
80 silly audit   'mime-db': [ '1.52.0' ],
80 silly audit   'mime-types': [ '2.1.35' ],
80 silly audit   'mimic-fn': [ '2.1.0' ],
80 silly audit   minimist: [ '1.2.8' ],
80 silly audit   minipass: [ '7.1.2' ],
80 silly audit   minizlib: [ '3.0.2' ],
80 silly audit   mkdirp: [ '3.0.1', '1.0.4' ],
80 silly audit   'motion-dom': [ '12.12.1' ],
80 silly audit   'motion-utils': [ '12.12.1' ],
80 silly audit   ms: [ '2.1.3' ],
80 silly audit   nanoid: [ '3.3.11' ],
80 silly audit   'napi-postinstall': [ '0.2.4' ],
80 silly audit   'natural-compare': [ '1.4.0' ],
80 silly audit   next: [ '15.3.2' ],
80 silly audit   'next-auth': [ '4.24.11' ],
80 silly audit   postcss: [ '8.4.31', '8.4.49', '8.5.4' ],
80 silly audit   'node-fetch': [ '2.6.13' ],
80 silly audit   'npm-run-path': [ '4.0.1' ],
80 silly audit   oauth: [ '0.9.15' ],
80 silly audit   'object-assign': [ '4.1.1' ],
80 silly audit   'object-hash': [ '2.2.0' ],
80 silly audit   'object-inspect': [ '1.13.4' ],
80 silly audit   'object-keys': [ '1.1.1' ],
80 silly audit   'object.assign': [ '4.1.7' ],
80 silly audit   'object.entries': [ '1.1.9' ],
80 silly audit   'object.fromentries': [ '2.0.8' ],
80 silly audit   'object.groupby': [ '1.0.3' ],
80 silly audit   'object.values': [ '1.2.1' ],
80 silly audit   'oidc-token-hash': [ '5.1.0' ],
80 silly audit   onetime: [ '5.1.2' ],
80 silly audit   'openid-client': [ '5.7.1' ],
80 silly audit   optionator: [ '0.9.4' ],
80 silly audit   'otp-timer': [ '2.1.1' ],
80 silly audit   react: [ '16.14.0', '19.1.0' ],
80 silly audit   'react-dom': [ '16.14.0', '19.1.0' ],
80 silly audit   scheduler: [ '0.19.1', '0.26.0' ],
80 silly audit   'own-keys': [ '1.0.1' ],
80 silly audit   'p-limit': [ '3.1.0' ],
80 silly audit   'p-locate': [ '5.0.0' ],
80 silly audit   'parent-module': [ '1.0.1' ],
80 silly audit   'parse-cache-control': [ '1.0.1' ],
80 silly audit   'parse-json': [ '5.2.0' ],
80 silly audit   'path-exists': [ '4.0.0' ],
80 silly audit   'path-key': [ '3.1.1' ],
80 silly audit   'path-parse': [ '1.0.7' ],
80 silly audit   'path-type': [ '4.0.0' ],
80 silly audit   picocolors: [ '1.1.1' ],
80 silly audit   picomatch: [ '2.3.1', '4.0.2' ],
80 silly audit   'possible-typed-array-names': [ '1.1.0' ],
80 silly audit   'postcss-value-parser': [ '4.2.0' ],
80 silly audit   preact: [ '10.26.6' ],
80 silly audit   'preact-render-to-string': [ '5.2.6' ],
80 silly audit   'prelude-ls': [ '1.2.1' ],
80 silly audit   'pretty-format': [ '3.8.0' ],
80 silly audit   progress: [ '2.0.3' ],
80 silly audit   'prop-types': [ '15.8.1' ],
80 silly audit   'proxy-from-env': [ '1.1.0' ],
80 silly audit   punycode: [ '2.3.1' ],
80 silly audit   qs: [ '6.14.0' ],
80 silly audit   'queue-microtask': [ '1.2.3' ],
80 silly audit   'react-hook-form': [ '7.56.4' ],
80 silly audit   'react-icons': [ '5.5.0' ],
80 silly audit   'react-redux': [ '9.2.0' ],
80 silly audit   'react-toastify': [ '11.0.5' ],
80 silly audit   'react-transition-group': [ '4.4.5' ],
80 silly audit   'readable-stream': [ '3.6.2' ],
80 silly audit   redux: [ '5.0.1' ],
80 silly audit   'redux-thunk': [ '3.1.0' ],
80 silly audit   'reflect.getprototypeof': [ '1.0.10' ],
80 silly audit   'regexp.prototype.flags': [ '1.5.4' ],
80 silly audit   reselect: [ '5.1.1' ],
80 silly audit   'resolve-from': [ '4.0.0' ],
80 silly audit   'resolve-pkg-maps': [ '1.0.0' ],
80 silly audit   reusify: [ '1.1.0' ],
80 silly audit   'run-parallel': [ '1.2.0' ],
80 silly audit   'safe-array-concat': [ '1.1.3' ],
80 silly audit   'safe-buffer': [ '5.2.1' ],
80 silly audit   'safe-push-apply': [ '1.0.0' ],
80 silly audit   'safe-regex-test': [ '1.1.0' ],
80 silly audit   'set-function-length': [ '1.2.2' ],
80 silly audit   'set-function-name': [ '2.0.2' ],
80 silly audit   'set-proto': [ '1.0.0' ],
80 silly audit   shallowequal: [ '1.1.0' ],
80 silly audit   sharp: [ '0.34.1' ],
80 silly audit   'shebang-command': [ '2.0.0' ],
80 silly audit   'shebang-regex': [ '3.0.0' ],
80 silly audit   'side-channel': [ '1.1.0' ],
80 silly audit   'side-channel-list': [ '1.0.0' ],
80 silly audit   'side-channel-map': [ '1.0.1' ],
80 silly audit   'side-channel-weakmap': [ '1.0.2' ],
80 silly audit   'signal-exit': [ '3.0.7' ],
80 silly audit   'simple-swizzle': [ '0.2.2' ],
80 silly audit   'source-map': [ '0.5.7' ],
80 silly audit   'source-map-js': [ '1.2.1' ],
80 silly audit   'stable-hash': [ '0.0.5' ],
80 silly audit   streamsearch: [ '1.1.0' ],
80 silly audit   string_decoder: [ '1.3.0' ],
80 silly audit   'string.prototype.includes': [ '2.0.1' ],
80 silly audit   'string.prototype.matchall': [ '4.0.12' ],
80 silly audit   'string.prototype.repeat': [ '1.0.0' ],
80 silly audit   'string.prototype.trim': [ '1.2.10' ],
80 silly audit   'string.prototype.trimend': [ '1.0.9' ],
80 silly audit   'string.prototype.trimstart': [ '1.0.8' ],
80 silly audit   'strip-bom': [ '3.0.0' ],
80 silly audit   'strip-final-newline': [ '2.0.0' ],
80 silly audit   'strip-json-comments': [ '3.1.1' ],
80 silly audit   stripe: [ '18.2.1' ],
80 silly audit   'styled-components': [ '6.1.18' ],
80 silly audit   stylis: [ '4.3.2', '4.2.0' ],
80 silly audit   tslib: [ '2.6.2', '2.8.1' ],
80 silly audit   'styled-jsx': [ '5.1.6' ],
80 silly audit   'supports-color': [ '7.2.0' ],
80 silly audit   'supports-preserve-symlinks-flag': [ '1.0.0' ],
80 silly audit   sweetalert2: [ '11.21.2' ],
80 silly audit   swiper: [ '11.2.8' ],
80 silly audit   tapable: [ '2.2.1' ],
80 silly audit   tar: [ '7.4.3' ],
80 silly audit   tinyglobby: [ '0.2.13' ],
80 silly audit   fdir: [ '6.4.4' ],
80 silly audit   tmp: [ '0.2.3' ],
80 silly audit   'to-regex-range': [ '5.0.1' ],
80 silly audit   tr46: [ '0.0.3' ],
80 silly audit   'ts-api-utils': [ '2.1.0' ],
80 silly audit   'tsconfig-paths': [ '3.15.0' ],
80 silly audit   'type-check': [ '0.4.0' ],
80 silly audit   'typed-array-buffer': [ '1.0.3' ],
80 silly audit   'typed-array-byte-length': [ '1.0.3' ],
80 silly audit   'typed-array-byte-offset': [ '1.0.4' ],
80 silly audit   'typed-array-length': [ '1.0.7' ],
80 silly audit   typedarray: [ '0.0.6' ],
80 silly audit   typescript: [ '5.8.3' ],
80 silly audit   'unbox-primitive': [ '1.1.0' ],
80 silly audit   'undici-types': [ '7.8.0' ],
80 silly audit   'unrs-resolver': [ '1.7.2' ],
80 silly audit   'uri-js': [ '4.4.1' ],
80 silly audit   'use-sync-external-store': [ '1.5.0' ],
80 silly audit   'util-deprecate': [ '1.0.2' ],
80 silly audit   uuid: [ '8.3.2' ],
80 silly audit   'webidl-conversions': [ '3.0.1' ],
80 silly audit   'whatwg-url': [ '5.0.0' ],
80 silly audit   'which-boxed-primitive': [ '1.1.1' ],
80 silly audit   'which-builtin-type': [ '1.2.1' ],
80 silly audit   'which-collection': [ '1.0.2' ],
80 silly audit   'which-typed-array': [ '1.1.19' ],
80 silly audit   'word-wrap': [ '1.2.5' ],
80 silly audit   yaml: [ '1.10.2' ],
80 silly audit   'yocto-queue': [ '0.1.0' ],
80 silly audit   'yt-dlp-exec': [ '1.0.2' ],
80 silly audit   autoprefixer: [ '10.4.21' ],
80 silly audit   tailwindcss: [ '4.1.8', '4.1.7' ],
80 silly audit   browserslist: [ '4.25.0' ],
80 silly audit   'fraction.js': [ '4.3.7' ],
80 silly audit   'normalize-range': [ '0.1.2' ],
80 silly audit   'electron-to-chromium': [ '1.5.166' ],
80 silly audit   'node-releases': [ '2.0.19' ],
80 silly audit   'update-browserslist-db': [ '1.1.3' ],
80 silly audit   escalade: [ '3.2.0' ],
80 silly audit   '@tailwindcss/oxide-wasm32-wasi': [ '4.1.7' ]
80 silly audit }
81 verbose reify failed optional dependency C:\project\SHOTDECK\frontend\shotdeck\node_modules\lightningcss-win32-arm64-msvc
82 silly reify mark deleted [
82 silly reify   'C:\\project\\SHOTDECK\\frontend\\shotdeck\\node_modules\\lightningcss-win32-arm64-msvc'
82 silly reify ]
83 verbose reify failed optional dependency C:\project\SHOTDECK\frontend\shotdeck\node_modules\lightningcss-linux-x64-musl
84 silly reify mark deleted [
84 silly reify   'C:\\project\\SHOTDECK\\frontend\\shotdeck\\node_modules\\lightningcss-linux-x64-musl'
84 silly reify ]
85 verbose reify failed optional dependency C:\project\SHOTDECK\frontend\shotdeck\node_modules\lightningcss-linux-x64-gnu
86 silly reify mark deleted [
86 silly reify   'C:\\project\\SHOTDECK\\frontend\\shotdeck\\node_modules\\lightningcss-linux-x64-gnu'
86 silly reify ]
87 verbose reify failed optional dependency C:\project\SHOTDECK\frontend\shotdeck\node_modules\lightningcss-linux-arm64-musl
88 silly reify mark deleted [
88 silly reify   'C:\\project\\SHOTDECK\\frontend\\shotdeck\\node_modules\\lightningcss-linux-arm64-musl'
88 silly reify ]
89 verbose reify failed optional dependency C:\project\SHOTDECK\frontend\shotdeck\node_modules\lightningcss-linux-arm64-gnu
90 silly reify mark deleted [
90 silly reify   'C:\\project\\SHOTDECK\\frontend\\shotdeck\\node_modules\\lightningcss-linux-arm64-gnu'
90 silly reify ]
91 verbose reify failed optional dependency C:\project\SHOTDECK\frontend\shotdeck\node_modules\lightningcss-linux-arm-gnueabihf
92 silly reify mark deleted [
92 silly reify   'C:\\project\\SHOTDECK\\frontend\\shotdeck\\node_modules\\lightningcss-linux-arm-gnueabihf'
92 silly reify ]
93 verbose reify failed optional dependency C:\project\SHOTDECK\frontend\shotdeck\node_modules\lightningcss-freebsd-x64
94 silly reify mark deleted [
94 silly reify   'C:\\project\\SHOTDECK\\frontend\\shotdeck\\node_modules\\lightningcss-freebsd-x64'
94 silly reify ]
95 verbose reify failed optional dependency C:\project\SHOTDECK\frontend\shotdeck\node_modules\lightningcss-darwin-x64
96 silly reify mark deleted [
96 silly reify   'C:\\project\\SHOTDECK\\frontend\\shotdeck\\node_modules\\lightningcss-darwin-x64'
96 silly reify ]
97 verbose reify failed optional dependency C:\project\SHOTDECK\frontend\shotdeck\node_modules\lightningcss-darwin-arm64
98 silly reify mark deleted [
98 silly reify   'C:\\project\\SHOTDECK\\frontend\\shotdeck\\node_modules\\lightningcss-darwin-arm64'
98 silly reify ]
99 verbose reify failed optional dependency C:\project\SHOTDECK\frontend\shotdeck\node_modules\@unrs\resolver-binding-win32-ia32-msvc
100 silly reify mark deleted [
100 silly reify   'C:\\project\\SHOTDECK\\frontend\\shotdeck\\node_modules\\@unrs\\resolver-binding-win32-ia32-msvc'
100 silly reify ]
101 verbose reify failed optional dependency C:\project\SHOTDECK\frontend\shotdeck\node_modules\@unrs\resolver-binding-win32-arm64-msvc
102 silly reify mark deleted [
102 silly reify   'C:\\project\\SHOTDECK\\frontend\\shotdeck\\node_modules\\@unrs\\resolver-binding-win32-arm64-msvc'
102 silly reify ]
103 verbose reify failed optional dependency C:\project\SHOTDECK\frontend\shotdeck\node_modules\@unrs\resolver-binding-wasm32-wasi
104 silly reify mark deleted [
104 silly reify   'C:\\project\\SHOTDECK\\frontend\\shotdeck\\node_modules\\@unrs\\resolver-binding-wasm32-wasi'
104 silly reify ]
105 verbose reify failed optional dependency C:\project\SHOTDECK\frontend\shotdeck\node_modules\@unrs\resolver-binding-linux-x64-musl
106 silly reify mark deleted [
106 silly reify   'C:\\project\\SHOTDECK\\frontend\\shotdeck\\node_modules\\@unrs\\resolver-binding-linux-x64-musl'
106 silly reify ]
107 verbose reify failed optional dependency C:\project\SHOTDECK\frontend\shotdeck\node_modules\@unrs\resolver-binding-linux-x64-gnu
108 silly reify mark deleted [
108 silly reify   'C:\\project\\SHOTDECK\\frontend\\shotdeck\\node_modules\\@unrs\\resolver-binding-linux-x64-gnu'
108 silly reify ]
109 verbose reify failed optional dependency C:\project\SHOTDECK\frontend\shotdeck\node_modules\@unrs\resolver-binding-linux-s390x-gnu
110 silly reify mark deleted [
110 silly reify   'C:\\project\\SHOTDECK\\frontend\\shotdeck\\node_modules\\@unrs\\resolver-binding-linux-s390x-gnu'
110 silly reify ]
111 verbose reify failed optional dependency C:\project\SHOTDECK\frontend\shotdeck\node_modules\@unrs\resolver-binding-linux-riscv64-musl
112 silly reify mark deleted [
112 silly reify   'C:\\project\\SHOTDECK\\frontend\\shotdeck\\node_modules\\@unrs\\resolver-binding-linux-riscv64-musl'
112 silly reify ]
113 verbose reify failed optional dependency C:\project\SHOTDECK\frontend\shotdeck\node_modules\@unrs\resolver-binding-linux-riscv64-gnu
114 silly reify mark deleted [
114 silly reify   'C:\\project\\SHOTDECK\\frontend\\shotdeck\\node_modules\\@unrs\\resolver-binding-linux-riscv64-gnu'
114 silly reify ]
115 verbose reify failed optional dependency C:\project\SHOTDECK\frontend\shotdeck\node_modules\@unrs\resolver-binding-linux-ppc64-gnu
116 silly reify mark deleted [
116 silly reify   'C:\\project\\SHOTDECK\\frontend\\shotdeck\\node_modules\\@unrs\\resolver-binding-linux-ppc64-gnu'
116 silly reify ]
117 verbose reify failed optional dependency C:\project\SHOTDECK\frontend\shotdeck\node_modules\@unrs\resolver-binding-linux-arm64-musl
118 silly reify mark deleted [
118 silly reify   'C:\\project\\SHOTDECK\\frontend\\shotdeck\\node_modules\\@unrs\\resolver-binding-linux-arm64-musl'
118 silly reify ]
119 verbose reify failed optional dependency C:\project\SHOTDECK\frontend\shotdeck\node_modules\@unrs\resolver-binding-linux-arm64-gnu
120 silly reify mark deleted [
120 silly reify   'C:\\project\\SHOTDECK\\frontend\\shotdeck\\node_modules\\@unrs\\resolver-binding-linux-arm64-gnu'
120 silly reify ]
121 verbose reify failed optional dependency C:\project\SHOTDECK\frontend\shotdeck\node_modules\@unrs\resolver-binding-linux-arm-musleabihf
122 silly reify mark deleted [
122 silly reify   'C:\\project\\SHOTDECK\\frontend\\shotdeck\\node_modules\\@unrs\\resolver-binding-linux-arm-musleabihf'
122 silly reify ]
123 verbose reify failed optional dependency C:\project\SHOTDECK\frontend\shotdeck\node_modules\@unrs\resolver-binding-linux-arm-gnueabihf
124 silly reify mark deleted [
124 silly reify   'C:\\project\\SHOTDECK\\frontend\\shotdeck\\node_modules\\@unrs\\resolver-binding-linux-arm-gnueabihf'
124 silly reify ]
125 verbose reify failed optional dependency C:\project\SHOTDECK\frontend\shotdeck\node_modules\@unrs\resolver-binding-freebsd-x64
126 silly reify mark deleted [
126 silly reify   'C:\\project\\SHOTDECK\\frontend\\shotdeck\\node_modules\\@unrs\\resolver-binding-freebsd-x64'
126 silly reify ]
127 verbose reify failed optional dependency C:\project\SHOTDECK\frontend\shotdeck\node_modules\@unrs\resolver-binding-darwin-x64
128 silly reify mark deleted [
128 silly reify   'C:\\project\\SHOTDECK\\frontend\\shotdeck\\node_modules\\@unrs\\resolver-binding-darwin-x64'
128 silly reify ]
129 verbose reify failed optional dependency C:\project\SHOTDECK\frontend\shotdeck\node_modules\@unrs\resolver-binding-darwin-arm64
130 silly reify mark deleted [
130 silly reify   'C:\\project\\SHOTDECK\\frontend\\shotdeck\\node_modules\\@unrs\\resolver-binding-darwin-arm64'
130 silly reify ]
131 verbose reify failed optional dependency C:\project\SHOTDECK\frontend\shotdeck\node_modules\@tailwindcss\oxide-win32-arm64-msvc
132 silly reify mark deleted [
132 silly reify   'C:\\project\\SHOTDECK\\frontend\\shotdeck\\node_modules\\@tailwindcss\\oxide-win32-arm64-msvc'
132 silly reify ]
133 verbose reify failed optional dependency C:\project\SHOTDECK\frontend\shotdeck\node_modules\@tailwindcss\oxide-linux-x64-musl
134 silly reify mark deleted [
134 silly reify   'C:\\project\\SHOTDECK\\frontend\\shotdeck\\node_modules\\@tailwindcss\\oxide-linux-x64-musl'
134 silly reify ]
135 verbose reify failed optional dependency C:\project\SHOTDECK\frontend\shotdeck\node_modules\@tailwindcss\oxide-linux-x64-gnu
136 silly reify mark deleted [
136 silly reify   'C:\\project\\SHOTDECK\\frontend\\shotdeck\\node_modules\\@tailwindcss\\oxide-linux-x64-gnu'
136 silly reify ]
137 verbose reify failed optional dependency C:\project\SHOTDECK\frontend\shotdeck\node_modules\@tailwindcss\oxide-linux-arm64-musl
138 silly reify mark deleted [
138 silly reify   'C:\\project\\SHOTDECK\\frontend\\shotdeck\\node_modules\\@tailwindcss\\oxide-linux-arm64-musl'
138 silly reify ]
139 verbose reify failed optional dependency C:\project\SHOTDECK\frontend\shotdeck\node_modules\@tailwindcss\oxide-linux-arm64-gnu
140 silly reify mark deleted [
140 silly reify   'C:\\project\\SHOTDECK\\frontend\\shotdeck\\node_modules\\@tailwindcss\\oxide-linux-arm64-gnu'
140 silly reify ]
141 verbose reify failed optional dependency C:\project\SHOTDECK\frontend\shotdeck\node_modules\@tailwindcss\oxide-linux-arm-gnueabihf
142 silly reify mark deleted [
142 silly reify   'C:\\project\\SHOTDECK\\frontend\\shotdeck\\node_modules\\@tailwindcss\\oxide-linux-arm-gnueabihf'
142 silly reify ]
143 verbose reify failed optional dependency C:\project\SHOTDECK\frontend\shotdeck\node_modules\@tailwindcss\oxide-freebsd-x64
144 silly reify mark deleted [
144 silly reify   'C:\\project\\SHOTDECK\\frontend\\shotdeck\\node_modules\\@tailwindcss\\oxide-freebsd-x64'
144 silly reify ]
145 verbose reify failed optional dependency C:\project\SHOTDECK\frontend\shotdeck\node_modules\@tailwindcss\oxide-darwin-x64
146 silly reify mark deleted [
146 silly reify   'C:\\project\\SHOTDECK\\frontend\\shotdeck\\node_modules\\@tailwindcss\\oxide-darwin-x64'
146 silly reify ]
147 verbose reify failed optional dependency C:\project\SHOTDECK\frontend\shotdeck\node_modules\@tailwindcss\oxide-darwin-arm64
148 silly reify mark deleted [
148 silly reify   'C:\\project\\SHOTDECK\\frontend\\shotdeck\\node_modules\\@tailwindcss\\oxide-darwin-arm64'
148 silly reify ]
149 verbose reify failed optional dependency C:\project\SHOTDECK\frontend\shotdeck\node_modules\@tailwindcss\oxide-android-arm64
150 silly reify mark deleted [
150 silly reify   'C:\\project\\SHOTDECK\\frontend\\shotdeck\\node_modules\\@tailwindcss\\oxide-android-arm64'
150 silly reify ]
151 verbose reify failed optional dependency C:\project\SHOTDECK\frontend\shotdeck\node_modules\@next\swc-win32-arm64-msvc
152 silly reify mark deleted [
152 silly reify   'C:\\project\\SHOTDECK\\frontend\\shotdeck\\node_modules\\@next\\swc-win32-arm64-msvc'
152 silly reify ]
153 verbose reify failed optional dependency C:\project\SHOTDECK\frontend\shotdeck\node_modules\@next\swc-linux-x64-musl
154 silly reify mark deleted [
154 silly reify   'C:\\project\\SHOTDECK\\frontend\\shotdeck\\node_modules\\@next\\swc-linux-x64-musl'
154 silly reify ]
155 verbose reify failed optional dependency C:\project\SHOTDECK\frontend\shotdeck\node_modules\@next\swc-linux-x64-gnu
156 silly reify mark deleted [
156 silly reify   'C:\\project\\SHOTDECK\\frontend\\shotdeck\\node_modules\\@next\\swc-linux-x64-gnu'
156 silly reify ]
157 verbose reify failed optional dependency C:\project\SHOTDECK\frontend\shotdeck\node_modules\@next\swc-linux-arm64-musl
158 silly reify mark deleted [
158 silly reify   'C:\\project\\SHOTDECK\\frontend\\shotdeck\\node_modules\\@next\\swc-linux-arm64-musl'
158 silly reify ]
159 verbose reify failed optional dependency C:\project\SHOTDECK\frontend\shotdeck\node_modules\@next\swc-linux-arm64-gnu
160 silly reify mark deleted [
160 silly reify   'C:\\project\\SHOTDECK\\frontend\\shotdeck\\node_modules\\@next\\swc-linux-arm64-gnu'
160 silly reify ]
161 verbose reify failed optional dependency C:\project\SHOTDECK\frontend\shotdeck\node_modules\@next\swc-darwin-x64
162 silly reify mark deleted [
162 silly reify   'C:\\project\\SHOTDECK\\frontend\\shotdeck\\node_modules\\@next\\swc-darwin-x64'
162 silly reify ]
163 verbose reify failed optional dependency C:\project\SHOTDECK\frontend\shotdeck\node_modules\@next\swc-darwin-arm64
164 silly reify mark deleted [
164 silly reify   'C:\\project\\SHOTDECK\\frontend\\shotdeck\\node_modules\\@next\\swc-darwin-arm64'
164 silly reify ]
165 verbose reify failed optional dependency C:\project\SHOTDECK\frontend\shotdeck\node_modules\@img\sharp-win32-ia32
166 silly reify mark deleted [
166 silly reify   'C:\\project\\SHOTDECK\\frontend\\shotdeck\\node_modules\\@img\\sharp-win32-ia32'
166 silly reify ]
167 verbose reify failed optional dependency C:\project\SHOTDECK\frontend\shotdeck\node_modules\@img\sharp-wasm32
168 silly reify mark deleted [
168 silly reify   'C:\\project\\SHOTDECK\\frontend\\shotdeck\\node_modules\\@img\\sharp-wasm32'
168 silly reify ]
169 verbose reify failed optional dependency C:\project\SHOTDECK\frontend\shotdeck\node_modules\@img\sharp-linuxmusl-x64
170 silly reify mark deleted [
170 silly reify   'C:\\project\\SHOTDECK\\frontend\\shotdeck\\node_modules\\@img\\sharp-linuxmusl-x64'
170 silly reify ]
171 verbose reify failed optional dependency C:\project\SHOTDECK\frontend\shotdeck\node_modules\@img\sharp-linuxmusl-arm64
172 silly reify mark deleted [
172 silly reify   'C:\\project\\SHOTDECK\\frontend\\shotdeck\\node_modules\\@img\\sharp-linuxmusl-arm64'
172 silly reify ]
173 verbose reify failed optional dependency C:\project\SHOTDECK\frontend\shotdeck\node_modules\@img\sharp-linux-x64
174 silly reify mark deleted [
174 silly reify   'C:\\project\\SHOTDECK\\frontend\\shotdeck\\node_modules\\@img\\sharp-linux-x64'
174 silly reify ]
175 verbose reify failed optional dependency C:\project\SHOTDECK\frontend\shotdeck\node_modules\@img\sharp-linux-s390x
176 silly reify mark deleted [
176 silly reify   'C:\\project\\SHOTDECK\\frontend\\shotdeck\\node_modules\\@img\\sharp-linux-s390x'
176 silly reify ]
177 verbose reify failed optional dependency C:\project\SHOTDECK\frontend\shotdeck\node_modules\@img\sharp-linux-arm64
178 silly reify mark deleted [
178 silly reify   'C:\\project\\SHOTDECK\\frontend\\shotdeck\\node_modules\\@img\\sharp-linux-arm64'
178 silly reify ]
179 verbose reify failed optional dependency C:\project\SHOTDECK\frontend\shotdeck\node_modules\@img\sharp-linux-arm
180 silly reify mark deleted [
180 silly reify   'C:\\project\\SHOTDECK\\frontend\\shotdeck\\node_modules\\@img\\sharp-linux-arm'
180 silly reify ]
181 verbose reify failed optional dependency C:\project\SHOTDECK\frontend\shotdeck\node_modules\@img\sharp-libvips-linuxmusl-x64
182 silly reify mark deleted [
182 silly reify   'C:\\project\\SHOTDECK\\frontend\\shotdeck\\node_modules\\@img\\sharp-libvips-linuxmusl-x64'
182 silly reify ]
183 verbose reify failed optional dependency C:\project\SHOTDECK\frontend\shotdeck\node_modules\@img\sharp-libvips-linuxmusl-arm64
184 silly reify mark deleted [
184 silly reify   'C:\\project\\SHOTDECK\\frontend\\shotdeck\\node_modules\\@img\\sharp-libvips-linuxmusl-arm64'
184 silly reify ]
185 verbose reify failed optional dependency C:\project\SHOTDECK\frontend\shotdeck\node_modules\@img\sharp-libvips-linux-x64
186 silly reify mark deleted [
186 silly reify   'C:\\project\\SHOTDECK\\frontend\\shotdeck\\node_modules\\@img\\sharp-libvips-linux-x64'
186 silly reify ]
187 verbose reify failed optional dependency C:\project\SHOTDECK\frontend\shotdeck\node_modules\@img\sharp-libvips-linux-s390x
188 silly reify mark deleted [
188 silly reify   'C:\\project\\SHOTDECK\\frontend\\shotdeck\\node_modules\\@img\\sharp-libvips-linux-s390x'
188 silly reify ]
189 verbose reify failed optional dependency C:\project\SHOTDECK\frontend\shotdeck\node_modules\@img\sharp-libvips-linux-ppc64
190 silly reify mark deleted [
190 silly reify   'C:\\project\\SHOTDECK\\frontend\\shotdeck\\node_modules\\@img\\sharp-libvips-linux-ppc64'
190 silly reify ]
191 verbose reify failed optional dependency C:\project\SHOTDECK\frontend\shotdeck\node_modules\@img\sharp-libvips-linux-arm64
192 silly reify mark deleted [
192 silly reify   'C:\\project\\SHOTDECK\\frontend\\shotdeck\\node_modules\\@img\\sharp-libvips-linux-arm64'
192 silly reify ]
193 verbose reify failed optional dependency C:\project\SHOTDECK\frontend\shotdeck\node_modules\@img\sharp-libvips-linux-arm
194 silly reify mark deleted [
194 silly reify   'C:\\project\\SHOTDECK\\frontend\\shotdeck\\node_modules\\@img\\sharp-libvips-linux-arm'
194 silly reify ]
195 verbose reify failed optional dependency C:\project\SHOTDECK\frontend\shotdeck\node_modules\@img\sharp-libvips-darwin-x64
196 silly reify mark deleted [
196 silly reify   'C:\\project\\SHOTDECK\\frontend\\shotdeck\\node_modules\\@img\\sharp-libvips-darwin-x64'
196 silly reify ]
197 verbose reify failed optional dependency C:\project\SHOTDECK\frontend\shotdeck\node_modules\@img\sharp-libvips-darwin-arm64
198 silly reify mark deleted [
198 silly reify   'C:\\project\\SHOTDECK\\frontend\\shotdeck\\node_modules\\@img\\sharp-libvips-darwin-arm64'
198 silly reify ]
199 verbose reify failed optional dependency C:\project\SHOTDECK\frontend\shotdeck\node_modules\@img\sharp-darwin-x64
200 silly reify mark deleted [
200 silly reify   'C:\\project\\SHOTDECK\\frontend\\shotdeck\\node_modules\\@img\\sharp-darwin-x64'
200 silly reify ]
201 verbose reify failed optional dependency C:\project\SHOTDECK\frontend\shotdeck\node_modules\@img\sharp-darwin-arm64
202 silly reify mark deleted [
202 silly reify   'C:\\project\\SHOTDECK\\frontend\\shotdeck\\node_modules\\@img\\sharp-darwin-arm64'
202 silly reify ]
203 verbose reify failed optional dependency C:\project\SHOTDECK\frontend\shotdeck\node_modules\@ffprobe-installer\win32-ia32
204 silly reify mark deleted [
204 silly reify   'C:\\project\\SHOTDECK\\frontend\\shotdeck\\node_modules\\@ffprobe-installer\\win32-ia32'
204 silly reify ]
205 verbose reify failed optional dependency C:\project\SHOTDECK\frontend\shotdeck\node_modules\@ffprobe-installer\linux-x64
206 silly reify mark deleted [
206 silly reify   'C:\\project\\SHOTDECK\\frontend\\shotdeck\\node_modules\\@ffprobe-installer\\linux-x64'
206 silly reify ]
207 verbose reify failed optional dependency C:\project\SHOTDECK\frontend\shotdeck\node_modules\@ffprobe-installer\linux-ia32
208 silly reify mark deleted [
208 silly reify   'C:\\project\\SHOTDECK\\frontend\\shotdeck\\node_modules\\@ffprobe-installer\\linux-ia32'
208 silly reify ]
209 verbose reify failed optional dependency C:\project\SHOTDECK\frontend\shotdeck\node_modules\@ffprobe-installer\linux-arm64
210 silly reify mark deleted [
210 silly reify   'C:\\project\\SHOTDECK\\frontend\\shotdeck\\node_modules\\@ffprobe-installer\\linux-arm64'
210 silly reify ]
211 verbose reify failed optional dependency C:\project\SHOTDECK\frontend\shotdeck\node_modules\@ffprobe-installer\linux-arm
212 silly reify mark deleted [
212 silly reify   'C:\\project\\SHOTDECK\\frontend\\shotdeck\\node_modules\\@ffprobe-installer\\linux-arm'
212 silly reify ]
213 verbose reify failed optional dependency C:\project\SHOTDECK\frontend\shotdeck\node_modules\@ffprobe-installer\darwin-x64
214 silly reify mark deleted [
214 silly reify   'C:\\project\\SHOTDECK\\frontend\\shotdeck\\node_modules\\@ffprobe-installer\\darwin-x64'
214 silly reify ]
215 verbose reify failed optional dependency C:\project\SHOTDECK\frontend\shotdeck\node_modules\@ffprobe-installer\darwin-arm64
216 silly reify mark deleted [
216 silly reify   'C:\\project\\SHOTDECK\\frontend\\shotdeck\\node_modules\\@ffprobe-installer\\darwin-arm64'
216 silly reify ]
217 verbose reify failed optional dependency C:\project\SHOTDECK\frontend\shotdeck\node_modules\@ffmpeg-installer\win32-ia32
218 silly reify mark deleted [
218 silly reify   'C:\\project\\SHOTDECK\\frontend\\shotdeck\\node_modules\\@ffmpeg-installer\\win32-ia32'
218 silly reify ]
219 verbose reify failed optional dependency C:\project\SHOTDECK\frontend\shotdeck\node_modules\@ffmpeg-installer\linux-x64
220 silly reify mark deleted [
220 silly reify   'C:\\project\\SHOTDECK\\frontend\\shotdeck\\node_modules\\@ffmpeg-installer\\linux-x64'
220 silly reify ]
221 verbose reify failed optional dependency C:\project\SHOTDECK\frontend\shotdeck\node_modules\@ffmpeg-installer\linux-ia32
222 silly reify mark deleted [
222 silly reify   'C:\\project\\SHOTDECK\\frontend\\shotdeck\\node_modules\\@ffmpeg-installer\\linux-ia32'
222 silly reify ]
223 verbose reify failed optional dependency C:\project\SHOTDECK\frontend\shotdeck\node_modules\@ffmpeg-installer\linux-arm64
224 silly reify mark deleted [
224 silly reify   'C:\\project\\SHOTDECK\\frontend\\shotdeck\\node_modules\\@ffmpeg-installer\\linux-arm64'
224 silly reify ]
225 verbose reify failed optional dependency C:\project\SHOTDECK\frontend\shotdeck\node_modules\@ffmpeg-installer\linux-arm
226 silly reify mark deleted [
226 silly reify   'C:\\project\\SHOTDECK\\frontend\\shotdeck\\node_modules\\@ffmpeg-installer\\linux-arm'
226 silly reify ]
227 verbose reify failed optional dependency C:\project\SHOTDECK\frontend\shotdeck\node_modules\@ffmpeg-installer\darwin-x64
228 silly reify mark deleted [
228 silly reify   'C:\\project\\SHOTDECK\\frontend\\shotdeck\\node_modules\\@ffmpeg-installer\\darwin-x64'
228 silly reify ]
229 verbose reify failed optional dependency C:\project\SHOTDECK\frontend\shotdeck\node_modules\@ffmpeg-installer\darwin-arm64
230 silly reify mark deleted [
230 silly reify   'C:\\project\\SHOTDECK\\frontend\\shotdeck\\node_modules\\@ffmpeg-installer\\darwin-arm64'
230 silly reify ]
231 http cache escalade@https://registry.npmjs.org/escalade/-/escalade-3.2.0.tgz 0ms (cache hit)
232 http cache node-releases@https://registry.npmjs.org/node-releases/-/node-releases-2.0.19.tgz 0ms (cache hit)
233 http cache update-browserslist-db@https://registry.npmjs.org/update-browserslist-db/-/update-browserslist-db-1.1.3.tgz 0ms (cache hit)
234 http cache electron-to-chromium@https://registry.npmjs.org/electron-to-chromium/-/electron-to-chromium-1.5.166.tgz 0ms (cache hit)
235 http cache normalize-range@https://registry.npmjs.org/normalize-range/-/normalize-range-0.1.2.tgz 0ms (cache hit)
236 http cache browserslist@https://registry.npmjs.org/browserslist/-/browserslist-4.25.0.tgz 0ms (cache hit)
237 http cache autoprefixer@https://registry.npmjs.org/autoprefixer/-/autoprefixer-10.4.21.tgz 0ms (cache hit)
238 http cache fraction.js@https://registry.npmjs.org/fraction.js/-/fraction.js-4.3.7.tgz 0ms (cache hit)
239 http cache tailwindcss@https://registry.npmjs.org/tailwindcss/-/tailwindcss-4.1.7.tgz 0ms (cache hit)
240 http cache postcss@https://registry.npmjs.org/postcss/-/postcss-8.5.4.tgz 0ms (cache hit)
241 http cache tailwindcss@https://registry.npmjs.org/tailwindcss/-/tailwindcss-4.1.8.tgz 0ms (cache hit)
242 http cache tailwindcss@https://registry.npmjs.org/tailwindcss/-/tailwindcss-4.1.7.tgz 0ms (cache hit)
243 silly tarball no local data for electron-to-chromium@https://registry.npmjs.org/electron-to-chromium/-/electron-to-chromium-1.5.166.tgz. Extracting by manifest.
244 silly tarball no local data for normalize-range@https://registry.npmjs.org/normalize-range/-/normalize-range-0.1.2.tgz. Extracting by manifest.
245 silly tarball no local data for browserslist@https://registry.npmjs.org/browserslist/-/browserslist-4.25.0.tgz. Extracting by manifest.
246 silly tarball no local data for autoprefixer@https://registry.npmjs.org/autoprefixer/-/autoprefixer-10.4.21.tgz. Extracting by manifest.
247 silly tarball no local data for fraction.js@https://registry.npmjs.org/fraction.js/-/fraction.js-4.3.7.tgz. Extracting by manifest.
248 silly tarball no local data for tailwindcss@https://registry.npmjs.org/tailwindcss/-/tailwindcss-4.1.7.tgz. Extracting by manifest.
249 silly tarball no local data for postcss@https://registry.npmjs.org/postcss/-/postcss-8.5.4.tgz. Extracting by manifest.
250 silly tarball no local data for tailwindcss@https://registry.npmjs.org/tailwindcss/-/tailwindcss-4.1.8.tgz. Extracting by manifest.
251 silly tarball no local data for tailwindcss@https://registry.npmjs.org/tailwindcss/-/tailwindcss-4.1.7.tgz. Extracting by manifest.
252 http fetch GET 200 https://registry.npmjs.org/normalize-range/-/normalize-range-0.1.2.tgz 53ms (cache miss)
253 http fetch GET 200 https://registry.npmjs.org/electron-to-chromium/-/electron-to-chromium-1.5.166.tgz 55ms (cache miss)
254 http fetch GET 200 https://registry.npmjs.org/fraction.js/-/fraction.js-4.3.7.tgz 98ms (cache miss)
255 http fetch GET 200 https://registry.npmjs.org/browserslist/-/browserslist-4.25.0.tgz 119ms (cache miss)
256 http fetch GET 200 https://registry.npmjs.org/postcss/-/postcss-8.5.4.tgz 130ms (cache miss)
257 http fetch GET 200 https://registry.npmjs.org/tailwindcss/-/tailwindcss-4.1.7.tgz 136ms (cache miss)
258 http fetch GET 200 https://registry.npmjs.org/tailwindcss/-/tailwindcss-4.1.7.tgz 141ms (cache miss)
259 http fetch GET 200 https://registry.npmjs.org/tailwindcss/-/tailwindcss-4.1.8.tgz 148ms (cache miss)
260 http fetch GET 200 https://registry.npmjs.org/autoprefixer/-/autoprefixer-10.4.21.tgz 156ms (cache miss)
261 http fetch POST 200 https://registry.npmjs.org/-/npm/v1/security/advisories/bulk 324ms
262 silly audit report {
262 silly audit report   sweetalert2: [
262 silly audit report     {
262 silly audit report       id: 1094698,
262 silly audit report       url: 'https://github.com/advisories/GHSA-mrr8-v49w-3333',
262 silly audit report       title: 'sweetalert2 v11.6.14 and above contains potentially undesirable behavior',
262 silly audit report       severity: 'low',
262 silly audit report       vulnerable_versions: '>=11.6.14',
262 silly audit report       cwe: [Array],
262 silly audit report       cvss: [Object]
262 silly audit report     }
262 silly audit report   ]
262 silly audit report }
263 silly packumentCache corgi:https://registry.npmjs.org/sweetalert2 cache-miss
264 http fetch GET 200 https://registry.npmjs.org/sweetalert2 278ms (cache revalidated)
265 silly packumentCache corgi:https://registry.npmjs.org/sweetalert2 set size:1477287 disposed:false
266 silly ADD node_modules/escalade
267 silly ADD node_modules/update-browserslist-db
268 silly ADD node_modules/node-releases
269 silly ADD node_modules/electron-to-chromium
270 silly ADD node_modules/normalize-range
271 silly ADD node_modules/fraction.js
272 silly ADD node_modules/browserslist
273 silly ADD node_modules/autoprefixer
274 silly ADD
275 silly ADD
276 silly ADD
277 silly ADD
278 silly ADD
279 silly ADD
280 silly ADD
281 silly ADD
282 silly ADD
283 silly ADD
284 silly ADD
285 silly ADD
286 silly ADD
287 silly ADD
288 silly ADD
289 silly ADD
290 silly ADD
291 silly ADD
292 silly ADD
293 silly ADD
294 silly ADD
295 silly ADD
296 silly ADD
297 silly ADD
298 silly ADD
299 silly ADD
300 silly ADD
301 silly ADD
302 silly ADD
303 silly ADD
304 silly ADD
305 silly ADD
306 silly ADD
307 silly ADD
308 silly ADD
309 silly ADD
310 silly ADD
311 silly ADD
312 silly ADD
313 silly ADD
314 silly ADD
315 silly ADD
316 silly ADD
317 silly ADD
318 silly ADD
319 silly ADD
320 silly ADD
321 silly ADD
322 silly ADD
323 silly ADD
324 silly ADD
325 silly ADD
326 silly ADD
327 silly ADD
328 silly ADD
329 silly ADD
330 silly ADD
331 silly ADD
332 silly ADD
333 silly ADD
334 silly ADD
335 silly ADD
336 silly ADD
337 silly ADD
338 silly ADD
339 silly ADD
340 silly ADD
341 silly ADD
342 silly ADD
343 silly ADD
344 silly ADD
345 silly ADD
346 silly ADD
347 silly ADD
348 silly ADD
349 silly ADD
350 silly CHANGE node_modules/tailwindcss
351 silly CHANGE node_modules/postcss
352 silly ADD node_modules/@tailwindcss/postcss/node_modules/tailwindcss
353 silly ADD node_modules/@tailwindcss/node/node_modules/tailwindcss
354 verbose cwd C:\project\SHOTDECK\frontend\shotdeck
355 verbose os Windows_NT 10.0.26100
356 verbose node v22.15.1
357 verbose npm  v10.9.2
358 verbose exit 0
359 info ok
