0 verbose cli C:\Program Files\nodejs\node.exe C:\Program Files\nodejs\node_modules\npm\bin\npm-cli.js
1 info using npm@10.9.2
2 info using node@v22.15.1
3 silly config load:file:C:\Program Files\nodejs\node_modules\npm\npmrc
4 silly config load:file:C:\project\SHOTDECK\frontend\shotdeck\.npmrc
5 silly config load:file:C:\Users\rakib\.npmrc
6 silly config load:file:C:\Program Files\nodejs\npm-global\etc\npmrc
7 verbose title npm i next-auth
8 verbose argv "i" "next-auth"
9 verbose logfile logs-max:10 dir:C:\project\SHOTDECK\frontend\shotdeck\UsersmynameAppDataRoamingnpm-cache\_logs\2025-05-21T09_16_03_741Z-
10 verbose logfile C:\project\SHOTDECK\frontend\shotdeck\UsersmynameAppDataRoamingnpm-cache\_logs\2025-05-21T09_16_03_741Z-debug-0.log
11 silly logfile start cleaning logs, removing 1 files
12 silly packumentCache heap:4345298944 maxSize:1086324736 maxEntrySize:543162368
13 silly logfile done cleaning log files
14 silly idealTree buildDeps
15 silly fetch manifest next-auth@*
16 silly packumentCache full:https://registry.npmjs.org/next-auth cache-miss
17 http fetch GET 200 https://registry.npmjs.org/next-auth 480ms (cache miss)
18 silly packumentCache full:https://registry.npmjs.org/next-auth set size:undefined disposed:false
19 silly fetch manifest @auth/core@0.34.2
20 silly packumentCache full:https://registry.npmjs.org/@auth%2fcore cache-miss
21 http fetch GET 200 https://registry.npmjs.org/@auth%2fcore 1832ms (cache revalidated)
22 silly packumentCache full:https://registry.npmjs.org/@auth%2fcore set size:360753 disposed:false
23 silly fetch manifest @simplewebauthn/browser@^9.0.1
24 silly packumentCache full:https://registry.npmjs.org/@simplewebauthn%2fbrowser cache-miss
25 http fetch GET 200 https://registry.npmjs.org/@simplewebauthn%2fbrowser 661ms (cache miss)
26 silly packumentCache full:https://registry.npmjs.org/@simplewebauthn%2fbrowser set size:undefined disposed:false
27 silly fetch manifest @simplewebauthn/server@^9.0.2
28 silly packumentCache full:https://registry.npmjs.org/@simplewebauthn%2fserver cache-miss
29 http fetch GET 200 https://registry.npmjs.org/@simplewebauthn%2fserver 681ms (cache miss)
30 silly packumentCache full:https://registry.npmjs.org/@simplewebauthn%2fserver set size:undefined disposed:false
31 silly fetch manifest nodemailer@^6.8.0
32 silly packumentCache full:https://registry.npmjs.org/nodemailer cache-miss
33 http fetch GET 200 https://registry.npmjs.org/nodemailer 1088ms (cache revalidated)
34 silly packumentCache full:https://registry.npmjs.org/nodemailer set size:537692 disposed:false
35 silly fetch manifest next@15.3.2
36 silly packumentCache full:https://registry.npmjs.org/next cache-miss
37 http fetch GET 200 https://registry.npmjs.org/next 452ms (cache updated)
38 silly packumentCache full:https://registry.npmjs.org/next set size:undefined disposed:false
39 silly fetch manifest @opentelemetry/api@^1.1.0
40 silly packumentCache full:https://registry.npmjs.org/@opentelemetry%2fapi cache-miss
41 http fetch GET 200 https://registry.npmjs.org/@opentelemetry%2fapi 57ms (cache revalidated)
42 silly packumentCache full:https://registry.npmjs.org/@opentelemetry%2fapi set size:455622 disposed:false
43 silly fetch manifest @playwright/test@^1.41.2
44 silly packumentCache full:https://registry.npmjs.org/@playwright%2ftest cache-miss
45 http fetch GET 200 https://registry.npmjs.org/@playwright%2ftest 573ms (cache updated)
46 silly packumentCache full:https://registry.npmjs.org/@playwright%2ftest set size:undefined disposed:false
47 silly fetch manifest babel-plugin-react-compiler@*
48 silly packumentCache full:https://registry.npmjs.org/babel-plugin-react-compiler cache-miss
49 http fetch GET 200 https://registry.npmjs.org/babel-plugin-react-compiler 56ms (cache updated)
50 silly packumentCache full:https://registry.npmjs.org/babel-plugin-react-compiler set size:undefined disposed:false
51 silly fetch manifest react@^19.0.0
52 silly packumentCache full:https://registry.npmjs.org/react cache-miss
53 http fetch GET 200 https://registry.npmjs.org/react 73ms (cache revalidated)
54 silly packumentCache full:https://registry.npmjs.org/react set size:5708863 disposed:false
55 silly fetch manifest react-dom@^19.0.0
56 silly packumentCache full:https://registry.npmjs.org/react-dom cache-miss
57 http fetch GET 200 https://registry.npmjs.org/react-dom 49ms (cache revalidated)
58 silly packumentCache full:https://registry.npmjs.org/react-dom set size:7256298 disposed:false
59 silly fetch manifest sass@^1.3.0
60 silly packumentCache full:https://registry.npmjs.org/sass cache-miss
61 http fetch GET 200 https://registry.npmjs.org/sass 46ms (cache revalidated)
62 silly packumentCache full:https://registry.npmjs.org/sass set size:680093 disposed:false
63 silly placeDep ROOT next-auth@4.24.11 OK for: shotdeck@0.1.0 want: *
64 silly fetch manifest jose@^4.15.5
65 silly packumentCache full:https://registry.npmjs.org/jose cache-miss
66 silly fetch manifest uuid@^8.3.2
67 silly packumentCache full:https://registry.npmjs.org/uuid cache-miss
68 silly fetch manifest oauth@^0.9.15
69 silly packumentCache full:https://registry.npmjs.org/oauth cache-miss
70 silly fetch manifest cookie@^0.7.0
71 silly packumentCache full:https://registry.npmjs.org/cookie cache-miss
72 silly fetch manifest preact@^10.6.3
73 silly packumentCache full:https://registry.npmjs.org/preact cache-miss
74 silly fetch manifest @panva/hkdf@^1.0.2
75 silly packumentCache full:https://registry.npmjs.org/@panva%2fhkdf cache-miss
76 silly fetch manifest openid-client@^5.4.0
77 silly packumentCache full:https://registry.npmjs.org/openid-client cache-miss
78 silly fetch manifest preact-render-to-string@^5.1.19
79 silly packumentCache full:https://registry.npmjs.org/preact-render-to-string cache-miss
80 http fetch GET 200 https://registry.npmjs.org/preact 77ms (cache revalidated)
81 silly packumentCache full:https://registry.npmjs.org/preact set size:1679494 disposed:false
82 http fetch GET 200 https://registry.npmjs.org/oauth 235ms (cache miss)
83 silly packumentCache full:https://registry.npmjs.org/oauth set size:undefined disposed:false
84 http fetch GET 200 https://registry.npmjs.org/openid-client 252ms (cache miss)
85 silly packumentCache full:https://registry.npmjs.org/openid-client set size:undefined disposed:false
86 http fetch GET 200 https://registry.npmjs.org/jose 259ms (cache revalidated)
87 silly packumentCache full:https://registry.npmjs.org/jose set size:1357766 disposed:false
88 http fetch GET 200 https://registry.npmjs.org/uuid 269ms (cache revalidated)
89 silly packumentCache full:https://registry.npmjs.org/uuid set size:215972 disposed:false
90 http fetch GET 200 https://registry.npmjs.org/preact-render-to-string 277ms (cache revalidated)
91 silly packumentCache full:https://registry.npmjs.org/preact-render-to-string set size:485354 disposed:false
92 http fetch GET 200 https://registry.npmjs.org/cookie 296ms (cache revalidated)
93 silly packumentCache full:https://registry.npmjs.org/cookie set size:67180 disposed:false
94 http fetch GET 200 https://registry.npmjs.org/@panva%2fhkdf 2416ms (cache revalidated)
95 silly packumentCache full:https://registry.npmjs.org/@panva%2fhkdf set size:22482 disposed:false
96 silly placeDep ROOT @panva/hkdf@1.2.1 OK for: next-auth@4.24.11 want: ^1.0.2
97 silly placeDep ROOT cookie@0.7.2 OK for: next-auth@4.24.11 want: ^0.7.0
98 silly placeDep ROOT jose@4.15.9 OK for: next-auth@4.24.11 want: ^4.15.5
99 silly placeDep ROOT oauth@0.9.15 OK for: next-auth@4.24.11 want: ^0.9.15
100 silly placeDep ROOT openid-client@5.7.1 OK for: next-auth@4.24.11 want: ^5.4.0
101 silly placeDep ROOT preact@10.26.6 OK for: next-auth@4.24.11 want: ^10.6.3
102 silly placeDep ROOT preact-render-to-string@5.2.6 OK for: next-auth@4.24.11 want: ^5.1.19
103 silly placeDep ROOT uuid@8.3.2 OK for: next-auth@4.24.11 want: ^8.3.2
104 silly fetch manifest lru-cache@^6.0.0
105 silly packumentCache full:https://registry.npmjs.org/lru-cache cache-miss
106 silly fetch manifest object-hash@^2.2.0
107 silly packumentCache full:https://registry.npmjs.org/object-hash cache-miss
108 silly fetch manifest oidc-token-hash@^5.0.3
109 silly packumentCache full:https://registry.npmjs.org/oidc-token-hash cache-miss
110 silly fetch manifest pretty-format@^3.8.0
111 silly packumentCache full:https://registry.npmjs.org/pretty-format cache-miss
112 http fetch GET 200 https://registry.npmjs.org/lru-cache 31ms (cache revalidated)
113 silly packumentCache full:https://registry.npmjs.org/lru-cache set size:391063 disposed:false
114 http fetch GET 200 https://registry.npmjs.org/object-hash 59ms (cache miss)
115 silly packumentCache full:https://registry.npmjs.org/object-hash set size:undefined disposed:false
116 http fetch GET 200 https://registry.npmjs.org/oidc-token-hash 230ms (cache miss)
117 silly packumentCache full:https://registry.npmjs.org/oidc-token-hash set size:undefined disposed:false
118 http fetch GET 200 https://registry.npmjs.org/pretty-format 244ms (cache revalidated)
119 silly packumentCache full:https://registry.npmjs.org/pretty-format set size:570385 disposed:false
120 silly placeDep ROOT lru-cache@6.0.0 OK for: openid-client@5.7.1 want: ^6.0.0
121 silly placeDep ROOT object-hash@2.2.0 OK for: openid-client@5.7.1 want: ^2.2.0
122 silly placeDep ROOT oidc-token-hash@5.1.0 OK for: openid-client@5.7.1 want: ^5.0.3
123 silly fetch manifest yallist@^4.0.0
124 silly packumentCache full:https://registry.npmjs.org/yallist cache-miss
125 http fetch GET 200 https://registry.npmjs.org/yallist 301ms (cache revalidated)
126 silly packumentCache full:https://registry.npmjs.org/yallist set size:34610 disposed:false
127 silly placeDep node_modules/lru-cache yallist@4.0.0 OK for: lru-cache@6.0.0 want: ^4.0.0
128 silly placeDep ROOT pretty-format@3.8.0 OK for: preact-render-to-string@5.2.6 want: ^3.8.0
129 silly reify moves {}
130 verbose reify failed optional dependency C:\project\SHOTDECK\frontend\shotdeck\node_modules\@tailwindcss\oxide-wasm32-wasi
131 silly reify mark deleted [
131 silly reify   'C:\\project\\SHOTDECK\\frontend\\shotdeck\\node_modules\\@tailwindcss\\oxide-wasm32-wasi'
131 silly reify ]
132 silly audit bulk request {
132 silly audit   '@alloc/quick-lru': [ '5.2.0' ],
132 silly audit   '@ampproject/remapping': [ '2.3.0' ],
132 silly audit   '@babel/code-frame': [ '7.27.1' ],
132 silly audit   '@babel/generator': [ '7.27.1' ],
132 silly audit   '@babel/helper-module-imports': [ '7.27.1' ],
132 silly audit   '@babel/helper-string-parser': [ '7.27.1' ],
132 silly audit   '@babel/helper-validator-identifier': [ '7.27.1' ],
132 silly audit   '@babel/parser': [ '7.27.2' ],
132 silly audit   '@babel/runtime': [ '7.27.1' ],
132 silly audit   '@babel/template': [ '7.27.2' ],
132 silly audit   '@babel/traverse': [ '7.27.1' ],
132 silly audit   globals: [ '11.12.0', '14.0.0' ],
132 silly audit   '@babel/types': [ '7.27.1' ],
132 silly audit   '@emnapi/core': [ '1.4.3' ],
132 silly audit   '@emnapi/runtime': [ '1.4.3' ],
132 silly audit   '@emnapi/wasi-threads': [ '1.0.2' ],
132 silly audit   '@emotion/babel-plugin': [ '11.13.5' ],
132 silly audit   '@emotion/cache': [ '11.14.0' ],
132 silly audit   '@emotion/hash': [ '0.9.2' ],
132 silly audit   '@emotion/is-prop-valid': [ '1.3.1', '1.2.2' ],
132 silly audit   '@emotion/memoize': [ '0.9.0', '0.8.1' ],
132 silly audit   '@emotion/react': [ '11.14.0' ],
132 silly audit   '@emotion/serialize': [ '1.3.3' ],
132 silly audit   '@emotion/sheet': [ '1.4.0' ],
132 silly audit   '@emotion/styled': [ '11.14.0' ],
132 silly audit   '@emotion/unitless': [ '0.10.0', '0.8.1' ],
132 silly audit   '@emotion/use-insertion-effect-with-fallbacks': [ '1.2.0' ],
132 silly audit   '@emotion/utils': [ '1.4.2' ],
132 silly audit   '@emotion/weak-memoize': [ '0.4.0' ],
132 silly audit   '@eslint-community/eslint-utils': [ '4.7.0' ],
132 silly audit   'eslint-visitor-keys': [ '3.4.3', '4.2.0' ],
132 silly audit   '@eslint-community/regexpp': [ '4.12.1' ],
132 silly audit   '@eslint/config-array': [ '0.20.0' ],
132 silly audit   '@eslint/config-helpers': [ '0.2.2' ],
132 silly audit   '@eslint/core': [ '0.14.0' ],
132 silly audit   '@eslint/eslintrc': [ '3.3.1' ],
132 silly audit   '@eslint/js': [ '9.27.0' ],
132 silly audit   '@eslint/object-schema': [ '2.1.6' ],
132 silly audit   '@eslint/plugin-kit': [ '0.3.1' ],
132 silly audit   '@humanfs/core': [ '0.19.1' ],
132 silly audit   '@humanfs/node': [ '0.16.6' ],
132 silly audit   '@humanwhocodes/retry': [ '0.3.1', '0.4.3' ],
132 silly audit   '@humanwhocodes/module-importer': [ '1.0.1' ],
132 silly audit   '@img/sharp-darwin-arm64': [ '0.34.1' ],
132 silly audit   '@img/sharp-darwin-x64': [ '0.34.1' ],
132 silly audit   '@img/sharp-libvips-darwin-arm64': [ '1.1.0' ],
132 silly audit   '@img/sharp-libvips-darwin-x64': [ '1.1.0' ],
132 silly audit   '@img/sharp-libvips-linux-arm': [ '1.1.0' ],
132 silly audit   '@img/sharp-libvips-linux-arm64': [ '1.1.0' ],
132 silly audit   '@img/sharp-libvips-linux-ppc64': [ '1.1.0' ],
132 silly audit   '@img/sharp-libvips-linux-s390x': [ '1.1.0' ],
132 silly audit   '@img/sharp-libvips-linux-x64': [ '1.1.0' ],
132 silly audit   '@img/sharp-libvips-linuxmusl-arm64': [ '1.1.0' ],
132 silly audit   '@img/sharp-libvips-linuxmusl-x64': [ '1.1.0' ],
132 silly audit   '@img/sharp-linux-arm': [ '0.34.1' ],
132 silly audit   '@img/sharp-linux-arm64': [ '0.34.1' ],
132 silly audit   '@img/sharp-linux-s390x': [ '0.34.1' ],
132 silly audit   '@img/sharp-linux-x64': [ '0.34.1' ],
132 silly audit   '@img/sharp-linuxmusl-arm64': [ '0.34.1' ],
132 silly audit   '@img/sharp-linuxmusl-x64': [ '0.34.1' ],
132 silly audit   '@img/sharp-wasm32': [ '0.34.1' ],
132 silly audit   '@img/sharp-win32-ia32': [ '0.34.1' ],
132 silly audit   '@img/sharp-win32-x64': [ '0.34.1' ],
132 silly audit   '@isaacs/fs-minipass': [ '4.0.1' ],
132 silly audit   '@jridgewell/gen-mapping': [ '0.3.8' ],
132 silly audit   '@jridgewell/resolve-uri': [ '3.1.2' ],
132 silly audit   '@jridgewell/set-array': [ '1.2.1' ],
132 silly audit   '@jridgewell/sourcemap-codec': [ '1.5.0' ],
132 silly audit   '@jridgewell/trace-mapping': [ '0.3.25' ],
132 silly audit   '@mui/core-downloads-tracker': [ '7.1.0' ],
132 silly audit   '@mui/icons-material': [ '7.1.0' ],
132 silly audit   '@mui/material': [ '7.1.0' ],
132 silly audit   'react-is': [ '19.1.0', '16.13.1' ],
132 silly audit   '@mui/private-theming': [ '7.1.0' ],
132 silly audit   '@mui/styled-engine': [ '7.1.0' ],
132 silly audit   '@mui/styled-engine-sc': [ '7.1.0' ],
132 silly audit   '@mui/system': [ '7.1.0' ],
132 silly audit   '@mui/types': [ '7.4.2' ],
132 silly audit   '@mui/utils': [ '7.1.0' ],
132 silly audit   '@napi-rs/wasm-runtime': [ '0.2.10' ],
132 silly audit   '@next/env': [ '15.3.2' ],
132 silly audit   '@next/eslint-plugin-next': [ '15.3.2' ],
132 silly audit   '@next/swc-darwin-arm64': [ '15.3.2' ],
132 silly audit   '@next/swc-darwin-x64': [ '15.3.2' ],
132 silly audit   '@next/swc-linux-arm64-gnu': [ '15.3.2' ],
132 silly audit   '@next/swc-linux-arm64-musl': [ '15.3.2' ],
132 silly audit   '@next/swc-linux-x64-gnu': [ '15.3.2' ],
132 silly audit   '@next/swc-linux-x64-musl': [ '15.3.2' ],
132 silly audit   '@next/swc-win32-arm64-msvc': [ '15.3.2' ],
132 silly audit   '@next/swc-win32-x64-msvc': [ '15.3.2' ],
132 silly audit   '@nodelib/fs.scandir': [ '2.1.5' ],
132 silly audit   '@nodelib/fs.stat': [ '2.0.5' ],
132 silly audit   '@nodelib/fs.walk': [ '1.2.8' ],
132 silly audit   '@nolyfill/is-core-module': [ '1.0.39' ],
132 silly audit   '@popperjs/core': [ '2.11.8' ],
132 silly audit   '@reduxjs/toolkit': [ '2.8.2' ],
132 silly audit   '@rtsao/scc': [ '1.1.0' ],
132 silly audit   '@rushstack/eslint-patch': [ '1.11.0' ],
132 silly audit   '@standard-schema/spec': [ '1.0.0' ],
132 silly audit   '@standard-schema/utils': [ '0.3.0' ],
132 silly audit   '@swc/counter': [ '0.1.3' ],
132 silly audit   '@swc/helpers': [ '0.5.15' ],
132 silly audit   '@tailwindcss/node': [ '4.1.7' ],
132 silly audit   '@tailwindcss/oxide': [ '4.1.7' ],
132 silly audit   '@tailwindcss/oxide-android-arm64': [ '4.1.7' ],
132 silly audit   '@tailwindcss/oxide-darwin-arm64': [ '4.1.7' ],
132 silly audit   '@tailwindcss/oxide-darwin-x64': [ '4.1.7' ],
132 silly audit   '@tailwindcss/oxide-freebsd-x64': [ '4.1.7' ],
132 silly audit   '@tailwindcss/oxide-linux-arm-gnueabihf': [ '4.1.7' ],
132 silly audit   '@tailwindcss/oxide-linux-arm64-gnu': [ '4.1.7' ],
132 silly audit   '@tailwindcss/oxide-linux-arm64-musl': [ '4.1.7' ],
132 silly audit   '@tailwindcss/oxide-linux-x64-gnu': [ '4.1.7' ],
132 silly audit   '@tailwindcss/oxide-linux-x64-musl': [ '4.1.7' ],
132 silly audit   '@tailwindcss/oxide-win32-arm64-msvc': [ '4.1.7' ],
132 silly audit   '@tailwindcss/oxide-win32-x64-msvc': [ '4.1.7' ],
132 silly audit   '@tailwindcss/postcss': [ '4.1.7' ],
132 silly audit   '@tybys/wasm-util': [ '0.9.0' ],
132 silly audit   '@types/estree': [ '1.0.7' ],
132 silly audit   '@types/hoist-non-react-statics': [ '3.3.6' ],
132 silly audit   '@types/json-schema': [ '7.0.15' ],
132 silly audit   '@types/json5': [ '0.0.29' ],
132 silly audit   '@types/parse-json': [ '4.0.2' ],
132 silly audit   '@types/prop-types': [ '15.7.14' ],
132 silly audit   '@types/react': [ '18.3.21' ],
132 silly audit   '@types/react-transition-group': [ '4.4.12' ],
132 silly audit   '@types/stylis': [ '4.2.5' ],
132 silly audit   '@types/use-sync-external-store': [ '0.0.6' ],
132 silly audit   '@typescript-eslint/eslint-plugin': [ '8.32.1' ],
132 silly audit   ignore: [ '7.0.4', '5.3.2' ],
132 silly audit   '@typescript-eslint/parser': [ '8.32.1' ],
132 silly audit   '@typescript-eslint/scope-manager': [ '8.32.1' ],
132 silly audit   '@typescript-eslint/type-utils': [ '8.32.1' ],
132 silly audit   '@typescript-eslint/types': [ '8.32.1' ],
132 silly audit   '@typescript-eslint/typescript-estree': [ '8.32.1' ],
132 silly audit   'brace-expansion': [ '2.0.1', '1.1.11' ],
132 silly audit   'fast-glob': [ '3.3.3', '3.3.1' ],
132 silly audit   'glob-parent': [ '5.1.2', '6.0.2' ],
132 silly audit   minimatch: [ '9.0.5', '3.1.2' ],
132 silly audit   '@typescript-eslint/utils': [ '8.32.1' ],
132 silly audit   '@typescript-eslint/visitor-keys': [ '8.32.1' ],
132 silly audit   '@unrs/resolver-binding-darwin-arm64': [ '1.7.2' ],
132 silly audit   '@unrs/resolver-binding-darwin-x64': [ '1.7.2' ],
132 silly audit   '@unrs/resolver-binding-freebsd-x64': [ '1.7.2' ],
132 silly audit   '@unrs/resolver-binding-linux-arm-gnueabihf': [ '1.7.2' ],
132 silly audit   '@unrs/resolver-binding-linux-arm-musleabihf': [ '1.7.2' ],
132 silly audit   '@unrs/resolver-binding-linux-arm64-gnu': [ '1.7.2' ],
132 silly audit   '@unrs/resolver-binding-linux-arm64-musl': [ '1.7.2' ],
132 silly audit   '@unrs/resolver-binding-linux-ppc64-gnu': [ '1.7.2' ],
132 silly audit   '@unrs/resolver-binding-linux-riscv64-gnu': [ '1.7.2' ],
132 silly audit   '@unrs/resolver-binding-linux-riscv64-musl': [ '1.7.2' ],
132 silly audit   '@unrs/resolver-binding-linux-s390x-gnu': [ '1.7.2' ],
132 silly audit   '@unrs/resolver-binding-linux-x64-gnu': [ '1.7.2' ],
132 silly audit   '@unrs/resolver-binding-linux-x64-musl': [ '1.7.2' ],
132 silly audit   '@unrs/resolver-binding-wasm32-wasi': [ '1.7.2' ],
132 silly audit   '@unrs/resolver-binding-win32-arm64-msvc': [ '1.7.2' ],
132 silly audit   '@unrs/resolver-binding-win32-ia32-msvc': [ '1.7.2' ],
132 silly audit   '@unrs/resolver-binding-win32-x64-msvc': [ '1.7.2' ],
132 silly audit   acorn: [ '8.14.1' ],
132 silly audit   'acorn-jsx': [ '5.3.2' ],
132 silly audit   ajv: [ '6.12.6' ],
132 silly audit   'ansi-styles': [ '4.3.0' ],
132 silly audit   argparse: [ '2.0.1' ],
132 silly audit   'aria-query': [ '5.3.2' ],
132 silly audit   'array-buffer-byte-length': [ '1.0.2' ],
132 silly audit   'array-includes': [ '3.1.8' ],
132 silly audit   'array.prototype.findlast': [ '1.2.5' ],
132 silly audit   'array.prototype.findlastindex': [ '1.2.6' ],
132 silly audit   'array.prototype.flat': [ '1.3.3' ],
132 silly audit   'array.prototype.flatmap': [ '1.3.3' ],
132 silly audit   'array.prototype.tosorted': [ '1.1.4' ],
132 silly audit   'arraybuffer.prototype.slice': [ '1.0.4' ],
132 silly audit   'ast-types-flow': [ '0.0.8' ],
132 silly audit   'async-function': [ '1.0.0' ],
132 silly audit   asynckit: [ '0.4.0' ],
132 silly audit   'available-typed-arrays': [ '1.0.7' ],
132 silly audit   'axe-core': [ '4.10.3' ],
132 silly audit   axios: [ '1.9.0' ],
132 silly audit   'axobject-query': [ '4.1.0' ],
132 silly audit   'babel-plugin-macros': [ '3.1.0' ],
132 silly audit   'balanced-match': [ '1.0.2' ],
132 silly audit   braces: [ '3.0.3' ],
132 silly audit   busboy: [ '1.6.0' ],
132 silly audit   'call-bind': [ '1.0.8' ],
132 silly audit   'call-bind-apply-helpers': [ '1.0.2' ],
132 silly audit   'call-bound': [ '1.0.4' ],
132 silly audit   callsites: [ '3.1.0' ],
132 silly audit   camelize: [ '1.0.1' ],
132 silly audit   'caniuse-lite': [ '1.0.30001718' ],
132 silly audit   chalk: [ '4.1.2' ],
132 silly audit   chownr: [ '3.0.0' ],
132 silly audit   'client-only': [ '0.0.1' ],
132 silly audit   clsx: [ '2.1.1' ],
132 silly audit   color: [ '4.2.3' ],
132 silly audit   'color-convert': [ '2.0.1' ],
132 silly audit   'color-name': [ '1.1.4' ],
132 silly audit   'color-string': [ '1.9.1' ],
132 silly audit   'combined-stream': [ '1.0.8' ],
132 silly audit   'concat-map': [ '0.0.1' ],
132 silly audit   'convert-source-map': [ '1.9.0' ],
132 silly audit   cosmiconfig: [ '7.1.0' ],
132 silly audit   'cross-spawn': [ '7.0.6' ],
132 silly audit   'css-color-keywords': [ '1.0.0' ],
132 silly audit   'css-to-react-native': [ '3.2.0' ],
132 silly audit   csstype: [ '3.1.3' ],
132 silly audit   'damerau-levenshtein': [ '1.0.8' ],
132 silly audit   'data-view-buffer': [ '1.0.2' ],
132 silly audit   'data-view-byte-length': [ '1.0.2' ],
132 silly audit   'data-view-byte-offset': [ '1.0.1' ],
132 silly audit   debug: [ '4.4.1', '3.2.7' ],
132 silly audit   'deep-is': [ '0.1.4' ],
132 silly audit   'define-data-property': [ '1.1.4' ],
132 silly audit   'define-properties': [ '1.2.1' ],
132 silly audit   'delayed-stream': [ '1.0.0' ],
132 silly audit   'detect-libc': [ '2.0.4' ],
132 silly audit   doctrine: [ '2.1.0' ],
132 silly audit   'dom-helpers': [ '5.2.1' ],
132 silly audit   'dunder-proto': [ '1.0.1' ],
132 silly audit   'emoji-regex': [ '9.2.2' ],
132 silly audit   'enhanced-resolve': [ '5.18.1' ],
132 silly audit   'error-ex': [ '1.3.2' ],
132 silly audit   'is-arrayish': [ '0.2.1', '0.3.2' ],
132 silly audit   'es-abstract': [ '1.23.9' ],
132 silly audit   'es-define-property': [ '1.0.1' ],
132 silly audit   'es-errors': [ '1.3.0' ],
132 silly audit   'es-iterator-helpers': [ '1.2.1' ],
132 silly audit   'es-object-atoms': [ '1.1.1' ],
132 silly audit   'es-set-tostringtag': [ '2.1.0' ],
132 silly audit   'es-shim-unscopables': [ '1.1.0' ],
132 silly audit   'es-to-primitive': [ '1.3.0' ],
132 silly audit   'escape-string-regexp': [ '4.0.0' ],
132 silly audit   eslint: [ '9.27.0' ],
132 silly audit   'eslint-config-next': [ '15.3.2' ],
132 silly audit   'eslint-import-resolver-node': [ '0.3.9' ],
132 silly audit   'eslint-import-resolver-typescript': [ '3.10.1' ],
132 silly audit   'eslint-module-utils': [ '2.12.0' ],
132 silly audit   'eslint-plugin-import': [ '2.31.0' ],
132 silly audit   semver: [ '6.3.1', '7.7.2' ],
132 silly audit   'eslint-plugin-jsx-a11y': [ '6.10.2' ],
132 silly audit   'eslint-plugin-react': [ '7.37.5' ],
132 silly audit   'eslint-plugin-react-hooks': [ '5.2.0' ],
132 silly audit   resolve: [ '2.0.0-next.5', '1.22.10' ],
132 silly audit   'eslint-scope': [ '8.3.0' ],
132 silly audit   espree: [ '10.3.0' ],
132 silly audit   esquery: [ '1.6.0' ],
132 silly audit   esrecurse: [ '4.3.0' ],
132 silly audit   estraverse: [ '5.3.0' ],
132 silly audit   esutils: [ '2.0.3' ],
132 silly audit   'fast-deep-equal': [ '3.1.3' ],
132 silly audit   'fast-json-stable-stringify': [ '2.1.0' ],
132 silly audit   'fast-levenshtein': [ '2.0.6' ],
132 silly audit   fastq: [ '1.19.1' ],
132 silly audit   'file-entry-cache': [ '8.0.0' ],
132 silly audit   'fill-range': [ '7.1.1' ],
132 silly audit   'find-root': [ '1.1.0' ],
132 silly audit   'find-up': [ '5.0.0' ],
132 silly audit   'flat-cache': [ '4.0.1' ],
132 silly audit   flatted: [ '3.3.3' ],
132 silly audit   'follow-redirects': [ '1.15.9' ],
132 silly audit   'for-each': [ '0.3.5' ],
132 silly audit   'form-data': [ '4.0.2' ],
132 silly audit   'function-bind': [ '1.1.2' ],
132 silly audit   'function.prototype.name': [ '1.1.8' ],
132 silly audit   'functions-have-names': [ '1.2.3' ],
132 silly audit   'get-intrinsic': [ '1.3.0' ],
132 silly audit   'get-proto': [ '1.0.1' ],
132 silly audit   'get-symbol-description': [ '1.1.0' ],
132 silly audit   'get-tsconfig': [ '4.10.0' ],
132 silly audit   globalthis: [ '1.0.4' ],
132 silly audit   gopd: [ '1.2.0' ],
132 silly audit   'graceful-fs': [ '4.2.11' ],
132 silly audit   graphemer: [ '1.4.0' ],
132 silly audit   'has-bigints': [ '1.1.0' ],
132 silly audit   'has-flag': [ '4.0.0' ],
132 silly audit   'has-property-descriptors': [ '1.0.2' ],
132 silly audit   'has-proto': [ '1.2.0' ],
132 silly audit   'has-symbols': [ '1.1.0' ],
132 silly audit   'has-tostringtag': [ '1.0.2' ],
132 silly audit   hasown: [ '2.0.2' ],
132 silly audit   'hoist-non-react-statics': [ '3.3.2' ],
132 silly audit   immer: [ '10.1.1' ],
132 silly audit   'import-fresh': [ '3.3.1' ],
132 silly audit   imurmurhash: [ '0.1.4' ],
132 silly audit   'internal-slot': [ '1.1.0' ],
132 silly audit   'is-array-buffer': [ '3.0.5' ],
132 silly audit   'is-async-function': [ '2.1.1' ],
132 silly audit   'is-bigint': [ '1.1.0' ],
132 silly audit   'is-boolean-object': [ '1.2.2' ],
132 silly audit   'is-bun-module': [ '2.0.0' ],
132 silly audit   'is-callable': [ '1.2.7' ],
132 silly audit   'is-core-module': [ '2.16.1' ],
132 silly audit   'is-data-view': [ '1.0.2' ],
132 silly audit   'is-date-object': [ '1.1.0' ],
132 silly audit   'is-extglob': [ '2.1.1' ],
132 silly audit   'is-finalizationregistry': [ '1.1.1' ],
132 silly audit   'is-generator-function': [ '1.1.0' ],
132 silly audit   'is-glob': [ '4.0.3' ],
132 silly audit   'is-map': [ '2.0.3' ],
132 silly audit   'is-number': [ '7.0.0' ],
132 silly audit   'is-number-object': [ '1.1.1' ],
132 silly audit   'is-regex': [ '1.2.1' ],
132 silly audit   'is-set': [ '2.0.3' ],
132 silly audit   'is-shared-array-buffer': [ '1.0.4' ],
132 silly audit   'is-string': [ '1.1.1' ],
132 silly audit   'is-symbol': [ '1.1.1' ],
132 silly audit   'is-typed-array': [ '1.1.15' ],
132 silly audit   'is-weakmap': [ '2.0.2' ],
132 silly audit   'is-weakref': [ '1.1.1' ],
132 silly audit   'is-weakset': [ '2.0.4' ],
132 silly audit   isarray: [ '2.0.5' ],
132 silly audit   isexe: [ '2.0.0' ],
132 silly audit   'iterator.prototype': [ '1.1.5' ],
132 silly audit   jiti: [ '2.4.2' ],
132 silly audit   'js-tokens': [ '4.0.0' ],
132 silly audit   'js-yaml': [ '4.1.0' ],
132 silly audit   jsesc: [ '3.1.0' ],
132 silly audit   'json-buffer': [ '3.0.1' ],
132 silly audit   'json-parse-even-better-errors': [ '2.3.1' ],
132 silly audit   'json-schema-traverse': [ '0.4.1' ],
132 silly audit   'json-stable-stringify-without-jsonify': [ '1.0.1' ],
132 silly audit   json5: [ '1.0.2' ],
132 silly audit   'jsx-ast-utils': [ '3.3.5' ],
132 silly audit   keyv: [ '4.5.4' ],
132 silly audit   'language-subtag-registry': [ '0.3.23' ],
132 silly audit   'language-tags': [ '1.0.9' ],
132 silly audit   levn: [ '0.4.1' ],
132 silly audit   lightningcss: [ '1.30.1' ],
132 silly audit   'lightningcss-darwin-arm64': [ '1.30.1' ],
132 silly audit   'lightningcss-darwin-x64': [ '1.30.1' ],
132 silly audit   'lightningcss-freebsd-x64': [ '1.30.1' ],
132 silly audit   'lightningcss-linux-arm-gnueabihf': [ '1.30.1' ],
132 silly audit   'lightningcss-linux-arm64-gnu': [ '1.30.1' ],
132 silly audit   'lightningcss-linux-arm64-musl': [ '1.30.1' ],
132 silly audit   'lightningcss-linux-x64-gnu': [ '1.30.1' ],
132 silly audit   'lightningcss-linux-x64-musl': [ '1.30.1' ],
132 silly audit   'lightningcss-win32-arm64-msvc': [ '1.30.1' ],
132 silly audit   'lightningcss-win32-x64-msvc': [ '1.30.1' ],
132 silly audit   'lines-and-columns': [ '1.2.4' ],
132 silly audit   'locate-path': [ '6.0.0' ],
132 silly audit   'lodash.merge': [ '4.6.2' ],
132 silly audit   'loose-envify': [ '1.4.0' ],
132 silly audit   'magic-string': [ '0.30.17' ],
132 silly audit   'math-intrinsics': [ '1.1.0' ],
132 silly audit   merge2: [ '1.4.1' ],
132 silly audit   micromatch: [ '4.0.8' ],
132 silly audit   'mime-db': [ '1.52.0' ],
132 silly audit   'mime-types': [ '2.1.35' ],
132 silly audit   minimist: [ '1.2.8' ],
132 silly audit   minipass: [ '7.1.2' ],
132 silly audit   minizlib: [ '3.0.2' ],
132 silly audit   mkdirp: [ '3.0.1' ],
132 silly audit   ms: [ '2.1.3' ],
132 silly audit   nanoid: [ '3.3.11' ],
132 silly audit   'napi-postinstall': [ '0.2.4' ],
132 silly audit   'natural-compare': [ '1.4.0' ],
132 silly audit   next: [ '15.3.2' ],
132 silly audit   postcss: [ '8.4.31', '8.5.3', '8.4.49' ],
132 silly audit   'object-assign': [ '4.1.1' ],
132 silly audit   'object-inspect': [ '1.13.4' ],
132 silly audit   'object-keys': [ '1.1.1' ],
132 silly audit   'object.assign': [ '4.1.7' ],
132 silly audit   'object.entries': [ '1.1.9' ],
132 silly audit   'object.fromentries': [ '2.0.8' ],
132 silly audit   'object.groupby': [ '1.0.3' ],
132 silly audit   'object.values': [ '1.2.1' ],
132 silly audit   optionator: [ '0.9.4' ],
132 silly audit   'otp-timer': [ '2.1.1' ],
132 silly audit   react: [ '16.14.0', '19.1.0' ],
132 silly audit   'react-dom': [ '16.14.0', '19.1.0' ],
132 silly audit   scheduler: [ '0.19.1', '0.26.0' ],
132 silly audit   'own-keys': [ '1.0.1' ],
132 silly audit   'p-limit': [ '3.1.0' ],
132 silly audit   'p-locate': [ '5.0.0' ],
132 silly audit   'parent-module': [ '1.0.1' ],
132 silly audit   'parse-json': [ '5.2.0' ],
132 silly audit   'path-exists': [ '4.0.0' ],
132 silly audit   'path-key': [ '3.1.1' ],
132 silly audit   'path-parse': [ '1.0.7' ],
132 silly audit   'path-type': [ '4.0.0' ],
132 silly audit   picocolors: [ '1.1.1' ],
132 silly audit   picomatch: [ '2.3.1', '4.0.2' ],
132 silly audit   'possible-typed-array-names': [ '1.1.0' ],
132 silly audit   'postcss-value-parser': [ '4.2.0' ],
132 silly audit   'prelude-ls': [ '1.2.1' ],
132 silly audit   'prop-types': [ '15.8.1' ],
132 silly audit   'proxy-from-env': [ '1.1.0' ],
132 silly audit   punycode: [ '2.3.1' ],
132 silly audit   'queue-microtask': [ '1.2.3' ],
132 silly audit   'react-hook-form': [ '7.56.4' ],
132 silly audit   'react-icons': [ '5.5.0' ],
132 silly audit   'react-redux': [ '9.2.0' ],
132 silly audit   'react-toastify': [ '11.0.5' ],
132 silly audit   'react-transition-group': [ '4.4.5' ],
132 silly audit   redux: [ '5.0.1' ],
132 silly audit   'redux-thunk': [ '3.1.0' ],
132 silly audit   'reflect.getprototypeof': [ '1.0.10' ],
132 silly audit   'regexp.prototype.flags': [ '1.5.4' ],
132 silly audit   reselect: [ '5.1.1' ],
132 silly audit   'resolve-from': [ '4.0.0' ],
132 silly audit   'resolve-pkg-maps': [ '1.0.0' ],
132 silly audit   reusify: [ '1.1.0' ],
132 silly audit   'run-parallel': [ '1.2.0' ],
132 silly audit   'safe-array-concat': [ '1.1.3' ],
132 silly audit   'safe-push-apply': [ '1.0.0' ],
132 silly audit   'safe-regex-test': [ '1.1.0' ],
132 silly audit   'set-function-length': [ '1.2.2' ],
132 silly audit   'set-function-name': [ '2.0.2' ],
132 silly audit   'set-proto': [ '1.0.0' ],
132 silly audit   shallowequal: [ '1.1.0' ],
132 silly audit   sharp: [ '0.34.1' ],
132 silly audit   'shebang-command': [ '2.0.0' ],
132 silly audit   'shebang-regex': [ '3.0.0' ],
132 silly audit   'side-channel': [ '1.1.0' ],
132 silly audit   'side-channel-list': [ '1.0.0' ],
132 silly audit   'side-channel-map': [ '1.0.1' ],
132 silly audit   'side-channel-weakmap': [ '1.0.2' ],
132 silly audit   'simple-swizzle': [ '0.2.2' ],
132 silly audit   'source-map': [ '0.5.7' ],
132 silly audit   'source-map-js': [ '1.2.1' ],
132 silly audit   'stable-hash': [ '0.0.5' ],
132 silly audit   streamsearch: [ '1.1.0' ],
132 silly audit   'string.prototype.includes': [ '2.0.1' ],
132 silly audit   'string.prototype.matchall': [ '4.0.12' ],
132 silly audit   'string.prototype.repeat': [ '1.0.0' ],
132 silly audit   'string.prototype.trim': [ '1.2.10' ],
132 silly audit   'string.prototype.trimend': [ '1.0.9' ],
132 silly audit   'string.prototype.trimstart': [ '1.0.8' ],
132 silly audit   'strip-bom': [ '3.0.0' ],
132 silly audit   'strip-json-comments': [ '3.1.1' ],
132 silly audit   'styled-components': [ '6.1.18' ],
132 silly audit   stylis: [ '4.3.2', '4.2.0' ],
132 silly audit   tslib: [ '2.6.2', '2.8.1' ],
132 silly audit   'styled-jsx': [ '5.1.6' ],
132 silly audit   'supports-color': [ '7.2.0' ],
132 silly audit   'supports-preserve-symlinks-flag': [ '1.0.0' ],
132 silly audit   sweetalert2: [ '11.21.2' ],
132 silly audit   tailwindcss: [ '4.1.7' ],
132 silly audit   tapable: [ '2.2.1' ],
132 silly audit   tar: [ '7.4.3' ],
132 silly audit   tinyglobby: [ '0.2.13' ],
132 silly audit   fdir: [ '6.4.4' ],
132 silly audit   'to-regex-range': [ '5.0.1' ],
132 silly audit   'ts-api-utils': [ '2.1.0' ],
132 silly audit   'tsconfig-paths': [ '3.15.0' ],
132 silly audit   'type-check': [ '0.4.0' ],
132 silly audit   'typed-array-buffer': [ '1.0.3' ],
132 silly audit   'typed-array-byte-length': [ '1.0.3' ],
132 silly audit   'typed-array-byte-offset': [ '1.0.4' ],
132 silly audit   'typed-array-length': [ '1.0.7' ],
132 silly audit   typescript: [ '5.8.3' ],
132 silly audit   'unbox-primitive': [ '1.1.0' ],
132 silly audit   'unrs-resolver': [ '1.7.2' ],
132 silly audit   'uri-js': [ '4.4.1' ],
132 silly audit   'use-sync-external-store': [ '1.5.0' ],
132 silly audit   which: [ '2.0.2' ],
132 silly audit   'which-boxed-primitive': [ '1.1.1' ],
132 silly audit   'which-builtin-type': [ '1.2.1' ],
132 silly audit   'which-collection': [ '1.0.2' ],
132 silly audit   'which-typed-array': [ '1.1.19' ],
132 silly audit   'word-wrap': [ '1.2.5' ],
132 silly audit   yallist: [ '5.0.0', '4.0.0' ],
132 silly audit   yaml: [ '1.10.2' ],
132 silly audit   'yocto-queue': [ '0.1.0' ],
132 silly audit   'next-auth': [ '4.24.11' ],
132 silly audit   '@panva/hkdf': [ '1.2.1' ],
132 silly audit   cookie: [ '0.7.2' ],
132 silly audit   jose: [ '4.15.9' ],
132 silly audit   oauth: [ '0.9.15' ],
132 silly audit   'openid-client': [ '5.7.1' ],
132 silly audit   preact: [ '10.26.6' ],
132 silly audit   'preact-render-to-string': [ '5.2.6' ],
132 silly audit   uuid: [ '8.3.2' ],
132 silly audit   'lru-cache': [ '6.0.0' ],
132 silly audit   'object-hash': [ '2.2.0' ],
132 silly audit   'oidc-token-hash': [ '5.1.0' ],
132 silly audit   'pretty-format': [ '3.8.0' ],
132 silly audit   '@tailwindcss/oxide-wasm32-wasi': [ '4.1.7' ]
132 silly audit }
133 verbose reify failed optional dependency C:\project\SHOTDECK\frontend\shotdeck\node_modules\lightningcss-win32-arm64-msvc
134 silly reify mark deleted [
134 silly reify   'C:\\project\\SHOTDECK\\frontend\\shotdeck\\node_modules\\lightningcss-win32-arm64-msvc'
134 silly reify ]
135 verbose reify failed optional dependency C:\project\SHOTDECK\frontend\shotdeck\node_modules\lightningcss-linux-x64-musl
136 silly reify mark deleted [
136 silly reify   'C:\\project\\SHOTDECK\\frontend\\shotdeck\\node_modules\\lightningcss-linux-x64-musl'
136 silly reify ]
137 verbose reify failed optional dependency C:\project\SHOTDECK\frontend\shotdeck\node_modules\lightningcss-linux-x64-gnu
138 silly reify mark deleted [
138 silly reify   'C:\\project\\SHOTDECK\\frontend\\shotdeck\\node_modules\\lightningcss-linux-x64-gnu'
138 silly reify ]
139 verbose reify failed optional dependency C:\project\SHOTDECK\frontend\shotdeck\node_modules\lightningcss-linux-arm64-musl
140 silly reify mark deleted [
140 silly reify   'C:\\project\\SHOTDECK\\frontend\\shotdeck\\node_modules\\lightningcss-linux-arm64-musl'
140 silly reify ]
141 verbose reify failed optional dependency C:\project\SHOTDECK\frontend\shotdeck\node_modules\lightningcss-linux-arm64-gnu
142 silly reify mark deleted [
142 silly reify   'C:\\project\\SHOTDECK\\frontend\\shotdeck\\node_modules\\lightningcss-linux-arm64-gnu'
142 silly reify ]
143 verbose reify failed optional dependency C:\project\SHOTDECK\frontend\shotdeck\node_modules\lightningcss-linux-arm-gnueabihf
144 silly reify mark deleted [
144 silly reify   'C:\\project\\SHOTDECK\\frontend\\shotdeck\\node_modules\\lightningcss-linux-arm-gnueabihf'
144 silly reify ]
145 verbose reify failed optional dependency C:\project\SHOTDECK\frontend\shotdeck\node_modules\lightningcss-freebsd-x64
146 silly reify mark deleted [
146 silly reify   'C:\\project\\SHOTDECK\\frontend\\shotdeck\\node_modules\\lightningcss-freebsd-x64'
146 silly reify ]
147 verbose reify failed optional dependency C:\project\SHOTDECK\frontend\shotdeck\node_modules\lightningcss-darwin-x64
148 silly reify mark deleted [
148 silly reify   'C:\\project\\SHOTDECK\\frontend\\shotdeck\\node_modules\\lightningcss-darwin-x64'
148 silly reify ]
149 verbose reify failed optional dependency C:\project\SHOTDECK\frontend\shotdeck\node_modules\lightningcss-darwin-arm64
150 silly reify mark deleted [
150 silly reify   'C:\\project\\SHOTDECK\\frontend\\shotdeck\\node_modules\\lightningcss-darwin-arm64'
150 silly reify ]
151 verbose reify failed optional dependency C:\project\SHOTDECK\frontend\shotdeck\node_modules\@unrs\resolver-binding-win32-ia32-msvc
152 silly reify mark deleted [
152 silly reify   'C:\\project\\SHOTDECK\\frontend\\shotdeck\\node_modules\\@unrs\\resolver-binding-win32-ia32-msvc'
152 silly reify ]
153 verbose reify failed optional dependency C:\project\SHOTDECK\frontend\shotdeck\node_modules\@unrs\resolver-binding-win32-arm64-msvc
154 silly reify mark deleted [
154 silly reify   'C:\\project\\SHOTDECK\\frontend\\shotdeck\\node_modules\\@unrs\\resolver-binding-win32-arm64-msvc'
154 silly reify ]
155 verbose reify failed optional dependency C:\project\SHOTDECK\frontend\shotdeck\node_modules\@unrs\resolver-binding-wasm32-wasi
156 silly reify mark deleted [
156 silly reify   'C:\\project\\SHOTDECK\\frontend\\shotdeck\\node_modules\\@unrs\\resolver-binding-wasm32-wasi'
156 silly reify ]
157 verbose reify failed optional dependency C:\project\SHOTDECK\frontend\shotdeck\node_modules\@unrs\resolver-binding-linux-x64-musl
158 silly reify mark deleted [
158 silly reify   'C:\\project\\SHOTDECK\\frontend\\shotdeck\\node_modules\\@unrs\\resolver-binding-linux-x64-musl'
158 silly reify ]
159 verbose reify failed optional dependency C:\project\SHOTDECK\frontend\shotdeck\node_modules\@unrs\resolver-binding-linux-x64-gnu
160 silly reify mark deleted [
160 silly reify   'C:\\project\\SHOTDECK\\frontend\\shotdeck\\node_modules\\@unrs\\resolver-binding-linux-x64-gnu'
160 silly reify ]
161 verbose reify failed optional dependency C:\project\SHOTDECK\frontend\shotdeck\node_modules\@unrs\resolver-binding-linux-s390x-gnu
162 silly reify mark deleted [
162 silly reify   'C:\\project\\SHOTDECK\\frontend\\shotdeck\\node_modules\\@unrs\\resolver-binding-linux-s390x-gnu'
162 silly reify ]
163 verbose reify failed optional dependency C:\project\SHOTDECK\frontend\shotdeck\node_modules\@unrs\resolver-binding-linux-riscv64-musl
164 silly reify mark deleted [
164 silly reify   'C:\\project\\SHOTDECK\\frontend\\shotdeck\\node_modules\\@unrs\\resolver-binding-linux-riscv64-musl'
164 silly reify ]
165 verbose reify failed optional dependency C:\project\SHOTDECK\frontend\shotdeck\node_modules\@unrs\resolver-binding-linux-riscv64-gnu
166 silly reify mark deleted [
166 silly reify   'C:\\project\\SHOTDECK\\frontend\\shotdeck\\node_modules\\@unrs\\resolver-binding-linux-riscv64-gnu'
166 silly reify ]
167 verbose reify failed optional dependency C:\project\SHOTDECK\frontend\shotdeck\node_modules\@unrs\resolver-binding-linux-ppc64-gnu
168 silly reify mark deleted [
168 silly reify   'C:\\project\\SHOTDECK\\frontend\\shotdeck\\node_modules\\@unrs\\resolver-binding-linux-ppc64-gnu'
168 silly reify ]
169 verbose reify failed optional dependency C:\project\SHOTDECK\frontend\shotdeck\node_modules\@unrs\resolver-binding-linux-arm64-musl
170 silly reify mark deleted [
170 silly reify   'C:\\project\\SHOTDECK\\frontend\\shotdeck\\node_modules\\@unrs\\resolver-binding-linux-arm64-musl'
170 silly reify ]
171 verbose reify failed optional dependency C:\project\SHOTDECK\frontend\shotdeck\node_modules\@unrs\resolver-binding-linux-arm64-gnu
172 silly reify mark deleted [
172 silly reify   'C:\\project\\SHOTDECK\\frontend\\shotdeck\\node_modules\\@unrs\\resolver-binding-linux-arm64-gnu'
172 silly reify ]
173 verbose reify failed optional dependency C:\project\SHOTDECK\frontend\shotdeck\node_modules\@unrs\resolver-binding-linux-arm-musleabihf
174 silly reify mark deleted [
174 silly reify   'C:\\project\\SHOTDECK\\frontend\\shotdeck\\node_modules\\@unrs\\resolver-binding-linux-arm-musleabihf'
174 silly reify ]
175 verbose reify failed optional dependency C:\project\SHOTDECK\frontend\shotdeck\node_modules\@unrs\resolver-binding-linux-arm-gnueabihf
176 silly reify mark deleted [
176 silly reify   'C:\\project\\SHOTDECK\\frontend\\shotdeck\\node_modules\\@unrs\\resolver-binding-linux-arm-gnueabihf'
176 silly reify ]
177 verbose reify failed optional dependency C:\project\SHOTDECK\frontend\shotdeck\node_modules\@unrs\resolver-binding-freebsd-x64
178 silly reify mark deleted [
178 silly reify   'C:\\project\\SHOTDECK\\frontend\\shotdeck\\node_modules\\@unrs\\resolver-binding-freebsd-x64'
178 silly reify ]
179 verbose reify failed optional dependency C:\project\SHOTDECK\frontend\shotdeck\node_modules\@unrs\resolver-binding-darwin-x64
180 silly reify mark deleted [
180 silly reify   'C:\\project\\SHOTDECK\\frontend\\shotdeck\\node_modules\\@unrs\\resolver-binding-darwin-x64'
180 silly reify ]
181 verbose reify failed optional dependency C:\project\SHOTDECK\frontend\shotdeck\node_modules\@unrs\resolver-binding-darwin-arm64
182 silly reify mark deleted [
182 silly reify   'C:\\project\\SHOTDECK\\frontend\\shotdeck\\node_modules\\@unrs\\resolver-binding-darwin-arm64'
182 silly reify ]
183 verbose reify failed optional dependency C:\project\SHOTDECK\frontend\shotdeck\node_modules\@tailwindcss\oxide-win32-arm64-msvc
184 silly reify mark deleted [
184 silly reify   'C:\\project\\SHOTDECK\\frontend\\shotdeck\\node_modules\\@tailwindcss\\oxide-win32-arm64-msvc'
184 silly reify ]
185 verbose reify failed optional dependency C:\project\SHOTDECK\frontend\shotdeck\node_modules\@tailwindcss\oxide-linux-x64-musl
186 silly reify mark deleted [
186 silly reify   'C:\\project\\SHOTDECK\\frontend\\shotdeck\\node_modules\\@tailwindcss\\oxide-linux-x64-musl'
186 silly reify ]
187 verbose reify failed optional dependency C:\project\SHOTDECK\frontend\shotdeck\node_modules\@tailwindcss\oxide-linux-x64-gnu
188 silly reify mark deleted [
188 silly reify   'C:\\project\\SHOTDECK\\frontend\\shotdeck\\node_modules\\@tailwindcss\\oxide-linux-x64-gnu'
188 silly reify ]
189 verbose reify failed optional dependency C:\project\SHOTDECK\frontend\shotdeck\node_modules\@tailwindcss\oxide-linux-arm64-musl
190 silly reify mark deleted [
190 silly reify   'C:\\project\\SHOTDECK\\frontend\\shotdeck\\node_modules\\@tailwindcss\\oxide-linux-arm64-musl'
190 silly reify ]
191 verbose reify failed optional dependency C:\project\SHOTDECK\frontend\shotdeck\node_modules\@tailwindcss\oxide-linux-arm64-gnu
192 silly reify mark deleted [
192 silly reify   'C:\\project\\SHOTDECK\\frontend\\shotdeck\\node_modules\\@tailwindcss\\oxide-linux-arm64-gnu'
192 silly reify ]
193 verbose reify failed optional dependency C:\project\SHOTDECK\frontend\shotdeck\node_modules\@tailwindcss\oxide-linux-arm-gnueabihf
194 silly reify mark deleted [
194 silly reify   'C:\\project\\SHOTDECK\\frontend\\shotdeck\\node_modules\\@tailwindcss\\oxide-linux-arm-gnueabihf'
194 silly reify ]
195 verbose reify failed optional dependency C:\project\SHOTDECK\frontend\shotdeck\node_modules\@tailwindcss\oxide-freebsd-x64
196 silly reify mark deleted [
196 silly reify   'C:\\project\\SHOTDECK\\frontend\\shotdeck\\node_modules\\@tailwindcss\\oxide-freebsd-x64'
196 silly reify ]
197 verbose reify failed optional dependency C:\project\SHOTDECK\frontend\shotdeck\node_modules\@tailwindcss\oxide-darwin-x64
198 silly reify mark deleted [
198 silly reify   'C:\\project\\SHOTDECK\\frontend\\shotdeck\\node_modules\\@tailwindcss\\oxide-darwin-x64'
198 silly reify ]
199 verbose reify failed optional dependency C:\project\SHOTDECK\frontend\shotdeck\node_modules\@tailwindcss\oxide-darwin-arm64
200 silly reify mark deleted [
200 silly reify   'C:\\project\\SHOTDECK\\frontend\\shotdeck\\node_modules\\@tailwindcss\\oxide-darwin-arm64'
200 silly reify ]
201 verbose reify failed optional dependency C:\project\SHOTDECK\frontend\shotdeck\node_modules\@tailwindcss\oxide-android-arm64
202 silly reify mark deleted [
202 silly reify   'C:\\project\\SHOTDECK\\frontend\\shotdeck\\node_modules\\@tailwindcss\\oxide-android-arm64'
202 silly reify ]
203 verbose reify failed optional dependency C:\project\SHOTDECK\frontend\shotdeck\node_modules\@next\swc-win32-arm64-msvc
204 silly reify mark deleted [
204 silly reify   'C:\\project\\SHOTDECK\\frontend\\shotdeck\\node_modules\\@next\\swc-win32-arm64-msvc'
204 silly reify ]
205 verbose reify failed optional dependency C:\project\SHOTDECK\frontend\shotdeck\node_modules\@next\swc-linux-x64-musl
206 silly reify mark deleted [
206 silly reify   'C:\\project\\SHOTDECK\\frontend\\shotdeck\\node_modules\\@next\\swc-linux-x64-musl'
206 silly reify ]
207 verbose reify failed optional dependency C:\project\SHOTDECK\frontend\shotdeck\node_modules\@next\swc-linux-x64-gnu
208 silly reify mark deleted [
208 silly reify   'C:\\project\\SHOTDECK\\frontend\\shotdeck\\node_modules\\@next\\swc-linux-x64-gnu'
208 silly reify ]
209 verbose reify failed optional dependency C:\project\SHOTDECK\frontend\shotdeck\node_modules\@next\swc-linux-arm64-musl
210 silly reify mark deleted [
210 silly reify   'C:\\project\\SHOTDECK\\frontend\\shotdeck\\node_modules\\@next\\swc-linux-arm64-musl'
210 silly reify ]
211 verbose reify failed optional dependency C:\project\SHOTDECK\frontend\shotdeck\node_modules\@next\swc-linux-arm64-gnu
212 silly reify mark deleted [
212 silly reify   'C:\\project\\SHOTDECK\\frontend\\shotdeck\\node_modules\\@next\\swc-linux-arm64-gnu'
212 silly reify ]
213 verbose reify failed optional dependency C:\project\SHOTDECK\frontend\shotdeck\node_modules\@next\swc-darwin-x64
214 silly reify mark deleted [
214 silly reify   'C:\\project\\SHOTDECK\\frontend\\shotdeck\\node_modules\\@next\\swc-darwin-x64'
214 silly reify ]
215 verbose reify failed optional dependency C:\project\SHOTDECK\frontend\shotdeck\node_modules\@next\swc-darwin-arm64
216 silly reify mark deleted [
216 silly reify   'C:\\project\\SHOTDECK\\frontend\\shotdeck\\node_modules\\@next\\swc-darwin-arm64'
216 silly reify ]
217 verbose reify failed optional dependency C:\project\SHOTDECK\frontend\shotdeck\node_modules\@img\sharp-win32-ia32
218 silly reify mark deleted [
218 silly reify   'C:\\project\\SHOTDECK\\frontend\\shotdeck\\node_modules\\@img\\sharp-win32-ia32'
218 silly reify ]
219 verbose reify failed optional dependency C:\project\SHOTDECK\frontend\shotdeck\node_modules\@img\sharp-wasm32
220 silly reify mark deleted [
220 silly reify   'C:\\project\\SHOTDECK\\frontend\\shotdeck\\node_modules\\@img\\sharp-wasm32'
220 silly reify ]
221 verbose reify failed optional dependency C:\project\SHOTDECK\frontend\shotdeck\node_modules\@img\sharp-linuxmusl-x64
222 silly reify mark deleted [
222 silly reify   'C:\\project\\SHOTDECK\\frontend\\shotdeck\\node_modules\\@img\\sharp-linuxmusl-x64'
222 silly reify ]
223 verbose reify failed optional dependency C:\project\SHOTDECK\frontend\shotdeck\node_modules\@img\sharp-linuxmusl-arm64
224 silly reify mark deleted [
224 silly reify   'C:\\project\\SHOTDECK\\frontend\\shotdeck\\node_modules\\@img\\sharp-linuxmusl-arm64'
224 silly reify ]
225 verbose reify failed optional dependency C:\project\SHOTDECK\frontend\shotdeck\node_modules\@img\sharp-linux-x64
226 silly reify mark deleted [
226 silly reify   'C:\\project\\SHOTDECK\\frontend\\shotdeck\\node_modules\\@img\\sharp-linux-x64'
226 silly reify ]
227 verbose reify failed optional dependency C:\project\SHOTDECK\frontend\shotdeck\node_modules\@img\sharp-linux-s390x
228 silly reify mark deleted [
228 silly reify   'C:\\project\\SHOTDECK\\frontend\\shotdeck\\node_modules\\@img\\sharp-linux-s390x'
228 silly reify ]
229 verbose reify failed optional dependency C:\project\SHOTDECK\frontend\shotdeck\node_modules\@img\sharp-linux-arm64
230 silly reify mark deleted [
230 silly reify   'C:\\project\\SHOTDECK\\frontend\\shotdeck\\node_modules\\@img\\sharp-linux-arm64'
230 silly reify ]
231 verbose reify failed optional dependency C:\project\SHOTDECK\frontend\shotdeck\node_modules\@img\sharp-linux-arm
232 silly reify mark deleted [
232 silly reify   'C:\\project\\SHOTDECK\\frontend\\shotdeck\\node_modules\\@img\\sharp-linux-arm'
232 silly reify ]
233 verbose reify failed optional dependency C:\project\SHOTDECK\frontend\shotdeck\node_modules\@img\sharp-libvips-linuxmusl-x64
234 silly reify mark deleted [
234 silly reify   'C:\\project\\SHOTDECK\\frontend\\shotdeck\\node_modules\\@img\\sharp-libvips-linuxmusl-x64'
234 silly reify ]
235 verbose reify failed optional dependency C:\project\SHOTDECK\frontend\shotdeck\node_modules\@img\sharp-libvips-linuxmusl-arm64
236 silly reify mark deleted [
236 silly reify   'C:\\project\\SHOTDECK\\frontend\\shotdeck\\node_modules\\@img\\sharp-libvips-linuxmusl-arm64'
236 silly reify ]
237 verbose reify failed optional dependency C:\project\SHOTDECK\frontend\shotdeck\node_modules\@img\sharp-libvips-linux-x64
238 silly reify mark deleted [
238 silly reify   'C:\\project\\SHOTDECK\\frontend\\shotdeck\\node_modules\\@img\\sharp-libvips-linux-x64'
238 silly reify ]
239 verbose reify failed optional dependency C:\project\SHOTDECK\frontend\shotdeck\node_modules\@img\sharp-libvips-linux-s390x
240 silly reify mark deleted [
240 silly reify   'C:\\project\\SHOTDECK\\frontend\\shotdeck\\node_modules\\@img\\sharp-libvips-linux-s390x'
240 silly reify ]
241 verbose reify failed optional dependency C:\project\SHOTDECK\frontend\shotdeck\node_modules\@img\sharp-libvips-linux-ppc64
242 silly reify mark deleted [
242 silly reify   'C:\\project\\SHOTDECK\\frontend\\shotdeck\\node_modules\\@img\\sharp-libvips-linux-ppc64'
242 silly reify ]
243 verbose reify failed optional dependency C:\project\SHOTDECK\frontend\shotdeck\node_modules\@img\sharp-libvips-linux-arm64
244 silly reify mark deleted [
244 silly reify   'C:\\project\\SHOTDECK\\frontend\\shotdeck\\node_modules\\@img\\sharp-libvips-linux-arm64'
244 silly reify ]
245 verbose reify failed optional dependency C:\project\SHOTDECK\frontend\shotdeck\node_modules\@img\sharp-libvips-linux-arm
246 silly reify mark deleted [
246 silly reify   'C:\\project\\SHOTDECK\\frontend\\shotdeck\\node_modules\\@img\\sharp-libvips-linux-arm'
246 silly reify ]
247 verbose reify failed optional dependency C:\project\SHOTDECK\frontend\shotdeck\node_modules\@img\sharp-libvips-darwin-x64
248 silly reify mark deleted [
248 silly reify   'C:\\project\\SHOTDECK\\frontend\\shotdeck\\node_modules\\@img\\sharp-libvips-darwin-x64'
248 silly reify ]
249 verbose reify failed optional dependency C:\project\SHOTDECK\frontend\shotdeck\node_modules\@img\sharp-libvips-darwin-arm64
250 silly reify mark deleted [
250 silly reify   'C:\\project\\SHOTDECK\\frontend\\shotdeck\\node_modules\\@img\\sharp-libvips-darwin-arm64'
250 silly reify ]
251 verbose reify failed optional dependency C:\project\SHOTDECK\frontend\shotdeck\node_modules\@img\sharp-darwin-x64
252 silly reify mark deleted [
252 silly reify   'C:\\project\\SHOTDECK\\frontend\\shotdeck\\node_modules\\@img\\sharp-darwin-x64'
252 silly reify ]
253 verbose reify failed optional dependency C:\project\SHOTDECK\frontend\shotdeck\node_modules\@img\sharp-darwin-arm64
254 silly reify mark deleted [
254 silly reify   'C:\\project\\SHOTDECK\\frontend\\shotdeck\\node_modules\\@img\\sharp-darwin-arm64'
254 silly reify ]
255 http cache oidc-token-hash@https://registry.npmjs.org/oidc-token-hash/-/oidc-token-hash-5.1.0.tgz 0ms (cache hit)
256 http cache object-hash@https://registry.npmjs.org/object-hash/-/object-hash-2.2.0.tgz 0ms (cache hit)
257 http cache pretty-format@https://registry.npmjs.org/pretty-format/-/pretty-format-3.8.0.tgz 0ms (cache hit)
258 http cache lru-cache@https://registry.npmjs.org/lru-cache/-/lru-cache-6.0.0.tgz 0ms (cache hit)
259 http cache preact-render-to-string@https://registry.npmjs.org/preact-render-to-string/-/preact-render-to-string-5.2.6.tgz 0ms (cache hit)
260 http cache uuid@https://registry.npmjs.org/uuid/-/uuid-8.3.2.tgz 0ms (cache hit)
261 http cache openid-client@https://registry.npmjs.org/openid-client/-/openid-client-5.7.1.tgz 0ms (cache hit)
262 http cache preact@https://registry.npmjs.org/preact/-/preact-10.26.6.tgz 0ms (cache hit)
263 http cache jose@https://registry.npmjs.org/jose/-/jose-4.15.9.tgz 0ms (cache hit)
264 http cache cookie@https://registry.npmjs.org/cookie/-/cookie-0.7.2.tgz 0ms (cache hit)
265 http cache next-auth@https://registry.npmjs.org/next-auth/-/next-auth-4.24.11.tgz 0ms (cache hit)
266 http cache oauth@https://registry.npmjs.org/oauth/-/oauth-0.9.15.tgz 0ms (cache hit)
267 http cache @panva/hkdf@https://registry.npmjs.org/@panva/hkdf/-/hkdf-1.2.1.tgz 0ms (cache hit)
268 http cache yallist@https://registry.npmjs.org/yallist/-/yallist-4.0.0.tgz 0ms (cache hit)
269 silly tarball no local data for oidc-token-hash@https://registry.npmjs.org/oidc-token-hash/-/oidc-token-hash-5.1.0.tgz. Extracting by manifest.
270 silly tarball no local data for object-hash@https://registry.npmjs.org/object-hash/-/object-hash-2.2.0.tgz. Extracting by manifest.
271 silly tarball no local data for preact-render-to-string@https://registry.npmjs.org/preact-render-to-string/-/preact-render-to-string-5.2.6.tgz. Extracting by manifest.
272 silly tarball no local data for uuid@https://registry.npmjs.org/uuid/-/uuid-8.3.2.tgz. Extracting by manifest.
273 silly tarball no local data for openid-client@https://registry.npmjs.org/openid-client/-/openid-client-5.7.1.tgz. Extracting by manifest.
274 silly tarball no local data for preact@https://registry.npmjs.org/preact/-/preact-10.26.6.tgz. Extracting by manifest.
275 silly tarball no local data for jose@https://registry.npmjs.org/jose/-/jose-4.15.9.tgz. Extracting by manifest.
276 silly tarball no local data for cookie@https://registry.npmjs.org/cookie/-/cookie-0.7.2.tgz. Extracting by manifest.
277 silly tarball no local data for next-auth@https://registry.npmjs.org/next-auth/-/next-auth-4.24.11.tgz. Extracting by manifest.
278 silly tarball no local data for oauth@https://registry.npmjs.org/oauth/-/oauth-0.9.15.tgz. Extracting by manifest.
279 http fetch GET 200 https://registry.npmjs.org/object-hash/-/object-hash-2.2.0.tgz 62ms (cache miss)
280 http fetch GET 200 https://registry.npmjs.org/oidc-token-hash/-/oidc-token-hash-5.1.0.tgz 72ms (cache miss)
281 http fetch GET 200 https://registry.npmjs.org/cookie/-/cookie-0.7.2.tgz 73ms (cache miss)
282 http fetch GET 200 https://registry.npmjs.org/preact-render-to-string/-/preact-render-to-string-5.2.6.tgz 104ms (cache miss)
283 http fetch GET 200 https://registry.npmjs.org/openid-client/-/openid-client-5.7.1.tgz 109ms (cache miss)
284 http fetch GET 200 https://registry.npmjs.org/oauth/-/oauth-0.9.15.tgz 114ms (cache miss)
285 http fetch GET 200 https://registry.npmjs.org/uuid/-/uuid-8.3.2.tgz 142ms (cache miss)
286 http fetch GET 200 https://registry.npmjs.org/preact/-/preact-10.26.6.tgz 225ms (cache miss)
287 http fetch POST 200 https://registry.npmjs.org/-/npm/v1/security/advisories/bulk 300ms
288 silly audit report {
288 silly audit report   sweetalert2: [
288 silly audit report     {
288 silly audit report       id: 1094698,
288 silly audit report       url: 'https://github.com/advisories/GHSA-mrr8-v49w-3333',
288 silly audit report       title: 'sweetalert2 v11.6.14 and above contains potentially undesirable behavior',
288 silly audit report       severity: 'low',
288 silly audit report       vulnerable_versions: '>=11.6.14',
288 silly audit report       cwe: [Array],
288 silly audit report       cvss: [Object]
288 silly audit report     }
288 silly audit report   ]
288 silly audit report }
289 silly packumentCache corgi:https://registry.npmjs.org/sweetalert2 cache-miss
290 http fetch GET 200 https://registry.npmjs.org/sweetalert2 40ms (cache revalidated)
291 silly packumentCache corgi:https://registry.npmjs.org/sweetalert2 set size:1476151 disposed:false
292 http fetch GET 200 https://registry.npmjs.org/jose/-/jose-4.15.9.tgz 397ms (cache miss)
293 http fetch GET 200 https://registry.npmjs.org/next-auth/-/next-auth-4.24.11.tgz 482ms (cache miss)
294 silly ADD node_modules/pretty-format
295 silly ADD node_modules/oidc-token-hash
296 silly ADD node_modules/object-hash
297 silly ADD node_modules/lru-cache
298 silly ADD node_modules/lru-cache/node_modules/yallist
299 silly ADD node_modules/uuid
300 silly ADD node_modules/preact-render-to-string
301 silly ADD node_modules/preact
302 silly ADD node_modules/openid-client
303 silly ADD node_modules/oauth
304 silly ADD node_modules/jose
305 silly ADD node_modules/cookie
306 silly ADD node_modules/@panva/hkdf
307 silly ADD node_modules/next-auth
308 silly ADD
309 silly ADD
310 silly ADD
311 silly ADD
312 silly ADD
313 silly ADD
314 silly ADD
315 silly ADD
316 silly ADD
317 silly ADD
318 silly ADD
319 silly ADD
320 silly ADD
321 silly ADD
322 silly ADD
323 silly ADD
324 silly ADD
325 silly ADD
326 silly ADD
327 silly ADD
328 silly ADD
329 silly ADD
330 silly ADD
331 silly ADD
332 silly ADD
333 silly ADD
334 silly ADD
335 silly ADD
336 silly ADD
337 silly ADD
338 silly ADD
339 silly ADD
340 silly ADD
341 silly ADD
342 silly ADD
343 silly ADD
344 silly ADD
345 silly ADD
346 silly ADD
347 silly ADD
348 silly ADD
349 silly ADD
350 silly ADD
351 silly ADD
352 silly ADD
353 silly ADD
354 silly ADD
355 silly ADD
356 silly ADD
357 silly ADD
358 silly ADD
359 silly ADD
360 silly ADD
361 silly ADD
362 silly ADD
363 silly ADD
364 silly ADD
365 silly ADD
366 silly ADD
367 silly ADD
368 silly ADD
369 silly ADD
370 verbose cwd C:\project\SHOTDECK\frontend\shotdeck
371 verbose os Windows_NT 10.0.26100
372 verbose node v22.15.1
373 verbose npm  v10.9.2
374 verbose exit 0
375 info ok
